2021-10-29 17:48:02,435 Namespace(out_dir='out', frequent=10, eval_interval=1, gpus='0', num_workers=4)
2021-10-29 17:48:04,192 => load 200 samples
2021-10-29 17:48:04,193 => load 200 samples
2021-10-29 17:48:04,504 Epoch: [0][0/200]	Time 0.311s (0.311s)	Speed 103.0 samples/s	Data 0.112s (0.112s)	Loss 2.53597 (2.53597)
2021-10-29 17:48:04,946 Epoch: [0][10/200]	Time 0.040s (0.068s)	Speed 791.3 samples/s	Data 0.000s (0.011s)	Loss 2.05226 (2.26255)
2021-10-29 17:48:05,345 Epoch: [0][20/200]	Time 0.039s (0.055s)	Speed 810.2 samples/s	Data 0.000s (0.006s)	Loss 1.76649 (2.08508)
2021-10-29 17:48:05,743 Epoch: [0][30/200]	Time 0.039s (0.050s)	Speed 811.3 samples/s	Data 0.000s (0.004s)	Loss 1.51215 (1.93463)
2021-10-29 17:48:06,142 Epoch: [0][40/200]	Time 0.040s (0.048s)	Speed 803.7 samples/s	Data 0.000s (0.003s)	Loss 1.28830 (1.80122)
2021-10-29 17:48:06,544 Epoch: [0][50/200]	Time 0.040s (0.046s)	Speed 803.8 samples/s	Data 0.000s (0.002s)	Loss 1.09632 (1.68033)
2021-10-29 17:48:06,953 Epoch: [0][60/200]	Time 0.040s (0.045s)	Speed 794.6 samples/s	Data 0.000s (0.002s)	Loss 0.92842 (1.56875)
2021-10-29 17:48:07,356 Epoch: [0][70/200]	Time 0.040s (0.045s)	Speed 806.0 samples/s	Data 0.000s (0.002s)	Loss 0.77060 (1.46695)
2021-10-29 17:48:07,757 Epoch: [0][80/200]	Time 0.040s (0.044s)	Speed 805.7 samples/s	Data 0.000s (0.002s)	Loss 0.65927 (1.37359)
2021-10-29 17:48:08,157 Epoch: [0][90/200]	Time 0.040s (0.044s)	Speed 806.9 samples/s	Data 0.000s (0.002s)	Loss 0.57923 (1.28937)
2021-10-29 17:48:08,559 Epoch: [0][100/200]	Time 0.040s (0.043s)	Speed 806.3 samples/s	Data 0.000s (0.001s)	Loss 0.48551 (1.21346)
2021-10-29 17:48:08,961 Epoch: [0][110/200]	Time 0.040s (0.043s)	Speed 798.5 samples/s	Data 0.000s (0.001s)	Loss 0.41505 (1.14480)
2021-10-29 17:48:09,361 Epoch: [0][120/200]	Time 0.040s (0.043s)	Speed 806.6 samples/s	Data 0.000s (0.001s)	Loss 0.36428 (1.08292)
2021-10-29 17:48:09,762 Epoch: [0][130/200]	Time 0.040s (0.042s)	Speed 806.7 samples/s	Data 0.000s (0.001s)	Loss 0.34552 (1.02682)
2021-10-29 17:48:10,163 Epoch: [0][140/200]	Time 0.040s (0.042s)	Speed 793.1 samples/s	Data 0.000s (0.001s)	Loss 0.30698 (0.97686)
2021-10-29 17:48:10,563 Epoch: [0][150/200]	Time 0.040s (0.042s)	Speed 807.7 samples/s	Data 0.000s (0.001s)	Loss 0.28572 (0.93121)
2021-10-29 17:48:10,963 Epoch: [0][160/200]	Time 0.040s (0.042s)	Speed 804.9 samples/s	Data 0.000s (0.001s)	Loss 0.26789 (0.89010)
2021-10-29 17:48:11,363 Epoch: [0][170/200]	Time 0.040s (0.042s)	Speed 808.5 samples/s	Data 0.000s (0.001s)	Loss 0.25853 (0.85277)
2021-10-29 17:48:11,764 Epoch: [0][180/200]	Time 0.040s (0.042s)	Speed 807.3 samples/s	Data 0.000s (0.001s)	Loss 0.23160 (0.81886)
2021-10-29 17:48:12,165 Epoch: [0][190/200]	Time 0.040s (0.042s)	Speed 807.0 samples/s	Data 0.000s (0.001s)	Loss 0.20664 (0.78731)
2021-10-29 17:48:12,589 Test: [0/200]	Time 0.034 (0.034)	Loss 0.4209 (0.4209)
2021-10-29 17:48:12,664 Test: [10/200]	Time 0.005 (0.010)	Loss 0.1487 (0.3427)
2021-10-29 17:48:12,727 Test: [20/200]	Time 0.006 (0.008)	Loss 0.2580 (0.3541)
2021-10-29 17:48:12,790 Test: [30/200]	Time 0.006 (0.008)	Loss 0.4978 (0.3606)
2021-10-29 17:48:12,856 Test: [40/200]	Time 0.006 (0.007)	Loss 0.3825 (0.3748)
2021-10-29 17:48:12,922 Test: [50/200]	Time 0.006 (0.007)	Loss 0.4586 (0.3783)
2021-10-29 17:48:12,986 Test: [60/200]	Time 0.005 (0.007)	Loss 0.4350 (0.3790)
2021-10-29 17:48:13,048 Test: [70/200]	Time 0.006 (0.007)	Loss 0.3639 (0.3785)
2021-10-29 17:48:13,111 Test: [80/200]	Time 0.006 (0.007)	Loss 0.4566 (0.3739)
2021-10-29 17:48:13,175 Test: [90/200]	Time 0.006 (0.007)	Loss 0.4551 (0.3771)
2021-10-29 17:48:13,239 Test: [100/200]	Time 0.006 (0.007)	Loss 0.4533 (0.3759)
2021-10-29 17:48:13,314 Test: [110/200]	Time 0.006 (0.007)	Loss 0.4585 (0.3776)
2021-10-29 17:48:13,377 Test: [120/200]	Time 0.006 (0.007)	Loss 0.4335 (0.3752)
2021-10-29 17:48:13,441 Test: [130/200]	Time 0.005 (0.007)	Loss 0.3538 (0.3792)
2021-10-29 17:48:13,504 Test: [140/200]	Time 0.007 (0.007)	Loss 0.3459 (0.3782)
2021-10-29 17:48:13,567 Test: [150/200]	Time 0.006 (0.007)	Loss 0.4212 (0.3771)
2021-10-29 17:48:13,632 Test: [160/200]	Time 0.006 (0.007)	Loss 0.4007 (0.3769)
2021-10-29 17:48:13,695 Test: [170/200]	Time 0.006 (0.007)	Loss 0.2858 (0.3747)
2021-10-29 17:48:13,758 Test: [180/200]	Time 0.005 (0.007)	Loss 0.3207 (0.3728)
2021-10-29 17:48:13,822 Test: [190/200]	Time 0.006 (0.007)	Loss 0.3103 (0.3739)
2021-10-29 17:48:14,689 Mean IoU score: 0.194
2021-10-29 17:48:14,693 => saving checkpoint to out
2021-10-29 17:48:14,873 Epoch: [1][0/200]	Time 0.130s (0.130s)	Speed 245.9 samples/s	Data 0.089s (0.089s)	Loss 0.19898 (0.19898)
2021-10-29 17:48:15,276 Epoch: [1][10/200]	Time 0.040s (0.048s)	Speed 800.2 samples/s	Data 0.000s (0.008s)	Loss 0.19915 (0.20664)
2021-10-29 17:48:15,679 Epoch: [1][20/200]	Time 0.040s (0.045s)	Speed 798.2 samples/s	Data 0.000s (0.005s)	Loss 0.24939 (0.20307)
2021-10-29 17:48:16,083 Epoch: [1][30/200]	Time 0.040s (0.043s)	Speed 798.5 samples/s	Data 0.000s (0.003s)	Loss 0.16495 (0.19972)
2021-10-29 17:48:16,486 Epoch: [1][40/200]	Time 0.040s (0.043s)	Speed 802.2 samples/s	Data 0.000s (0.002s)	Loss 0.17656 (0.19452)
2021-10-29 17:48:16,889 Epoch: [1][50/200]	Time 0.040s (0.042s)	Speed 800.7 samples/s	Data 0.000s (0.002s)	Loss 0.15307 (0.19049)
2021-10-29 17:48:17,292 Epoch: [1][60/200]	Time 0.040s (0.042s)	Speed 802.3 samples/s	Data 0.000s (0.002s)	Loss 0.16326 (0.18656)
2021-10-29 17:48:17,698 Epoch: [1][70/200]	Time 0.040s (0.042s)	Speed 801.5 samples/s	Data 0.000s (0.002s)	Loss 0.15712 (0.18253)
2021-10-29 17:48:18,102 Epoch: [1][80/200]	Time 0.040s (0.041s)	Speed 798.8 samples/s	Data 0.000s (0.001s)	Loss 0.11937 (0.17789)
2021-10-29 17:48:18,505 Epoch: [1][90/200]	Time 0.040s (0.041s)	Speed 801.8 samples/s	Data 0.000s (0.001s)	Loss 0.13744 (0.17337)
2021-10-29 17:48:18,908 Epoch: [1][100/200]	Time 0.040s (0.041s)	Speed 797.2 samples/s	Data 0.000s (0.001s)	Loss 0.13142 (0.17053)
2021-10-29 17:48:19,312 Epoch: [1][110/200]	Time 0.040s (0.041s)	Speed 800.6 samples/s	Data 0.000s (0.001s)	Loss 0.12163 (0.16726)
2021-10-29 17:48:19,715 Epoch: [1][120/200]	Time 0.040s (0.041s)	Speed 800.9 samples/s	Data 0.000s (0.001s)	Loss 0.10629 (0.16324)
2021-10-29 17:48:20,118 Epoch: [1][130/200]	Time 0.040s (0.041s)	Speed 801.0 samples/s	Data 0.000s (0.001s)	Loss 0.10576 (0.15944)
2021-10-29 17:48:20,522 Epoch: [1][140/200]	Time 0.040s (0.041s)	Speed 799.0 samples/s	Data 0.000s (0.001s)	Loss 0.12436 (0.15606)
2021-10-29 17:48:20,924 Epoch: [1][150/200]	Time 0.040s (0.041s)	Speed 800.9 samples/s	Data 0.000s (0.001s)	Loss 0.09254 (0.15257)
2021-10-29 17:48:21,342 Epoch: [1][160/200]	Time 0.040s (0.041s)	Speed 799.4 samples/s	Data 0.000s (0.001s)	Loss 0.10552 (0.14944)
2021-10-29 17:48:21,785 Epoch: [1][170/200]	Time 0.045s (0.041s)	Speed 713.5 samples/s	Data 0.000s (0.001s)	Loss 0.09206 (0.14648)
2021-10-29 17:48:22,232 Epoch: [1][180/200]	Time 0.044s (0.041s)	Speed 731.3 samples/s	Data 0.000s (0.001s)	Loss 0.09815 (0.14365)
2021-10-29 17:48:22,672 Epoch: [1][190/200]	Time 0.045s (0.042s)	Speed 705.4 samples/s	Data 0.000s (0.001s)	Loss 0.09486 (0.14100)
2021-10-29 17:48:23,159 Test: [0/200]	Time 0.039 (0.039)	Loss 0.2400 (0.2400)
2021-10-29 17:48:23,231 Test: [10/200]	Time 0.006 (0.010)	Loss 0.0577 (0.1810)
2021-10-29 17:48:23,297 Test: [20/200]	Time 0.006 (0.008)	Loss 0.1409 (0.1829)
2021-10-29 17:48:23,362 Test: [30/200]	Time 0.006 (0.008)	Loss 0.2611 (0.1923)
2021-10-29 17:48:23,437 Test: [40/200]	Time 0.006 (0.008)	Loss 0.1779 (0.1987)
2021-10-29 17:48:23,508 Test: [50/200]	Time 0.007 (0.008)	Loss 0.2539 (0.1994)
2021-10-29 17:48:23,581 Test: [60/200]	Time 0.006 (0.008)	Loss 0.2301 (0.2019)
2021-10-29 17:48:23,653 Test: [70/200]	Time 0.006 (0.007)	Loss 0.1720 (0.2010)
2021-10-29 17:48:23,728 Test: [80/200]	Time 0.007 (0.007)	Loss 0.2474 (0.1978)
2021-10-29 17:48:23,801 Test: [90/200]	Time 0.007 (0.007)	Loss 0.2745 (0.1996)
2021-10-29 17:48:23,875 Test: [100/200]	Time 0.007 (0.007)	Loss 0.2842 (0.1985)
2021-10-29 17:48:23,944 Test: [110/200]	Time 0.006 (0.007)	Loss 0.2649 (0.1992)
2021-10-29 17:48:24,007 Test: [120/200]	Time 0.005 (0.007)	Loss 0.2353 (0.1975)
2021-10-29 17:48:24,070 Test: [130/200]	Time 0.006 (0.007)	Loss 0.1730 (0.1997)
2021-10-29 17:48:24,153 Test: [140/200]	Time 0.008 (0.007)	Loss 0.1790 (0.1994)
2021-10-29 17:48:24,230 Test: [150/200]	Time 0.007 (0.007)	Loss 0.1988 (0.1979)
2021-10-29 17:48:24,308 Test: [160/200]	Time 0.006 (0.007)	Loss 0.2388 (0.1977)
2021-10-29 17:48:24,387 Test: [170/200]	Time 0.007 (0.007)	Loss 0.1456 (0.1959)
2021-10-29 17:48:24,460 Test: [180/200]	Time 0.006 (0.007)	Loss 0.1482 (0.1950)
2021-10-29 17:48:24,527 Test: [190/200]	Time 0.006 (0.007)	Loss 0.1406 (0.1957)
2021-10-29 17:48:25,552 Mean IoU score: 0.576
2021-10-29 17:48:25,556 => saving checkpoint to out
2021-10-29 17:48:25,735 Epoch: [2][0/200]	Time 0.132s (0.132s)	Speed 241.6 samples/s	Data 0.090s (0.090s)	Loss 0.07339 (0.07339)
2021-10-29 17:48:26,149 Epoch: [2][10/200]	Time 0.040s (0.050s)	Speed 797.8 samples/s	Data 0.000s (0.009s)	Loss 0.08368 (0.08382)
2021-10-29 17:48:26,556 Epoch: [2][20/200]	Time 0.040s (0.045s)	Speed 792.0 samples/s	Data 0.000s (0.005s)	Loss 0.07988 (0.07980)
2021-10-29 17:48:26,960 Epoch: [2][30/200]	Time 0.040s (0.044s)	Speed 800.7 samples/s	Data 0.000s (0.003s)	Loss 0.07124 (0.07715)
2021-10-29 17:48:27,367 Epoch: [2][40/200]	Time 0.040s (0.043s)	Speed 803.3 samples/s	Data 0.000s (0.003s)	Loss 0.06768 (0.07669)
2021-10-29 17:48:27,770 Epoch: [2][50/200]	Time 0.040s (0.042s)	Speed 801.2 samples/s	Data 0.000s (0.002s)	Loss 0.06099 (0.07498)
2021-10-29 17:48:28,175 Epoch: [2][60/200]	Time 0.040s (0.042s)	Speed 798.0 samples/s	Data 0.000s (0.002s)	Loss 0.05956 (0.07346)
2021-10-29 17:48:28,605 Epoch: [2][70/200]	Time 0.040s (0.042s)	Speed 794.2 samples/s	Data 0.000s (0.002s)	Loss 0.07169 (0.07190)
2021-10-29 17:48:29,009 Epoch: [2][80/200]	Time 0.040s (0.042s)	Speed 802.0 samples/s	Data 0.000s (0.001s)	Loss 0.06533 (0.07072)
2021-10-29 17:48:29,413 Epoch: [2][90/200]	Time 0.040s (0.042s)	Speed 798.8 samples/s	Data 0.000s (0.001s)	Loss 0.05136 (0.06927)
2021-10-29 17:48:29,819 Epoch: [2][100/200]	Time 0.040s (0.042s)	Speed 802.6 samples/s	Data 0.000s (0.001s)	Loss 0.05994 (0.06774)
2021-10-29 17:48:30,221 Epoch: [2][110/200]	Time 0.040s (0.042s)	Speed 800.1 samples/s	Data 0.000s (0.001s)	Loss 0.05311 (0.06723)
2021-10-29 17:48:30,625 Epoch: [2][120/200]	Time 0.040s (0.042s)	Speed 801.7 samples/s	Data 0.000s (0.001s)	Loss 0.05883 (0.06600)
2021-10-29 17:48:31,030 Epoch: [2][130/200]	Time 0.040s (0.041s)	Speed 797.1 samples/s	Data 0.000s (0.001s)	Loss 0.06013 (0.06500)
2021-10-29 17:48:31,432 Epoch: [2][140/200]	Time 0.040s (0.041s)	Speed 801.4 samples/s	Data 0.000s (0.001s)	Loss 0.05767 (0.06420)
2021-10-29 17:48:31,836 Epoch: [2][150/200]	Time 0.040s (0.041s)	Speed 803.5 samples/s	Data 0.000s (0.001s)	Loss 0.04490 (0.06349)
2021-10-29 17:48:32,239 Epoch: [2][160/200]	Time 0.040s (0.041s)	Speed 805.2 samples/s	Data 0.000s (0.001s)	Loss 0.03975 (0.06248)
2021-10-29 17:48:32,643 Epoch: [2][170/200]	Time 0.040s (0.041s)	Speed 800.0 samples/s	Data 0.000s (0.001s)	Loss 0.04625 (0.06155)
2021-10-29 17:48:33,047 Epoch: [2][180/200]	Time 0.040s (0.041s)	Speed 804.6 samples/s	Data 0.000s (0.001s)	Loss 0.04539 (0.06062)
2021-10-29 17:48:33,453 Epoch: [2][190/200]	Time 0.040s (0.041s)	Speed 799.5 samples/s	Data 0.000s (0.001s)	Loss 0.05302 (0.05978)
2021-10-29 17:48:33,888 Test: [0/200]	Time 0.037 (0.037)	Loss 0.1349 (0.1349)
2021-10-29 17:48:33,952 Test: [10/200]	Time 0.006 (0.009)	Loss 0.0407 (0.1221)
2021-10-29 17:48:34,015 Test: [20/200]	Time 0.006 (0.008)	Loss 0.0894 (0.1243)
2021-10-29 17:48:34,078 Test: [30/200]	Time 0.006 (0.007)	Loss 0.1863 (0.1315)
2021-10-29 17:48:34,142 Test: [40/200]	Time 0.006 (0.007)	Loss 0.1175 (0.1357)
2021-10-29 17:48:34,218 Test: [50/200]	Time 0.008 (0.007)	Loss 0.1718 (0.1352)
2021-10-29 17:48:34,293 Test: [60/200]	Time 0.006 (0.007)	Loss 0.1744 (0.1386)
2021-10-29 17:48:34,356 Test: [70/200]	Time 0.006 (0.007)	Loss 0.1202 (0.1375)
2021-10-29 17:48:34,422 Test: [80/200]	Time 0.006 (0.007)	Loss 0.1699 (0.1356)
2021-10-29 17:48:34,487 Test: [90/200]	Time 0.006 (0.007)	Loss 0.2041 (0.1373)
2021-10-29 17:48:34,553 Test: [100/200]	Time 0.006 (0.007)	Loss 0.2138 (0.1368)
2021-10-29 17:48:34,615 Test: [110/200]	Time 0.006 (0.007)	Loss 0.2115 (0.1376)
2021-10-29 17:48:34,679 Test: [120/200]	Time 0.005 (0.007)	Loss 0.1649 (0.1355)
2021-10-29 17:48:34,743 Test: [130/200]	Time 0.006 (0.007)	Loss 0.1321 (0.1368)
2021-10-29 17:48:34,808 Test: [140/200]	Time 0.006 (0.007)	Loss 0.1212 (0.1359)
2021-10-29 17:48:34,870 Test: [150/200]	Time 0.005 (0.007)	Loss 0.1184 (0.1344)
2021-10-29 17:48:34,935 Test: [160/200]	Time 0.005 (0.007)	Loss 0.1548 (0.1342)
2021-10-29 17:48:34,999 Test: [170/200]	Time 0.005 (0.007)	Loss 0.1359 (0.1329)
2021-10-29 17:48:35,063 Test: [180/200]	Time 0.006 (0.007)	Loss 0.1171 (0.1317)
2021-10-29 17:48:35,125 Test: [190/200]	Time 0.005 (0.007)	Loss 0.0772 (0.1319)
2021-10-29 17:48:35,999 Mean IoU score: 0.707
2021-10-29 17:48:36,004 => saving checkpoint to out
2021-10-29 17:48:36,189 Epoch: [3][0/200]	Time 0.130s (0.130s)	Speed 246.3 samples/s	Data 0.087s (0.087s)	Loss 0.03714 (0.03714)
2021-10-29 17:48:36,594 Epoch: [3][10/200]	Time 0.040s (0.049s)	Speed 800.1 samples/s	Data 0.000s (0.008s)	Loss 0.04225 (0.04215)
2021-10-29 17:48:37,000 Epoch: [3][20/200]	Time 0.040s (0.045s)	Speed 797.8 samples/s	Data 0.000s (0.004s)	Loss 0.06333 (0.04134)
2021-10-29 17:48:37,402 Epoch: [3][30/200]	Time 0.040s (0.043s)	Speed 803.9 samples/s	Data 0.000s (0.003s)	Loss 0.02708 (0.04074)
2021-10-29 17:48:37,807 Epoch: [3][40/200]	Time 0.040s (0.043s)	Speed 802.3 samples/s	Data 0.000s (0.002s)	Loss 0.03634 (0.04026)
2021-10-29 17:48:38,212 Epoch: [3][50/200]	Time 0.040s (0.042s)	Speed 801.3 samples/s	Data 0.000s (0.002s)	Loss 0.03143 (0.03940)
2021-10-29 17:48:38,614 Epoch: [3][60/200]	Time 0.040s (0.042s)	Speed 797.7 samples/s	Data 0.000s (0.002s)	Loss 0.03169 (0.03847)
2021-10-29 17:48:39,019 Epoch: [3][70/200]	Time 0.040s (0.042s)	Speed 792.1 samples/s	Data 0.000s (0.002s)	Loss 0.03769 (0.03807)
2021-10-29 17:48:39,449 Epoch: [3][80/200]	Time 0.044s (0.042s)	Speed 730.3 samples/s	Data 0.000s (0.001s)	Loss 0.02664 (0.03781)
2021-10-29 17:48:39,900 Epoch: [3][90/200]	Time 0.048s (0.042s)	Speed 663.3 samples/s	Data 0.000s (0.001s)	Loss 0.03013 (0.03750)
2021-10-29 17:48:40,363 Epoch: [3][100/200]	Time 0.046s (0.043s)	Speed 691.0 samples/s	Data 0.000s (0.001s)	Loss 0.03170 (0.03730)
2021-10-29 17:48:40,814 Epoch: [3][110/200]	Time 0.046s (0.043s)	Speed 688.8 samples/s	Data 0.000s (0.001s)	Loss 0.03011 (0.03705)
2021-10-29 17:48:41,263 Epoch: [3][120/200]	Time 0.040s (0.043s)	Speed 799.1 samples/s	Data 0.000s (0.001s)	Loss 0.03910 (0.03690)
2021-10-29 17:48:41,694 Epoch: [3][130/200]	Time 0.047s (0.043s)	Speed 683.7 samples/s	Data 0.000s (0.001s)	Loss 0.03439 (0.03671)
2021-10-29 17:48:42,160 Epoch: [3][140/200]	Time 0.047s (0.043s)	Speed 676.2 samples/s	Data 0.000s (0.001s)	Loss 0.03434 (0.03644)
2021-10-29 17:48:42,621 Epoch: [3][150/200]	Time 0.046s (0.043s)	Speed 689.3 samples/s	Data 0.000s (0.001s)	Loss 0.02573 (0.03636)
2021-10-29 17:48:43,061 Epoch: [3][160/200]	Time 0.047s (0.043s)	Speed 682.0 samples/s	Data 0.000s (0.001s)	Loss 0.03127 (0.03637)
2021-10-29 17:48:43,516 Epoch: [3][170/200]	Time 0.047s (0.044s)	Speed 686.3 samples/s	Data 0.001s (0.001s)	Loss 0.04095 (0.03618)
2021-10-29 17:48:43,970 Epoch: [3][180/200]	Time 0.044s (0.044s)	Speed 734.7 samples/s	Data 0.000s (0.001s)	Loss 0.03290 (0.03589)
2021-10-29 17:48:44,418 Epoch: [3][190/200]	Time 0.044s (0.044s)	Speed 721.7 samples/s	Data 0.000s (0.001s)	Loss 0.02472 (0.03562)
2021-10-29 17:48:44,921 Test: [0/200]	Time 0.043 (0.043)	Loss 0.1213 (0.1213)
2021-10-29 17:48:44,988 Test: [10/200]	Time 0.005 (0.010)	Loss 0.0266 (0.0807)
2021-10-29 17:48:45,061 Test: [20/200]	Time 0.008 (0.009)	Loss 0.0487 (0.0850)
2021-10-29 17:48:45,132 Test: [30/200]	Time 0.007 (0.008)	Loss 0.1258 (0.0901)
2021-10-29 17:48:45,200 Test: [40/200]	Time 0.005 (0.008)	Loss 0.0798 (0.0941)
2021-10-29 17:48:45,269 Test: [50/200]	Time 0.006 (0.008)	Loss 0.1449 (0.0947)
2021-10-29 17:48:45,345 Test: [60/200]	Time 0.008 (0.008)	Loss 0.1263 (0.0970)
2021-10-29 17:48:45,413 Test: [70/200]	Time 0.006 (0.008)	Loss 0.0966 (0.0969)
2021-10-29 17:48:45,486 Test: [80/200]	Time 0.007 (0.007)	Loss 0.1010 (0.0949)
2021-10-29 17:48:45,559 Test: [90/200]	Time 0.007 (0.007)	Loss 0.1030 (0.0963)
2021-10-29 17:48:45,628 Test: [100/200]	Time 0.007 (0.007)	Loss 0.1266 (0.0955)
2021-10-29 17:48:45,697 Test: [110/200]	Time 0.006 (0.007)	Loss 0.1645 (0.0962)
2021-10-29 17:48:45,767 Test: [120/200]	Time 0.006 (0.007)	Loss 0.0929 (0.0947)
2021-10-29 17:48:45,845 Test: [130/200]	Time 0.007 (0.007)	Loss 0.0924 (0.0951)
2021-10-29 17:48:45,912 Test: [140/200]	Time 0.005 (0.007)	Loss 0.0870 (0.0946)
2021-10-29 17:48:45,981 Test: [150/200]	Time 0.007 (0.007)	Loss 0.0825 (0.0936)
2021-10-29 17:48:46,051 Test: [160/200]	Time 0.006 (0.007)	Loss 0.0997 (0.0935)
2021-10-29 17:48:46,116 Test: [170/200]	Time 0.005 (0.007)	Loss 0.0754 (0.0923)
2021-10-29 17:48:46,184 Test: [180/200]	Time 0.006 (0.007)	Loss 0.0722 (0.0918)
2021-10-29 17:48:46,248 Test: [190/200]	Time 0.006 (0.007)	Loss 0.0535 (0.0919)
2021-10-29 17:48:47,215 Mean IoU score: 0.794
2021-10-29 17:48:47,220 => saving checkpoint to out
2021-10-29 17:48:47,415 Epoch: [4][0/200]	Time 0.136s (0.136s)	Speed 234.5 samples/s	Data 0.093s (0.093s)	Loss 0.03201 (0.03201)
2021-10-29 17:48:47,830 Epoch: [4][10/200]	Time 0.040s (0.050s)	Speed 803.5 samples/s	Data 0.000s (0.009s)	Loss 0.02580 (0.02813)
2021-10-29 17:48:48,236 Epoch: [4][20/200]	Time 0.040s (0.046s)	Speed 801.0 samples/s	Data 0.000s (0.005s)	Loss 0.02430 (0.02685)
2021-10-29 17:48:48,642 Epoch: [4][30/200]	Time 0.040s (0.044s)	Speed 801.7 samples/s	Data 0.000s (0.003s)	Loss 0.02470 (0.02695)
2021-10-29 17:48:49,074 Epoch: [4][40/200]	Time 0.048s (0.044s)	Speed 672.6 samples/s	Data 0.000s (0.003s)	Loss 0.02443 (0.02730)
2021-10-29 17:48:49,540 Epoch: [4][50/200]	Time 0.047s (0.044s)	Speed 674.6 samples/s	Data 0.000s (0.002s)	Loss 0.02384 (0.02715)
2021-10-29 17:48:49,998 Epoch: [4][60/200]	Time 0.044s (0.045s)	Speed 730.3 samples/s	Data 0.000s (0.002s)	Loss 0.02113 (0.02672)
2021-10-29 17:48:50,462 Epoch: [4][70/200]	Time 0.047s (0.045s)	Speed 687.3 samples/s	Data 0.000s (0.002s)	Loss 0.02704 (0.02685)
2021-10-29 17:48:50,891 Epoch: [4][80/200]	Time 0.044s (0.045s)	Speed 727.3 samples/s	Data 0.000s (0.001s)	Loss 0.02512 (0.02665)
2021-10-29 17:48:51,301 Epoch: [4][90/200]	Time 0.042s (0.044s)	Speed 765.6 samples/s	Data 0.000s (0.001s)	Loss 0.02402 (0.02631)
2021-10-29 17:48:51,704 Epoch: [4][100/200]	Time 0.040s (0.044s)	Speed 801.5 samples/s	Data 0.000s (0.001s)	Loss 0.02571 (0.02616)
2021-10-29 17:48:52,109 Epoch: [4][110/200]	Time 0.040s (0.044s)	Speed 799.7 samples/s	Data 0.000s (0.001s)	Loss 0.02729 (0.02617)
2021-10-29 17:48:52,516 Epoch: [4][120/200]	Time 0.040s (0.043s)	Speed 800.8 samples/s	Data 0.000s (0.001s)	Loss 0.02835 (0.02601)
2021-10-29 17:48:52,919 Epoch: [4][130/200]	Time 0.040s (0.043s)	Speed 797.7 samples/s	Data 0.000s (0.001s)	Loss 0.02339 (0.02599)
2021-10-29 17:48:53,324 Epoch: [4][140/200]	Time 0.040s (0.043s)	Speed 802.9 samples/s	Data 0.000s (0.001s)	Loss 0.02454 (0.02604)
2021-10-29 17:48:53,729 Epoch: [4][150/200]	Time 0.040s (0.043s)	Speed 803.6 samples/s	Data 0.000s (0.001s)	Loss 0.02162 (0.02599)
2021-10-29 17:48:54,132 Epoch: [4][160/200]	Time 0.040s (0.043s)	Speed 801.9 samples/s	Data 0.000s (0.001s)	Loss 0.02111 (0.02573)
2021-10-29 17:48:54,537 Epoch: [4][170/200]	Time 0.040s (0.042s)	Speed 797.2 samples/s	Data 0.000s (0.001s)	Loss 0.02002 (0.02566)
2021-10-29 17:48:54,942 Epoch: [4][180/200]	Time 0.040s (0.042s)	Speed 801.3 samples/s	Data 0.000s (0.001s)	Loss 0.03669 (0.02563)
2021-10-29 17:48:55,347 Epoch: [4][190/200]	Time 0.040s (0.042s)	Speed 800.6 samples/s	Data 0.000s (0.001s)	Loss 0.02656 (0.02553)
2021-10-29 17:48:55,774 Test: [0/200]	Time 0.036 (0.036)	Loss 0.0825 (0.0825)
2021-10-29 17:48:55,842 Test: [10/200]	Time 0.006 (0.010)	Loss 0.0259 (0.0723)
2021-10-29 17:48:55,907 Test: [20/200]	Time 0.006 (0.008)	Loss 0.0546 (0.0722)
2021-10-29 17:48:55,974 Test: [30/200]	Time 0.006 (0.008)	Loss 0.1175 (0.0773)
2021-10-29 17:48:56,039 Test: [40/200]	Time 0.006 (0.007)	Loss 0.0559 (0.0791)
2021-10-29 17:48:56,103 Test: [50/200]	Time 0.006 (0.007)	Loss 0.1053 (0.0799)
2021-10-29 17:48:56,170 Test: [60/200]	Time 0.006 (0.007)	Loss 0.1304 (0.0827)
2021-10-29 17:48:56,235 Test: [70/200]	Time 0.006 (0.007)	Loss 0.0757 (0.0821)
2021-10-29 17:48:56,299 Test: [80/200]	Time 0.006 (0.007)	Loss 0.0928 (0.0809)
2021-10-29 17:48:56,361 Test: [90/200]	Time 0.005 (0.007)	Loss 0.0990 (0.0817)
2021-10-29 17:48:56,425 Test: [100/200]	Time 0.006 (0.007)	Loss 0.1441 (0.0814)
2021-10-29 17:48:56,492 Test: [110/200]	Time 0.005 (0.007)	Loss 0.1615 (0.0820)
2021-10-29 17:48:56,556 Test: [120/200]	Time 0.006 (0.007)	Loss 0.1159 (0.0805)
2021-10-29 17:48:56,619 Test: [130/200]	Time 0.005 (0.007)	Loss 0.0726 (0.0809)
2021-10-29 17:48:56,685 Test: [140/200]	Time 0.006 (0.007)	Loss 0.0720 (0.0802)
2021-10-29 17:48:56,750 Test: [150/200]	Time 0.006 (0.007)	Loss 0.0583 (0.0788)
2021-10-29 17:48:56,814 Test: [160/200]	Time 0.005 (0.007)	Loss 0.0740 (0.0788)
2021-10-29 17:48:56,877 Test: [170/200]	Time 0.006 (0.007)	Loss 0.0826 (0.0782)
2021-10-29 17:48:56,943 Test: [180/200]	Time 0.006 (0.007)	Loss 0.0553 (0.0774)
2021-10-29 17:48:57,004 Test: [190/200]	Time 0.005 (0.007)	Loss 0.0387 (0.0774)
2021-10-29 17:48:57,870 Mean IoU score: 0.820
2021-10-29 17:48:57,875 => saving checkpoint to out
2021-10-29 17:48:58,057 Epoch: [5][0/200]	Time 0.127s (0.127s)	Speed 252.9 samples/s	Data 0.084s (0.084s)	Loss 0.01765 (0.01765)
2021-10-29 17:48:58,463 Epoch: [5][10/200]	Time 0.041s (0.048s)	Speed 775.1 samples/s	Data 0.000s (0.008s)	Loss 0.01664 (0.02075)
2021-10-29 17:48:58,866 Epoch: [5][20/200]	Time 0.040s (0.045s)	Speed 802.2 samples/s	Data 0.000s (0.004s)	Loss 0.02207 (0.02144)
2021-10-29 17:48:59,271 Epoch: [5][30/200]	Time 0.040s (0.043s)	Speed 800.8 samples/s	Data 0.000s (0.003s)	Loss 0.02859 (0.02131)
2021-10-29 17:48:59,675 Epoch: [5][40/200]	Time 0.041s (0.043s)	Speed 777.1 samples/s	Data 0.000s (0.002s)	Loss 0.01949 (0.02134)
2021-10-29 17:49:00,079 Epoch: [5][50/200]	Time 0.040s (0.042s)	Speed 799.7 samples/s	Data 0.000s (0.002s)	Loss 0.02266 (0.02127)
2021-10-29 17:49:00,486 Epoch: [5][60/200]	Time 0.040s (0.042s)	Speed 801.3 samples/s	Data 0.000s (0.002s)	Loss 0.01509 (0.02082)
2021-10-29 17:49:00,891 Epoch: [5][70/200]	Time 0.041s (0.042s)	Speed 771.1 samples/s	Data 0.000s (0.002s)	Loss 0.01829 (0.02063)
2021-10-29 17:49:01,295 Epoch: [5][80/200]	Time 0.040s (0.042s)	Speed 800.8 samples/s	Data 0.000s (0.001s)	Loss 0.01899 (0.02045)
2021-10-29 17:49:01,701 Epoch: [5][90/200]	Time 0.040s (0.041s)	Speed 800.4 samples/s	Data 0.000s (0.001s)	Loss 0.01457 (0.02036)
2021-10-29 17:49:02,106 Epoch: [5][100/200]	Time 0.040s (0.041s)	Speed 791.9 samples/s	Data 0.000s (0.001s)	Loss 0.02034 (0.02021)
2021-10-29 17:49:02,508 Epoch: [5][110/200]	Time 0.040s (0.041s)	Speed 801.3 samples/s	Data 0.000s (0.001s)	Loss 0.02110 (0.02022)
2021-10-29 17:49:02,913 Epoch: [5][120/200]	Time 0.040s (0.041s)	Speed 799.0 samples/s	Data 0.000s (0.001s)	Loss 0.01707 (0.02005)
2021-10-29 17:49:03,320 Epoch: [5][130/200]	Time 0.040s (0.041s)	Speed 793.4 samples/s	Data 0.000s (0.001s)	Loss 0.02379 (0.02017)
2021-10-29 17:49:03,724 Epoch: [5][140/200]	Time 0.040s (0.041s)	Speed 798.2 samples/s	Data 0.000s (0.001s)	Loss 0.02169 (0.02021)
2021-10-29 17:49:04,129 Epoch: [5][150/200]	Time 0.040s (0.041s)	Speed 800.8 samples/s	Data 0.000s (0.001s)	Loss 0.02358 (0.02019)
2021-10-29 17:49:04,535 Epoch: [5][160/200]	Time 0.040s (0.041s)	Speed 798.2 samples/s	Data 0.000s (0.001s)	Loss 0.01957 (0.02005)
2021-10-29 17:49:04,938 Epoch: [5][170/200]	Time 0.040s (0.041s)	Speed 802.3 samples/s	Data 0.000s (0.001s)	Loss 0.01869 (0.02001)
2021-10-29 17:49:05,344 Epoch: [5][180/200]	Time 0.040s (0.041s)	Speed 796.9 samples/s	Data 0.000s (0.001s)	Loss 0.01987 (0.02014)
2021-10-29 17:49:05,749 Epoch: [5][190/200]	Time 0.040s (0.041s)	Speed 800.9 samples/s	Data 0.000s (0.001s)	Loss 0.02043 (0.02022)
2021-10-29 17:49:06,183 Test: [0/200]	Time 0.037 (0.037)	Loss 0.1284 (0.1284)
2021-10-29 17:49:06,246 Test: [10/200]	Time 0.006 (0.009)	Loss 0.0420 (0.0907)
2021-10-29 17:49:06,315 Test: [20/200]	Time 0.006 (0.008)	Loss 0.0873 (0.0876)
2021-10-29 17:49:06,380 Test: [30/200]	Time 0.006 (0.008)	Loss 0.1350 (0.0986)
2021-10-29 17:49:06,445 Test: [40/200]	Time 0.005 (0.007)	Loss 0.0825 (0.1012)
2021-10-29 17:49:06,509 Test: [50/200]	Time 0.005 (0.007)	Loss 0.1442 (0.1007)
2021-10-29 17:49:06,572 Test: [60/200]	Time 0.006 (0.007)	Loss 0.1181 (0.1015)
2021-10-29 17:49:06,635 Test: [70/200]	Time 0.005 (0.007)	Loss 0.1115 (0.1016)
2021-10-29 17:49:06,700 Test: [80/200]	Time 0.006 (0.007)	Loss 0.1761 (0.1004)
2021-10-29 17:49:06,764 Test: [90/200]	Time 0.005 (0.007)	Loss 0.1155 (0.1024)
2021-10-29 17:49:06,828 Test: [100/200]	Time 0.006 (0.007)	Loss 0.2027 (0.1010)
2021-10-29 17:49:06,894 Test: [110/200]	Time 0.006 (0.007)	Loss 0.1940 (0.1023)
2021-10-29 17:49:06,958 Test: [120/200]	Time 0.006 (0.007)	Loss 0.1131 (0.0998)
2021-10-29 17:49:07,020 Test: [130/200]	Time 0.006 (0.007)	Loss 0.0715 (0.0999)
2021-10-29 17:49:07,086 Test: [140/200]	Time 0.005 (0.007)	Loss 0.1010 (0.0992)
2021-10-29 17:49:07,150 Test: [150/200]	Time 0.007 (0.007)	Loss 0.0851 (0.0973)
2021-10-29 17:49:07,214 Test: [160/200]	Time 0.005 (0.007)	Loss 0.1077 (0.0972)
2021-10-29 17:49:07,281 Test: [170/200]	Time 0.006 (0.007)	Loss 0.0855 (0.0959)
2021-10-29 17:49:07,345 Test: [180/200]	Time 0.006 (0.007)	Loss 0.0635 (0.0949)
2021-10-29 17:49:07,409 Test: [190/200]	Time 0.006 (0.007)	Loss 0.0495 (0.0947)
2021-10-29 17:49:08,288 Mean IoU score: 0.779
2021-10-29 17:49:08,293 => saving checkpoint to out
2021-10-29 17:49:08,476 Epoch: [6][0/200]	Time 0.142s (0.142s)	Speed 225.8 samples/s	Data 0.100s (0.100s)	Loss 0.01856 (0.01856)
2021-10-29 17:49:08,882 Epoch: [6][10/200]	Time 0.040s (0.050s)	Speed 800.0 samples/s	Data 0.000s (0.009s)	Loss 0.02436 (0.01835)
2021-10-29 17:49:09,287 Epoch: [6][20/200]	Time 0.042s (0.045s)	Speed 765.2 samples/s	Data 0.000s (0.005s)	Loss 0.01710 (0.01900)
2021-10-29 17:49:09,690 Epoch: [6][30/200]	Time 0.040s (0.044s)	Speed 803.2 samples/s	Data 0.000s (0.004s)	Loss 0.01715 (0.01878)
2021-10-29 17:49:10,095 Epoch: [6][40/200]	Time 0.040s (0.043s)	Speed 803.6 samples/s	Data 0.000s (0.003s)	Loss 0.01781 (0.01848)
2021-10-29 17:49:10,501 Epoch: [6][50/200]	Time 0.040s (0.042s)	Speed 791.8 samples/s	Data 0.000s (0.002s)	Loss 0.01655 (0.01831)
2021-10-29 17:49:10,905 Epoch: [6][60/200]	Time 0.040s (0.042s)	Speed 796.5 samples/s	Data 0.000s (0.002s)	Loss 0.01480 (0.01792)
2021-10-29 17:49:11,310 Epoch: [6][70/200]	Time 0.040s (0.042s)	Speed 800.7 samples/s	Data 0.000s (0.002s)	Loss 0.01439 (0.01763)
2021-10-29 17:49:11,715 Epoch: [6][80/200]	Time 0.040s (0.042s)	Speed 799.5 samples/s	Data 0.000s (0.002s)	Loss 0.01478 (0.01749)
2021-10-29 17:49:12,119 Epoch: [6][90/200]	Time 0.040s (0.042s)	Speed 801.5 samples/s	Data 0.000s (0.001s)	Loss 0.01706 (0.01735)
2021-10-29 17:49:12,524 Epoch: [6][100/200]	Time 0.040s (0.041s)	Speed 798.8 samples/s	Data 0.000s (0.001s)	Loss 0.01487 (0.01728)
2021-10-29 17:49:12,929 Epoch: [6][110/200]	Time 0.040s (0.041s)	Speed 798.7 samples/s	Data 0.000s (0.001s)	Loss 0.01374 (0.01714)
2021-10-29 17:49:13,333 Epoch: [6][120/200]	Time 0.040s (0.041s)	Speed 797.6 samples/s	Data 0.000s (0.001s)	Loss 0.01796 (0.01705)
2021-10-29 17:49:13,739 Epoch: [6][130/200]	Time 0.040s (0.041s)	Speed 795.8 samples/s	Data 0.000s (0.001s)	Loss 0.01180 (0.01689)
2021-10-29 17:49:14,144 Epoch: [6][140/200]	Time 0.040s (0.041s)	Speed 804.8 samples/s	Data 0.000s (0.001s)	Loss 0.01445 (0.01678)
2021-10-29 17:49:14,548 Epoch: [6][150/200]	Time 0.040s (0.041s)	Speed 801.5 samples/s	Data 0.000s (0.001s)	Loss 0.01570 (0.01671)
2021-10-29 17:49:14,953 Epoch: [6][160/200]	Time 0.040s (0.041s)	Speed 800.3 samples/s	Data 0.000s (0.001s)	Loss 0.01896 (0.01671)
2021-10-29 17:49:15,358 Epoch: [6][170/200]	Time 0.040s (0.041s)	Speed 800.0 samples/s	Data 0.000s (0.001s)	Loss 0.01583 (0.01661)
2021-10-29 17:49:15,760 Epoch: [6][180/200]	Time 0.040s (0.041s)	Speed 803.5 samples/s	Data 0.000s (0.001s)	Loss 0.01186 (0.01659)
2021-10-29 17:49:16,166 Epoch: [6][190/200]	Time 0.040s (0.041s)	Speed 804.2 samples/s	Data 0.000s (0.001s)	Loss 0.01568 (0.01654)
2021-10-29 17:49:16,603 Test: [0/200]	Time 0.037 (0.037)	Loss 0.0828 (0.0828)
2021-10-29 17:49:16,669 Test: [10/200]	Time 0.006 (0.009)	Loss 0.0175 (0.0613)
2021-10-29 17:49:16,731 Test: [20/200]	Time 0.005 (0.008)	Loss 0.0428 (0.0648)
2021-10-29 17:49:16,795 Test: [30/200]	Time 0.006 (0.007)	Loss 0.0834 (0.0687)
2021-10-29 17:49:16,859 Test: [40/200]	Time 0.006 (0.007)	Loss 0.0654 (0.0717)
2021-10-29 17:49:16,923 Test: [50/200]	Time 0.006 (0.007)	Loss 0.1142 (0.0726)
2021-10-29 17:49:16,988 Test: [60/200]	Time 0.006 (0.007)	Loss 0.0920 (0.0747)
2021-10-29 17:49:17,059 Test: [70/200]	Time 0.008 (0.007)	Loss 0.0653 (0.0741)
2021-10-29 17:49:17,126 Test: [80/200]	Time 0.006 (0.007)	Loss 0.0648 (0.0724)
2021-10-29 17:49:17,189 Test: [90/200]	Time 0.006 (0.007)	Loss 0.0972 (0.0739)
2021-10-29 17:49:17,255 Test: [100/200]	Time 0.006 (0.007)	Loss 0.0931 (0.0731)
2021-10-29 17:49:17,322 Test: [110/200]	Time 0.005 (0.007)	Loss 0.1525 (0.0735)
2021-10-29 17:49:17,385 Test: [120/200]	Time 0.005 (0.007)	Loss 0.0779 (0.0720)
2021-10-29 17:49:17,449 Test: [130/200]	Time 0.006 (0.007)	Loss 0.0744 (0.0721)
2021-10-29 17:49:17,512 Test: [140/200]	Time 0.006 (0.007)	Loss 0.0541 (0.0713)
2021-10-29 17:49:17,576 Test: [150/200]	Time 0.006 (0.007)	Loss 0.0510 (0.0700)
2021-10-29 17:49:17,641 Test: [160/200]	Time 0.006 (0.007)	Loss 0.0751 (0.0700)
2021-10-29 17:49:17,705 Test: [170/200]	Time 0.005 (0.007)	Loss 0.0662 (0.0693)
2021-10-29 17:49:17,768 Test: [180/200]	Time 0.006 (0.007)	Loss 0.0647 (0.0686)
2021-10-29 17:49:17,834 Test: [190/200]	Time 0.006 (0.007)	Loss 0.0371 (0.0686)
2021-10-29 17:49:18,715 Mean IoU score: 0.836
2021-10-29 17:49:18,719 => saving checkpoint to out
2021-10-29 17:49:18,913 Epoch: [7][0/200]	Time 0.133s (0.133s)	Speed 240.9 samples/s	Data 0.090s (0.090s)	Loss 0.01567 (0.01567)
2021-10-29 17:49:19,318 Epoch: [7][10/200]	Time 0.040s (0.049s)	Speed 799.4 samples/s	Data 0.000s (0.009s)	Loss 0.01366 (0.01566)
2021-10-29 17:49:19,723 Epoch: [7][20/200]	Time 0.040s (0.045s)	Speed 798.7 samples/s	Data 0.000s (0.005s)	Loss 0.01751 (0.01562)
2021-10-29 17:49:20,128 Epoch: [7][30/200]	Time 0.040s (0.043s)	Speed 796.2 samples/s	Data 0.001s (0.003s)	Loss 0.01738 (0.01524)
2021-10-29 17:49:20,531 Epoch: [7][40/200]	Time 0.040s (0.043s)	Speed 797.3 samples/s	Data 0.000s (0.003s)	Loss 0.01154 (0.01515)
2021-10-29 17:49:20,936 Epoch: [7][50/200]	Time 0.040s (0.042s)	Speed 801.9 samples/s	Data 0.000s (0.002s)	Loss 0.01420 (0.01489)
2021-10-29 17:49:21,341 Epoch: [7][60/200]	Time 0.040s (0.042s)	Speed 801.1 samples/s	Data 0.000s (0.002s)	Loss 0.01325 (0.01475)
2021-10-29 17:49:21,744 Epoch: [7][70/200]	Time 0.040s (0.042s)	Speed 799.7 samples/s	Data 0.000s (0.002s)	Loss 0.01141 (0.01448)
2021-10-29 17:49:22,148 Epoch: [7][80/200]	Time 0.040s (0.042s)	Speed 803.1 samples/s	Data 0.000s (0.001s)	Loss 0.01207 (0.01442)
2021-10-29 17:49:22,554 Epoch: [7][90/200]	Time 0.040s (0.041s)	Speed 800.8 samples/s	Data 0.000s (0.001s)	Loss 0.01586 (0.01424)
2021-10-29 17:49:22,958 Epoch: [7][100/200]	Time 0.040s (0.041s)	Speed 799.6 samples/s	Data 0.000s (0.001s)	Loss 0.01631 (0.01428)
2021-10-29 17:49:23,363 Epoch: [7][110/200]	Time 0.040s (0.041s)	Speed 794.7 samples/s	Data 0.000s (0.001s)	Loss 0.01064 (0.01420)
2021-10-29 17:49:23,768 Epoch: [7][120/200]	Time 0.040s (0.041s)	Speed 798.6 samples/s	Data 0.000s (0.001s)	Loss 0.01280 (0.01427)
2021-10-29 17:49:24,172 Epoch: [7][130/200]	Time 0.040s (0.041s)	Speed 800.5 samples/s	Data 0.000s (0.001s)	Loss 0.01254 (0.01422)
2021-10-29 17:49:24,578 Epoch: [7][140/200]	Time 0.040s (0.041s)	Speed 798.7 samples/s	Data 0.000s (0.001s)	Loss 0.01594 (0.01413)
2021-10-29 17:49:24,983 Epoch: [7][150/200]	Time 0.040s (0.041s)	Speed 800.6 samples/s	Data 0.000s (0.001s)	Loss 0.01175 (0.01402)
2021-10-29 17:49:25,387 Epoch: [7][160/200]	Time 0.040s (0.041s)	Speed 799.1 samples/s	Data 0.000s (0.001s)	Loss 0.01513 (0.01398)
2021-10-29 17:49:25,792 Epoch: [7][170/200]	Time 0.040s (0.041s)	Speed 803.2 samples/s	Data 0.000s (0.001s)	Loss 0.01533 (0.01397)
2021-10-29 17:49:26,198 Epoch: [7][180/200]	Time 0.040s (0.041s)	Speed 798.5 samples/s	Data 0.000s (0.001s)	Loss 0.01233 (0.01395)
2021-10-29 17:49:26,601 Epoch: [7][190/200]	Time 0.040s (0.041s)	Speed 799.9 samples/s	Data 0.000s (0.001s)	Loss 0.01255 (0.01397)
2021-10-29 17:49:27,039 Test: [0/200]	Time 0.037 (0.037)	Loss 0.0775 (0.0775)
2021-10-29 17:49:27,104 Test: [10/200]	Time 0.006 (0.009)	Loss 0.0304 (0.0630)
2021-10-29 17:49:27,168 Test: [20/200]	Time 0.006 (0.008)	Loss 0.0372 (0.0616)
2021-10-29 17:49:27,232 Test: [30/200]	Time 0.006 (0.007)	Loss 0.1000 (0.0661)
2021-10-29 17:49:27,300 Test: [40/200]	Time 0.006 (0.007)	Loss 0.0511 (0.0669)
2021-10-29 17:49:27,365 Test: [50/200]	Time 0.006 (0.007)	Loss 0.1107 (0.0676)
2021-10-29 17:49:27,433 Test: [60/200]	Time 0.006 (0.007)	Loss 0.1022 (0.0693)
2021-10-29 17:49:27,501 Test: [70/200]	Time 0.007 (0.007)	Loss 0.0537 (0.0698)
2021-10-29 17:49:27,565 Test: [80/200]	Time 0.005 (0.007)	Loss 0.0733 (0.0684)
2021-10-29 17:49:27,628 Test: [90/200]	Time 0.006 (0.007)	Loss 0.0977 (0.0691)
2021-10-29 17:49:27,692 Test: [100/200]	Time 0.006 (0.007)	Loss 0.1029 (0.0682)
2021-10-29 17:49:27,755 Test: [110/200]	Time 0.006 (0.007)	Loss 0.1473 (0.0689)
2021-10-29 17:49:27,820 Test: [120/200]	Time 0.006 (0.007)	Loss 0.0822 (0.0675)
2021-10-29 17:49:27,887 Test: [130/200]	Time 0.006 (0.007)	Loss 0.0563 (0.0674)
2021-10-29 17:49:27,951 Test: [140/200]	Time 0.006 (0.007)	Loss 0.0497 (0.0670)
2021-10-29 17:49:28,013 Test: [150/200]	Time 0.005 (0.007)	Loss 0.0529 (0.0655)
2021-10-29 17:49:28,078 Test: [160/200]	Time 0.006 (0.007)	Loss 0.0620 (0.0659)
2021-10-29 17:49:28,142 Test: [170/200]	Time 0.006 (0.007)	Loss 0.0606 (0.0651)
2021-10-29 17:49:28,208 Test: [180/200]	Time 0.006 (0.007)	Loss 0.0488 (0.0647)
2021-10-29 17:49:28,272 Test: [190/200]	Time 0.006 (0.007)	Loss 0.0311 (0.0647)
2021-10-29 17:49:29,137 Mean IoU score: 0.846
2021-10-29 17:49:29,142 => saving checkpoint to out
2021-10-29 17:49:29,337 Epoch: [8][0/200]	Time 0.141s (0.141s)	Speed 226.7 samples/s	Data 0.101s (0.101s)	Loss 0.01257 (0.01257)
2021-10-29 17:49:29,743 Epoch: [8][10/200]	Time 0.040s (0.050s)	Speed 804.1 samples/s	Data 0.000s (0.009s)	Loss 0.01103 (0.01229)
2021-10-29 17:49:30,147 Epoch: [8][20/200]	Time 0.040s (0.045s)	Speed 800.0 samples/s	Data 0.000s (0.005s)	Loss 0.01194 (0.01261)
2021-10-29 17:49:30,552 Epoch: [8][30/200]	Time 0.040s (0.044s)	Speed 795.7 samples/s	Data 0.000s (0.004s)	Loss 0.01208 (0.01257)
2021-10-29 17:49:30,956 Epoch: [8][40/200]	Time 0.040s (0.043s)	Speed 800.7 samples/s	Data 0.000s (0.003s)	Loss 0.00961 (0.01239)
2021-10-29 17:49:31,359 Epoch: [8][50/200]	Time 0.040s (0.042s)	Speed 805.0 samples/s	Data 0.000s (0.002s)	Loss 0.01223 (0.01255)
2021-10-29 17:49:31,764 Epoch: [8][60/200]	Time 0.040s (0.042s)	Speed 799.8 samples/s	Data 0.000s (0.002s)	Loss 0.01355 (0.01247)
2021-10-29 17:49:32,170 Epoch: [8][70/200]	Time 0.040s (0.042s)	Speed 800.4 samples/s	Data 0.000s (0.002s)	Loss 0.01244 (0.01235)
2021-10-29 17:49:32,574 Epoch: [8][80/200]	Time 0.040s (0.042s)	Speed 801.6 samples/s	Data 0.000s (0.002s)	Loss 0.00930 (0.01227)
2021-10-29 17:49:32,978 Epoch: [8][90/200]	Time 0.040s (0.042s)	Speed 798.6 samples/s	Data 0.000s (0.001s)	Loss 0.00946 (0.01215)
2021-10-29 17:49:33,384 Epoch: [8][100/200]	Time 0.040s (0.041s)	Speed 800.7 samples/s	Data 0.000s (0.001s)	Loss 0.01238 (0.01217)
2021-10-29 17:49:33,787 Epoch: [8][110/200]	Time 0.040s (0.041s)	Speed 799.2 samples/s	Data 0.000s (0.001s)	Loss 0.01427 (0.01217)
2021-10-29 17:49:34,194 Epoch: [8][120/200]	Time 0.040s (0.041s)	Speed 796.9 samples/s	Data 0.000s (0.001s)	Loss 0.01179 (0.01224)
2021-10-29 17:49:34,600 Epoch: [8][130/200]	Time 0.040s (0.041s)	Speed 802.4 samples/s	Data 0.000s (0.001s)	Loss 0.00890 (0.01221)
2021-10-29 17:49:35,004 Epoch: [8][140/200]	Time 0.040s (0.041s)	Speed 801.1 samples/s	Data 0.000s (0.001s)	Loss 0.01401 (0.01223)
2021-10-29 17:49:35,409 Epoch: [8][150/200]	Time 0.040s (0.041s)	Speed 798.3 samples/s	Data 0.000s (0.001s)	Loss 0.01091 (0.01216)
2021-10-29 17:49:35,814 Epoch: [8][160/200]	Time 0.040s (0.041s)	Speed 799.7 samples/s	Data 0.000s (0.001s)	Loss 0.01236 (0.01215)
2021-10-29 17:49:36,218 Epoch: [8][170/200]	Time 0.040s (0.041s)	Speed 802.9 samples/s	Data 0.000s (0.001s)	Loss 0.01137 (0.01215)
2021-10-29 17:49:36,623 Epoch: [8][180/200]	Time 0.040s (0.041s)	Speed 801.0 samples/s	Data 0.000s (0.001s)	Loss 0.01454 (0.01214)
2021-10-29 17:49:37,028 Epoch: [8][190/200]	Time 0.040s (0.041s)	Speed 804.9 samples/s	Data 0.000s (0.001s)	Loss 0.01264 (0.01210)
2021-10-29 17:49:37,455 Test: [0/200]	Time 0.037 (0.037)	Loss 0.0768 (0.0768)
2021-10-29 17:49:37,521 Test: [10/200]	Time 0.006 (0.009)	Loss 0.0145 (0.0544)
2021-10-29 17:49:37,583 Test: [20/200]	Time 0.005 (0.008)	Loss 0.0279 (0.0541)
2021-10-29 17:49:37,646 Test: [30/200]	Time 0.005 (0.007)	Loss 0.0685 (0.0587)
2021-10-29 17:49:37,710 Test: [40/200]	Time 0.006 (0.007)	Loss 0.0467 (0.0609)
2021-10-29 17:49:37,776 Test: [50/200]	Time 0.006 (0.007)	Loss 0.0982 (0.0608)
2021-10-29 17:49:37,841 Test: [60/200]	Time 0.006 (0.007)	Loss 0.0761 (0.0626)
2021-10-29 17:49:37,908 Test: [70/200]	Time 0.006 (0.007)	Loss 0.0496 (0.0627)
2021-10-29 17:49:37,972 Test: [80/200]	Time 0.006 (0.007)	Loss 0.0596 (0.0613)
2021-10-29 17:49:38,037 Test: [90/200]	Time 0.006 (0.007)	Loss 0.0804 (0.0627)
2021-10-29 17:49:38,104 Test: [100/200]	Time 0.007 (0.007)	Loss 0.0828 (0.0618)
2021-10-29 17:49:38,166 Test: [110/200]	Time 0.006 (0.007)	Loss 0.1500 (0.0624)
2021-10-29 17:49:38,230 Test: [120/200]	Time 0.005 (0.007)	Loss 0.0688 (0.0610)
2021-10-29 17:49:38,294 Test: [130/200]	Time 0.005 (0.007)	Loss 0.0541 (0.0611)
2021-10-29 17:49:38,360 Test: [140/200]	Time 0.007 (0.007)	Loss 0.0498 (0.0604)
2021-10-29 17:49:38,425 Test: [150/200]	Time 0.005 (0.007)	Loss 0.0541 (0.0592)
2021-10-29 17:49:38,488 Test: [160/200]	Time 0.006 (0.007)	Loss 0.0644 (0.0595)
2021-10-29 17:49:38,552 Test: [170/200]	Time 0.006 (0.007)	Loss 0.0487 (0.0590)
2021-10-29 17:49:38,616 Test: [180/200]	Time 0.006 (0.007)	Loss 0.0403 (0.0584)
2021-10-29 17:49:38,682 Test: [190/200]	Time 0.005 (0.007)	Loss 0.0287 (0.0582)
2021-10-29 17:49:39,555 Mean IoU score: 0.861
2021-10-29 17:49:39,559 => saving checkpoint to out
2021-10-29 17:49:39,748 Epoch: [9][0/200]	Time 0.134s (0.134s)	Speed 238.7 samples/s	Data 0.092s (0.092s)	Loss 0.01177 (0.01177)
2021-10-29 17:49:40,154 Epoch: [9][10/200]	Time 0.040s (0.049s)	Speed 798.1 samples/s	Data 0.000s (0.009s)	Loss 0.01058 (0.01113)
2021-10-29 17:49:40,560 Epoch: [9][20/200]	Time 0.040s (0.045s)	Speed 797.3 samples/s	Data 0.000s (0.005s)	Loss 0.01601 (0.01145)
2021-10-29 17:49:40,963 Epoch: [9][30/200]	Time 0.040s (0.044s)	Speed 798.6 samples/s	Data 0.000s (0.003s)	Loss 0.01043 (0.01148)
2021-10-29 17:49:41,368 Epoch: [9][40/200]	Time 0.040s (0.043s)	Speed 799.4 samples/s	Data 0.000s (0.003s)	Loss 0.01101 (0.01152)
2021-10-29 17:49:41,774 Epoch: [9][50/200]	Time 0.040s (0.042s)	Speed 798.9 samples/s	Data 0.000s (0.002s)	Loss 0.00826 (0.01134)
2021-10-29 17:49:42,178 Epoch: [9][60/200]	Time 0.040s (0.042s)	Speed 801.5 samples/s	Data 0.000s (0.002s)	Loss 0.01194 (0.01119)
2021-10-29 17:49:42,584 Epoch: [9][70/200]	Time 0.040s (0.042s)	Speed 796.8 samples/s	Data 0.000s (0.002s)	Loss 0.01052 (0.01119)
2021-10-29 17:49:42,990 Epoch: [9][80/200]	Time 0.040s (0.042s)	Speed 804.4 samples/s	Data 0.000s (0.001s)	Loss 0.00812 (0.01121)
2021-10-29 17:49:43,392 Epoch: [9][90/200]	Time 0.040s (0.042s)	Speed 798.5 samples/s	Data 0.000s (0.001s)	Loss 0.01187 (0.01112)
2021-10-29 17:49:43,798 Epoch: [9][100/200]	Time 0.040s (0.041s)	Speed 801.5 samples/s	Data 0.000s (0.001s)	Loss 0.01647 (0.01116)
2021-10-29 17:49:44,203 Epoch: [9][110/200]	Time 0.040s (0.041s)	Speed 799.1 samples/s	Data 0.000s (0.001s)	Loss 0.01193 (0.01113)
2021-10-29 17:49:44,605 Epoch: [9][120/200]	Time 0.040s (0.041s)	Speed 800.5 samples/s	Data 0.000s (0.001s)	Loss 0.01000 (0.01105)
2021-10-29 17:49:45,010 Epoch: [9][130/200]	Time 0.040s (0.041s)	Speed 801.5 samples/s	Data 0.000s (0.001s)	Loss 0.00855 (0.01107)
2021-10-29 17:49:45,416 Epoch: [9][140/200]	Time 0.040s (0.041s)	Speed 799.6 samples/s	Data 0.000s (0.001s)	Loss 0.01156 (0.01105)
2021-10-29 17:49:45,819 Epoch: [9][150/200]	Time 0.040s (0.041s)	Speed 802.4 samples/s	Data 0.000s (0.001s)	Loss 0.00876 (0.01102)
2021-10-29 17:49:46,224 Epoch: [9][160/200]	Time 0.040s (0.041s)	Speed 800.8 samples/s	Data 0.000s (0.001s)	Loss 0.01200 (0.01102)
2021-10-29 17:49:46,630 Epoch: [9][170/200]	Time 0.040s (0.041s)	Speed 796.8 samples/s	Data 0.000s (0.001s)	Loss 0.01070 (0.01096)
2021-10-29 17:49:47,032 Epoch: [9][180/200]	Time 0.040s (0.041s)	Speed 801.6 samples/s	Data 0.000s (0.001s)	Loss 0.01035 (0.01094)
2021-10-29 17:49:47,436 Epoch: [9][190/200]	Time 0.040s (0.041s)	Speed 802.2 samples/s	Data 0.000s (0.001s)	Loss 0.00827 (0.01089)
2021-10-29 17:49:47,874 Test: [0/200]	Time 0.037 (0.037)	Loss 0.0852 (0.0852)
2021-10-29 17:49:47,938 Test: [10/200]	Time 0.006 (0.009)	Loss 0.0210 (0.0542)
2021-10-29 17:49:48,001 Test: [20/200]	Time 0.005 (0.008)	Loss 0.0389 (0.0548)
2021-10-29 17:49:48,065 Test: [30/200]	Time 0.006 (0.007)	Loss 0.0679 (0.0611)
2021-10-29 17:49:48,131 Test: [40/200]	Time 0.006 (0.007)	Loss 0.0461 (0.0623)
2021-10-29 17:49:48,194 Test: [50/200]	Time 0.005 (0.007)	Loss 0.1143 (0.0625)
2021-10-29 17:49:48,259 Test: [60/200]	Time 0.006 (0.007)	Loss 0.0707 (0.0640)
2021-10-29 17:49:48,323 Test: [70/200]	Time 0.006 (0.007)	Loss 0.0516 (0.0639)
2021-10-29 17:49:48,386 Test: [80/200]	Time 0.006 (0.007)	Loss 0.0749 (0.0629)
2021-10-29 17:49:48,452 Test: [90/200]	Time 0.005 (0.007)	Loss 0.0746 (0.0641)
2021-10-29 17:49:48,516 Test: [100/200]	Time 0.005 (0.007)	Loss 0.0774 (0.0629)
2021-10-29 17:49:48,581 Test: [110/200]	Time 0.006 (0.007)	Loss 0.1420 (0.0633)
2021-10-29 17:49:48,645 Test: [120/200]	Time 0.005 (0.007)	Loss 0.0553 (0.0618)
2021-10-29 17:49:48,709 Test: [130/200]	Time 0.005 (0.007)	Loss 0.0531 (0.0617)
2021-10-29 17:49:48,770 Test: [140/200]	Time 0.006 (0.007)	Loss 0.0536 (0.0610)
2021-10-29 17:49:48,831 Test: [150/200]	Time 0.005 (0.007)	Loss 0.0460 (0.0598)
2021-10-29 17:49:48,899 Test: [160/200]	Time 0.005 (0.007)	Loss 0.0685 (0.0603)
2021-10-29 17:49:48,962 Test: [170/200]	Time 0.006 (0.007)	Loss 0.0502 (0.0598)
2021-10-29 17:49:49,027 Test: [180/200]	Time 0.005 (0.007)	Loss 0.0397 (0.0592)
2021-10-29 17:49:49,089 Test: [190/200]	Time 0.006 (0.007)	Loss 0.0257 (0.0590)
2021-10-29 17:49:49,952 Mean IoU score: 0.858
2021-10-29 17:49:49,957 => saving checkpoint to out
2021-10-29 17:49:50,136 Epoch: [10][0/200]	Time 0.136s (0.136s)	Speed 235.0 samples/s	Data 0.095s (0.095s)	Loss 0.00759 (0.00759)
2021-10-29 17:49:50,540 Epoch: [10][10/200]	Time 0.040s (0.049s)	Speed 802.1 samples/s	Data 0.000s (0.009s)	Loss 0.00828 (0.00950)
2021-10-29 17:49:50,945 Epoch: [10][20/200]	Time 0.040s (0.045s)	Speed 799.0 samples/s	Data 0.000s (0.005s)	Loss 0.01000 (0.00923)
2021-10-29 17:49:51,350 Epoch: [10][30/200]	Time 0.040s (0.044s)	Speed 803.4 samples/s	Data 0.000s (0.003s)	Loss 0.01015 (0.00948)
2021-10-29 17:49:51,753 Epoch: [10][40/200]	Time 0.040s (0.043s)	Speed 802.0 samples/s	Data 0.000s (0.003s)	Loss 0.00824 (0.00975)
2021-10-29 17:49:52,159 Epoch: [10][50/200]	Time 0.040s (0.042s)	Speed 800.7 samples/s	Data 0.000s (0.002s)	Loss 0.01320 (0.00977)
2021-10-29 17:49:52,565 Epoch: [10][60/200]	Time 0.040s (0.042s)	Speed 799.8 samples/s	Data 0.000s (0.002s)	Loss 0.01356 (0.00980)
2021-10-29 17:49:52,968 Epoch: [10][70/200]	Time 0.040s (0.042s)	Speed 801.0 samples/s	Data 0.000s (0.002s)	Loss 0.00825 (0.00979)
2021-10-29 17:49:53,372 Epoch: [10][80/200]	Time 0.040s (0.042s)	Speed 801.5 samples/s	Data 0.000s (0.001s)	Loss 0.01079 (0.00980)
2021-10-29 17:49:53,777 Epoch: [10][90/200]	Time 0.040s (0.042s)	Speed 801.5 samples/s	Data 0.000s (0.001s)	Loss 0.00825 (0.00980)
2021-10-29 17:49:54,180 Epoch: [10][100/200]	Time 0.040s (0.041s)	Speed 800.5 samples/s	Data 0.000s (0.001s)	Loss 0.00920 (0.00987)
2021-10-29 17:49:54,586 Epoch: [10][110/200]	Time 0.040s (0.041s)	Speed 799.1 samples/s	Data 0.000s (0.001s)	Loss 0.00820 (0.00987)
2021-10-29 17:49:54,990 Epoch: [10][120/200]	Time 0.040s (0.041s)	Speed 801.9 samples/s	Data 0.000s (0.001s)	Loss 0.01099 (0.00997)
2021-10-29 17:49:55,394 Epoch: [10][130/200]	Time 0.040s (0.041s)	Speed 796.6 samples/s	Data 0.000s (0.001s)	Loss 0.01064 (0.01000)
2021-10-29 17:49:55,799 Epoch: [10][140/200]	Time 0.040s (0.041s)	Speed 799.7 samples/s	Data 0.000s (0.001s)	Loss 0.01005 (0.01004)
2021-10-29 17:49:56,204 Epoch: [10][150/200]	Time 0.040s (0.041s)	Speed 802.1 samples/s	Data 0.000s (0.001s)	Loss 0.00952 (0.01001)
2021-10-29 17:49:56,608 Epoch: [10][160/200]	Time 0.040s (0.041s)	Speed 800.0 samples/s	Data 0.000s (0.001s)	Loss 0.00883 (0.01001)
2021-10-29 17:49:57,012 Epoch: [10][170/200]	Time 0.040s (0.041s)	Speed 804.9 samples/s	Data 0.000s (0.001s)	Loss 0.01180 (0.01006)
2021-10-29 17:49:57,418 Epoch: [10][180/200]	Time 0.040s (0.041s)	Speed 801.7 samples/s	Data 0.000s (0.001s)	Loss 0.00920 (0.01002)
2021-10-29 17:49:57,822 Epoch: [10][190/200]	Time 0.040s (0.041s)	Speed 799.2 samples/s	Data 0.000s (0.001s)	Loss 0.01056 (0.01002)
2021-10-29 17:49:58,250 Test: [0/200]	Time 0.037 (0.037)	Loss 0.0966 (0.0966)
2021-10-29 17:49:58,317 Test: [10/200]	Time 0.006 (0.009)	Loss 0.0277 (0.0588)
2021-10-29 17:49:58,380 Test: [20/200]	Time 0.005 (0.008)	Loss 0.0392 (0.0580)
2021-10-29 17:49:58,445 Test: [30/200]	Time 0.006 (0.007)	Loss 0.0817 (0.0631)
2021-10-29 17:49:58,510 Test: [40/200]	Time 0.006 (0.007)	Loss 0.0432 (0.0635)
2021-10-29 17:49:58,574 Test: [50/200]	Time 0.005 (0.007)	Loss 0.0937 (0.0633)
2021-10-29 17:49:58,638 Test: [60/200]	Time 0.006 (0.007)	Loss 0.0907 (0.0652)
2021-10-29 17:49:58,701 Test: [70/200]	Time 0.006 (0.007)	Loss 0.0540 (0.0657)
2021-10-29 17:49:58,765 Test: [80/200]	Time 0.006 (0.007)	Loss 0.0666 (0.0643)
2021-10-29 17:49:58,829 Test: [90/200]	Time 0.006 (0.007)	Loss 0.0726 (0.0652)
2021-10-29 17:49:58,893 Test: [100/200]	Time 0.006 (0.007)	Loss 0.0856 (0.0642)
2021-10-29 17:49:58,959 Test: [110/200]	Time 0.006 (0.007)	Loss 0.1584 (0.0651)
2021-10-29 17:49:59,024 Test: [120/200]	Time 0.006 (0.007)	Loss 0.0705 (0.0640)
2021-10-29 17:49:59,090 Test: [130/200]	Time 0.006 (0.007)	Loss 0.0454 (0.0638)
2021-10-29 17:49:59,157 Test: [140/200]	Time 0.007 (0.007)	Loss 0.0476 (0.0632)
2021-10-29 17:49:59,222 Test: [150/200]	Time 0.006 (0.007)	Loss 0.0536 (0.0618)
2021-10-29 17:49:59,286 Test: [160/200]	Time 0.006 (0.007)	Loss 0.0660 (0.0625)
2021-10-29 17:49:59,349 Test: [170/200]	Time 0.005 (0.007)	Loss 0.0438 (0.0620)
2021-10-29 17:49:59,413 Test: [180/200]	Time 0.005 (0.007)	Loss 0.0531 (0.0616)
2021-10-29 17:49:59,476 Test: [190/200]	Time 0.006 (0.007)	Loss 0.0274 (0.0615)
2021-10-29 17:50:00,353 Mean IoU score: 0.855
2021-10-29 17:50:00,357 => saving checkpoint to out
2021-10-29 17:50:00,544 Epoch: [11][0/200]	Time 0.150s (0.150s)	Speed 213.9 samples/s	Data 0.109s (0.109s)	Loss 0.00834 (0.00834)
2021-10-29 17:50:00,950 Epoch: [11][10/200]	Time 0.040s (0.051s)	Speed 802.4 samples/s	Data 0.000s (0.010s)	Loss 0.01016 (0.00863)
2021-10-29 17:50:01,354 Epoch: [11][20/200]	Time 0.040s (0.046s)	Speed 797.1 samples/s	Data 0.000s (0.006s)	Loss 0.01174 (0.00891)
2021-10-29 17:50:01,760 Epoch: [11][30/200]	Time 0.040s (0.044s)	Speed 797.0 samples/s	Data 0.000s (0.004s)	Loss 0.00903 (0.00911)
2021-10-29 17:50:02,166 Epoch: [11][40/200]	Time 0.040s (0.043s)	Speed 801.7 samples/s	Data 0.000s (0.003s)	Loss 0.01223 (0.00927)
2021-10-29 17:50:02,569 Epoch: [11][50/200]	Time 0.040s (0.043s)	Speed 800.0 samples/s	Data 0.000s (0.002s)	Loss 0.00915 (0.00936)
2021-10-29 17:50:02,974 Epoch: [11][60/200]	Time 0.040s (0.042s)	Speed 801.3 samples/s	Data 0.000s (0.002s)	Loss 0.01028 (0.00943)
2021-10-29 17:50:03,381 Epoch: [11][70/200]	Time 0.040s (0.042s)	Speed 797.9 samples/s	Data 0.000s (0.002s)	Loss 0.00954 (0.00935)
2021-10-29 17:50:03,785 Epoch: [11][80/200]	Time 0.040s (0.042s)	Speed 801.5 samples/s	Data 0.000s (0.002s)	Loss 0.00891 (0.00935)
2021-10-29 17:50:04,190 Epoch: [11][90/200]	Time 0.040s (0.042s)	Speed 799.3 samples/s	Data 0.000s (0.002s)	Loss 0.00915 (0.00933)
2021-10-29 17:50:04,597 Epoch: [11][100/200]	Time 0.040s (0.042s)	Speed 794.9 samples/s	Data 0.000s (0.001s)	Loss 0.00931 (0.00933)
2021-10-29 17:50:05,000 Epoch: [11][110/200]	Time 0.040s (0.041s)	Speed 800.7 samples/s	Data 0.000s (0.001s)	Loss 0.01096 (0.00928)
2021-10-29 17:50:05,405 Epoch: [11][120/200]	Time 0.040s (0.041s)	Speed 799.4 samples/s	Data 0.000s (0.001s)	Loss 0.00802 (0.00930)
2021-10-29 17:50:05,811 Epoch: [11][130/200]	Time 0.040s (0.041s)	Speed 798.6 samples/s	Data 0.000s (0.001s)	Loss 0.00837 (0.00929)
2021-10-29 17:50:06,214 Epoch: [11][140/200]	Time 0.040s (0.041s)	Speed 799.9 samples/s	Data 0.000s (0.001s)	Loss 0.01252 (0.00937)
2021-10-29 17:50:06,618 Epoch: [11][150/200]	Time 0.040s (0.041s)	Speed 799.5 samples/s	Data 0.000s (0.001s)	Loss 0.01165 (0.00936)
2021-10-29 17:50:07,023 Epoch: [11][160/200]	Time 0.040s (0.041s)	Speed 799.8 samples/s	Data 0.000s (0.001s)	Loss 0.01090 (0.00940)
2021-10-29 17:50:07,428 Epoch: [11][170/200]	Time 0.040s (0.041s)	Speed 793.5 samples/s	Data 0.000s (0.001s)	Loss 0.01122 (0.00945)
2021-10-29 17:50:07,835 Epoch: [11][180/200]	Time 0.040s (0.041s)	Speed 795.5 samples/s	Data 0.000s (0.001s)	Loss 0.00818 (0.00945)
2021-10-29 17:50:08,242 Epoch: [11][190/200]	Time 0.040s (0.041s)	Speed 796.7 samples/s	Data 0.000s (0.001s)	Loss 0.00923 (0.00943)
2021-10-29 17:50:08,673 Test: [0/200]	Time 0.038 (0.038)	Loss 0.0680 (0.0680)
2021-10-29 17:50:08,737 Test: [10/200]	Time 0.006 (0.009)	Loss 0.0225 (0.0606)
2021-10-29 17:50:08,799 Test: [20/200]	Time 0.006 (0.008)	Loss 0.0349 (0.0595)
2021-10-29 17:50:08,866 Test: [30/200]	Time 0.006 (0.007)	Loss 0.0946 (0.0626)
2021-10-29 17:50:08,932 Test: [40/200]	Time 0.006 (0.007)	Loss 0.0480 (0.0648)
2021-10-29 17:50:08,996 Test: [50/200]	Time 0.006 (0.007)	Loss 0.0965 (0.0636)
2021-10-29 17:50:09,061 Test: [60/200]	Time 0.006 (0.007)	Loss 0.0652 (0.0657)
2021-10-29 17:50:09,127 Test: [70/200]	Time 0.006 (0.007)	Loss 0.0599 (0.0665)
2021-10-29 17:50:09,192 Test: [80/200]	Time 0.007 (0.007)	Loss 0.0641 (0.0653)
2021-10-29 17:50:09,256 Test: [90/200]	Time 0.006 (0.007)	Loss 0.0692 (0.0666)
2021-10-29 17:50:09,321 Test: [100/200]	Time 0.006 (0.007)	Loss 0.0809 (0.0655)
2021-10-29 17:50:09,383 Test: [110/200]	Time 0.006 (0.007)	Loss 0.1703 (0.0676)
2021-10-29 17:50:09,447 Test: [120/200]	Time 0.005 (0.007)	Loss 0.0643 (0.0661)
2021-10-29 17:50:09,512 Test: [130/200]	Time 0.006 (0.007)	Loss 0.0589 (0.0665)
2021-10-29 17:50:09,578 Test: [140/200]	Time 0.006 (0.007)	Loss 0.0707 (0.0659)
2021-10-29 17:50:09,642 Test: [150/200]	Time 0.006 (0.007)	Loss 0.0591 (0.0646)
2021-10-29 17:50:09,706 Test: [160/200]	Time 0.006 (0.007)	Loss 0.0826 (0.0651)
2021-10-29 17:50:09,771 Test: [170/200]	Time 0.006 (0.007)	Loss 0.0638 (0.0648)
2021-10-29 17:50:09,833 Test: [180/200]	Time 0.005 (0.007)	Loss 0.0430 (0.0642)
2021-10-29 17:50:09,898 Test: [190/200]	Time 0.005 (0.007)	Loss 0.0271 (0.0637)
2021-10-29 17:50:10,773 Mean IoU score: 0.853
2021-10-29 17:50:10,778 => saving checkpoint to out
2021-10-29 17:50:10,946 Epoch: [12][0/200]	Time 0.126s (0.126s)	Speed 254.0 samples/s	Data 0.085s (0.085s)	Loss 0.01045 (0.01045)
2021-10-29 17:50:11,353 Epoch: [12][10/200]	Time 0.040s (0.048s)	Speed 797.8 samples/s	Data 0.000s (0.008s)	Loss 0.01052 (0.01013)
2021-10-29 17:50:11,760 Epoch: [12][20/200]	Time 0.040s (0.045s)	Speed 799.0 samples/s	Data 0.000s (0.004s)	Loss 0.01083 (0.00942)
2021-10-29 17:50:12,165 Epoch: [12][30/200]	Time 0.040s (0.043s)	Speed 798.2 samples/s	Data 0.000s (0.003s)	Loss 0.00936 (0.00925)
2021-10-29 17:50:12,572 Epoch: [12][40/200]	Time 0.040s (0.043s)	Speed 796.6 samples/s	Data 0.000s (0.002s)	Loss 0.00897 (0.00919)
2021-10-29 17:50:12,979 Epoch: [12][50/200]	Time 0.040s (0.042s)	Speed 799.8 samples/s	Data 0.000s (0.002s)	Loss 0.00818 (0.00903)
2021-10-29 17:50:13,383 Epoch: [12][60/200]	Time 0.040s (0.042s)	Speed 797.1 samples/s	Data 0.000s (0.002s)	Loss 0.00685 (0.00895)
2021-10-29 17:50:13,788 Epoch: [12][70/200]	Time 0.040s (0.042s)	Speed 799.2 samples/s	Data 0.000s (0.002s)	Loss 0.00985 (0.00890)
2021-10-29 17:50:14,193 Epoch: [12][80/200]	Time 0.040s (0.042s)	Speed 798.2 samples/s	Data 0.000s (0.001s)	Loss 0.00945 (0.00893)
2021-10-29 17:50:14,598 Epoch: [12][90/200]	Time 0.040s (0.042s)	Speed 799.5 samples/s	Data 0.000s (0.001s)	Loss 0.00719 (0.00892)
2021-10-29 17:50:15,004 Epoch: [12][100/200]	Time 0.040s (0.041s)	Speed 800.8 samples/s	Data 0.000s (0.001s)	Loss 0.00821 (0.00885)
2021-10-29 17:50:15,410 Epoch: [12][110/200]	Time 0.040s (0.041s)	Speed 800.8 samples/s	Data 0.000s (0.001s)	Loss 0.00808 (0.00890)
2021-10-29 17:50:15,814 Epoch: [12][120/200]	Time 0.040s (0.041s)	Speed 799.1 samples/s	Data 0.000s (0.001s)	Loss 0.00770 (0.00887)
2021-10-29 17:50:16,219 Epoch: [12][130/200]	Time 0.040s (0.041s)	Speed 801.2 samples/s	Data 0.000s (0.001s)	Loss 0.00845 (0.00888)
2021-10-29 17:50:16,625 Epoch: [12][140/200]	Time 0.040s (0.041s)	Speed 797.9 samples/s	Data 0.000s (0.001s)	Loss 0.01050 (0.00895)
2021-10-29 17:50:17,029 Epoch: [12][150/200]	Time 0.040s (0.041s)	Speed 796.7 samples/s	Data 0.000s (0.001s)	Loss 0.01072 (0.00912)
2021-10-29 17:50:17,434 Epoch: [12][160/200]	Time 0.040s (0.041s)	Speed 801.3 samples/s	Data 0.000s (0.001s)	Loss 0.01698 (0.00952)
2021-10-29 17:50:17,840 Epoch: [12][170/200]	Time 0.040s (0.041s)	Speed 796.0 samples/s	Data 0.000s (0.001s)	Loss 0.01422 (0.01006)
2021-10-29 17:50:18,244 Epoch: [12][180/200]	Time 0.040s (0.041s)	Speed 800.0 samples/s	Data 0.000s (0.001s)	Loss 0.01890 (0.01058)
2021-10-29 17:50:18,648 Epoch: [12][190/200]	Time 0.040s (0.041s)	Speed 800.4 samples/s	Data 0.000s (0.001s)	Loss 0.01676 (0.01115)
2021-10-29 17:50:19,088 Test: [0/200]	Time 0.037 (0.037)	Loss 0.1675 (0.1675)
2021-10-29 17:50:19,156 Test: [10/200]	Time 0.006 (0.010)	Loss 0.0640 (0.1218)
2021-10-29 17:50:19,220 Test: [20/200]	Time 0.006 (0.008)	Loss 0.1233 (0.1352)
2021-10-29 17:50:19,282 Test: [30/200]	Time 0.006 (0.007)	Loss 0.1818 (0.1382)
2021-10-29 17:50:19,347 Test: [40/200]	Time 0.006 (0.007)	Loss 0.0972 (0.1421)
2021-10-29 17:50:19,411 Test: [50/200]	Time 0.006 (0.007)	Loss 0.2254 (0.1445)
2021-10-29 17:50:19,477 Test: [60/200]	Time 0.006 (0.007)	Loss 0.1390 (0.1456)
2021-10-29 17:50:19,541 Test: [70/200]	Time 0.006 (0.007)	Loss 0.1476 (0.1438)
2021-10-29 17:50:19,605 Test: [80/200]	Time 0.006 (0.007)	Loss 0.1298 (0.1413)
2021-10-29 17:50:19,668 Test: [90/200]	Time 0.006 (0.007)	Loss 0.2034 (0.1445)
2021-10-29 17:50:19,734 Test: [100/200]	Time 0.006 (0.007)	Loss 0.2005 (0.1435)
2021-10-29 17:50:19,800 Test: [110/200]	Time 0.006 (0.007)	Loss 0.2309 (0.1459)
2021-10-29 17:50:19,865 Test: [120/200]	Time 0.005 (0.007)	Loss 0.1898 (0.1445)
2021-10-29 17:50:19,929 Test: [130/200]	Time 0.006 (0.007)	Loss 0.1310 (0.1446)
2021-10-29 17:50:19,992 Test: [140/200]	Time 0.006 (0.007)	Loss 0.1279 (0.1441)
2021-10-29 17:50:20,055 Test: [150/200]	Time 0.006 (0.007)	Loss 0.1126 (0.1425)
2021-10-29 17:50:20,120 Test: [160/200]	Time 0.006 (0.007)	Loss 0.1613 (0.1430)
2021-10-29 17:50:20,182 Test: [170/200]	Time 0.006 (0.007)	Loss 0.1393 (0.1418)
2021-10-29 17:50:20,251 Test: [180/200]	Time 0.006 (0.007)	Loss 0.1061 (0.1405)
2021-10-29 17:50:20,315 Test: [190/200]	Time 0.006 (0.007)	Loss 0.0770 (0.1402)
2021-10-29 17:50:21,222 Mean IoU score: 0.698
2021-10-29 17:50:21,227 => saving checkpoint to out
2021-10-29 17:50:21,391 Epoch: [13][0/200]	Time 0.126s (0.126s)	Speed 253.7 samples/s	Data 0.085s (0.085s)	Loss 0.01242 (0.01242)
2021-10-29 17:50:21,796 Epoch: [13][10/200]	Time 0.040s (0.048s)	Speed 796.4 samples/s	Data 0.000s (0.008s)	Loss 0.01421 (0.01879)
2021-10-29 17:50:22,203 Epoch: [13][20/200]	Time 0.040s (0.045s)	Speed 801.2 samples/s	Data 0.000s (0.004s)	Loss 0.01178 (0.01856)
2021-10-29 17:50:22,609 Epoch: [13][30/200]	Time 0.040s (0.043s)	Speed 800.3 samples/s	Data 0.000s (0.003s)	Loss 0.02339 (0.01993)
2021-10-29 17:50:23,013 Epoch: [13][40/200]	Time 0.040s (0.043s)	Speed 801.2 samples/s	Data 0.000s (0.002s)	Loss 0.01882 (0.01984)
2021-10-29 17:50:23,418 Epoch: [13][50/200]	Time 0.040s (0.042s)	Speed 794.3 samples/s	Data 0.000s (0.002s)	Loss 0.01686 (0.01902)
2021-10-29 17:50:23,825 Epoch: [13][60/200]	Time 0.040s (0.042s)	Speed 801.7 samples/s	Data 0.000s (0.002s)	Loss 0.01725 (0.01832)
2021-10-29 17:50:24,228 Epoch: [13][70/200]	Time 0.040s (0.042s)	Speed 800.7 samples/s	Data 0.000s (0.002s)	Loss 0.02248 (0.01771)
2021-10-29 17:50:24,633 Epoch: [13][80/200]	Time 0.040s (0.042s)	Speed 798.0 samples/s	Data 0.000s (0.001s)	Loss 0.02222 (0.01754)
2021-10-29 17:50:25,040 Epoch: [13][90/200]	Time 0.040s (0.041s)	Speed 801.3 samples/s	Data 0.000s (0.001s)	Loss 0.01985 (0.01728)
2021-10-29 17:50:25,444 Epoch: [13][100/200]	Time 0.040s (0.041s)	Speed 801.5 samples/s	Data 0.000s (0.001s)	Loss 0.01010 (0.01700)
2021-10-29 17:50:25,850 Epoch: [13][110/200]	Time 0.040s (0.041s)	Speed 800.5 samples/s	Data 0.000s (0.001s)	Loss 0.01492 (0.01682)
2021-10-29 17:50:26,257 Epoch: [13][120/200]	Time 0.040s (0.041s)	Speed 794.5 samples/s	Data 0.000s (0.001s)	Loss 0.01408 (0.01668)
2021-10-29 17:50:26,661 Epoch: [13][130/200]	Time 0.041s (0.041s)	Speed 789.0 samples/s	Data 0.000s (0.001s)	Loss 0.02584 (0.01674)
2021-10-29 17:50:27,066 Epoch: [13][140/200]	Time 0.040s (0.041s)	Speed 799.8 samples/s	Data 0.000s (0.001s)	Loss 0.01911 (0.01668)
2021-10-29 17:50:27,474 Epoch: [13][150/200]	Time 0.040s (0.041s)	Speed 798.0 samples/s	Data 0.000s (0.001s)	Loss 0.01501 (0.01648)
2021-10-29 17:50:27,880 Epoch: [13][160/200]	Time 0.042s (0.041s)	Speed 755.4 samples/s	Data 0.000s (0.001s)	Loss 0.01495 (0.01640)
2021-10-29 17:50:28,284 Epoch: [13][170/200]	Time 0.040s (0.041s)	Speed 800.4 samples/s	Data 0.000s (0.001s)	Loss 0.01980 (0.01633)
2021-10-29 17:50:28,690 Epoch: [13][180/200]	Time 0.040s (0.041s)	Speed 800.5 samples/s	Data 0.000s (0.001s)	Loss 0.01869 (0.01619)
2021-10-29 17:50:29,096 Epoch: [13][190/200]	Time 0.041s (0.041s)	Speed 772.2 samples/s	Data 0.000s (0.001s)	Loss 0.01078 (0.01602)
2021-10-29 17:50:29,530 Test: [0/200]	Time 0.035 (0.035)	Loss 0.0571 (0.0571)
2021-10-29 17:50:29,598 Test: [10/200]	Time 0.005 (0.009)	Loss 0.0255 (0.0595)
2021-10-29 17:50:29,664 Test: [20/200]	Time 0.006 (0.008)	Loss 0.0351 (0.0583)
2021-10-29 17:50:29,730 Test: [30/200]	Time 0.005 (0.008)	Loss 0.0805 (0.0666)
2021-10-29 17:50:29,795 Test: [40/200]	Time 0.006 (0.007)	Loss 0.0653 (0.0693)
2021-10-29 17:50:29,858 Test: [50/200]	Time 0.006 (0.007)	Loss 0.0990 (0.0684)
2021-10-29 17:50:29,922 Test: [60/200]	Time 0.006 (0.007)	Loss 0.0912 (0.0705)
2021-10-29 17:50:29,984 Test: [70/200]	Time 0.006 (0.007)	Loss 0.0485 (0.0701)
2021-10-29 17:50:30,050 Test: [80/200]	Time 0.005 (0.007)	Loss 0.0599 (0.0680)
2021-10-29 17:50:30,112 Test: [90/200]	Time 0.006 (0.007)	Loss 0.0692 (0.0689)
2021-10-29 17:50:30,175 Test: [100/200]	Time 0.005 (0.007)	Loss 0.0848 (0.0682)
2021-10-29 17:50:30,239 Test: [110/200]	Time 0.006 (0.007)	Loss 0.1784 (0.0693)
2021-10-29 17:50:30,305 Test: [120/200]	Time 0.006 (0.007)	Loss 0.0753 (0.0680)
2021-10-29 17:50:30,370 Test: [130/200]	Time 0.006 (0.007)	Loss 0.0626 (0.0680)
2021-10-29 17:50:30,435 Test: [140/200]	Time 0.006 (0.007)	Loss 0.0657 (0.0677)
2021-10-29 17:50:30,500 Test: [150/200]	Time 0.005 (0.007)	Loss 0.0800 (0.0666)
2021-10-29 17:50:30,563 Test: [160/200]	Time 0.005 (0.007)	Loss 0.0761 (0.0667)
2021-10-29 17:50:30,628 Test: [170/200]	Time 0.006 (0.007)	Loss 0.0380 (0.0660)
2021-10-29 17:50:30,691 Test: [180/200]	Time 0.006 (0.007)	Loss 0.0573 (0.0656)
2021-10-29 17:50:30,756 Test: [190/200]	Time 0.006 (0.007)	Loss 0.0339 (0.0657)
2021-10-29 17:50:31,638 Mean IoU score: 0.835
2021-10-29 17:50:31,643 => saving checkpoint to out
2021-10-29 17:50:31,811 Epoch: [14][0/200]	Time 0.131s (0.131s)	Speed 243.5 samples/s	Data 0.090s (0.090s)	Loss 0.00879 (0.00879)
2021-10-29 17:50:32,218 Epoch: [14][10/200]	Time 0.040s (0.049s)	Speed 796.0 samples/s	Data 0.000s (0.009s)	Loss 0.00886 (0.01053)
2021-10-29 17:50:32,622 Epoch: [14][20/200]	Time 0.040s (0.045s)	Speed 799.0 samples/s	Data 0.000s (0.005s)	Loss 0.01135 (0.01082)
2021-10-29 17:50:33,028 Epoch: [14][30/200]	Time 0.040s (0.043s)	Speed 798.3 samples/s	Data 0.000s (0.003s)	Loss 0.01059 (0.01044)
2021-10-29 17:50:33,436 Epoch: [14][40/200]	Time 0.040s (0.043s)	Speed 800.2 samples/s	Data 0.000s (0.003s)	Loss 0.00934 (0.01054)
2021-10-29 17:50:33,840 Epoch: [14][50/200]	Time 0.040s (0.042s)	Speed 800.1 samples/s	Data 0.000s (0.002s)	Loss 0.01257 (0.01063)
2021-10-29 17:50:34,246 Epoch: [14][60/200]	Time 0.040s (0.042s)	Speed 790.2 samples/s	Data 0.000s (0.002s)	Loss 0.00856 (0.01047)
2021-10-29 17:50:34,651 Epoch: [14][70/200]	Time 0.040s (0.042s)	Speed 796.8 samples/s	Data 0.000s (0.002s)	Loss 0.00961 (0.01049)
2021-10-29 17:50:35,056 Epoch: [14][80/200]	Time 0.041s (0.042s)	Speed 784.4 samples/s	Data 0.000s (0.001s)	Loss 0.01183 (0.01042)
2021-10-29 17:50:35,461 Epoch: [14][90/200]	Time 0.040s (0.042s)	Speed 797.4 samples/s	Data 0.000s (0.001s)	Loss 0.01095 (0.01051)
2021-10-29 17:50:35,868 Epoch: [14][100/200]	Time 0.040s (0.041s)	Speed 798.2 samples/s	Data 0.000s (0.001s)	Loss 0.01263 (0.01049)
2021-10-29 17:50:36,273 Epoch: [14][110/200]	Time 0.042s (0.041s)	Speed 766.3 samples/s	Data 0.000s (0.001s)	Loss 0.00776 (0.01049)
2021-10-29 17:50:36,678 Epoch: [14][120/200]	Time 0.040s (0.041s)	Speed 796.4 samples/s	Data 0.000s (0.001s)	Loss 0.00925 (0.01043)
2021-10-29 17:50:37,082 Epoch: [14][130/200]	Time 0.040s (0.041s)	Speed 798.9 samples/s	Data 0.000s (0.001s)	Loss 0.00913 (0.01035)
2021-10-29 17:50:37,488 Epoch: [14][140/200]	Time 0.042s (0.041s)	Speed 762.7 samples/s	Data 0.000s (0.001s)	Loss 0.00794 (0.01033)
2021-10-29 17:50:37,891 Epoch: [14][150/200]	Time 0.040s (0.041s)	Speed 798.6 samples/s	Data 0.000s (0.001s)	Loss 0.00897 (0.01026)
2021-10-29 17:50:38,296 Epoch: [14][160/200]	Time 0.040s (0.041s)	Speed 801.3 samples/s	Data 0.000s (0.001s)	Loss 0.00849 (0.01024)
2021-10-29 17:50:38,702 Epoch: [14][170/200]	Time 0.042s (0.041s)	Speed 770.4 samples/s	Data 0.000s (0.001s)	Loss 0.01216 (0.01024)
2021-10-29 17:50:39,107 Epoch: [14][180/200]	Time 0.040s (0.041s)	Speed 797.6 samples/s	Data 0.000s (0.001s)	Loss 0.01068 (0.01016)
2021-10-29 17:50:39,514 Epoch: [14][190/200]	Time 0.040s (0.041s)	Speed 801.0 samples/s	Data 0.000s (0.001s)	Loss 0.01017 (0.01014)
2021-10-29 17:50:39,950 Test: [0/200]	Time 0.035 (0.035)	Loss 0.0526 (0.0526)
2021-10-29 17:50:40,018 Test: [10/200]	Time 0.006 (0.009)	Loss 0.0254 (0.0554)
2021-10-29 17:50:40,082 Test: [20/200]	Time 0.006 (0.008)	Loss 0.0337 (0.0528)
2021-10-29 17:50:40,144 Test: [30/200]	Time 0.006 (0.007)	Loss 0.0735 (0.0569)
2021-10-29 17:50:40,210 Test: [40/200]	Time 0.006 (0.007)	Loss 0.0492 (0.0586)
2021-10-29 17:50:40,272 Test: [50/200]	Time 0.005 (0.007)	Loss 0.0802 (0.0584)
2021-10-29 17:50:40,338 Test: [60/200]	Time 0.006 (0.007)	Loss 0.0787 (0.0606)
2021-10-29 17:50:40,400 Test: [70/200]	Time 0.006 (0.007)	Loss 0.0387 (0.0602)
2021-10-29 17:50:40,466 Test: [80/200]	Time 0.006 (0.007)	Loss 0.0501 (0.0586)
2021-10-29 17:50:40,531 Test: [90/200]	Time 0.005 (0.007)	Loss 0.0876 (0.0592)
2021-10-29 17:50:40,598 Test: [100/200]	Time 0.006 (0.007)	Loss 0.0865 (0.0587)
2021-10-29 17:50:40,661 Test: [110/200]	Time 0.006 (0.007)	Loss 0.1725 (0.0599)
2021-10-29 17:50:40,726 Test: [120/200]	Time 0.006 (0.007)	Loss 0.0599 (0.0584)
2021-10-29 17:50:40,790 Test: [130/200]	Time 0.006 (0.007)	Loss 0.0480 (0.0583)
2021-10-29 17:50:40,854 Test: [140/200]	Time 0.006 (0.007)	Loss 0.0690 (0.0581)
2021-10-29 17:50:40,917 Test: [150/200]	Time 0.006 (0.007)	Loss 0.0583 (0.0569)
2021-10-29 17:50:40,979 Test: [160/200]	Time 0.005 (0.007)	Loss 0.0557 (0.0572)
2021-10-29 17:50:41,044 Test: [170/200]	Time 0.006 (0.007)	Loss 0.0695 (0.0568)
2021-10-29 17:50:41,110 Test: [180/200]	Time 0.005 (0.007)	Loss 0.0416 (0.0563)
2021-10-29 17:50:41,175 Test: [190/200]	Time 0.005 (0.007)	Loss 0.0257 (0.0562)
2021-10-29 17:50:42,055 Mean IoU score: 0.863
2021-10-29 17:50:42,059 => saving checkpoint to out
2021-10-29 17:50:42,252 Epoch: [15][0/200]	Time 0.134s (0.134s)	Speed 239.6 samples/s	Data 0.092s (0.092s)	Loss 0.00795 (0.00795)
2021-10-29 17:50:42,658 Epoch: [15][10/200]	Time 0.040s (0.049s)	Speed 796.9 samples/s	Data 0.000s (0.009s)	Loss 0.00995 (0.00874)
2021-10-29 17:50:43,064 Epoch: [15][20/200]	Time 0.040s (0.045s)	Speed 795.7 samples/s	Data 0.000s (0.005s)	Loss 0.00769 (0.00856)
2021-10-29 17:50:43,469 Epoch: [15][30/200]	Time 0.041s (0.044s)	Speed 773.3 samples/s	Data 0.000s (0.003s)	Loss 0.00836 (0.00863)
2021-10-29 17:50:43,874 Epoch: [15][40/200]	Time 0.040s (0.043s)	Speed 793.8 samples/s	Data 0.000s (0.003s)	Loss 0.00974 (0.00854)
2021-10-29 17:50:44,280 Epoch: [15][50/200]	Time 0.040s (0.042s)	Speed 797.7 samples/s	Data 0.000s (0.002s)	Loss 0.01025 (0.00855)
2021-10-29 17:50:44,687 Epoch: [15][60/200]	Time 0.042s (0.042s)	Speed 757.3 samples/s	Data 0.000s (0.002s)	Loss 0.00818 (0.00866)
2021-10-29 17:50:45,090 Epoch: [15][70/200]	Time 0.040s (0.042s)	Speed 799.1 samples/s	Data 0.000s (0.002s)	Loss 0.00693 (0.00866)
2021-10-29 17:50:45,497 Epoch: [15][80/200]	Time 0.040s (0.042s)	Speed 798.5 samples/s	Data 0.000s (0.001s)	Loss 0.00800 (0.00858)
2021-10-29 17:50:45,902 Epoch: [15][90/200]	Time 0.041s (0.042s)	Speed 781.3 samples/s	Data 0.000s (0.001s)	Loss 0.00789 (0.00862)
2021-10-29 17:50:46,306 Epoch: [15][100/200]	Time 0.040s (0.041s)	Speed 802.0 samples/s	Data 0.000s (0.001s)	Loss 0.01066 (0.00867)
2021-10-29 17:50:46,712 Epoch: [15][110/200]	Time 0.040s (0.041s)	Speed 794.5 samples/s	Data 0.000s (0.001s)	Loss 0.00631 (0.00867)
2021-10-29 17:50:47,119 Epoch: [15][120/200]	Time 0.040s (0.041s)	Speed 793.0 samples/s	Data 0.000s (0.001s)	Loss 0.00946 (0.00866)
2021-10-29 17:50:47,524 Epoch: [15][130/200]	Time 0.040s (0.041s)	Speed 799.2 samples/s	Data 0.000s (0.001s)	Loss 0.00740 (0.00862)
2021-10-29 17:50:47,930 Epoch: [15][140/200]	Time 0.040s (0.041s)	Speed 795.8 samples/s	Data 0.000s (0.001s)	Loss 0.01225 (0.00863)
2021-10-29 17:50:48,336 Epoch: [15][150/200]	Time 0.040s (0.041s)	Speed 800.2 samples/s	Data 0.000s (0.001s)	Loss 0.01159 (0.00866)
2021-10-29 17:50:48,739 Epoch: [15][160/200]	Time 0.040s (0.041s)	Speed 799.6 samples/s	Data 0.000s (0.001s)	Loss 0.00906 (0.00867)
2021-10-29 17:50:49,146 Epoch: [15][170/200]	Time 0.040s (0.041s)	Speed 799.8 samples/s	Data 0.000s (0.001s)	Loss 0.00585 (0.00865)
2021-10-29 17:50:49,552 Epoch: [15][180/200]	Time 0.040s (0.041s)	Speed 797.8 samples/s	Data 0.000s (0.001s)	Loss 0.00708 (0.00861)
2021-10-29 17:50:49,957 Epoch: [15][190/200]	Time 0.040s (0.041s)	Speed 800.0 samples/s	Data 0.000s (0.001s)	Loss 0.00651 (0.00857)
2021-10-29 17:50:50,386 Test: [0/200]	Time 0.037 (0.037)	Loss 0.0728 (0.0728)
2021-10-29 17:50:50,453 Test: [10/200]	Time 0.006 (0.009)	Loss 0.0257 (0.0490)
2021-10-29 17:50:50,517 Test: [20/200]	Time 0.005 (0.008)	Loss 0.0297 (0.0491)
2021-10-29 17:50:50,580 Test: [30/200]	Time 0.006 (0.007)	Loss 0.0579 (0.0533)
2021-10-29 17:50:50,643 Test: [40/200]	Time 0.006 (0.007)	Loss 0.0509 (0.0554)
2021-10-29 17:50:50,711 Test: [50/200]	Time 0.006 (0.007)	Loss 0.0903 (0.0546)
2021-10-29 17:50:50,774 Test: [60/200]	Time 0.006 (0.007)	Loss 0.0768 (0.0565)
2021-10-29 17:50:50,835 Test: [70/200]	Time 0.005 (0.007)	Loss 0.0350 (0.0564)
2021-10-29 17:50:50,900 Test: [80/200]	Time 0.006 (0.007)	Loss 0.0536 (0.0552)
2021-10-29 17:50:50,962 Test: [90/200]	Time 0.006 (0.007)	Loss 0.0600 (0.0562)
2021-10-29 17:50:51,026 Test: [100/200]	Time 0.006 (0.007)	Loss 0.0689 (0.0554)
2021-10-29 17:50:51,090 Test: [110/200]	Time 0.006 (0.007)	Loss 0.1807 (0.0563)
2021-10-29 17:50:51,154 Test: [120/200]	Time 0.005 (0.007)	Loss 0.0560 (0.0550)
2021-10-29 17:50:51,218 Test: [130/200]	Time 0.005 (0.007)	Loss 0.0448 (0.0549)
2021-10-29 17:50:51,286 Test: [140/200]	Time 0.006 (0.007)	Loss 0.0669 (0.0547)
2021-10-29 17:50:51,353 Test: [150/200]	Time 0.006 (0.007)	Loss 0.0559 (0.0538)
2021-10-29 17:50:51,415 Test: [160/200]	Time 0.005 (0.007)	Loss 0.0497 (0.0542)
2021-10-29 17:50:51,479 Test: [170/200]	Time 0.006 (0.007)	Loss 0.0484 (0.0537)
2021-10-29 17:50:51,543 Test: [180/200]	Time 0.005 (0.007)	Loss 0.0333 (0.0532)
2021-10-29 17:50:51,606 Test: [190/200]	Time 0.005 (0.007)	Loss 0.0230 (0.0533)
2021-10-29 17:50:52,492 Mean IoU score: 0.872
2021-10-29 17:50:52,498 => saving checkpoint to out
2021-10-29 17:50:52,704 Epoch: [16][0/200]	Time 0.149s (0.149s)	Speed 215.2 samples/s	Data 0.108s (0.108s)	Loss 0.00670 (0.00670)
2021-10-29 17:50:53,110 Epoch: [16][10/200]	Time 0.041s (0.050s)	Speed 790.0 samples/s	Data 0.000s (0.010s)	Loss 0.00737 (0.00764)
2021-10-29 17:50:53,514 Epoch: [16][20/200]	Time 0.040s (0.046s)	Speed 799.2 samples/s	Data 0.000s (0.005s)	Loss 0.00831 (0.00808)
2021-10-29 17:50:53,921 Epoch: [16][30/200]	Time 0.040s (0.044s)	Speed 793.4 samples/s	Data 0.000s (0.004s)	Loss 0.00786 (0.00801)
2021-10-29 17:50:54,327 Epoch: [16][40/200]	Time 0.040s (0.043s)	Speed 799.6 samples/s	Data 0.000s (0.003s)	Loss 0.00816 (0.00791)
2021-10-29 17:50:54,730 Epoch: [16][50/200]	Time 0.040s (0.043s)	Speed 800.2 samples/s	Data 0.000s (0.002s)	Loss 0.00933 (0.00786)
2021-10-29 17:50:55,136 Epoch: [16][60/200]	Time 0.040s (0.042s)	Speed 794.0 samples/s	Data 0.000s (0.002s)	Loss 0.00848 (0.00783)
2021-10-29 17:50:55,542 Epoch: [16][70/200]	Time 0.040s (0.042s)	Speed 800.3 samples/s	Data 0.000s (0.002s)	Loss 0.00695 (0.00782)
2021-10-29 17:50:55,946 Epoch: [16][80/200]	Time 0.040s (0.042s)	Speed 799.3 samples/s	Data 0.000s (0.002s)	Loss 0.00551 (0.00774)
2021-10-29 17:50:56,351 Epoch: [16][90/200]	Time 0.040s (0.042s)	Speed 800.8 samples/s	Data 0.000s (0.002s)	Loss 0.00905 (0.00784)
2021-10-29 17:50:56,757 Epoch: [16][100/200]	Time 0.040s (0.042s)	Speed 794.9 samples/s	Data 0.000s (0.001s)	Loss 0.00948 (0.00788)
2021-10-29 17:50:57,162 Epoch: [16][110/200]	Time 0.040s (0.041s)	Speed 799.1 samples/s	Data 0.000s (0.001s)	Loss 0.00804 (0.00787)
2021-10-29 17:50:57,568 Epoch: [16][120/200]	Time 0.040s (0.041s)	Speed 800.7 samples/s	Data 0.000s (0.001s)	Loss 0.00924 (0.00790)
2021-10-29 17:50:57,975 Epoch: [16][130/200]	Time 0.040s (0.041s)	Speed 795.9 samples/s	Data 0.000s (0.001s)	Loss 0.00737 (0.00784)
2021-10-29 17:50:58,378 Epoch: [16][140/200]	Time 0.040s (0.041s)	Speed 803.6 samples/s	Data 0.000s (0.001s)	Loss 0.00868 (0.00784)
2021-10-29 17:50:58,784 Epoch: [16][150/200]	Time 0.040s (0.041s)	Speed 801.8 samples/s	Data 0.000s (0.001s)	Loss 0.00791 (0.00783)
2021-10-29 17:50:59,190 Epoch: [16][160/200]	Time 0.040s (0.041s)	Speed 798.7 samples/s	Data 0.000s (0.001s)	Loss 0.00694 (0.00781)
2021-10-29 17:50:59,592 Epoch: [16][170/200]	Time 0.040s (0.041s)	Speed 798.3 samples/s	Data 0.000s (0.001s)	Loss 0.00964 (0.00784)
2021-10-29 17:50:59,998 Epoch: [16][180/200]	Time 0.040s (0.041s)	Speed 800.4 samples/s	Data 0.000s (0.001s)	Loss 0.00745 (0.00780)
2021-10-29 17:51:00,404 Epoch: [16][190/200]	Time 0.040s (0.041s)	Speed 795.3 samples/s	Data 0.000s (0.001s)	Loss 0.00804 (0.00780)
2021-10-29 17:51:00,840 Test: [0/200]	Time 0.036 (0.036)	Loss 0.0727 (0.0727)
2021-10-29 17:51:00,906 Test: [10/200]	Time 0.006 (0.009)	Loss 0.0310 (0.0495)
2021-10-29 17:51:00,971 Test: [20/200]	Time 0.005 (0.008)	Loss 0.0301 (0.0504)
2021-10-29 17:51:01,036 Test: [30/200]	Time 0.006 (0.007)	Loss 0.0617 (0.0545)
2021-10-29 17:51:01,103 Test: [40/200]	Time 0.006 (0.007)	Loss 0.0481 (0.0565)
2021-10-29 17:51:01,166 Test: [50/200]	Time 0.006 (0.007)	Loss 0.1053 (0.0559)
2021-10-29 17:51:01,229 Test: [60/200]	Time 0.005 (0.007)	Loss 0.0719 (0.0576)
2021-10-29 17:51:01,294 Test: [70/200]	Time 0.006 (0.007)	Loss 0.0377 (0.0573)
2021-10-29 17:51:01,359 Test: [80/200]	Time 0.006 (0.007)	Loss 0.0540 (0.0558)
2021-10-29 17:51:01,423 Test: [90/200]	Time 0.006 (0.007)	Loss 0.0592 (0.0570)
2021-10-29 17:51:01,488 Test: [100/200]	Time 0.006 (0.007)	Loss 0.0670 (0.0562)
2021-10-29 17:51:01,551 Test: [110/200]	Time 0.005 (0.007)	Loss 0.1802 (0.0572)
2021-10-29 17:51:01,614 Test: [120/200]	Time 0.005 (0.007)	Loss 0.0556 (0.0558)
2021-10-29 17:51:01,678 Test: [130/200]	Time 0.006 (0.007)	Loss 0.0448 (0.0557)
2021-10-29 17:51:01,742 Test: [140/200]	Time 0.007 (0.007)	Loss 0.0657 (0.0554)
2021-10-29 17:51:01,806 Test: [150/200]	Time 0.006 (0.007)	Loss 0.0519 (0.0545)
2021-10-29 17:51:01,870 Test: [160/200]	Time 0.006 (0.007)	Loss 0.0509 (0.0548)
2021-10-29 17:51:01,935 Test: [170/200]	Time 0.006 (0.007)	Loss 0.0620 (0.0544)
2021-10-29 17:51:01,998 Test: [180/200]	Time 0.005 (0.007)	Loss 0.0339 (0.0539)
2021-10-29 17:51:02,063 Test: [190/200]	Time 0.007 (0.007)	Loss 0.0231 (0.0539)
2021-10-29 17:51:02,953 Mean IoU score: 0.871
2021-10-29 17:51:02,958 => saving checkpoint to out
2021-10-29 17:51:03,143 Epoch: [17][0/200]	Time 0.146s (0.146s)	Speed 219.5 samples/s	Data 0.103s (0.103s)	Loss 0.00781 (0.00781)
2021-10-29 17:51:03,550 Epoch: [17][10/200]	Time 0.040s (0.050s)	Speed 800.2 samples/s	Data 0.000s (0.010s)	Loss 0.00738 (0.00669)
2021-10-29 17:51:03,955 Epoch: [17][20/200]	Time 0.040s (0.046s)	Speed 799.1 samples/s	Data 0.000s (0.005s)	Loss 0.00749 (0.00696)
2021-10-29 17:51:04,359 Epoch: [17][30/200]	Time 0.040s (0.044s)	Speed 797.3 samples/s	Data 0.000s (0.004s)	Loss 0.00655 (0.00697)
2021-10-29 17:51:04,768 Epoch: [17][40/200]	Time 0.040s (0.043s)	Speed 798.8 samples/s	Data 0.000s (0.003s)	Loss 0.00743 (0.00716)
2021-10-29 17:51:05,174 Epoch: [17][50/200]	Time 0.040s (0.043s)	Speed 798.5 samples/s	Data 0.000s (0.002s)	Loss 0.00803 (0.00722)
2021-10-29 17:51:05,578 Epoch: [17][60/200]	Time 0.040s (0.042s)	Speed 798.4 samples/s	Data 0.000s (0.002s)	Loss 0.00885 (0.00724)
2021-10-29 17:51:05,984 Epoch: [17][70/200]	Time 0.040s (0.042s)	Speed 801.6 samples/s	Data 0.000s (0.002s)	Loss 0.00683 (0.00727)
2021-10-29 17:51:06,389 Epoch: [17][80/200]	Time 0.040s (0.042s)	Speed 801.2 samples/s	Data 0.000s (0.002s)	Loss 0.00893 (0.00727)
2021-10-29 17:51:06,792 Epoch: [17][90/200]	Time 0.040s (0.042s)	Speed 798.8 samples/s	Data 0.000s (0.001s)	Loss 0.00753 (0.00726)
2021-10-29 17:51:07,199 Epoch: [17][100/200]	Time 0.040s (0.042s)	Speed 792.0 samples/s	Data 0.000s (0.001s)	Loss 0.00614 (0.00719)
2021-10-29 17:51:07,605 Epoch: [17][110/200]	Time 0.040s (0.042s)	Speed 799.3 samples/s	Data 0.000s (0.001s)	Loss 0.00530 (0.00722)
2021-10-29 17:51:08,009 Epoch: [17][120/200]	Time 0.040s (0.041s)	Speed 801.0 samples/s	Data 0.000s (0.001s)	Loss 0.00688 (0.00722)
2021-10-29 17:51:08,414 Epoch: [17][130/200]	Time 0.040s (0.041s)	Speed 798.8 samples/s	Data 0.000s (0.001s)	Loss 0.00816 (0.00725)
2021-10-29 17:51:08,821 Epoch: [17][140/200]	Time 0.040s (0.041s)	Speed 797.4 samples/s	Data 0.000s (0.001s)	Loss 0.00656 (0.00722)
2021-10-29 17:51:09,226 Epoch: [17][150/200]	Time 0.040s (0.041s)	Speed 801.4 samples/s	Data 0.000s (0.001s)	Loss 0.00570 (0.00722)
2021-10-29 17:51:09,630 Epoch: [17][160/200]	Time 0.040s (0.041s)	Speed 800.6 samples/s	Data 0.000s (0.001s)	Loss 0.00799 (0.00724)
2021-10-29 17:51:10,036 Epoch: [17][170/200]	Time 0.040s (0.041s)	Speed 801.2 samples/s	Data 0.000s (0.001s)	Loss 0.00758 (0.00728)
2021-10-29 17:51:10,440 Epoch: [17][180/200]	Time 0.040s (0.041s)	Speed 802.6 samples/s	Data 0.000s (0.001s)	Loss 0.00640 (0.00727)
2021-10-29 17:51:10,846 Epoch: [17][190/200]	Time 0.040s (0.041s)	Speed 802.3 samples/s	Data 0.000s (0.001s)	Loss 0.00689 (0.00726)
2021-10-29 17:51:11,274 Test: [0/200]	Time 0.037 (0.037)	Loss 0.0795 (0.0795)
2021-10-29 17:51:11,340 Test: [10/200]	Time 0.006 (0.009)	Loss 0.0377 (0.0542)
2021-10-29 17:51:11,405 Test: [20/200]	Time 0.006 (0.008)	Loss 0.0340 (0.0541)
2021-10-29 17:51:11,468 Test: [30/200]	Time 0.006 (0.007)	Loss 0.0650 (0.0588)
2021-10-29 17:51:11,532 Test: [40/200]	Time 0.005 (0.007)	Loss 0.0551 (0.0600)
2021-10-29 17:51:11,597 Test: [50/200]	Time 0.006 (0.007)	Loss 0.1092 (0.0598)
2021-10-29 17:51:11,664 Test: [60/200]	Time 0.006 (0.007)	Loss 0.0848 (0.0615)
2021-10-29 17:51:11,729 Test: [70/200]	Time 0.006 (0.007)	Loss 0.0397 (0.0614)
2021-10-29 17:51:11,795 Test: [80/200]	Time 0.005 (0.007)	Loss 0.0496 (0.0596)
2021-10-29 17:51:11,856 Test: [90/200]	Time 0.006 (0.007)	Loss 0.0621 (0.0601)
2021-10-29 17:51:11,919 Test: [100/200]	Time 0.006 (0.007)	Loss 0.0726 (0.0592)
2021-10-29 17:51:11,985 Test: [110/200]	Time 0.006 (0.007)	Loss 0.1830 (0.0602)
2021-10-29 17:51:12,051 Test: [120/200]	Time 0.005 (0.007)	Loss 0.0575 (0.0587)
2021-10-29 17:51:12,116 Test: [130/200]	Time 0.006 (0.007)	Loss 0.0440 (0.0585)
2021-10-29 17:51:12,179 Test: [140/200]	Time 0.005 (0.007)	Loss 0.0704 (0.0584)
2021-10-29 17:51:12,241 Test: [150/200]	Time 0.005 (0.007)	Loss 0.0510 (0.0573)
2021-10-29 17:51:12,306 Test: [160/200]	Time 0.005 (0.007)	Loss 0.0595 (0.0579)
2021-10-29 17:51:12,373 Test: [170/200]	Time 0.006 (0.007)	Loss 0.0462 (0.0573)
2021-10-29 17:51:12,439 Test: [180/200]	Time 0.005 (0.007)	Loss 0.0344 (0.0568)
2021-10-29 17:51:12,503 Test: [190/200]	Time 0.006 (0.007)	Loss 0.0219 (0.0569)
2021-10-29 17:51:13,409 Mean IoU score: 0.868
2021-10-29 17:51:13,414 => saving checkpoint to out
2021-10-29 17:51:13,599 Epoch: [18][0/200]	Time 0.142s (0.142s)	Speed 224.7 samples/s	Data 0.101s (0.101s)	Loss 0.00780 (0.00780)
2021-10-29 17:51:14,004 Epoch: [18][10/200]	Time 0.040s (0.050s)	Speed 794.4 samples/s	Data 0.000s (0.010s)	Loss 0.00534 (0.00710)
2021-10-29 17:51:14,410 Epoch: [18][20/200]	Time 0.040s (0.045s)	Speed 798.3 samples/s	Data 0.000s (0.005s)	Loss 0.00904 (0.00711)
2021-10-29 17:51:14,816 Epoch: [18][30/200]	Time 0.040s (0.044s)	Speed 799.1 samples/s	Data 0.000s (0.004s)	Loss 0.00643 (0.00689)
2021-10-29 17:51:15,220 Epoch: [18][40/200]	Time 0.040s (0.043s)	Speed 798.7 samples/s	Data 0.000s (0.003s)	Loss 0.00866 (0.00684)
2021-10-29 17:51:15,626 Epoch: [18][50/200]	Time 0.040s (0.043s)	Speed 801.1 samples/s	Data 0.000s (0.002s)	Loss 0.00618 (0.00676)
2021-10-29 17:51:16,032 Epoch: [18][60/200]	Time 0.040s (0.042s)	Speed 797.9 samples/s	Data 0.000s (0.002s)	Loss 0.00490 (0.00672)
2021-10-29 17:51:16,436 Epoch: [18][70/200]	Time 0.040s (0.042s)	Speed 796.9 samples/s	Data 0.000s (0.002s)	Loss 0.00762 (0.00669)
2021-10-29 17:51:16,842 Epoch: [18][80/200]	Time 0.040s (0.042s)	Speed 801.6 samples/s	Data 0.000s (0.002s)	Loss 0.00613 (0.00663)
2021-10-29 17:51:17,248 Epoch: [18][90/200]	Time 0.040s (0.042s)	Speed 799.8 samples/s	Data 0.000s (0.001s)	Loss 0.00572 (0.00670)
2021-10-29 17:51:17,652 Epoch: [18][100/200]	Time 0.040s (0.042s)	Speed 797.5 samples/s	Data 0.000s (0.001s)	Loss 0.00848 (0.00668)
2021-10-29 17:51:18,058 Epoch: [18][110/200]	Time 0.040s (0.041s)	Speed 800.3 samples/s	Data 0.000s (0.001s)	Loss 0.00802 (0.00671)
2021-10-29 17:51:18,464 Epoch: [18][120/200]	Time 0.040s (0.041s)	Speed 796.8 samples/s	Data 0.000s (0.001s)	Loss 0.00662 (0.00672)
2021-10-29 17:51:18,869 Epoch: [18][130/200]	Time 0.041s (0.041s)	Speed 771.9 samples/s	Data 0.000s (0.001s)	Loss 0.00818 (0.00673)
2021-10-29 17:51:19,274 Epoch: [18][140/200]	Time 0.040s (0.041s)	Speed 800.3 samples/s	Data 0.000s (0.001s)	Loss 0.00582 (0.00675)
2021-10-29 17:51:19,690 Epoch: [18][150/200]	Time 0.041s (0.041s)	Speed 782.7 samples/s	Data 0.000s (0.001s)	Loss 0.00661 (0.00674)
2021-10-29 17:51:20,105 Epoch: [18][160/200]	Time 0.040s (0.041s)	Speed 794.0 samples/s	Data 0.000s (0.001s)	Loss 0.00526 (0.00677)
2021-10-29 17:51:20,508 Epoch: [18][170/200]	Time 0.040s (0.041s)	Speed 799.6 samples/s	Data 0.000s (0.001s)	Loss 0.00775 (0.00675)
2021-10-29 17:51:20,914 Epoch: [18][180/200]	Time 0.040s (0.041s)	Speed 793.5 samples/s	Data 0.000s (0.001s)	Loss 0.00778 (0.00675)
2021-10-29 17:51:21,320 Epoch: [18][190/200]	Time 0.040s (0.041s)	Speed 800.3 samples/s	Data 0.000s (0.001s)	Loss 0.00686 (0.00674)
2021-10-29 17:51:21,755 Test: [0/200]	Time 0.036 (0.036)	Loss 0.0739 (0.0739)
2021-10-29 17:51:21,819 Test: [10/200]	Time 0.006 (0.009)	Loss 0.0405 (0.0538)
2021-10-29 17:51:21,887 Test: [20/200]	Time 0.005 (0.008)	Loss 0.0362 (0.0534)
2021-10-29 17:51:21,953 Test: [30/200]	Time 0.007 (0.008)	Loss 0.0517 (0.0590)
2021-10-29 17:51:22,017 Test: [40/200]	Time 0.006 (0.007)	Loss 0.0531 (0.0607)
2021-10-29 17:51:22,081 Test: [50/200]	Time 0.006 (0.007)	Loss 0.1015 (0.0597)
2021-10-29 17:51:22,147 Test: [60/200]	Time 0.006 (0.007)	Loss 0.0803 (0.0611)
2021-10-29 17:51:22,211 Test: [70/200]	Time 0.006 (0.007)	Loss 0.0412 (0.0608)
2021-10-29 17:51:22,278 Test: [80/200]	Time 0.006 (0.007)	Loss 0.0552 (0.0595)
2021-10-29 17:51:22,345 Test: [90/200]	Time 0.006 (0.007)	Loss 0.0608 (0.0604)
2021-10-29 17:51:22,411 Test: [100/200]	Time 0.006 (0.007)	Loss 0.0659 (0.0595)
2021-10-29 17:51:22,475 Test: [110/200]	Time 0.006 (0.007)	Loss 0.1868 (0.0603)
2021-10-29 17:51:22,540 Test: [120/200]	Time 0.006 (0.007)	Loss 0.0524 (0.0587)
2021-10-29 17:51:22,604 Test: [130/200]	Time 0.006 (0.007)	Loss 0.0481 (0.0584)
2021-10-29 17:51:22,669 Test: [140/200]	Time 0.006 (0.007)	Loss 0.0689 (0.0582)
2021-10-29 17:51:22,731 Test: [150/200]	Time 0.006 (0.007)	Loss 0.0498 (0.0570)
2021-10-29 17:51:22,795 Test: [160/200]	Time 0.005 (0.007)	Loss 0.0671 (0.0574)
2021-10-29 17:51:22,860 Test: [170/200]	Time 0.006 (0.007)	Loss 0.0531 (0.0568)
2021-10-29 17:51:22,924 Test: [180/200]	Time 0.006 (0.007)	Loss 0.0409 (0.0564)
2021-10-29 17:51:22,986 Test: [190/200]	Time 0.005 (0.007)	Loss 0.0253 (0.0564)
2021-10-29 17:51:23,866 Mean IoU score: 0.869
2021-10-29 17:51:23,871 => saving checkpoint to out
2021-10-29 17:51:24,056 Epoch: [19][0/200]	Time 0.148s (0.148s)	Speed 216.5 samples/s	Data 0.106s (0.106s)	Loss 0.00732 (0.00732)
2021-10-29 17:51:24,462 Epoch: [19][10/200]	Time 0.040s (0.050s)	Speed 802.0 samples/s	Data 0.000s (0.010s)	Loss 0.00722 (0.00641)
2021-10-29 17:51:24,867 Epoch: [19][20/200]	Time 0.041s (0.046s)	Speed 783.1 samples/s	Data 0.000s (0.005s)	Loss 0.00607 (0.00609)
2021-10-29 17:51:25,272 Epoch: [19][30/200]	Time 0.040s (0.044s)	Speed 801.6 samples/s	Data 0.000s (0.004s)	Loss 0.00698 (0.00614)
2021-10-29 17:51:25,678 Epoch: [19][40/200]	Time 0.040s (0.043s)	Speed 799.5 samples/s	Data 0.000s (0.003s)	Loss 0.00513 (0.00610)
2021-10-29 17:51:26,084 Epoch: [19][50/200]	Time 0.042s (0.043s)	Speed 761.8 samples/s	Data 0.000s (0.002s)	Loss 0.00724 (0.00618)
2021-10-29 17:51:26,488 Epoch: [19][60/200]	Time 0.040s (0.042s)	Speed 794.1 samples/s	Data 0.000s (0.002s)	Loss 0.00626 (0.00618)
2021-10-29 17:51:26,936 Epoch: [19][70/200]	Time 0.045s (0.043s)	Speed 714.2 samples/s	Data 0.000s (0.002s)	Loss 0.00565 (0.00615)
2021-10-29 17:51:27,393 Epoch: [19][80/200]	Time 0.046s (0.043s)	Speed 693.8 samples/s	Data 0.000s (0.002s)	Loss 0.00672 (0.00620)
2021-10-29 17:51:27,843 Epoch: [19][90/200]	Time 0.046s (0.043s)	Speed 699.5 samples/s	Data 0.000s (0.002s)	Loss 0.00681 (0.00626)
2021-10-29 17:51:28,278 Epoch: [19][100/200]	Time 0.046s (0.043s)	Speed 688.8 samples/s	Data 0.000s (0.001s)	Loss 0.00801 (0.00627)
2021-10-29 17:51:28,744 Epoch: [19][110/200]	Time 0.046s (0.044s)	Speed 693.0 samples/s	Data 0.000s (0.001s)	Loss 0.00602 (0.00628)
2021-10-29 17:51:29,191 Epoch: [19][120/200]	Time 0.044s (0.044s)	Speed 719.9 samples/s	Data 0.000s (0.001s)	Loss 0.00621 (0.00629)
2021-10-29 17:51:29,614 Epoch: [19][130/200]	Time 0.042s (0.044s)	Speed 770.4 samples/s	Data 0.000s (0.001s)	Loss 0.00657 (0.00631)
2021-10-29 17:51:30,070 Epoch: [19][140/200]	Time 0.047s (0.044s)	Speed 683.8 samples/s	Data 0.000s (0.001s)	Loss 0.00548 (0.00639)
2021-10-29 17:51:30,504 Epoch: [19][150/200]	Time 0.040s (0.044s)	Speed 801.5 samples/s	Data 0.000s (0.001s)	Loss 0.00708 (0.00641)
2021-10-29 17:51:30,960 Epoch: [19][160/200]	Time 0.046s (0.044s)	Speed 691.1 samples/s	Data 0.000s (0.001s)	Loss 0.00757 (0.00643)
2021-10-29 17:51:31,423 Epoch: [19][170/200]	Time 0.047s (0.044s)	Speed 686.1 samples/s	Data 0.000s (0.001s)	Loss 0.00557 (0.00643)
2021-10-29 17:51:31,858 Epoch: [19][180/200]	Time 0.040s (0.044s)	Speed 801.6 samples/s	Data 0.000s (0.001s)	Loss 0.00728 (0.00643)
2021-10-29 17:51:32,269 Epoch: [19][190/200]	Time 0.040s (0.044s)	Speed 800.5 samples/s	Data 0.000s (0.001s)	Loss 0.00711 (0.00647)
2021-10-29 17:51:32,714 Test: [0/200]	Time 0.039 (0.039)	Loss 0.0808 (0.0808)
2021-10-29 17:51:32,781 Test: [10/200]	Time 0.006 (0.010)	Loss 0.0392 (0.0547)
2021-10-29 17:51:32,853 Test: [20/200]	Time 0.006 (0.008)	Loss 0.0286 (0.0558)
2021-10-29 17:51:32,924 Test: [30/200]	Time 0.007 (0.008)	Loss 0.0562 (0.0604)
2021-10-29 17:51:32,999 Test: [40/200]	Time 0.008 (0.008)	Loss 0.0673 (0.0622)
2021-10-29 17:51:33,069 Test: [50/200]	Time 0.006 (0.008)	Loss 0.1044 (0.0610)
2021-10-29 17:51:33,137 Test: [60/200]	Time 0.005 (0.008)	Loss 0.0823 (0.0623)
2021-10-29 17:51:33,208 Test: [70/200]	Time 0.006 (0.007)	Loss 0.0423 (0.0615)
2021-10-29 17:51:33,283 Test: [80/200]	Time 0.008 (0.007)	Loss 0.0613 (0.0602)
2021-10-29 17:51:33,350 Test: [90/200]	Time 0.005 (0.007)	Loss 0.0564 (0.0609)
2021-10-29 17:51:33,415 Test: [100/200]	Time 0.005 (0.007)	Loss 0.0693 (0.0598)
2021-10-29 17:51:33,480 Test: [110/200]	Time 0.006 (0.007)	Loss 0.1778 (0.0604)
2021-10-29 17:51:33,546 Test: [120/200]	Time 0.006 (0.007)	Loss 0.0486 (0.0588)
2021-10-29 17:51:33,612 Test: [130/200]	Time 0.006 (0.007)	Loss 0.0510 (0.0586)
2021-10-29 17:51:33,676 Test: [140/200]	Time 0.006 (0.007)	Loss 0.0564 (0.0583)
2021-10-29 17:51:33,741 Test: [150/200]	Time 0.006 (0.007)	Loss 0.0525 (0.0572)
2021-10-29 17:51:33,810 Test: [160/200]	Time 0.007 (0.007)	Loss 0.0650 (0.0577)
2021-10-29 17:51:33,872 Test: [170/200]	Time 0.005 (0.007)	Loss 0.0550 (0.0572)
2021-10-29 17:51:33,936 Test: [180/200]	Time 0.005 (0.007)	Loss 0.0392 (0.0567)
2021-10-29 17:51:34,001 Test: [190/200]	Time 0.006 (0.007)	Loss 0.0226 (0.0568)
2021-10-29 17:51:34,969 Mean IoU score: 0.869
2021-10-29 17:51:34,973 => saving checkpoint to out
2021-10-29 17:51:35,020 saving final model state to out/final_state.pth.tar
