2021-11-04 15:54:03,902 Namespace(out_dir='out', frequent=10, eval_interval=1, gpus='0', num_workers=4)
2021-11-04 15:54:05,604 => load 200 samples
2021-11-04 15:54:05,605 => load 200 samples
2021-11-04 15:54:05,929 Epoch: [0][0/200]	Time 0.323s (0.323s)	Speed 99.0 samples/s	Data 0.134s (0.134s)	Loss 2.53597 (2.53597)
2021-11-04 15:54:06,360 Epoch: [0][10/200]	Time 0.045s (0.069s)	Speed 704.3 samples/s	Data 0.000s (0.013s)	Loss 2.05234 (2.26271)
2021-11-04 15:54:06,784 Epoch: [0][20/200]	Time 0.042s (0.056s)	Speed 762.3 samples/s	Data 0.000s (0.007s)	Loss 1.76602 (2.08513)
2021-11-04 15:54:07,190 Epoch: [0][30/200]	Time 0.040s (0.051s)	Speed 801.8 samples/s	Data 0.000s (0.005s)	Loss 1.51262 (1.93466)
2021-11-04 15:54:07,615 Epoch: [0][40/200]	Time 0.045s (0.049s)	Speed 712.0 samples/s	Data 0.000s (0.004s)	Loss 1.28939 (1.80135)
2021-11-04 15:54:08,025 Epoch: [0][50/200]	Time 0.040s (0.047s)	Speed 807.2 samples/s	Data 0.000s (0.003s)	Loss 1.09723 (1.68059)
2021-11-04 15:54:08,429 Epoch: [0][60/200]	Time 0.040s (0.046s)	Speed 809.1 samples/s	Data 0.000s (0.002s)	Loss 0.92914 (1.56909)
2021-11-04 15:54:08,833 Epoch: [0][70/200]	Time 0.040s (0.045s)	Speed 807.2 samples/s	Data 0.000s (0.002s)	Loss 0.77116 (1.46738)
2021-11-04 15:54:09,239 Epoch: [0][80/200]	Time 0.040s (0.045s)	Speed 801.0 samples/s	Data 0.000s (0.002s)	Loss 0.65906 (1.37396)
2021-11-04 15:54:09,645 Epoch: [0][90/200]	Time 0.040s (0.044s)	Speed 801.8 samples/s	Data 0.000s (0.002s)	Loss 0.57925 (1.28971)
2021-11-04 15:54:10,052 Epoch: [0][100/200]	Time 0.040s (0.044s)	Speed 803.3 samples/s	Data 0.000s (0.002s)	Loss 0.48577 (1.21380)
2021-11-04 15:54:10,459 Epoch: [0][110/200]	Time 0.040s (0.044s)	Speed 802.0 samples/s	Data 0.000s (0.001s)	Loss 0.41519 (1.14513)
2021-11-04 15:54:10,865 Epoch: [0][120/200]	Time 0.040s (0.043s)	Speed 802.6 samples/s	Data 0.000s (0.001s)	Loss 0.36425 (1.08323)
2021-11-04 15:54:11,272 Epoch: [0][130/200]	Time 0.040s (0.043s)	Speed 804.2 samples/s	Data 0.000s (0.001s)	Loss 0.34538 (1.02708)
2021-11-04 15:54:11,678 Epoch: [0][140/200]	Time 0.040s (0.043s)	Speed 805.3 samples/s	Data 0.000s (0.001s)	Loss 0.30866 (0.97711)
2021-11-04 15:54:12,085 Epoch: [0][150/200]	Time 0.040s (0.043s)	Speed 803.1 samples/s	Data 0.000s (0.001s)	Loss 0.28597 (0.93150)
2021-11-04 15:54:12,492 Epoch: [0][160/200]	Time 0.040s (0.043s)	Speed 806.3 samples/s	Data 0.000s (0.001s)	Loss 0.26977 (0.89043)
2021-11-04 15:54:12,898 Epoch: [0][170/200]	Time 0.040s (0.043s)	Speed 803.3 samples/s	Data 0.000s (0.001s)	Loss 0.25775 (0.85314)
2021-11-04 15:54:13,304 Epoch: [0][180/200]	Time 0.040s (0.043s)	Speed 805.5 samples/s	Data 0.000s (0.001s)	Loss 0.23136 (0.81921)
2021-11-04 15:54:13,710 Epoch: [0][190/200]	Time 0.040s (0.042s)	Speed 806.5 samples/s	Data 0.000s (0.001s)	Loss 0.20614 (0.78764)
2021-11-04 15:54:14,142 Test: [0/200]	Time 0.040 (0.040)	Loss 0.4228 (0.4228)
2021-11-04 15:54:14,260 Test: [10/200]	Time 0.006 (0.014)	Loss 0.1475 (0.3487)
2021-11-04 15:54:14,330 Test: [20/200]	Time 0.005 (0.011)	Loss 0.2570 (0.3601)
2021-11-04 15:54:14,398 Test: [30/200]	Time 0.007 (0.010)	Loss 0.5174 (0.3675)
2021-11-04 15:54:14,471 Test: [40/200]	Time 0.005 (0.009)	Loss 0.3843 (0.3817)
2021-11-04 15:54:14,537 Test: [50/200]	Time 0.006 (0.009)	Loss 0.4545 (0.3848)
2021-11-04 15:54:14,606 Test: [60/200]	Time 0.006 (0.008)	Loss 0.4430 (0.3854)
2021-11-04 15:54:14,673 Test: [70/200]	Time 0.006 (0.008)	Loss 0.3741 (0.3847)
2021-11-04 15:54:14,748 Test: [80/200]	Time 0.007 (0.008)	Loss 0.4667 (0.3800)
2021-11-04 15:54:14,822 Test: [90/200]	Time 0.006 (0.008)	Loss 0.4763 (0.3834)
2021-11-04 15:54:14,902 Test: [100/200]	Time 0.008 (0.008)	Loss 0.4805 (0.3823)
2021-11-04 15:54:14,977 Test: [110/200]	Time 0.007 (0.008)	Loss 0.4589 (0.3840)
2021-11-04 15:54:15,054 Test: [120/200]	Time 0.007 (0.008)	Loss 0.4408 (0.3814)
2021-11-04 15:54:15,127 Test: [130/200]	Time 0.007 (0.008)	Loss 0.3664 (0.3854)
2021-11-04 15:54:15,198 Test: [140/200]	Time 0.006 (0.008)	Loss 0.3486 (0.3843)
2021-11-04 15:54:15,271 Test: [150/200]	Time 0.006 (0.008)	Loss 0.4106 (0.3832)
2021-11-04 15:54:15,341 Test: [160/200]	Time 0.006 (0.008)	Loss 0.3978 (0.3829)
2021-11-04 15:54:15,413 Test: [170/200]	Time 0.007 (0.008)	Loss 0.2872 (0.3807)
2021-11-04 15:54:15,485 Test: [180/200]	Time 0.007 (0.008)	Loss 0.3164 (0.3787)
2021-11-04 15:54:15,552 Test: [190/200]	Time 0.006 (0.008)	Loss 0.3215 (0.3798)
2021-11-04 15:54:16,384 Mean IoU score: 0.201
2021-11-04 15:54:16,385 => saving checkpoint to out
2021-11-04 15:54:16,586 Epoch: [1][0/200]	Time 0.135s (0.135s)	Speed 236.6 samples/s	Data 0.093s (0.093s)	Loss 0.19999 (0.19999)
2021-11-04 15:54:17,000 Epoch: [1][10/200]	Time 0.041s (0.050s)	Speed 776.1 samples/s	Data 0.000s (0.009s)	Loss 0.19900 (0.20659)
2021-11-04 15:54:17,413 Epoch: [1][20/200]	Time 0.041s (0.046s)	Speed 784.6 samples/s	Data 0.000s (0.005s)	Loss 0.25090 (0.20331)
2021-11-04 15:54:17,823 Epoch: [1][30/200]	Time 0.040s (0.044s)	Speed 802.1 samples/s	Data 0.000s (0.003s)	Loss 0.16479 (0.20005)
2021-11-04 15:54:18,234 Epoch: [1][40/200]	Time 0.041s (0.043s)	Speed 786.3 samples/s	Data 0.000s (0.003s)	Loss 0.17701 (0.19472)
2021-11-04 15:54:18,648 Epoch: [1][50/200]	Time 0.040s (0.043s)	Speed 804.9 samples/s	Data 0.000s (0.002s)	Loss 0.15298 (0.19067)
2021-11-04 15:54:19,063 Epoch: [1][60/200]	Time 0.042s (0.043s)	Speed 764.0 samples/s	Data 0.000s (0.002s)	Loss 0.16451 (0.18687)
2021-11-04 15:54:19,479 Epoch: [1][70/200]	Time 0.041s (0.043s)	Speed 779.0 samples/s	Data 0.000s (0.002s)	Loss 0.15756 (0.18293)
2021-11-04 15:54:19,891 Epoch: [1][80/200]	Time 0.040s (0.042s)	Speed 803.2 samples/s	Data 0.000s (0.001s)	Loss 0.11986 (0.17827)
2021-11-04 15:54:20,304 Epoch: [1][90/200]	Time 0.040s (0.042s)	Speed 804.4 samples/s	Data 0.000s (0.001s)	Loss 0.13880 (0.17377)
2021-11-04 15:54:20,730 Epoch: [1][100/200]	Time 0.042s (0.042s)	Speed 770.3 samples/s	Data 0.000s (0.001s)	Loss 0.13150 (0.17092)
2021-11-04 15:54:21,148 Epoch: [1][110/200]	Time 0.041s (0.042s)	Speed 773.8 samples/s	Data 0.000s (0.001s)	Loss 0.12245 (0.16765)
2021-11-04 15:54:21,562 Epoch: [1][120/200]	Time 0.041s (0.042s)	Speed 786.8 samples/s	Data 0.000s (0.001s)	Loss 0.10895 (0.16366)
2021-11-04 15:54:21,971 Epoch: [1][130/200]	Time 0.040s (0.042s)	Speed 804.6 samples/s	Data 0.000s (0.001s)	Loss 0.10580 (0.15986)
2021-11-04 15:54:22,379 Epoch: [1][140/200]	Time 0.040s (0.042s)	Speed 806.4 samples/s	Data 0.000s (0.001s)	Loss 0.12699 (0.15648)
2021-11-04 15:54:22,791 Epoch: [1][150/200]	Time 0.040s (0.042s)	Speed 801.8 samples/s	Data 0.000s (0.001s)	Loss 0.09355 (0.15307)
2021-11-04 15:54:23,213 Epoch: [1][160/200]	Time 0.042s (0.042s)	Speed 762.9 samples/s	Data 0.000s (0.001s)	Loss 0.10508 (0.15000)
2021-11-04 15:54:23,627 Epoch: [1][170/200]	Time 0.043s (0.042s)	Speed 738.4 samples/s	Data 0.000s (0.001s)	Loss 0.09217 (0.14707)
2021-11-04 15:54:24,037 Epoch: [1][180/200]	Time 0.040s (0.042s)	Speed 804.0 samples/s	Data 0.000s (0.001s)	Loss 0.10084 (0.14424)
2021-11-04 15:54:24,452 Epoch: [1][190/200]	Time 0.040s (0.042s)	Speed 805.9 samples/s	Data 0.000s (0.001s)	Loss 0.09469 (0.14156)
2021-11-04 15:54:24,905 Test: [0/200]	Time 0.037 (0.037)	Loss 0.2649 (0.2649)
2021-11-04 15:54:24,979 Test: [10/200]	Time 0.006 (0.010)	Loss 0.0640 (0.1878)
2021-11-04 15:54:25,049 Test: [20/200]	Time 0.005 (0.009)	Loss 0.1509 (0.1923)
2021-11-04 15:54:25,128 Test: [30/200]	Time 0.008 (0.008)	Loss 0.2793 (0.2013)
2021-11-04 15:54:25,204 Test: [40/200]	Time 0.007 (0.008)	Loss 0.2011 (0.2083)
2021-11-04 15:54:25,276 Test: [50/200]	Time 0.007 (0.008)	Loss 0.2741 (0.2096)
2021-11-04 15:54:25,345 Test: [60/200]	Time 0.006 (0.008)	Loss 0.2409 (0.2105)
2021-11-04 15:54:25,416 Test: [70/200]	Time 0.006 (0.008)	Loss 0.1821 (0.2099)
2021-11-04 15:54:25,482 Test: [80/200]	Time 0.007 (0.008)	Loss 0.2430 (0.2065)
2021-11-04 15:54:25,552 Test: [90/200]	Time 0.006 (0.008)	Loss 0.2783 (0.2091)
2021-11-04 15:54:25,620 Test: [100/200]	Time 0.005 (0.007)	Loss 0.2860 (0.2077)
2021-11-04 15:54:25,688 Test: [110/200]	Time 0.007 (0.007)	Loss 0.2806 (0.2085)
2021-11-04 15:54:25,754 Test: [120/200]	Time 0.006 (0.007)	Loss 0.2340 (0.2071)
2021-11-04 15:54:25,822 Test: [130/200]	Time 0.006 (0.007)	Loss 0.1802 (0.2091)
2021-11-04 15:54:25,892 Test: [140/200]	Time 0.006 (0.007)	Loss 0.1758 (0.2085)
2021-11-04 15:54:25,960 Test: [150/200]	Time 0.006 (0.007)	Loss 0.2099 (0.2072)
2021-11-04 15:54:26,032 Test: [160/200]	Time 0.006 (0.007)	Loss 0.2358 (0.2071)
2021-11-04 15:54:26,104 Test: [170/200]	Time 0.006 (0.007)	Loss 0.1482 (0.2053)
2021-11-04 15:54:26,172 Test: [180/200]	Time 0.006 (0.007)	Loss 0.1559 (0.2042)
2021-11-04 15:54:26,243 Test: [190/200]	Time 0.006 (0.007)	Loss 0.1468 (0.2050)
2021-11-04 15:54:27,139 Mean IoU score: 0.573
2021-11-04 15:54:27,140 => saving checkpoint to out
2021-11-04 15:54:27,316 Epoch: [2][0/200]	Time 0.134s (0.134s)	Speed 239.3 samples/s	Data 0.092s (0.092s)	Loss 0.07116 (0.07116)
2021-11-04 15:54:27,731 Epoch: [2][10/200]	Time 0.040s (0.050s)	Speed 806.1 samples/s	Data 0.000s (0.009s)	Loss 0.08275 (0.08332)
2021-11-04 15:54:28,154 Epoch: [2][20/200]	Time 0.042s (0.046s)	Speed 757.4 samples/s	Data 0.000s (0.005s)	Loss 0.08099 (0.08041)
2021-11-04 15:54:28,590 Epoch: [2][30/200]	Time 0.043s (0.045s)	Speed 746.2 samples/s	Data 0.000s (0.003s)	Loss 0.06840 (0.07740)
2021-11-04 15:54:29,005 Epoch: [2][40/200]	Time 0.040s (0.044s)	Speed 802.3 samples/s	Data 0.000s (0.003s)	Loss 0.06998 (0.07677)
2021-11-04 15:54:29,411 Epoch: [2][50/200]	Time 0.040s (0.044s)	Speed 805.7 samples/s	Data 0.000s (0.002s)	Loss 0.06222 (0.07497)
2021-11-04 15:54:29,834 Epoch: [2][60/200]	Time 0.043s (0.043s)	Speed 738.3 samples/s	Data 0.000s (0.002s)	Loss 0.05983 (0.07332)
2021-11-04 15:54:30,254 Epoch: [2][70/200]	Time 0.043s (0.043s)	Speed 751.5 samples/s	Data 0.000s (0.002s)	Loss 0.07189 (0.07168)
2021-11-04 15:54:30,714 Epoch: [2][80/200]	Time 0.041s (0.044s)	Speed 783.5 samples/s	Data 0.000s (0.001s)	Loss 0.06097 (0.07044)
2021-11-04 15:54:31,132 Epoch: [2][90/200]	Time 0.040s (0.043s)	Speed 799.3 samples/s	Data 0.000s (0.001s)	Loss 0.05337 (0.06913)
2021-11-04 15:54:31,546 Epoch: [2][100/200]	Time 0.040s (0.043s)	Speed 802.2 samples/s	Data 0.000s (0.001s)	Loss 0.06124 (0.06764)
2021-11-04 15:54:31,956 Epoch: [2][110/200]	Time 0.041s (0.043s)	Speed 779.7 samples/s	Data 0.000s (0.001s)	Loss 0.05453 (0.06699)
2021-11-04 15:54:32,394 Epoch: [2][120/200]	Time 0.040s (0.043s)	Speed 794.0 samples/s	Data 0.000s (0.001s)	Loss 0.05877 (0.06574)
2021-11-04 15:54:32,802 Epoch: [2][130/200]	Time 0.040s (0.043s)	Speed 799.5 samples/s	Data 0.000s (0.001s)	Loss 0.05744 (0.06473)
2021-11-04 15:54:33,209 Epoch: [2][140/200]	Time 0.040s (0.043s)	Speed 799.4 samples/s	Data 0.000s (0.001s)	Loss 0.05273 (0.06376)
2021-11-04 15:54:33,618 Epoch: [2][150/200]	Time 0.040s (0.043s)	Speed 800.4 samples/s	Data 0.000s (0.001s)	Loss 0.04660 (0.06310)
2021-11-04 15:54:34,026 Epoch: [2][160/200]	Time 0.040s (0.042s)	Speed 797.7 samples/s	Data 0.000s (0.001s)	Loss 0.03901 (0.06206)
2021-11-04 15:54:34,433 Epoch: [2][170/200]	Time 0.040s (0.042s)	Speed 798.5 samples/s	Data 0.000s (0.001s)	Loss 0.04444 (0.06114)
2021-11-04 15:54:34,842 Epoch: [2][180/200]	Time 0.040s (0.042s)	Speed 800.3 samples/s	Data 0.000s (0.001s)	Loss 0.04471 (0.06023)
2021-11-04 15:54:35,249 Epoch: [2][190/200]	Time 0.040s (0.042s)	Speed 799.3 samples/s	Data 0.000s (0.001s)	Loss 0.05133 (0.05942)
2021-11-04 15:54:35,683 Test: [0/200]	Time 0.034 (0.034)	Loss 0.1111 (0.1111)
2021-11-04 15:54:35,749 Test: [10/200]	Time 0.006 (0.009)	Loss 0.0320 (0.1011)
2021-11-04 15:54:35,815 Test: [20/200]	Time 0.006 (0.008)	Loss 0.0752 (0.1040)
2021-11-04 15:54:35,884 Test: [30/200]	Time 0.006 (0.008)	Loss 0.1541 (0.1092)
2021-11-04 15:54:35,954 Test: [40/200]	Time 0.006 (0.007)	Loss 0.0943 (0.1139)
2021-11-04 15:54:36,021 Test: [50/200]	Time 0.006 (0.007)	Loss 0.1595 (0.1150)
2021-11-04 15:54:36,089 Test: [60/200]	Time 0.005 (0.007)	Loss 0.1388 (0.1174)
2021-11-04 15:54:36,157 Test: [70/200]	Time 0.006 (0.007)	Loss 0.0998 (0.1171)
2021-11-04 15:54:36,224 Test: [80/200]	Time 0.006 (0.007)	Loss 0.1258 (0.1154)
2021-11-04 15:54:36,293 Test: [90/200]	Time 0.006 (0.007)	Loss 0.1567 (0.1179)
2021-11-04 15:54:36,359 Test: [100/200]	Time 0.006 (0.007)	Loss 0.1644 (0.1173)
2021-11-04 15:54:36,424 Test: [110/200]	Time 0.006 (0.007)	Loss 0.1780 (0.1181)
2021-11-04 15:54:36,491 Test: [120/200]	Time 0.006 (0.007)	Loss 0.1544 (0.1168)
2021-11-04 15:54:36,556 Test: [130/200]	Time 0.005 (0.007)	Loss 0.0997 (0.1178)
2021-11-04 15:54:36,623 Test: [140/200]	Time 0.006 (0.007)	Loss 0.0881 (0.1170)
2021-11-04 15:54:36,691 Test: [150/200]	Time 0.006 (0.007)	Loss 0.1125 (0.1158)
2021-11-04 15:54:36,759 Test: [160/200]	Time 0.006 (0.007)	Loss 0.1240 (0.1157)
2021-11-04 15:54:36,826 Test: [170/200]	Time 0.006 (0.007)	Loss 0.1366 (0.1149)
2021-11-04 15:54:36,893 Test: [180/200]	Time 0.006 (0.007)	Loss 0.0879 (0.1139)
2021-11-04 15:54:36,961 Test: [190/200]	Time 0.006 (0.007)	Loss 0.0724 (0.1140)
2021-11-04 15:54:37,744 Mean IoU score: 0.757
2021-11-04 15:54:37,746 => saving checkpoint to out
2021-11-04 15:54:37,956 Epoch: [3][0/200]	Time 0.158s (0.158s)	Speed 202.9 samples/s	Data 0.117s (0.117s)	Loss 0.03928 (0.03928)
2021-11-04 15:54:38,364 Epoch: [3][10/200]	Time 0.040s (0.051s)	Speed 799.7 samples/s	Data 0.000s (0.011s)	Loss 0.04227 (0.04200)
2021-11-04 15:54:38,771 Epoch: [3][20/200]	Time 0.040s (0.046s)	Speed 799.6 samples/s	Data 0.000s (0.006s)	Loss 0.06254 (0.04105)
2021-11-04 15:54:39,179 Epoch: [3][30/200]	Time 0.040s (0.045s)	Speed 801.1 samples/s	Data 0.000s (0.004s)	Loss 0.02524 (0.04031)
2021-11-04 15:54:39,587 Epoch: [3][40/200]	Time 0.040s (0.044s)	Speed 801.8 samples/s	Data 0.000s (0.003s)	Loss 0.03584 (0.03982)
2021-11-04 15:54:39,995 Epoch: [3][50/200]	Time 0.040s (0.043s)	Speed 800.6 samples/s	Data 0.000s (0.003s)	Loss 0.03057 (0.03889)
2021-11-04 15:54:40,404 Epoch: [3][60/200]	Time 0.040s (0.043s)	Speed 798.8 samples/s	Data 0.000s (0.002s)	Loss 0.03133 (0.03789)
2021-11-04 15:54:40,812 Epoch: [3][70/200]	Time 0.040s (0.042s)	Speed 800.3 samples/s	Data 0.000s (0.002s)	Loss 0.03666 (0.03749)
2021-11-04 15:54:41,220 Epoch: [3][80/200]	Time 0.040s (0.042s)	Speed 801.1 samples/s	Data 0.000s (0.002s)	Loss 0.02690 (0.03719)
2021-11-04 15:54:41,627 Epoch: [3][90/200]	Time 0.040s (0.042s)	Speed 802.9 samples/s	Data 0.000s (0.002s)	Loss 0.03242 (0.03684)
2021-11-04 15:54:42,035 Epoch: [3][100/200]	Time 0.040s (0.042s)	Speed 802.1 samples/s	Data 0.000s (0.001s)	Loss 0.03222 (0.03667)
2021-11-04 15:54:42,443 Epoch: [3][110/200]	Time 0.040s (0.042s)	Speed 801.7 samples/s	Data 0.000s (0.001s)	Loss 0.02926 (0.03652)
2021-11-04 15:54:42,851 Epoch: [3][120/200]	Time 0.040s (0.042s)	Speed 801.2 samples/s	Data 0.000s (0.001s)	Loss 0.04176 (0.03637)
2021-11-04 15:54:43,259 Epoch: [3][130/200]	Time 0.040s (0.042s)	Speed 801.2 samples/s	Data 0.000s (0.001s)	Loss 0.03497 (0.03621)
2021-11-04 15:54:43,667 Epoch: [3][140/200]	Time 0.040s (0.042s)	Speed 799.7 samples/s	Data 0.000s (0.001s)	Loss 0.03207 (0.03592)
2021-11-04 15:54:44,075 Epoch: [3][150/200]	Time 0.040s (0.042s)	Speed 802.9 samples/s	Data 0.000s (0.001s)	Loss 0.02541 (0.03578)
2021-11-04 15:54:44,483 Epoch: [3][160/200]	Time 0.040s (0.042s)	Speed 801.9 samples/s	Data 0.000s (0.001s)	Loss 0.03342 (0.03583)
2021-11-04 15:54:44,892 Epoch: [3][170/200]	Time 0.040s (0.041s)	Speed 801.2 samples/s	Data 0.000s (0.001s)	Loss 0.04440 (0.03573)
2021-11-04 15:54:45,301 Epoch: [3][180/200]	Time 0.040s (0.041s)	Speed 801.8 samples/s	Data 0.000s (0.001s)	Loss 0.03569 (0.03556)
2021-11-04 15:54:45,707 Epoch: [3][190/200]	Time 0.040s (0.041s)	Speed 800.9 samples/s	Data 0.000s (0.001s)	Loss 0.02370 (0.03527)
2021-11-04 15:54:46,140 Test: [0/200]	Time 0.036 (0.036)	Loss 0.1436 (0.1436)
2021-11-04 15:54:46,210 Test: [10/200]	Time 0.006 (0.010)	Loss 0.0256 (0.0889)
2021-11-04 15:54:46,274 Test: [20/200]	Time 0.005 (0.008)	Loss 0.0695 (0.0947)
2021-11-04 15:54:46,342 Test: [30/200]	Time 0.006 (0.008)	Loss 0.1393 (0.1016)
2021-11-04 15:54:46,409 Test: [40/200]	Time 0.005 (0.007)	Loss 0.0902 (0.1045)
2021-11-04 15:54:46,476 Test: [50/200]	Time 0.005 (0.007)	Loss 0.1579 (0.1042)
2021-11-04 15:54:46,543 Test: [60/200]	Time 0.006 (0.007)	Loss 0.1221 (0.1055)
2021-11-04 15:54:46,609 Test: [70/200]	Time 0.006 (0.007)	Loss 0.1053 (0.1063)
2021-11-04 15:54:46,682 Test: [80/200]	Time 0.006 (0.007)	Loss 0.1039 (0.1040)
2021-11-04 15:54:46,750 Test: [90/200]	Time 0.007 (0.007)	Loss 0.1173 (0.1055)
2021-11-04 15:54:46,817 Test: [100/200]	Time 0.006 (0.007)	Loss 0.1419 (0.1045)
2021-11-04 15:54:46,887 Test: [110/200]	Time 0.006 (0.007)	Loss 0.1996 (0.1058)
2021-11-04 15:54:46,957 Test: [120/200]	Time 0.005 (0.007)	Loss 0.1021 (0.1048)
2021-11-04 15:54:47,021 Test: [130/200]	Time 0.006 (0.007)	Loss 0.0916 (0.1054)
2021-11-04 15:54:47,086 Test: [140/200]	Time 0.006 (0.007)	Loss 0.1031 (0.1048)
2021-11-04 15:54:47,153 Test: [150/200]	Time 0.006 (0.007)	Loss 0.0889 (0.1036)
2021-11-04 15:54:47,224 Test: [160/200]	Time 0.006 (0.007)	Loss 0.1119 (0.1035)
2021-11-04 15:54:47,289 Test: [170/200]	Time 0.005 (0.007)	Loss 0.0807 (0.1024)
2021-11-04 15:54:47,359 Test: [180/200]	Time 0.006 (0.007)	Loss 0.0647 (0.1017)
2021-11-04 15:54:47,426 Test: [190/200]	Time 0.006 (0.007)	Loss 0.0577 (0.1017)
2021-11-04 15:54:48,260 Mean IoU score: 0.771
2021-11-04 15:54:48,262 => saving checkpoint to out
2021-11-04 15:54:48,450 Epoch: [4][0/200]	Time 0.137s (0.137s)	Speed 232.8 samples/s	Data 0.097s (0.097s)	Loss 0.03280 (0.03280)
2021-11-04 15:54:48,857 Epoch: [4][10/200]	Time 0.040s (0.050s)	Speed 801.0 samples/s	Data 0.000s (0.009s)	Loss 0.02638 (0.02894)
2021-11-04 15:54:49,264 Epoch: [4][20/200]	Time 0.040s (0.045s)	Speed 799.5 samples/s	Data 0.000s (0.005s)	Loss 0.02251 (0.02723)
2021-11-04 15:54:49,672 Epoch: [4][30/200]	Time 0.040s (0.044s)	Speed 800.2 samples/s	Data 0.000s (0.003s)	Loss 0.02485 (0.02708)
2021-11-04 15:54:50,081 Epoch: [4][40/200]	Time 0.040s (0.043s)	Speed 800.7 samples/s	Data 0.000s (0.003s)	Loss 0.02394 (0.02699)
2021-11-04 15:54:50,490 Epoch: [4][50/200]	Time 0.040s (0.043s)	Speed 803.3 samples/s	Data 0.000s (0.002s)	Loss 0.02299 (0.02661)
2021-11-04 15:54:50,897 Epoch: [4][60/200]	Time 0.040s (0.042s)	Speed 799.8 samples/s	Data 0.000s (0.002s)	Loss 0.01878 (0.02607)
2021-11-04 15:54:51,305 Epoch: [4][70/200]	Time 0.040s (0.042s)	Speed 800.6 samples/s	Data 0.000s (0.002s)	Loss 0.02433 (0.02607)
2021-11-04 15:54:51,713 Epoch: [4][80/200]	Time 0.040s (0.042s)	Speed 799.7 samples/s	Data 0.000s (0.001s)	Loss 0.02443 (0.02580)
2021-11-04 15:54:52,123 Epoch: [4][90/200]	Time 0.040s (0.042s)	Speed 800.8 samples/s	Data 0.000s (0.001s)	Loss 0.02418 (0.02548)
2021-11-04 15:54:52,530 Epoch: [4][100/200]	Time 0.040s (0.042s)	Speed 799.8 samples/s	Data 0.000s (0.001s)	Loss 0.02426 (0.02541)
2021-11-04 15:54:52,938 Epoch: [4][110/200]	Time 0.040s (0.042s)	Speed 801.3 samples/s	Data 0.000s (0.001s)	Loss 0.02642 (0.02547)
2021-11-04 15:54:53,346 Epoch: [4][120/200]	Time 0.040s (0.042s)	Speed 801.4 samples/s	Data 0.000s (0.001s)	Loss 0.02550 (0.02532)
2021-11-04 15:54:53,753 Epoch: [4][130/200]	Time 0.040s (0.042s)	Speed 799.9 samples/s	Data 0.000s (0.001s)	Loss 0.02199 (0.02528)
2021-11-04 15:54:54,161 Epoch: [4][140/200]	Time 0.040s (0.041s)	Speed 802.5 samples/s	Data 0.000s (0.001s)	Loss 0.02589 (0.02532)
2021-11-04 15:54:54,569 Epoch: [4][150/200]	Time 0.040s (0.041s)	Speed 800.3 samples/s	Data 0.000s (0.001s)	Loss 0.02145 (0.02524)
2021-11-04 15:54:54,977 Epoch: [4][160/200]	Time 0.040s (0.041s)	Speed 802.1 samples/s	Data 0.000s (0.001s)	Loss 0.02121 (0.02502)
2021-11-04 15:54:55,385 Epoch: [4][170/200]	Time 0.040s (0.041s)	Speed 801.8 samples/s	Data 0.000s (0.001s)	Loss 0.01926 (0.02491)
2021-11-04 15:54:55,793 Epoch: [4][180/200]	Time 0.040s (0.041s)	Speed 795.6 samples/s	Data 0.000s (0.001s)	Loss 0.03207 (0.02486)
2021-11-04 15:54:56,200 Epoch: [4][190/200]	Time 0.040s (0.041s)	Speed 803.0 samples/s	Data 0.000s (0.001s)	Loss 0.02570 (0.02475)
2021-11-04 15:54:56,635 Test: [0/200]	Time 0.036 (0.036)	Loss 0.0973 (0.0973)
2021-11-04 15:54:56,707 Test: [10/200]	Time 0.007 (0.010)	Loss 0.0205 (0.0709)
2021-11-04 15:54:56,772 Test: [20/200]	Time 0.006 (0.008)	Loss 0.0585 (0.0715)
2021-11-04 15:54:56,839 Test: [30/200]	Time 0.006 (0.008)	Loss 0.1090 (0.0784)
2021-11-04 15:54:56,905 Test: [40/200]	Time 0.006 (0.007)	Loss 0.0523 (0.0799)
2021-11-04 15:54:56,972 Test: [50/200]	Time 0.005 (0.007)	Loss 0.1102 (0.0803)
2021-11-04 15:54:57,038 Test: [60/200]	Time 0.006 (0.007)	Loss 0.1208 (0.0829)
2021-11-04 15:54:57,108 Test: [70/200]	Time 0.006 (0.007)	Loss 0.0674 (0.0827)
2021-11-04 15:54:57,177 Test: [80/200]	Time 0.006 (0.007)	Loss 0.0823 (0.0809)
2021-11-04 15:54:57,243 Test: [90/200]	Time 0.005 (0.007)	Loss 0.1167 (0.0827)
2021-11-04 15:54:57,310 Test: [100/200]	Time 0.006 (0.007)	Loss 0.1498 (0.0821)
2021-11-04 15:54:57,378 Test: [110/200]	Time 0.007 (0.007)	Loss 0.1732 (0.0830)
2021-11-04 15:54:57,444 Test: [120/200]	Time 0.006 (0.007)	Loss 0.0963 (0.0819)
2021-11-04 15:54:57,513 Test: [130/200]	Time 0.005 (0.007)	Loss 0.0690 (0.0825)
2021-11-04 15:54:57,582 Test: [140/200]	Time 0.006 (0.007)	Loss 0.0700 (0.0820)
2021-11-04 15:54:57,650 Test: [150/200]	Time 0.006 (0.007)	Loss 0.0609 (0.0806)
2021-11-04 15:54:57,719 Test: [160/200]	Time 0.007 (0.007)	Loss 0.0850 (0.0804)
2021-11-04 15:54:57,787 Test: [170/200]	Time 0.006 (0.007)	Loss 0.0792 (0.0797)
2021-11-04 15:54:57,855 Test: [180/200]	Time 0.006 (0.007)	Loss 0.0559 (0.0790)
2021-11-04 15:54:57,923 Test: [190/200]	Time 0.006 (0.007)	Loss 0.0383 (0.0789)
2021-11-04 15:54:58,717 Mean IoU score: 0.815
2021-11-04 15:54:58,720 => saving checkpoint to out
2021-11-04 15:54:58,896 Epoch: [5][0/200]	Time 0.129s (0.129s)	Speed 247.4 samples/s	Data 0.087s (0.087s)	Loss 0.01770 (0.01770)
2021-11-04 15:54:59,303 Epoch: [5][10/200]	Time 0.040s (0.049s)	Speed 802.8 samples/s	Data 0.000s (0.008s)	Loss 0.01656 (0.02048)
2021-11-04 15:54:59,710 Epoch: [5][20/200]	Time 0.040s (0.045s)	Speed 799.1 samples/s	Data 0.000s (0.004s)	Loss 0.02314 (0.02110)
2021-11-04 15:55:00,119 Epoch: [5][30/200]	Time 0.040s (0.044s)	Speed 798.9 samples/s	Data 0.000s (0.003s)	Loss 0.02736 (0.02095)
2021-11-04 15:55:00,526 Epoch: [5][40/200]	Time 0.040s (0.043s)	Speed 802.5 samples/s	Data 0.000s (0.002s)	Loss 0.02020 (0.02098)
2021-11-04 15:55:00,934 Epoch: [5][50/200]	Time 0.040s (0.042s)	Speed 802.2 samples/s	Data 0.000s (0.002s)	Loss 0.02314 (0.02090)
2021-11-04 15:55:01,342 Epoch: [5][60/200]	Time 0.040s (0.042s)	Speed 800.1 samples/s	Data 0.000s (0.002s)	Loss 0.01509 (0.02050)
2021-11-04 15:55:01,749 Epoch: [5][70/200]	Time 0.040s (0.042s)	Speed 799.3 samples/s	Data 0.000s (0.001s)	Loss 0.01782 (0.02039)
2021-11-04 15:55:02,155 Epoch: [5][80/200]	Time 0.040s (0.042s)	Speed 798.8 samples/s	Data 0.000s (0.001s)	Loss 0.01929 (0.02032)
2021-11-04 15:55:02,563 Epoch: [5][90/200]	Time 0.040s (0.042s)	Speed 800.7 samples/s	Data 0.000s (0.001s)	Loss 0.01451 (0.02029)
2021-11-04 15:55:02,971 Epoch: [5][100/200]	Time 0.040s (0.042s)	Speed 798.9 samples/s	Data 0.000s (0.001s)	Loss 0.02138 (0.02025)
2021-11-04 15:55:03,379 Epoch: [5][110/200]	Time 0.040s (0.042s)	Speed 799.5 samples/s	Data 0.000s (0.001s)	Loss 0.02205 (0.02027)
2021-11-04 15:55:03,787 Epoch: [5][120/200]	Time 0.040s (0.041s)	Speed 799.7 samples/s	Data 0.000s (0.001s)	Loss 0.02040 (0.02017)
2021-11-04 15:55:04,195 Epoch: [5][130/200]	Time 0.040s (0.041s)	Speed 801.3 samples/s	Data 0.000s (0.001s)	Loss 0.02417 (0.02032)
2021-11-04 15:55:04,603 Epoch: [5][140/200]	Time 0.040s (0.041s)	Speed 800.7 samples/s	Data 0.000s (0.001s)	Loss 0.02328 (0.02036)
2021-11-04 15:55:05,011 Epoch: [5][150/200]	Time 0.040s (0.041s)	Speed 803.6 samples/s	Data 0.000s (0.001s)	Loss 0.02236 (0.02029)
2021-11-04 15:55:05,419 Epoch: [5][160/200]	Time 0.040s (0.041s)	Speed 800.7 samples/s	Data 0.000s (0.001s)	Loss 0.02200 (0.02015)
2021-11-04 15:55:05,827 Epoch: [5][170/200]	Time 0.040s (0.041s)	Speed 798.9 samples/s	Data 0.000s (0.001s)	Loss 0.01795 (0.02009)
2021-11-04 15:55:06,233 Epoch: [5][180/200]	Time 0.040s (0.041s)	Speed 802.9 samples/s	Data 0.000s (0.001s)	Loss 0.01935 (0.02016)
2021-11-04 15:55:06,641 Epoch: [5][190/200]	Time 0.040s (0.041s)	Speed 798.7 samples/s	Data 0.000s (0.001s)	Loss 0.01821 (0.02020)
2021-11-04 15:55:07,073 Test: [0/200]	Time 0.036 (0.036)	Loss 0.0967 (0.0967)
2021-11-04 15:55:07,142 Test: [10/200]	Time 0.006 (0.010)	Loss 0.0329 (0.0656)
2021-11-04 15:55:07,209 Test: [20/200]	Time 0.006 (0.008)	Loss 0.0453 (0.0658)
2021-11-04 15:55:07,275 Test: [30/200]	Time 0.006 (0.008)	Loss 0.1187 (0.0723)
2021-11-04 15:55:07,345 Test: [40/200]	Time 0.006 (0.008)	Loss 0.0529 (0.0749)
2021-11-04 15:55:07,415 Test: [50/200]	Time 0.006 (0.007)	Loss 0.1203 (0.0748)
2021-11-04 15:55:07,482 Test: [60/200]	Time 0.006 (0.007)	Loss 0.0971 (0.0769)
2021-11-04 15:55:07,549 Test: [70/200]	Time 0.005 (0.007)	Loss 0.0704 (0.0777)
2021-11-04 15:55:07,619 Test: [80/200]	Time 0.006 (0.007)	Loss 0.1354 (0.0769)
2021-11-04 15:55:07,685 Test: [90/200]	Time 0.006 (0.007)	Loss 0.0982 (0.0789)
2021-11-04 15:55:07,752 Test: [100/200]	Time 0.006 (0.007)	Loss 0.1315 (0.0785)
2021-11-04 15:55:07,818 Test: [110/200]	Time 0.006 (0.007)	Loss 0.1837 (0.0792)
2021-11-04 15:55:07,884 Test: [120/200]	Time 0.006 (0.007)	Loss 0.0894 (0.0780)
2021-11-04 15:55:07,954 Test: [130/200]	Time 0.006 (0.007)	Loss 0.0705 (0.0788)
2021-11-04 15:55:08,027 Test: [140/200]	Time 0.006 (0.007)	Loss 0.0724 (0.0782)
2021-11-04 15:55:08,096 Test: [150/200]	Time 0.006 (0.007)	Loss 0.0692 (0.0771)
2021-11-04 15:55:08,162 Test: [160/200]	Time 0.006 (0.007)	Loss 0.0746 (0.0773)
2021-11-04 15:55:08,229 Test: [170/200]	Time 0.005 (0.007)	Loss 0.0639 (0.0764)
2021-11-04 15:55:08,295 Test: [180/200]	Time 0.006 (0.007)	Loss 0.0481 (0.0759)
2021-11-04 15:55:08,359 Test: [190/200]	Time 0.006 (0.007)	Loss 0.0402 (0.0756)
2021-11-04 15:55:09,172 Mean IoU score: 0.816
2021-11-04 15:55:09,174 => saving checkpoint to out
2021-11-04 15:55:09,368 Epoch: [6][0/200]	Time 0.139s (0.139s)	Speed 230.0 samples/s	Data 0.098s (0.098s)	Loss 0.01862 (0.01862)
2021-11-04 15:55:09,777 Epoch: [6][10/200]	Time 0.040s (0.050s)	Speed 802.7 samples/s	Data 0.000s (0.009s)	Loss 0.02058 (0.01728)
2021-11-04 15:55:10,184 Epoch: [6][20/200]	Time 0.041s (0.046s)	Speed 789.6 samples/s	Data 0.000s (0.005s)	Loss 0.01617 (0.01775)
2021-11-04 15:55:10,593 Epoch: [6][30/200]	Time 0.040s (0.044s)	Speed 800.9 samples/s	Data 0.000s (0.003s)	Loss 0.01790 (0.01785)
2021-11-04 15:55:11,000 Epoch: [6][40/200]	Time 0.040s (0.043s)	Speed 803.4 samples/s	Data 0.000s (0.003s)	Loss 0.01752 (0.01787)
2021-11-04 15:55:11,407 Epoch: [6][50/200]	Time 0.040s (0.043s)	Speed 800.9 samples/s	Data 0.000s (0.002s)	Loss 0.01594 (0.01779)
2021-11-04 15:55:11,813 Epoch: [6][60/200]	Time 0.040s (0.042s)	Speed 797.3 samples/s	Data 0.000s (0.002s)	Loss 0.01463 (0.01760)
2021-11-04 15:55:12,220 Epoch: [6][70/200]	Time 0.040s (0.042s)	Speed 804.9 samples/s	Data 0.000s (0.002s)	Loss 0.01515 (0.01747)
2021-11-04 15:55:12,627 Epoch: [6][80/200]	Time 0.040s (0.042s)	Speed 803.5 samples/s	Data 0.000s (0.001s)	Loss 0.01528 (0.01741)
2021-11-04 15:55:13,033 Epoch: [6][90/200]	Time 0.040s (0.042s)	Speed 800.4 samples/s	Data 0.000s (0.001s)	Loss 0.01784 (0.01733)
2021-11-04 15:55:13,439 Epoch: [6][100/200]	Time 0.040s (0.042s)	Speed 804.8 samples/s	Data 0.000s (0.001s)	Loss 0.01621 (0.01731)
2021-11-04 15:55:13,847 Epoch: [6][110/200]	Time 0.040s (0.042s)	Speed 803.1 samples/s	Data 0.000s (0.001s)	Loss 0.01339 (0.01720)
2021-11-04 15:55:14,255 Epoch: [6][120/200]	Time 0.040s (0.042s)	Speed 801.0 samples/s	Data 0.000s (0.001s)	Loss 0.01759 (0.01714)
2021-11-04 15:55:14,662 Epoch: [6][130/200]	Time 0.040s (0.041s)	Speed 801.4 samples/s	Data 0.000s (0.001s)	Loss 0.01223 (0.01698)
2021-11-04 15:55:15,068 Epoch: [6][140/200]	Time 0.040s (0.041s)	Speed 804.0 samples/s	Data 0.000s (0.001s)	Loss 0.01483 (0.01688)
2021-11-04 15:55:15,475 Epoch: [6][150/200]	Time 0.040s (0.041s)	Speed 802.2 samples/s	Data 0.000s (0.001s)	Loss 0.01556 (0.01679)
2021-11-04 15:55:15,883 Epoch: [6][160/200]	Time 0.040s (0.041s)	Speed 802.7 samples/s	Data 0.000s (0.001s)	Loss 0.01826 (0.01677)
2021-11-04 15:55:16,290 Epoch: [6][170/200]	Time 0.040s (0.041s)	Speed 802.2 samples/s	Data 0.000s (0.001s)	Loss 0.01561 (0.01666)
2021-11-04 15:55:16,697 Epoch: [6][180/200]	Time 0.040s (0.041s)	Speed 804.0 samples/s	Data 0.000s (0.001s)	Loss 0.01147 (0.01664)
2021-11-04 15:55:17,103 Epoch: [6][190/200]	Time 0.040s (0.041s)	Speed 802.3 samples/s	Data 0.000s (0.001s)	Loss 0.01605 (0.01658)
2021-11-04 15:55:17,533 Test: [0/200]	Time 0.035 (0.035)	Loss 0.1090 (0.1090)
2021-11-04 15:55:17,602 Test: [10/200]	Time 0.006 (0.009)	Loss 0.0157 (0.0595)
2021-11-04 15:55:17,669 Test: [20/200]	Time 0.006 (0.008)	Loss 0.0396 (0.0616)
2021-11-04 15:55:17,736 Test: [30/200]	Time 0.006 (0.008)	Loss 0.0702 (0.0663)
2021-11-04 15:55:17,805 Test: [40/200]	Time 0.005 (0.007)	Loss 0.0587 (0.0677)
2021-11-04 15:55:17,872 Test: [50/200]	Time 0.006 (0.007)	Loss 0.0966 (0.0677)
2021-11-04 15:55:17,940 Test: [60/200]	Time 0.007 (0.007)	Loss 0.1084 (0.0688)
2021-11-04 15:55:18,006 Test: [70/200]	Time 0.006 (0.007)	Loss 0.0502 (0.0680)
2021-11-04 15:55:18,073 Test: [80/200]	Time 0.006 (0.007)	Loss 0.0637 (0.0662)
2021-11-04 15:55:18,142 Test: [90/200]	Time 0.006 (0.007)	Loss 0.0805 (0.0681)
2021-11-04 15:55:18,211 Test: [100/200]	Time 0.006 (0.007)	Loss 0.0960 (0.0674)
2021-11-04 15:55:18,278 Test: [110/200]	Time 0.006 (0.007)	Loss 0.1692 (0.0685)
2021-11-04 15:55:18,345 Test: [120/200]	Time 0.005 (0.007)	Loss 0.0639 (0.0673)
2021-11-04 15:55:18,410 Test: [130/200]	Time 0.006 (0.007)	Loss 0.0517 (0.0674)
2021-11-04 15:55:18,477 Test: [140/200]	Time 0.006 (0.007)	Loss 0.0662 (0.0668)
2021-11-04 15:55:18,543 Test: [150/200]	Time 0.006 (0.007)	Loss 0.0611 (0.0659)
2021-11-04 15:55:18,612 Test: [160/200]	Time 0.006 (0.007)	Loss 0.0748 (0.0660)
2021-11-04 15:55:18,680 Test: [170/200]	Time 0.006 (0.007)	Loss 0.0679 (0.0653)
2021-11-04 15:55:18,746 Test: [180/200]	Time 0.006 (0.007)	Loss 0.0336 (0.0649)
2021-11-04 15:55:18,815 Test: [190/200]	Time 0.006 (0.007)	Loss 0.0323 (0.0650)
2021-11-04 15:55:19,607 Mean IoU score: 0.845
2021-11-04 15:55:19,610 => saving checkpoint to out
2021-11-04 15:55:19,804 Epoch: [7][0/200]	Time 0.145s (0.145s)	Speed 221.0 samples/s	Data 0.104s (0.104s)	Loss 0.01513 (0.01513)
2021-11-04 15:55:20,214 Epoch: [7][10/200]	Time 0.040s (0.050s)	Speed 801.7 samples/s	Data 0.000s (0.010s)	Loss 0.01348 (0.01498)
2021-11-04 15:55:20,622 Epoch: [7][20/200]	Time 0.040s (0.046s)	Speed 802.3 samples/s	Data 0.000s (0.005s)	Loss 0.01705 (0.01503)
2021-11-04 15:55:21,030 Epoch: [7][30/200]	Time 0.040s (0.044s)	Speed 801.2 samples/s	Data 0.000s (0.004s)	Loss 0.01598 (0.01458)
2021-11-04 15:55:21,437 Epoch: [7][40/200]	Time 0.040s (0.043s)	Speed 804.0 samples/s	Data 0.000s (0.003s)	Loss 0.01141 (0.01452)
2021-11-04 15:55:21,843 Epoch: [7][50/200]	Time 0.040s (0.043s)	Speed 801.9 samples/s	Data 0.000s (0.002s)	Loss 0.01330 (0.01429)
2021-11-04 15:55:22,249 Epoch: [7][60/200]	Time 0.040s (0.042s)	Speed 801.1 samples/s	Data 0.000s (0.002s)	Loss 0.01296 (0.01424)
2021-11-04 15:55:22,658 Epoch: [7][70/200]	Time 0.040s (0.042s)	Speed 798.6 samples/s	Data 0.000s (0.002s)	Loss 0.01124 (0.01404)
2021-11-04 15:55:23,066 Epoch: [7][80/200]	Time 0.040s (0.042s)	Speed 803.9 samples/s	Data 0.000s (0.002s)	Loss 0.01158 (0.01400)
2021-11-04 15:55:23,473 Epoch: [7][90/200]	Time 0.040s (0.042s)	Speed 802.1 samples/s	Data 0.000s (0.001s)	Loss 0.01552 (0.01383)
2021-11-04 15:55:23,879 Epoch: [7][100/200]	Time 0.040s (0.042s)	Speed 803.8 samples/s	Data 0.000s (0.001s)	Loss 0.01582 (0.01389)
2021-11-04 15:55:24,285 Epoch: [7][110/200]	Time 0.040s (0.042s)	Speed 804.9 samples/s	Data 0.000s (0.001s)	Loss 0.01007 (0.01382)
2021-11-04 15:55:24,693 Epoch: [7][120/200]	Time 0.040s (0.042s)	Speed 802.6 samples/s	Data 0.000s (0.001s)	Loss 0.01321 (0.01390)
2021-11-04 15:55:25,099 Epoch: [7][130/200]	Time 0.040s (0.042s)	Speed 803.5 samples/s	Data 0.000s (0.001s)	Loss 0.01215 (0.01387)
2021-11-04 15:55:25,505 Epoch: [7][140/200]	Time 0.040s (0.041s)	Speed 802.3 samples/s	Data 0.000s (0.001s)	Loss 0.01643 (0.01379)
2021-11-04 15:55:25,913 Epoch: [7][150/200]	Time 0.040s (0.041s)	Speed 798.5 samples/s	Data 0.000s (0.001s)	Loss 0.01124 (0.01371)
2021-11-04 15:55:26,321 Epoch: [7][160/200]	Time 0.040s (0.041s)	Speed 801.8 samples/s	Data 0.000s (0.001s)	Loss 0.01556 (0.01367)
2021-11-04 15:55:26,728 Epoch: [7][170/200]	Time 0.040s (0.041s)	Speed 801.3 samples/s	Data 0.000s (0.001s)	Loss 0.01466 (0.01366)
2021-11-04 15:55:27,135 Epoch: [7][180/200]	Time 0.040s (0.041s)	Speed 804.2 samples/s	Data 0.000s (0.001s)	Loss 0.01232 (0.01364)
2021-11-04 15:55:27,543 Epoch: [7][190/200]	Time 0.040s (0.041s)	Speed 800.1 samples/s	Data 0.000s (0.001s)	Loss 0.01200 (0.01366)
2021-11-04 15:55:27,980 Test: [0/200]	Time 0.036 (0.036)	Loss 0.0909 (0.0909)
2021-11-04 15:55:28,047 Test: [10/200]	Time 0.006 (0.009)	Loss 0.0101 (0.0545)
2021-11-04 15:55:28,112 Test: [20/200]	Time 0.005 (0.008)	Loss 0.0320 (0.0582)
2021-11-04 15:55:28,178 Test: [30/200]	Time 0.006 (0.008)	Loss 0.0843 (0.0633)
2021-11-04 15:55:28,243 Test: [40/200]	Time 0.006 (0.007)	Loss 0.0468 (0.0643)
2021-11-04 15:55:28,310 Test: [50/200]	Time 0.006 (0.007)	Loss 0.1033 (0.0642)
2021-11-04 15:55:28,375 Test: [60/200]	Time 0.007 (0.007)	Loss 0.0794 (0.0659)
2021-11-04 15:55:28,442 Test: [70/200]	Time 0.006 (0.007)	Loss 0.0556 (0.0657)
2021-11-04 15:55:28,510 Test: [80/200]	Time 0.006 (0.007)	Loss 0.0669 (0.0640)
2021-11-04 15:55:28,579 Test: [90/200]	Time 0.005 (0.007)	Loss 0.0887 (0.0659)
2021-11-04 15:55:28,644 Test: [100/200]	Time 0.006 (0.007)	Loss 0.0961 (0.0653)
2021-11-04 15:55:28,713 Test: [110/200]	Time 0.006 (0.007)	Loss 0.1574 (0.0660)
2021-11-04 15:55:28,782 Test: [120/200]	Time 0.006 (0.007)	Loss 0.0782 (0.0652)
2021-11-04 15:55:28,846 Test: [130/200]	Time 0.006 (0.007)	Loss 0.0510 (0.0652)
2021-11-04 15:55:28,912 Test: [140/200]	Time 0.005 (0.007)	Loss 0.0726 (0.0644)
2021-11-04 15:55:28,977 Test: [150/200]	Time 0.006 (0.007)	Loss 0.0509 (0.0632)
2021-11-04 15:55:29,046 Test: [160/200]	Time 0.007 (0.007)	Loss 0.0686 (0.0633)
2021-11-04 15:55:29,112 Test: [170/200]	Time 0.006 (0.007)	Loss 0.0852 (0.0626)
2021-11-04 15:55:29,182 Test: [180/200]	Time 0.006 (0.007)	Loss 0.0348 (0.0621)
2021-11-04 15:55:29,246 Test: [190/200]	Time 0.005 (0.007)	Loss 0.0289 (0.0618)
2021-11-04 15:55:30,077 Mean IoU score: 0.852
2021-11-04 15:55:30,079 => saving checkpoint to out
2021-11-04 15:55:30,264 Epoch: [8][0/200]	Time 0.130s (0.130s)	Speed 245.5 samples/s	Data 0.088s (0.088s)	Loss 0.01222 (0.01222)
2021-11-04 15:55:30,671 Epoch: [8][10/200]	Time 0.040s (0.049s)	Speed 802.1 samples/s	Data 0.000s (0.008s)	Loss 0.01071 (0.01197)
2021-11-04 15:55:31,078 Epoch: [8][20/200]	Time 0.040s (0.045s)	Speed 800.7 samples/s	Data 0.000s (0.004s)	Loss 0.01128 (0.01229)
2021-11-04 15:55:31,485 Epoch: [8][30/200]	Time 0.040s (0.044s)	Speed 804.0 samples/s	Data 0.000s (0.003s)	Loss 0.01138 (0.01223)
2021-11-04 15:55:31,893 Epoch: [8][40/200]	Time 0.040s (0.043s)	Speed 800.0 samples/s	Data 0.000s (0.002s)	Loss 0.00948 (0.01208)
2021-11-04 15:55:32,300 Epoch: [8][50/200]	Time 0.040s (0.042s)	Speed 801.8 samples/s	Data 0.000s (0.002s)	Loss 0.01219 (0.01219)
2021-11-04 15:55:32,707 Epoch: [8][60/200]	Time 0.040s (0.042s)	Speed 800.6 samples/s	Data 0.000s (0.002s)	Loss 0.01342 (0.01213)
2021-11-04 15:55:33,115 Epoch: [8][70/200]	Time 0.040s (0.042s)	Speed 802.5 samples/s	Data 0.000s (0.002s)	Loss 0.01216 (0.01201)
2021-11-04 15:55:33,522 Epoch: [8][80/200]	Time 0.040s (0.042s)	Speed 805.1 samples/s	Data 0.000s (0.001s)	Loss 0.00873 (0.01193)
2021-11-04 15:55:33,929 Epoch: [8][90/200]	Time 0.040s (0.042s)	Speed 801.9 samples/s	Data 0.000s (0.001s)	Loss 0.00974 (0.01180)
2021-11-04 15:55:34,337 Epoch: [8][100/200]	Time 0.040s (0.042s)	Speed 800.3 samples/s	Data 0.000s (0.001s)	Loss 0.01158 (0.01183)
2021-11-04 15:55:34,744 Epoch: [8][110/200]	Time 0.040s (0.042s)	Speed 800.9 samples/s	Data 0.000s (0.001s)	Loss 0.01367 (0.01183)
2021-11-04 15:55:35,151 Epoch: [8][120/200]	Time 0.040s (0.041s)	Speed 801.7 samples/s	Data 0.000s (0.001s)	Loss 0.01256 (0.01191)
2021-11-04 15:55:35,559 Epoch: [8][130/200]	Time 0.040s (0.041s)	Speed 802.8 samples/s	Data 0.000s (0.001s)	Loss 0.00858 (0.01189)
2021-11-04 15:55:35,967 Epoch: [8][140/200]	Time 0.040s (0.041s)	Speed 800.9 samples/s	Data 0.000s (0.001s)	Loss 0.01409 (0.01191)
2021-11-04 15:55:36,374 Epoch: [8][150/200]	Time 0.040s (0.041s)	Speed 802.5 samples/s	Data 0.000s (0.001s)	Loss 0.01059 (0.01186)
2021-11-04 15:55:36,781 Epoch: [8][160/200]	Time 0.040s (0.041s)	Speed 802.5 samples/s	Data 0.000s (0.001s)	Loss 0.01229 (0.01187)
2021-11-04 15:55:37,188 Epoch: [8][170/200]	Time 0.040s (0.041s)	Speed 803.2 samples/s	Data 0.000s (0.001s)	Loss 0.01087 (0.01186)
2021-11-04 15:55:37,596 Epoch: [8][180/200]	Time 0.040s (0.041s)	Speed 802.0 samples/s	Data 0.000s (0.001s)	Loss 0.01311 (0.01184)
2021-11-04 15:55:38,002 Epoch: [8][190/200]	Time 0.040s (0.041s)	Speed 804.5 samples/s	Data 0.000s (0.001s)	Loss 0.01299 (0.01180)
2021-11-04 15:55:38,432 Test: [0/200]	Time 0.035 (0.035)	Loss 0.0753 (0.0753)
2021-11-04 15:55:38,506 Test: [10/200]	Time 0.007 (0.010)	Loss 0.0134 (0.0490)
2021-11-04 15:55:38,571 Test: [20/200]	Time 0.005 (0.008)	Loss 0.0279 (0.0501)
2021-11-04 15:55:38,639 Test: [30/200]	Time 0.007 (0.008)	Loss 0.0712 (0.0554)
2021-11-04 15:55:38,708 Test: [40/200]	Time 0.006 (0.008)	Loss 0.0427 (0.0579)
2021-11-04 15:55:38,776 Test: [50/200]	Time 0.006 (0.007)	Loss 0.0883 (0.0574)
2021-11-04 15:55:38,844 Test: [60/200]	Time 0.006 (0.007)	Loss 0.0782 (0.0589)
2021-11-04 15:55:38,914 Test: [70/200]	Time 0.006 (0.007)	Loss 0.0417 (0.0595)
2021-11-04 15:55:38,979 Test: [80/200]	Time 0.007 (0.007)	Loss 0.0559 (0.0578)
2021-11-04 15:55:39,046 Test: [90/200]	Time 0.006 (0.007)	Loss 0.0699 (0.0600)
2021-11-04 15:55:39,112 Test: [100/200]	Time 0.006 (0.007)	Loss 0.0852 (0.0594)
2021-11-04 15:55:39,181 Test: [110/200]	Time 0.006 (0.007)	Loss 0.1735 (0.0606)
2021-11-04 15:55:39,247 Test: [120/200]	Time 0.006 (0.007)	Loss 0.0710 (0.0595)
2021-11-04 15:55:39,313 Test: [130/200]	Time 0.006 (0.007)	Loss 0.0444 (0.0597)
2021-11-04 15:55:39,378 Test: [140/200]	Time 0.006 (0.007)	Loss 0.0635 (0.0594)
2021-11-04 15:55:39,446 Test: [150/200]	Time 0.006 (0.007)	Loss 0.0479 (0.0584)
2021-11-04 15:55:39,517 Test: [160/200]	Time 0.005 (0.007)	Loss 0.0599 (0.0586)
2021-11-04 15:55:39,586 Test: [170/200]	Time 0.006 (0.007)	Loss 0.0846 (0.0581)
2021-11-04 15:55:39,658 Test: [180/200]	Time 0.005 (0.007)	Loss 0.0324 (0.0577)
2021-11-04 15:55:39,723 Test: [190/200]	Time 0.006 (0.007)	Loss 0.0249 (0.0574)
2021-11-04 15:55:40,535 Mean IoU score: 0.861
2021-11-04 15:55:40,537 => saving checkpoint to out
2021-11-04 15:55:40,720 Epoch: [9][0/200]	Time 0.133s (0.133s)	Speed 239.9 samples/s	Data 0.092s (0.092s)	Loss 0.01121 (0.01121)
2021-11-04 15:55:41,129 Epoch: [9][10/200]	Time 0.040s (0.049s)	Speed 801.6 samples/s	Data 0.000s (0.009s)	Loss 0.01001 (0.01060)
2021-11-04 15:55:41,537 Epoch: [9][20/200]	Time 0.040s (0.045s)	Speed 802.2 samples/s	Data 0.000s (0.005s)	Loss 0.01544 (0.01094)
2021-11-04 15:55:41,944 Epoch: [9][30/200]	Time 0.040s (0.044s)	Speed 805.2 samples/s	Data 0.000s (0.003s)	Loss 0.01009 (0.01109)
2021-11-04 15:55:42,351 Epoch: [9][40/200]	Time 0.040s (0.043s)	Speed 801.4 samples/s	Data 0.000s (0.003s)	Loss 0.01080 (0.01112)
2021-11-04 15:55:42,758 Epoch: [9][50/200]	Time 0.040s (0.043s)	Speed 798.3 samples/s	Data 0.000s (0.002s)	Loss 0.00766 (0.01095)
2021-11-04 15:55:43,165 Epoch: [9][60/200]	Time 0.040s (0.042s)	Speed 805.6 samples/s	Data 0.000s (0.002s)	Loss 0.01148 (0.01081)
2021-11-04 15:55:43,578 Epoch: [9][70/200]	Time 0.040s (0.042s)	Speed 801.8 samples/s	Data 0.000s (0.002s)	Loss 0.01033 (0.01083)
2021-11-04 15:55:43,997 Epoch: [9][80/200]	Time 0.040s (0.042s)	Speed 800.5 samples/s	Data 0.000s (0.001s)	Loss 0.00767 (0.01086)
2021-11-04 15:55:44,409 Epoch: [9][90/200]	Time 0.041s (0.042s)	Speed 779.7 samples/s	Data 0.000s (0.001s)	Loss 0.01131 (0.01079)
2021-11-04 15:55:44,831 Epoch: [9][100/200]	Time 0.043s (0.042s)	Speed 741.8 samples/s	Data 0.000s (0.001s)	Loss 0.01629 (0.01083)
2021-11-04 15:55:45,249 Epoch: [9][110/200]	Time 0.041s (0.042s)	Speed 779.2 samples/s	Data 0.000s (0.001s)	Loss 0.01192 (0.01079)
2021-11-04 15:55:45,682 Epoch: [9][120/200]	Time 0.045s (0.042s)	Speed 709.8 samples/s	Data 0.000s (0.001s)	Loss 0.00998 (0.01073)
2021-11-04 15:55:46,097 Epoch: [9][130/200]	Time 0.040s (0.042s)	Speed 802.2 samples/s	Data 0.000s (0.001s)	Loss 0.00795 (0.01077)
2021-11-04 15:55:46,526 Epoch: [9][140/200]	Time 0.040s (0.042s)	Speed 797.4 samples/s	Data 0.000s (0.001s)	Loss 0.01110 (0.01076)
2021-11-04 15:55:46,934 Epoch: [9][150/200]	Time 0.040s (0.042s)	Speed 802.2 samples/s	Data 0.000s (0.001s)	Loss 0.00868 (0.01075)
2021-11-04 15:55:47,385 Epoch: [9][160/200]	Time 0.045s (0.042s)	Speed 718.2 samples/s	Data 0.000s (0.001s)	Loss 0.01136 (0.01073)
2021-11-04 15:55:47,795 Epoch: [9][170/200]	Time 0.040s (0.042s)	Speed 800.0 samples/s	Data 0.000s (0.001s)	Loss 0.01001 (0.01068)
2021-11-04 15:55:48,203 Epoch: [9][180/200]	Time 0.040s (0.042s)	Speed 800.9 samples/s	Data 0.000s (0.001s)	Loss 0.01016 (0.01066)
2021-11-04 15:55:48,615 Epoch: [9][190/200]	Time 0.040s (0.042s)	Speed 799.6 samples/s	Data 0.000s (0.001s)	Loss 0.00790 (0.01063)
2021-11-04 15:55:49,059 Test: [0/200]	Time 0.037 (0.037)	Loss 0.0637 (0.0637)
2021-11-04 15:55:49,133 Test: [10/200]	Time 0.006 (0.010)	Loss 0.0133 (0.0491)
2021-11-04 15:55:49,201 Test: [20/200]	Time 0.006 (0.009)	Loss 0.0257 (0.0496)
2021-11-04 15:55:49,273 Test: [30/200]	Time 0.007 (0.008)	Loss 0.0756 (0.0538)
2021-11-04 15:55:49,342 Test: [40/200]	Time 0.006 (0.008)	Loss 0.0444 (0.0574)
2021-11-04 15:55:49,412 Test: [50/200]	Time 0.006 (0.008)	Loss 0.0757 (0.0565)
2021-11-04 15:55:49,485 Test: [60/200]	Time 0.006 (0.008)	Loss 0.0686 (0.0580)
2021-11-04 15:55:49,556 Test: [70/200]	Time 0.006 (0.008)	Loss 0.0408 (0.0588)
2021-11-04 15:55:49,625 Test: [80/200]	Time 0.007 (0.007)	Loss 0.0595 (0.0573)
2021-11-04 15:55:49,695 Test: [90/200]	Time 0.006 (0.007)	Loss 0.0945 (0.0600)
2021-11-04 15:55:49,763 Test: [100/200]	Time 0.006 (0.007)	Loss 0.0755 (0.0594)
2021-11-04 15:55:49,835 Test: [110/200]	Time 0.007 (0.007)	Loss 0.1652 (0.0608)
2021-11-04 15:55:49,900 Test: [120/200]	Time 0.006 (0.007)	Loss 0.0730 (0.0598)
2021-11-04 15:55:49,966 Test: [130/200]	Time 0.006 (0.007)	Loss 0.0488 (0.0602)
2021-11-04 15:55:50,032 Test: [140/200]	Time 0.007 (0.007)	Loss 0.0725 (0.0598)
2021-11-04 15:55:50,102 Test: [150/200]	Time 0.006 (0.007)	Loss 0.0478 (0.0590)
2021-11-04 15:55:50,173 Test: [160/200]	Time 0.007 (0.007)	Loss 0.0648 (0.0593)
2021-11-04 15:55:50,251 Test: [170/200]	Time 0.007 (0.007)	Loss 0.0887 (0.0590)
2021-11-04 15:55:50,322 Test: [180/200]	Time 0.007 (0.007)	Loss 0.0340 (0.0586)
2021-11-04 15:55:50,398 Test: [190/200]	Time 0.007 (0.007)	Loss 0.0275 (0.0584)
2021-11-04 15:55:51,347 Mean IoU score: 0.860
2021-11-04 15:55:51,350 => saving checkpoint to out
2021-11-04 15:55:51,528 Epoch: [10][0/200]	Time 0.135s (0.135s)	Speed 237.6 samples/s	Data 0.094s (0.094s)	Loss 0.00783 (0.00783)
2021-11-04 15:55:51,935 Epoch: [10][10/200]	Time 0.040s (0.049s)	Speed 802.0 samples/s	Data 0.000s (0.009s)	Loss 0.00845 (0.00941)
2021-11-04 15:55:52,342 Epoch: [10][20/200]	Time 0.040s (0.045s)	Speed 805.3 samples/s	Data 0.000s (0.005s)	Loss 0.00959 (0.00913)
2021-11-04 15:55:52,750 Epoch: [10][30/200]	Time 0.040s (0.044s)	Speed 802.6 samples/s	Data 0.000s (0.003s)	Loss 0.01023 (0.00941)
2021-11-04 15:55:53,157 Epoch: [10][40/200]	Time 0.040s (0.043s)	Speed 800.3 samples/s	Data 0.000s (0.003s)	Loss 0.00817 (0.00967)
2021-11-04 15:55:53,565 Epoch: [10][50/200]	Time 0.040s (0.043s)	Speed 799.0 samples/s	Data 0.000s (0.002s)	Loss 0.01285 (0.00970)
2021-11-04 15:55:53,987 Epoch: [10][60/200]	Time 0.045s (0.043s)	Speed 713.8 samples/s	Data 0.000s (0.002s)	Loss 0.01313 (0.00975)
2021-11-04 15:55:54,413 Epoch: [10][70/200]	Time 0.040s (0.043s)	Speed 802.8 samples/s	Data 0.000s (0.002s)	Loss 0.00795 (0.00971)
2021-11-04 15:55:54,858 Epoch: [10][80/200]	Time 0.045s (0.043s)	Speed 712.9 samples/s	Data 0.000s (0.001s)	Loss 0.01020 (0.00968)
2021-11-04 15:55:55,277 Epoch: [10][90/200]	Time 0.045s (0.043s)	Speed 704.9 samples/s	Data 0.000s (0.001s)	Loss 0.00779 (0.00965)
2021-11-04 15:55:55,690 Epoch: [10][100/200]	Time 0.041s (0.043s)	Speed 781.7 samples/s	Data 0.000s (0.001s)	Loss 0.00894 (0.00971)
2021-11-04 15:55:56,101 Epoch: [10][110/200]	Time 0.040s (0.042s)	Speed 803.5 samples/s	Data 0.000s (0.001s)	Loss 0.00757 (0.00970)
2021-11-04 15:55:56,513 Epoch: [10][120/200]	Time 0.040s (0.042s)	Speed 799.4 samples/s	Data 0.000s (0.001s)	Loss 0.01058 (0.00980)
2021-11-04 15:55:56,930 Epoch: [10][130/200]	Time 0.041s (0.042s)	Speed 774.7 samples/s	Data 0.000s (0.001s)	Loss 0.00988 (0.00982)
2021-11-04 15:55:57,380 Epoch: [10][140/200]	Time 0.046s (0.042s)	Speed 695.5 samples/s	Data 0.000s (0.001s)	Loss 0.00954 (0.00985)
2021-11-04 15:55:57,822 Epoch: [10][150/200]	Time 0.040s (0.043s)	Speed 792.9 samples/s	Data 0.000s (0.001s)	Loss 0.00920 (0.00983)
2021-11-04 15:55:58,231 Epoch: [10][160/200]	Time 0.041s (0.042s)	Speed 779.1 samples/s	Data 0.000s (0.001s)	Loss 0.00862 (0.00983)
2021-11-04 15:55:58,643 Epoch: [10][170/200]	Time 0.040s (0.042s)	Speed 802.2 samples/s	Data 0.000s (0.001s)	Loss 0.01139 (0.00986)
2021-11-04 15:55:59,051 Epoch: [10][180/200]	Time 0.040s (0.042s)	Speed 802.8 samples/s	Data 0.000s (0.001s)	Loss 0.00989 (0.00983)
2021-11-04 15:55:59,460 Epoch: [10][190/200]	Time 0.040s (0.042s)	Speed 803.7 samples/s	Data 0.000s (0.001s)	Loss 0.01017 (0.00982)
2021-11-04 15:55:59,906 Test: [0/200]	Time 0.042 (0.042)	Loss 0.0853 (0.0853)
2021-11-04 15:55:59,983 Test: [10/200]	Time 0.006 (0.011)	Loss 0.0212 (0.0515)
2021-11-04 15:56:00,048 Test: [20/200]	Time 0.006 (0.009)	Loss 0.0276 (0.0536)
2021-11-04 15:56:00,118 Test: [30/200]	Time 0.007 (0.008)	Loss 0.0837 (0.0593)
2021-11-04 15:56:00,189 Test: [40/200]	Time 0.006 (0.008)	Loss 0.0403 (0.0609)
2021-11-04 15:56:00,258 Test: [50/200]	Time 0.006 (0.008)	Loss 0.0883 (0.0597)
2021-11-04 15:56:00,329 Test: [60/200]	Time 0.006 (0.008)	Loss 0.1051 (0.0615)
2021-11-04 15:56:00,403 Test: [70/200]	Time 0.007 (0.008)	Loss 0.0508 (0.0622)
2021-11-04 15:56:00,473 Test: [80/200]	Time 0.006 (0.008)	Loss 0.0596 (0.0606)
2021-11-04 15:56:00,542 Test: [90/200]	Time 0.006 (0.007)	Loss 0.0908 (0.0627)
2021-11-04 15:56:00,613 Test: [100/200]	Time 0.007 (0.007)	Loss 0.0913 (0.0616)
2021-11-04 15:56:00,684 Test: [110/200]	Time 0.006 (0.007)	Loss 0.1782 (0.0631)
2021-11-04 15:56:00,753 Test: [120/200]	Time 0.006 (0.007)	Loss 0.0753 (0.0618)
2021-11-04 15:56:00,825 Test: [130/200]	Time 0.006 (0.007)	Loss 0.0435 (0.0620)
2021-11-04 15:56:00,896 Test: [140/200]	Time 0.006 (0.007)	Loss 0.0652 (0.0616)
2021-11-04 15:56:00,962 Test: [150/200]	Time 0.006 (0.007)	Loss 0.0538 (0.0605)
2021-11-04 15:56:01,027 Test: [160/200]	Time 0.005 (0.007)	Loss 0.0560 (0.0607)
2021-11-04 15:56:01,098 Test: [170/200]	Time 0.007 (0.007)	Loss 0.0914 (0.0602)
2021-11-04 15:56:01,174 Test: [180/200]	Time 0.006 (0.007)	Loss 0.0348 (0.0598)
2021-11-04 15:56:01,240 Test: [190/200]	Time 0.006 (0.007)	Loss 0.0242 (0.0596)
2021-11-04 15:56:02,098 Mean IoU score: 0.859
2021-11-04 15:56:02,101 => saving checkpoint to out
2021-11-04 15:56:02,264 Epoch: [11][0/200]	Time 0.134s (0.134s)	Speed 239.6 samples/s	Data 0.092s (0.092s)	Loss 0.00808 (0.00808)
2021-11-04 15:56:02,673 Epoch: [11][10/200]	Time 0.040s (0.049s)	Speed 801.5 samples/s	Data 0.000s (0.009s)	Loss 0.00901 (0.00837)
2021-11-04 15:56:03,079 Epoch: [11][20/200]	Time 0.040s (0.045s)	Speed 801.8 samples/s	Data 0.000s (0.005s)	Loss 0.01105 (0.00857)
2021-11-04 15:56:03,485 Epoch: [11][30/200]	Time 0.040s (0.044s)	Speed 805.5 samples/s	Data 0.000s (0.003s)	Loss 0.00838 (0.00864)
2021-11-04 15:56:03,895 Epoch: [11][40/200]	Time 0.040s (0.043s)	Speed 803.3 samples/s	Data 0.000s (0.003s)	Loss 0.01170 (0.00880)
2021-11-04 15:56:04,303 Epoch: [11][50/200]	Time 0.040s (0.043s)	Speed 805.7 samples/s	Data 0.000s (0.002s)	Loss 0.00841 (0.00889)
2021-11-04 15:56:04,710 Epoch: [11][60/200]	Time 0.040s (0.042s)	Speed 801.4 samples/s	Data 0.000s (0.002s)	Loss 0.00988 (0.00897)
2021-11-04 15:56:05,117 Epoch: [11][70/200]	Time 0.040s (0.042s)	Speed 800.0 samples/s	Data 0.000s (0.002s)	Loss 0.00938 (0.00893)
2021-11-04 15:56:05,523 Epoch: [11][80/200]	Time 0.040s (0.042s)	Speed 802.9 samples/s	Data 0.000s (0.001s)	Loss 0.00826 (0.00891)
2021-11-04 15:56:05,931 Epoch: [11][90/200]	Time 0.040s (0.042s)	Speed 801.5 samples/s	Data 0.000s (0.001s)	Loss 0.00844 (0.00889)
2021-11-04 15:56:06,338 Epoch: [11][100/200]	Time 0.040s (0.042s)	Speed 805.1 samples/s	Data 0.000s (0.001s)	Loss 0.00900 (0.00891)
2021-11-04 15:56:06,746 Epoch: [11][110/200]	Time 0.040s (0.042s)	Speed 797.6 samples/s	Data 0.000s (0.001s)	Loss 0.01073 (0.00888)
2021-11-04 15:56:07,153 Epoch: [11][120/200]	Time 0.040s (0.041s)	Speed 801.5 samples/s	Data 0.000s (0.001s)	Loss 0.00781 (0.00890)
2021-11-04 15:56:07,559 Epoch: [11][130/200]	Time 0.040s (0.041s)	Speed 801.1 samples/s	Data 0.000s (0.001s)	Loss 0.00855 (0.00892)
2021-11-04 15:56:07,967 Epoch: [11][140/200]	Time 0.040s (0.041s)	Speed 800.2 samples/s	Data 0.000s (0.001s)	Loss 0.01201 (0.00901)
2021-11-04 15:56:08,373 Epoch: [11][150/200]	Time 0.040s (0.041s)	Speed 802.1 samples/s	Data 0.000s (0.001s)	Loss 0.01106 (0.00902)
2021-11-04 15:56:08,779 Epoch: [11][160/200]	Time 0.040s (0.041s)	Speed 803.7 samples/s	Data 0.000s (0.001s)	Loss 0.01053 (0.00905)
2021-11-04 15:56:09,186 Epoch: [11][170/200]	Time 0.040s (0.041s)	Speed 804.3 samples/s	Data 0.000s (0.001s)	Loss 0.01118 (0.00912)
2021-11-04 15:56:09,594 Epoch: [11][180/200]	Time 0.040s (0.041s)	Speed 798.5 samples/s	Data 0.000s (0.001s)	Loss 0.00842 (0.00913)
2021-11-04 15:56:10,005 Epoch: [11][190/200]	Time 0.040s (0.041s)	Speed 792.3 samples/s	Data 0.000s (0.001s)	Loss 0.00989 (0.00914)
2021-11-04 15:56:10,438 Test: [0/200]	Time 0.036 (0.036)	Loss 0.0959 (0.0959)
2021-11-04 15:56:10,507 Test: [10/200]	Time 0.006 (0.010)	Loss 0.0138 (0.0549)
2021-11-04 15:56:10,573 Test: [20/200]	Time 0.006 (0.008)	Loss 0.0303 (0.0532)
2021-11-04 15:56:10,641 Test: [30/200]	Time 0.006 (0.008)	Loss 0.0770 (0.0600)
2021-11-04 15:56:10,706 Test: [40/200]	Time 0.006 (0.007)	Loss 0.0420 (0.0620)
2021-11-04 15:56:10,772 Test: [50/200]	Time 0.005 (0.007)	Loss 0.0989 (0.0614)
2021-11-04 15:56:10,842 Test: [60/200]	Time 0.007 (0.007)	Loss 0.1038 (0.0632)
2021-11-04 15:56:10,915 Test: [70/200]	Time 0.006 (0.007)	Loss 0.0599 (0.0649)
2021-11-04 15:56:10,981 Test: [80/200]	Time 0.006 (0.007)	Loss 0.0635 (0.0631)
2021-11-04 15:56:11,053 Test: [90/200]	Time 0.006 (0.007)	Loss 0.0703 (0.0649)
2021-11-04 15:56:11,125 Test: [100/200]	Time 0.007 (0.007)	Loss 0.0751 (0.0636)
2021-11-04 15:56:11,192 Test: [110/200]	Time 0.005 (0.007)	Loss 0.1712 (0.0646)
2021-11-04 15:56:11,259 Test: [120/200]	Time 0.007 (0.007)	Loss 0.0675 (0.0632)
2021-11-04 15:56:11,325 Test: [130/200]	Time 0.005 (0.007)	Loss 0.0489 (0.0635)
2021-11-04 15:56:11,397 Test: [140/200]	Time 0.008 (0.007)	Loss 0.0714 (0.0630)
2021-11-04 15:56:11,464 Test: [150/200]	Time 0.006 (0.007)	Loss 0.0645 (0.0622)
2021-11-04 15:56:11,532 Test: [160/200]	Time 0.005 (0.007)	Loss 0.0625 (0.0625)
2021-11-04 15:56:11,598 Test: [170/200]	Time 0.006 (0.007)	Loss 0.0836 (0.0618)
2021-11-04 15:56:11,666 Test: [180/200]	Time 0.006 (0.007)	Loss 0.0327 (0.0612)
2021-11-04 15:56:11,731 Test: [190/200]	Time 0.006 (0.007)	Loss 0.0232 (0.0612)
2021-11-04 15:56:12,630 Mean IoU score: 0.855
2021-11-04 15:56:12,633 => saving checkpoint to out
2021-11-04 15:56:12,801 Epoch: [12][0/200]	Time 0.139s (0.139s)	Speed 230.3 samples/s	Data 0.098s (0.098s)	Loss 0.01085 (0.01085)
2021-11-04 15:56:13,209 Epoch: [12][10/200]	Time 0.040s (0.050s)	Speed 804.0 samples/s	Data 0.000s (0.009s)	Loss 0.00997 (0.00995)
2021-11-04 15:56:13,615 Epoch: [12][20/200]	Time 0.040s (0.045s)	Speed 801.2 samples/s	Data 0.000s (0.005s)	Loss 0.01061 (0.00922)
2021-11-04 15:56:14,024 Epoch: [12][30/200]	Time 0.040s (0.044s)	Speed 798.0 samples/s	Data 0.000s (0.003s)	Loss 0.00998 (0.00912)
2021-11-04 15:56:14,434 Epoch: [12][40/200]	Time 0.040s (0.043s)	Speed 799.5 samples/s	Data 0.000s (0.003s)	Loss 0.00898 (0.00914)
2021-11-04 15:56:14,844 Epoch: [12][50/200]	Time 0.040s (0.043s)	Speed 798.7 samples/s	Data 0.000s (0.002s)	Loss 0.00874 (0.00905)
2021-11-04 15:56:15,251 Epoch: [12][60/200]	Time 0.040s (0.042s)	Speed 797.2 samples/s	Data 0.000s (0.002s)	Loss 0.00688 (0.00903)
2021-11-04 15:56:15,660 Epoch: [12][70/200]	Time 0.040s (0.042s)	Speed 799.3 samples/s	Data 0.000s (0.002s)	Loss 0.01014 (0.00902)
2021-11-04 15:56:16,069 Epoch: [12][80/200]	Time 0.040s (0.042s)	Speed 796.0 samples/s	Data 0.000s (0.001s)	Loss 0.00966 (0.00914)
2021-11-04 15:56:16,477 Epoch: [12][90/200]	Time 0.040s (0.042s)	Speed 798.3 samples/s	Data 0.000s (0.001s)	Loss 0.00776 (0.00920)
2021-11-04 15:56:16,886 Epoch: [12][100/200]	Time 0.040s (0.042s)	Speed 797.6 samples/s	Data 0.000s (0.001s)	Loss 0.00914 (0.00920)
2021-11-04 15:56:17,295 Epoch: [12][110/200]	Time 0.040s (0.042s)	Speed 797.4 samples/s	Data 0.000s (0.001s)	Loss 0.00792 (0.00931)
2021-11-04 15:56:17,703 Epoch: [12][120/200]	Time 0.040s (0.042s)	Speed 800.5 samples/s	Data 0.000s (0.001s)	Loss 0.00893 (0.00935)
2021-11-04 15:56:18,112 Epoch: [12][130/200]	Time 0.040s (0.042s)	Speed 797.9 samples/s	Data 0.000s (0.001s)	Loss 0.00985 (0.00940)
2021-11-04 15:56:18,521 Epoch: [12][140/200]	Time 0.040s (0.042s)	Speed 800.3 samples/s	Data 0.000s (0.001s)	Loss 0.01077 (0.00951)
2021-11-04 15:56:18,931 Epoch: [12][150/200]	Time 0.040s (0.042s)	Speed 799.7 samples/s	Data 0.000s (0.001s)	Loss 0.01138 (0.00963)
2021-11-04 15:56:19,340 Epoch: [12][160/200]	Time 0.040s (0.041s)	Speed 799.9 samples/s	Data 0.000s (0.001s)	Loss 0.01382 (0.00982)
2021-11-04 15:56:19,748 Epoch: [12][170/200]	Time 0.040s (0.041s)	Speed 797.9 samples/s	Data 0.000s (0.001s)	Loss 0.01394 (0.01032)
2021-11-04 15:56:20,163 Epoch: [12][180/200]	Time 0.044s (0.041s)	Speed 727.0 samples/s	Data 0.004s (0.001s)	Loss 0.01555 (0.01088)
2021-11-04 15:56:20,574 Epoch: [12][190/200]	Time 0.040s (0.041s)	Speed 799.0 samples/s	Data 0.000s (0.001s)	Loss 0.01184 (0.01119)
2021-11-04 15:56:21,013 Test: [0/200]	Time 0.036 (0.036)	Loss 0.1632 (0.1632)
2021-11-04 15:56:21,087 Test: [10/200]	Time 0.006 (0.010)	Loss 0.0128 (0.1015)
2021-11-04 15:56:21,153 Test: [20/200]	Time 0.006 (0.008)	Loss 0.0528 (0.1108)
2021-11-04 15:56:21,220 Test: [30/200]	Time 0.006 (0.008)	Loss 0.1328 (0.1174)
2021-11-04 15:56:21,288 Test: [40/200]	Time 0.006 (0.008)	Loss 0.1062 (0.1249)
2021-11-04 15:56:21,353 Test: [50/200]	Time 0.006 (0.007)	Loss 0.2449 (0.1262)
2021-11-04 15:56:21,426 Test: [60/200]	Time 0.007 (0.007)	Loss 0.1215 (0.1273)
2021-11-04 15:56:21,493 Test: [70/200]	Time 0.005 (0.007)	Loss 0.1154 (0.1260)
2021-11-04 15:56:21,558 Test: [80/200]	Time 0.006 (0.007)	Loss 0.1552 (0.1231)
2021-11-04 15:56:21,631 Test: [90/200]	Time 0.006 (0.007)	Loss 0.1736 (0.1267)
2021-11-04 15:56:21,699 Test: [100/200]	Time 0.006 (0.007)	Loss 0.1383 (0.1247)
2021-11-04 15:56:21,769 Test: [110/200]	Time 0.006 (0.007)	Loss 0.2037 (0.1255)
2021-11-04 15:56:21,839 Test: [120/200]	Time 0.007 (0.007)	Loss 0.0842 (0.1247)
2021-11-04 15:56:21,907 Test: [130/200]	Time 0.006 (0.007)	Loss 0.1443 (0.1249)
2021-11-04 15:56:21,972 Test: [140/200]	Time 0.005 (0.007)	Loss 0.0837 (0.1242)
2021-11-04 15:56:22,038 Test: [150/200]	Time 0.006 (0.007)	Loss 0.0738 (0.1225)
2021-11-04 15:56:22,104 Test: [160/200]	Time 0.006 (0.007)	Loss 0.1040 (0.1218)
2021-11-04 15:56:22,169 Test: [170/200]	Time 0.006 (0.007)	Loss 0.0989 (0.1203)
2021-11-04 15:56:22,236 Test: [180/200]	Time 0.005 (0.007)	Loss 0.0746 (0.1193)
2021-11-04 15:56:22,304 Test: [190/200]	Time 0.005 (0.007)	Loss 0.0776 (0.1193)
2021-11-04 15:56:23,174 Mean IoU score: 0.727
2021-11-04 15:56:23,176 => saving checkpoint to out
2021-11-04 15:56:23,360 Epoch: [13][0/200]	Time 0.153s (0.153s)	Speed 208.6 samples/s	Data 0.111s (0.111s)	Loss 0.01493 (0.01493)
2021-11-04 15:56:23,776 Epoch: [13][10/200]	Time 0.041s (0.052s)	Speed 784.4 samples/s	Data 0.000s (0.011s)	Loss 0.01316 (0.01705)
2021-11-04 15:56:24,188 Epoch: [13][20/200]	Time 0.040s (0.047s)	Speed 799.3 samples/s	Data 0.000s (0.006s)	Loss 0.00911 (0.01613)
2021-11-04 15:56:24,636 Epoch: [13][30/200]	Time 0.041s (0.046s)	Speed 789.4 samples/s	Data 0.000s (0.004s)	Loss 0.01775 (0.01687)
2021-11-04 15:56:25,066 Epoch: [13][40/200]	Time 0.040s (0.045s)	Speed 799.8 samples/s	Data 0.000s (0.003s)	Loss 0.01384 (0.01638)
2021-11-04 15:56:25,482 Epoch: [13][50/200]	Time 0.041s (0.045s)	Speed 789.1 samples/s	Data 0.000s (0.003s)	Loss 0.01465 (0.01609)
2021-11-04 15:56:25,899 Epoch: [13][60/200]	Time 0.040s (0.044s)	Speed 791.5 samples/s	Data 0.000s (0.002s)	Loss 0.01789 (0.01597)
2021-11-04 15:56:26,326 Epoch: [13][70/200]	Time 0.044s (0.044s)	Speed 730.9 samples/s	Data 0.000s (0.002s)	Loss 0.01308 (0.01566)
2021-11-04 15:56:26,739 Epoch: [13][80/200]	Time 0.040s (0.044s)	Speed 793.7 samples/s	Data 0.000s (0.002s)	Loss 0.01694 (0.01576)
2021-11-04 15:56:27,150 Epoch: [13][90/200]	Time 0.041s (0.043s)	Speed 779.5 samples/s	Data 0.000s (0.002s)	Loss 0.02103 (0.01595)
2021-11-04 15:56:27,567 Epoch: [13][100/200]	Time 0.041s (0.043s)	Speed 780.6 samples/s	Data 0.001s (0.001s)	Loss 0.01310 (0.01613)
2021-11-04 15:56:27,978 Epoch: [13][110/200]	Time 0.040s (0.043s)	Speed 797.7 samples/s	Data 0.000s (0.001s)	Loss 0.01556 (0.01611)
2021-11-04 15:56:28,391 Epoch: [13][120/200]	Time 0.042s (0.043s)	Speed 770.3 samples/s	Data 0.000s (0.001s)	Loss 0.01358 (0.01600)
2021-11-04 15:56:28,806 Epoch: [13][130/200]	Time 0.041s (0.043s)	Speed 783.5 samples/s	Data 0.000s (0.001s)	Loss 0.01584 (0.01594)
2021-11-04 15:56:29,215 Epoch: [13][140/200]	Time 0.040s (0.043s)	Speed 797.9 samples/s	Data 0.000s (0.001s)	Loss 0.01591 (0.01596)
2021-11-04 15:56:29,630 Epoch: [13][150/200]	Time 0.040s (0.043s)	Speed 794.6 samples/s	Data 0.000s (0.001s)	Loss 0.01647 (0.01583)
2021-11-04 15:56:30,052 Epoch: [13][160/200]	Time 0.045s (0.043s)	Speed 703.7 samples/s	Data 0.000s (0.001s)	Loss 0.02003 (0.01583)
2021-11-04 15:56:30,509 Epoch: [13][170/200]	Time 0.046s (0.043s)	Speed 701.8 samples/s	Data 0.000s (0.001s)	Loss 0.01976 (0.01580)
2021-11-04 15:56:30,954 Epoch: [13][180/200]	Time 0.047s (0.043s)	Speed 684.1 samples/s	Data 0.000s (0.001s)	Loss 0.01649 (0.01578)
2021-11-04 15:56:31,378 Epoch: [13][190/200]	Time 0.040s (0.043s)	Speed 795.8 samples/s	Data 0.000s (0.001s)	Loss 0.01187 (0.01565)
2021-11-04 15:56:31,813 Test: [0/200]	Time 0.036 (0.036)	Loss 0.0919 (0.0919)
2021-11-04 15:56:31,883 Test: [10/200]	Time 0.006 (0.010)	Loss 0.0136 (0.0635)
2021-11-04 15:56:31,952 Test: [20/200]	Time 0.006 (0.008)	Loss 0.0466 (0.0672)
2021-11-04 15:56:32,019 Test: [30/200]	Time 0.006 (0.008)	Loss 0.0953 (0.0714)
2021-11-04 15:56:32,086 Test: [40/200]	Time 0.006 (0.008)	Loss 0.0457 (0.0729)
2021-11-04 15:56:32,152 Test: [50/200]	Time 0.007 (0.007)	Loss 0.1191 (0.0728)
2021-11-04 15:56:32,220 Test: [60/200]	Time 0.006 (0.007)	Loss 0.1126 (0.0751)
2021-11-04 15:56:32,294 Test: [70/200]	Time 0.006 (0.007)	Loss 0.0795 (0.0766)
2021-11-04 15:56:32,366 Test: [80/200]	Time 0.007 (0.007)	Loss 0.0833 (0.0747)
2021-11-04 15:56:32,434 Test: [90/200]	Time 0.006 (0.007)	Loss 0.0972 (0.0761)
2021-11-04 15:56:32,499 Test: [100/200]	Time 0.006 (0.007)	Loss 0.1222 (0.0750)
2021-11-04 15:56:32,568 Test: [110/200]	Time 0.006 (0.007)	Loss 0.1668 (0.0761)
2021-11-04 15:56:32,634 Test: [120/200]	Time 0.006 (0.007)	Loss 0.0885 (0.0753)
2021-11-04 15:56:32,701 Test: [130/200]	Time 0.006 (0.007)	Loss 0.0576 (0.0760)
2021-11-04 15:56:32,771 Test: [140/200]	Time 0.007 (0.007)	Loss 0.0597 (0.0756)
2021-11-04 15:56:32,839 Test: [150/200]	Time 0.007 (0.007)	Loss 0.0596 (0.0743)
2021-11-04 15:56:32,907 Test: [160/200]	Time 0.007 (0.007)	Loss 0.0869 (0.0744)
2021-11-04 15:56:32,979 Test: [170/200]	Time 0.006 (0.007)	Loss 0.0735 (0.0735)
2021-11-04 15:56:33,050 Test: [180/200]	Time 0.006 (0.007)	Loss 0.0419 (0.0729)
2021-11-04 15:56:33,123 Test: [190/200]	Time 0.006 (0.007)	Loss 0.0307 (0.0725)
2021-11-04 15:56:33,981 Mean IoU score: 0.820
2021-11-04 15:56:33,983 => saving checkpoint to out
2021-11-04 15:56:34,155 Epoch: [14][0/200]	Time 0.139s (0.139s)	Speed 230.5 samples/s	Data 0.098s (0.098s)	Loss 0.01006 (0.01006)
2021-11-04 15:56:34,561 Epoch: [14][10/200]	Time 0.040s (0.050s)	Speed 803.3 samples/s	Data 0.000s (0.009s)	Loss 0.01105 (0.01209)
2021-11-04 15:56:34,976 Epoch: [14][20/200]	Time 0.040s (0.046s)	Speed 799.5 samples/s	Data 0.000s (0.005s)	Loss 0.01103 (0.01179)
2021-11-04 15:56:35,385 Epoch: [14][30/200]	Time 0.040s (0.044s)	Speed 795.1 samples/s	Data 0.000s (0.003s)	Loss 0.01119 (0.01140)
2021-11-04 15:56:35,795 Epoch: [14][40/200]	Time 0.040s (0.043s)	Speed 795.3 samples/s	Data 0.000s (0.003s)	Loss 0.00932 (0.01144)
2021-11-04 15:56:36,206 Epoch: [14][50/200]	Time 0.040s (0.043s)	Speed 796.9 samples/s	Data 0.000s (0.002s)	Loss 0.01254 (0.01139)
2021-11-04 15:56:36,616 Epoch: [14][60/200]	Time 0.040s (0.043s)	Speed 798.2 samples/s	Data 0.000s (0.002s)	Loss 0.00909 (0.01123)
2021-11-04 15:56:37,026 Epoch: [14][70/200]	Time 0.040s (0.042s)	Speed 798.5 samples/s	Data 0.000s (0.002s)	Loss 0.01011 (0.01119)
2021-11-04 15:56:37,435 Epoch: [14][80/200]	Time 0.040s (0.042s)	Speed 798.5 samples/s	Data 0.000s (0.001s)	Loss 0.01129 (0.01108)
2021-11-04 15:56:37,865 Epoch: [14][90/200]	Time 0.040s (0.042s)	Speed 794.8 samples/s	Data 0.000s (0.001s)	Loss 0.02020 (0.01131)
2021-11-04 15:56:38,274 Epoch: [14][100/200]	Time 0.040s (0.042s)	Speed 795.8 samples/s	Data 0.000s (0.001s)	Loss 0.01314 (0.01132)
2021-11-04 15:56:38,736 Epoch: [14][110/200]	Time 0.045s (0.043s)	Speed 710.4 samples/s	Data 0.000s (0.001s)	Loss 0.00824 (0.01134)
2021-11-04 15:56:39,168 Epoch: [14][120/200]	Time 0.041s (0.043s)	Speed 776.5 samples/s	Data 0.000s (0.001s)	Loss 0.01036 (0.01125)
2021-11-04 15:56:39,580 Epoch: [14][130/200]	Time 0.040s (0.042s)	Speed 796.7 samples/s	Data 0.000s (0.001s)	Loss 0.00897 (0.01114)
2021-11-04 15:56:39,989 Epoch: [14][140/200]	Time 0.040s (0.042s)	Speed 796.3 samples/s	Data 0.000s (0.001s)	Loss 0.00881 (0.01110)
2021-11-04 15:56:40,410 Epoch: [14][150/200]	Time 0.042s (0.042s)	Speed 765.1 samples/s	Data 0.000s (0.001s)	Loss 0.01012 (0.01101)
2021-11-04 15:56:40,821 Epoch: [14][160/200]	Time 0.040s (0.042s)	Speed 796.0 samples/s	Data 0.000s (0.001s)	Loss 0.00876 (0.01098)
2021-11-04 15:56:41,232 Epoch: [14][170/200]	Time 0.040s (0.042s)	Speed 796.3 samples/s	Data 0.000s (0.001s)	Loss 0.01121 (0.01101)
2021-11-04 15:56:41,652 Epoch: [14][180/200]	Time 0.042s (0.042s)	Speed 756.2 samples/s	Data 0.000s (0.001s)	Loss 0.01087 (0.01096)
2021-11-04 15:56:42,066 Epoch: [14][190/200]	Time 0.041s (0.042s)	Speed 778.1 samples/s	Data 0.000s (0.001s)	Loss 0.00999 (0.01093)
2021-11-04 15:56:42,505 Test: [0/200]	Time 0.038 (0.038)	Loss 0.0734 (0.0734)
2021-11-04 15:56:42,574 Test: [10/200]	Time 0.006 (0.010)	Loss 0.0082 (0.0519)
2021-11-04 15:56:42,643 Test: [20/200]	Time 0.006 (0.008)	Loss 0.0341 (0.0582)
2021-11-04 15:56:42,711 Test: [30/200]	Time 0.006 (0.008)	Loss 0.0737 (0.0616)
2021-11-04 15:56:42,778 Test: [40/200]	Time 0.006 (0.008)	Loss 0.0358 (0.0625)
2021-11-04 15:56:42,843 Test: [50/200]	Time 0.005 (0.007)	Loss 0.1026 (0.0624)
2021-11-04 15:56:42,909 Test: [60/200]	Time 0.005 (0.007)	Loss 0.1233 (0.0633)
2021-11-04 15:56:42,973 Test: [70/200]	Time 0.006 (0.007)	Loss 0.0538 (0.0632)
2021-11-04 15:56:43,035 Test: [80/200]	Time 0.005 (0.007)	Loss 0.0607 (0.0612)
2021-11-04 15:56:43,105 Test: [90/200]	Time 0.005 (0.007)	Loss 0.0862 (0.0628)
2021-11-04 15:56:43,168 Test: [100/200]	Time 0.006 (0.007)	Loss 0.0928 (0.0620)
2021-11-04 15:56:43,234 Test: [110/200]	Time 0.006 (0.007)	Loss 0.1652 (0.0632)
2021-11-04 15:56:43,299 Test: [120/200]	Time 0.006 (0.007)	Loss 0.0796 (0.0620)
2021-11-04 15:56:43,364 Test: [130/200]	Time 0.006 (0.007)	Loss 0.0514 (0.0626)
2021-11-04 15:56:43,427 Test: [140/200]	Time 0.006 (0.007)	Loss 0.0596 (0.0624)
2021-11-04 15:56:43,488 Test: [150/200]	Time 0.005 (0.007)	Loss 0.0572 (0.0611)
2021-11-04 15:56:43,551 Test: [160/200]	Time 0.006 (0.007)	Loss 0.0469 (0.0608)
2021-11-04 15:56:43,615 Test: [170/200]	Time 0.005 (0.007)	Loss 0.0463 (0.0600)
2021-11-04 15:56:43,676 Test: [180/200]	Time 0.005 (0.007)	Loss 0.0443 (0.0597)
2021-11-04 15:56:43,739 Test: [190/200]	Time 0.005 (0.007)	Loss 0.0207 (0.0593)
2021-11-04 15:56:44,604 Mean IoU score: 0.854
2021-11-04 15:56:44,606 => saving checkpoint to out
2021-11-04 15:56:44,770 Epoch: [15][0/200]	Time 0.135s (0.135s)	Speed 236.5 samples/s	Data 0.092s (0.092s)	Loss 0.00854 (0.00854)
2021-11-04 15:56:45,180 Epoch: [15][10/200]	Time 0.042s (0.050s)	Speed 769.0 samples/s	Data 0.000s (0.009s)	Loss 0.01042 (0.00927)
2021-11-04 15:56:45,595 Epoch: [15][20/200]	Time 0.042s (0.046s)	Speed 765.7 samples/s	Data 0.000s (0.005s)	Loss 0.00829 (0.00915)
2021-11-04 15:56:46,002 Epoch: [15][30/200]	Time 0.040s (0.044s)	Speed 792.4 samples/s	Data 0.000s (0.003s)	Loss 0.00876 (0.00923)
2021-11-04 15:56:46,408 Epoch: [15][40/200]	Time 0.041s (0.043s)	Speed 772.4 samples/s	Data 0.000s (0.003s)	Loss 0.01105 (0.00922)
2021-11-04 15:56:46,818 Epoch: [15][50/200]	Time 0.040s (0.043s)	Speed 796.4 samples/s	Data 0.000s (0.002s)	Loss 0.01064 (0.00923)
2021-11-04 15:56:47,228 Epoch: [15][60/200]	Time 0.040s (0.043s)	Speed 798.1 samples/s	Data 0.000s (0.002s)	Loss 0.00857 (0.00928)
2021-11-04 15:56:47,637 Epoch: [15][70/200]	Time 0.040s (0.042s)	Speed 798.5 samples/s	Data 0.000s (0.002s)	Loss 0.00696 (0.00921)
2021-11-04 15:56:48,042 Epoch: [15][80/200]	Time 0.040s (0.042s)	Speed 795.4 samples/s	Data 0.000s (0.001s)	Loss 0.00852 (0.00913)
2021-11-04 15:56:48,448 Epoch: [15][90/200]	Time 0.040s (0.042s)	Speed 798.7 samples/s	Data 0.000s (0.001s)	Loss 0.00855 (0.00916)
2021-11-04 15:56:48,854 Epoch: [15][100/200]	Time 0.040s (0.042s)	Speed 796.9 samples/s	Data 0.000s (0.001s)	Loss 0.01092 (0.00918)
2021-11-04 15:56:49,260 Epoch: [15][110/200]	Time 0.040s (0.042s)	Speed 798.0 samples/s	Data 0.000s (0.001s)	Loss 0.00619 (0.00917)
2021-11-04 15:56:49,669 Epoch: [15][120/200]	Time 0.040s (0.042s)	Speed 794.9 samples/s	Data 0.000s (0.001s)	Loss 0.00982 (0.00916)
2021-11-04 15:56:50,077 Epoch: [15][130/200]	Time 0.040s (0.042s)	Speed 794.5 samples/s	Data 0.000s (0.001s)	Loss 0.00797 (0.00910)
2021-11-04 15:56:50,485 Epoch: [15][140/200]	Time 0.041s (0.041s)	Speed 779.3 samples/s	Data 0.000s (0.001s)	Loss 0.01287 (0.00909)
2021-11-04 15:56:50,894 Epoch: [15][150/200]	Time 0.040s (0.041s)	Speed 797.4 samples/s	Data 0.000s (0.001s)	Loss 0.01244 (0.00913)
2021-11-04 15:56:51,299 Epoch: [15][160/200]	Time 0.040s (0.041s)	Speed 793.0 samples/s	Data 0.000s (0.001s)	Loss 0.00882 (0.00911)
2021-11-04 15:56:51,704 Epoch: [15][170/200]	Time 0.040s (0.041s)	Speed 799.3 samples/s	Data 0.000s (0.001s)	Loss 0.00595 (0.00908)
2021-11-04 15:56:52,111 Epoch: [15][180/200]	Time 0.040s (0.041s)	Speed 795.6 samples/s	Data 0.000s (0.001s)	Loss 0.00772 (0.00903)
2021-11-04 15:56:52,517 Epoch: [15][190/200]	Time 0.040s (0.041s)	Speed 797.5 samples/s	Data 0.000s (0.001s)	Loss 0.00656 (0.00898)
2021-11-04 15:56:52,952 Test: [0/200]	Time 0.037 (0.037)	Loss 0.0838 (0.0838)
2021-11-04 15:56:53,016 Test: [10/200]	Time 0.005 (0.009)	Loss 0.0074 (0.0483)
2021-11-04 15:56:53,078 Test: [20/200]	Time 0.005 (0.008)	Loss 0.0279 (0.0474)
2021-11-04 15:56:53,140 Test: [30/200]	Time 0.006 (0.007)	Loss 0.0577 (0.0504)
2021-11-04 15:56:53,203 Test: [40/200]	Time 0.005 (0.007)	Loss 0.0346 (0.0524)
2021-11-04 15:56:53,267 Test: [50/200]	Time 0.005 (0.007)	Loss 0.0784 (0.0518)
2021-11-04 15:56:53,331 Test: [60/200]	Time 0.006 (0.007)	Loss 0.0897 (0.0530)
2021-11-04 15:56:53,394 Test: [70/200]	Time 0.005 (0.007)	Loss 0.0422 (0.0539)
2021-11-04 15:56:53,455 Test: [80/200]	Time 0.005 (0.007)	Loss 0.0518 (0.0527)
2021-11-04 15:56:53,516 Test: [90/200]	Time 0.005 (0.007)	Loss 0.0612 (0.0545)
2021-11-04 15:56:53,578 Test: [100/200]	Time 0.006 (0.007)	Loss 0.0785 (0.0538)
2021-11-04 15:56:53,639 Test: [110/200]	Time 0.005 (0.007)	Loss 0.1784 (0.0553)
2021-11-04 15:56:53,704 Test: [120/200]	Time 0.006 (0.007)	Loss 0.0604 (0.0541)
2021-11-04 15:56:53,767 Test: [130/200]	Time 0.006 (0.006)	Loss 0.0377 (0.0543)
2021-11-04 15:56:53,830 Test: [140/200]	Time 0.005 (0.006)	Loss 0.0581 (0.0540)
2021-11-04 15:56:53,892 Test: [150/200]	Time 0.006 (0.006)	Loss 0.0470 (0.0530)
2021-11-04 15:56:53,956 Test: [160/200]	Time 0.006 (0.006)	Loss 0.0573 (0.0532)
2021-11-04 15:56:54,017 Test: [170/200]	Time 0.005 (0.006)	Loss 0.0583 (0.0529)
2021-11-04 15:56:54,079 Test: [180/200]	Time 0.005 (0.006)	Loss 0.0364 (0.0528)
2021-11-04 15:56:54,139 Test: [190/200]	Time 0.006 (0.006)	Loss 0.0219 (0.0526)
2021-11-04 15:56:54,997 Mean IoU score: 0.871
2021-11-04 15:56:55,000 => saving checkpoint to out
2021-11-04 15:56:55,190 Epoch: [16][0/200]	Time 0.148s (0.148s)	Speed 215.7 samples/s	Data 0.107s (0.107s)	Loss 0.00714 (0.00714)
2021-11-04 15:56:55,600 Epoch: [16][10/200]	Time 0.040s (0.051s)	Speed 801.5 samples/s	Data 0.000s (0.010s)	Loss 0.00786 (0.00787)
2021-11-04 15:56:56,008 Epoch: [16][20/200]	Time 0.040s (0.046s)	Speed 797.3 samples/s	Data 0.000s (0.005s)	Loss 0.00831 (0.00828)
2021-11-04 15:56:56,414 Epoch: [16][30/200]	Time 0.040s (0.044s)	Speed 798.6 samples/s	Data 0.000s (0.004s)	Loss 0.00755 (0.00816)
2021-11-04 15:56:56,818 Epoch: [16][40/200]	Time 0.040s (0.043s)	Speed 796.5 samples/s	Data 0.000s (0.003s)	Loss 0.00778 (0.00805)
2021-11-04 15:56:57,223 Epoch: [16][50/200]	Time 0.040s (0.043s)	Speed 796.9 samples/s	Data 0.000s (0.002s)	Loss 0.00917 (0.00798)
2021-11-04 15:56:57,628 Epoch: [16][60/200]	Time 0.040s (0.042s)	Speed 800.0 samples/s	Data 0.000s (0.002s)	Loss 0.00840 (0.00795)
2021-11-04 15:56:58,032 Epoch: [16][70/200]	Time 0.040s (0.042s)	Speed 798.6 samples/s	Data 0.000s (0.002s)	Loss 0.00745 (0.00794)
2021-11-04 15:56:58,437 Epoch: [16][80/200]	Time 0.040s (0.042s)	Speed 796.7 samples/s	Data 0.000s (0.002s)	Loss 0.00551 (0.00786)
2021-11-04 15:56:58,841 Epoch: [16][90/200]	Time 0.040s (0.042s)	Speed 796.6 samples/s	Data 0.000s (0.001s)	Loss 0.00858 (0.00798)
2021-11-04 15:56:59,246 Epoch: [16][100/200]	Time 0.040s (0.042s)	Speed 798.7 samples/s	Data 0.000s (0.001s)	Loss 0.00968 (0.00803)
2021-11-04 15:56:59,650 Epoch: [16][110/200]	Time 0.040s (0.042s)	Speed 801.5 samples/s	Data 0.000s (0.001s)	Loss 0.00768 (0.00802)
2021-11-04 15:57:00,056 Epoch: [16][120/200]	Time 0.041s (0.041s)	Speed 790.1 samples/s	Data 0.000s (0.001s)	Loss 0.00963 (0.00805)
2021-11-04 15:57:00,460 Epoch: [16][130/200]	Time 0.040s (0.041s)	Speed 798.8 samples/s	Data 0.000s (0.001s)	Loss 0.00756 (0.00800)
2021-11-04 15:57:00,866 Epoch: [16][140/200]	Time 0.040s (0.041s)	Speed 792.3 samples/s	Data 0.000s (0.001s)	Loss 0.00850 (0.00799)
2021-11-04 15:57:01,274 Epoch: [16][150/200]	Time 0.040s (0.041s)	Speed 795.7 samples/s	Data 0.000s (0.001s)	Loss 0.00803 (0.00798)
2021-11-04 15:57:01,678 Epoch: [16][160/200]	Time 0.040s (0.041s)	Speed 798.5 samples/s	Data 0.000s (0.001s)	Loss 0.00722 (0.00797)
2021-11-04 15:57:02,083 Epoch: [16][170/200]	Time 0.040s (0.041s)	Speed 800.1 samples/s	Data 0.000s (0.001s)	Loss 0.00988 (0.00800)
2021-11-04 15:57:02,488 Epoch: [16][180/200]	Time 0.040s (0.041s)	Speed 799.4 samples/s	Data 0.000s (0.001s)	Loss 0.00738 (0.00796)
2021-11-04 15:57:02,893 Epoch: [16][190/200]	Time 0.040s (0.041s)	Speed 793.8 samples/s	Data 0.000s (0.001s)	Loss 0.00776 (0.00797)
2021-11-04 15:57:03,344 Test: [0/200]	Time 0.047 (0.047)	Loss 0.0889 (0.0889)
2021-11-04 15:57:03,408 Test: [10/200]	Time 0.005 (0.010)	Loss 0.0066 (0.0486)
2021-11-04 15:57:03,472 Test: [20/200]	Time 0.006 (0.008)	Loss 0.0299 (0.0494)
2021-11-04 15:57:03,535 Test: [30/200]	Time 0.005 (0.008)	Loss 0.0567 (0.0533)
2021-11-04 15:57:03,599 Test: [40/200]	Time 0.006 (0.007)	Loss 0.0323 (0.0540)
2021-11-04 15:57:03,664 Test: [50/200]	Time 0.005 (0.007)	Loss 0.0859 (0.0536)
2021-11-04 15:57:03,727 Test: [60/200]	Time 0.005 (0.007)	Loss 0.0917 (0.0547)
2021-11-04 15:57:03,790 Test: [70/200]	Time 0.006 (0.007)	Loss 0.0429 (0.0554)
2021-11-04 15:57:03,855 Test: [80/200]	Time 0.006 (0.007)	Loss 0.0538 (0.0539)
2021-11-04 15:57:03,919 Test: [90/200]	Time 0.005 (0.007)	Loss 0.0695 (0.0554)
2021-11-04 15:57:03,980 Test: [100/200]	Time 0.006 (0.007)	Loss 0.0840 (0.0548)
2021-11-04 15:57:04,045 Test: [110/200]	Time 0.006 (0.007)	Loss 0.1857 (0.0563)
2021-11-04 15:57:04,107 Test: [120/200]	Time 0.005 (0.007)	Loss 0.0631 (0.0550)
2021-11-04 15:57:04,172 Test: [130/200]	Time 0.006 (0.007)	Loss 0.0408 (0.0553)
2021-11-04 15:57:04,237 Test: [140/200]	Time 0.006 (0.007)	Loss 0.0641 (0.0549)
2021-11-04 15:57:04,299 Test: [150/200]	Time 0.006 (0.007)	Loss 0.0497 (0.0539)
2021-11-04 15:57:04,362 Test: [160/200]	Time 0.005 (0.007)	Loss 0.0564 (0.0540)
2021-11-04 15:57:04,424 Test: [170/200]	Time 0.005 (0.007)	Loss 0.0659 (0.0535)
2021-11-04 15:57:04,486 Test: [180/200]	Time 0.006 (0.007)	Loss 0.0380 (0.0535)
2021-11-04 15:57:04,547 Test: [190/200]	Time 0.005 (0.007)	Loss 0.0200 (0.0532)
2021-11-04 15:57:05,363 Mean IoU score: 0.871
2021-11-04 15:57:05,365 => saving checkpoint to out
2021-11-04 15:57:05,548 Epoch: [17][0/200]	Time 0.129s (0.129s)	Speed 247.7 samples/s	Data 0.087s (0.087s)	Loss 0.00764 (0.00764)
2021-11-04 15:57:05,952 Epoch: [17][10/200]	Time 0.040s (0.048s)	Speed 796.8 samples/s	Data 0.000s (0.008s)	Loss 0.00745 (0.00682)
2021-11-04 15:57:06,358 Epoch: [17][20/200]	Time 0.040s (0.045s)	Speed 795.0 samples/s	Data 0.000s (0.004s)	Loss 0.00733 (0.00704)
2021-11-04 15:57:06,764 Epoch: [17][30/200]	Time 0.040s (0.043s)	Speed 797.8 samples/s	Data 0.000s (0.003s)	Loss 0.00701 (0.00708)
2021-11-04 15:57:07,171 Epoch: [17][40/200]	Time 0.040s (0.043s)	Speed 795.8 samples/s	Data 0.000s (0.002s)	Loss 0.00781 (0.00725)
2021-11-04 15:57:07,577 Epoch: [17][50/200]	Time 0.040s (0.042s)	Speed 797.9 samples/s	Data 0.000s (0.002s)	Loss 0.00799 (0.00734)
2021-11-04 15:57:07,982 Epoch: [17][60/200]	Time 0.040s (0.042s)	Speed 798.5 samples/s	Data 0.000s (0.002s)	Loss 0.00907 (0.00736)
2021-11-04 15:57:08,388 Epoch: [17][70/200]	Time 0.040s (0.042s)	Speed 795.6 samples/s	Data 0.000s (0.001s)	Loss 0.00689 (0.00738)
2021-11-04 15:57:08,794 Epoch: [17][80/200]	Time 0.040s (0.042s)	Speed 793.7 samples/s	Data 0.000s (0.001s)	Loss 0.00892 (0.00737)
2021-11-04 15:57:09,200 Epoch: [17][90/200]	Time 0.040s (0.042s)	Speed 795.8 samples/s	Data 0.000s (0.001s)	Loss 0.00806 (0.00739)
2021-11-04 15:57:09,606 Epoch: [17][100/200]	Time 0.040s (0.041s)	Speed 799.2 samples/s	Data 0.000s (0.001s)	Loss 0.00630 (0.00734)
2021-11-04 15:57:10,012 Epoch: [17][110/200]	Time 0.040s (0.041s)	Speed 794.6 samples/s	Data 0.000s (0.001s)	Loss 0.00532 (0.00739)
2021-11-04 15:57:10,419 Epoch: [17][120/200]	Time 0.040s (0.041s)	Speed 795.5 samples/s	Data 0.000s (0.001s)	Loss 0.00690 (0.00738)
2021-11-04 15:57:10,825 Epoch: [17][130/200]	Time 0.040s (0.041s)	Speed 790.4 samples/s	Data 0.000s (0.001s)	Loss 0.00838 (0.00740)
2021-11-04 15:57:11,230 Epoch: [17][140/200]	Time 0.040s (0.041s)	Speed 795.3 samples/s	Data 0.000s (0.001s)	Loss 0.00611 (0.00736)
2021-11-04 15:57:11,636 Epoch: [17][150/200]	Time 0.040s (0.041s)	Speed 796.3 samples/s	Data 0.000s (0.001s)	Loss 0.00542 (0.00736)
2021-11-04 15:57:12,042 Epoch: [17][160/200]	Time 0.040s (0.041s)	Speed 798.2 samples/s	Data 0.000s (0.001s)	Loss 0.00720 (0.00737)
2021-11-04 15:57:12,447 Epoch: [17][170/200]	Time 0.040s (0.041s)	Speed 795.5 samples/s	Data 0.000s (0.001s)	Loss 0.00768 (0.00741)
2021-11-04 15:57:12,853 Epoch: [17][180/200]	Time 0.040s (0.041s)	Speed 794.1 samples/s	Data 0.000s (0.001s)	Loss 0.00655 (0.00739)
2021-11-04 15:57:13,259 Epoch: [17][190/200]	Time 0.040s (0.041s)	Speed 796.6 samples/s	Data 0.000s (0.001s)	Loss 0.00698 (0.00739)
2021-11-04 15:57:13,695 Test: [0/200]	Time 0.037 (0.037)	Loss 0.0940 (0.0940)
2021-11-04 15:57:13,763 Test: [10/200]	Time 0.006 (0.010)	Loss 0.0077 (0.0519)
2021-11-04 15:57:13,825 Test: [20/200]	Time 0.005 (0.008)	Loss 0.0222 (0.0518)
2021-11-04 15:57:13,887 Test: [30/200]	Time 0.005 (0.007)	Loss 0.0610 (0.0559)
2021-11-04 15:57:13,951 Test: [40/200]	Time 0.006 (0.007)	Loss 0.0370 (0.0571)
2021-11-04 15:57:14,014 Test: [50/200]	Time 0.006 (0.007)	Loss 0.0723 (0.0557)
2021-11-04 15:57:14,079 Test: [60/200]	Time 0.005 (0.007)	Loss 0.0905 (0.0569)
2021-11-04 15:57:14,142 Test: [70/200]	Time 0.006 (0.007)	Loss 0.0442 (0.0577)
2021-11-04 15:57:14,206 Test: [80/200]	Time 0.006 (0.007)	Loss 0.0533 (0.0560)
2021-11-04 15:57:14,269 Test: [90/200]	Time 0.006 (0.007)	Loss 0.0701 (0.0579)
2021-11-04 15:57:14,330 Test: [100/200]	Time 0.005 (0.007)	Loss 0.0726 (0.0571)
2021-11-04 15:57:14,395 Test: [110/200]	Time 0.006 (0.007)	Loss 0.1860 (0.0588)
2021-11-04 15:57:14,458 Test: [120/200]	Time 0.005 (0.007)	Loss 0.0647 (0.0573)
2021-11-04 15:57:14,520 Test: [130/200]	Time 0.005 (0.007)	Loss 0.0403 (0.0578)
2021-11-04 15:57:14,588 Test: [140/200]	Time 0.006 (0.007)	Loss 0.0707 (0.0574)
2021-11-04 15:57:14,651 Test: [150/200]	Time 0.005 (0.007)	Loss 0.0513 (0.0563)
2021-11-04 15:57:14,713 Test: [160/200]	Time 0.006 (0.007)	Loss 0.0536 (0.0565)
2021-11-04 15:57:14,776 Test: [170/200]	Time 0.006 (0.007)	Loss 0.0758 (0.0560)
2021-11-04 15:57:14,843 Test: [180/200]	Time 0.007 (0.007)	Loss 0.0398 (0.0557)
2021-11-04 15:57:14,906 Test: [190/200]	Time 0.005 (0.007)	Loss 0.0202 (0.0554)
2021-11-04 15:57:15,771 Mean IoU score: 0.870
2021-11-04 15:57:15,774 => saving checkpoint to out
2021-11-04 15:57:15,942 Epoch: [18][0/200]	Time 0.133s (0.133s)	Speed 240.7 samples/s	Data 0.091s (0.091s)	Loss 0.00784 (0.00784)
2021-11-04 15:57:16,346 Epoch: [18][10/200]	Time 0.040s (0.049s)	Speed 795.8 samples/s	Data 0.000s (0.009s)	Loss 0.00529 (0.00722)
2021-11-04 15:57:16,752 Epoch: [18][20/200]	Time 0.040s (0.045s)	Speed 797.2 samples/s	Data 0.000s (0.005s)	Loss 0.00931 (0.00730)
2021-11-04 15:57:17,158 Epoch: [18][30/200]	Time 0.040s (0.044s)	Speed 794.4 samples/s	Data 0.000s (0.003s)	Loss 0.00647 (0.00708)
2021-11-04 15:57:17,564 Epoch: [18][40/200]	Time 0.040s (0.043s)	Speed 796.8 samples/s	Data 0.000s (0.002s)	Loss 0.00883 (0.00703)
2021-11-04 15:57:17,969 Epoch: [18][50/200]	Time 0.040s (0.042s)	Speed 794.4 samples/s	Data 0.000s (0.002s)	Loss 0.00617 (0.00694)
2021-11-04 15:57:18,375 Epoch: [18][60/200]	Time 0.040s (0.042s)	Speed 793.9 samples/s	Data 0.000s (0.002s)	Loss 0.00505 (0.00693)
2021-11-04 15:57:18,781 Epoch: [18][70/200]	Time 0.040s (0.042s)	Speed 793.2 samples/s	Data 0.000s (0.002s)	Loss 0.00755 (0.00690)
2021-11-04 15:57:19,187 Epoch: [18][80/200]	Time 0.040s (0.042s)	Speed 795.2 samples/s	Data 0.000s (0.001s)	Loss 0.00676 (0.00684)
2021-11-04 15:57:19,593 Epoch: [18][90/200]	Time 0.040s (0.042s)	Speed 793.6 samples/s	Data 0.000s (0.001s)	Loss 0.00620 (0.00691)
2021-11-04 15:57:20,000 Epoch: [18][100/200]	Time 0.040s (0.041s)	Speed 794.8 samples/s	Data 0.000s (0.001s)	Loss 0.00807 (0.00689)
2021-11-04 15:57:20,405 Epoch: [18][110/200]	Time 0.040s (0.041s)	Speed 794.5 samples/s	Data 0.000s (0.001s)	Loss 0.00785 (0.00691)
2021-11-04 15:57:20,812 Epoch: [18][120/200]	Time 0.040s (0.041s)	Speed 790.7 samples/s	Data 0.000s (0.001s)	Loss 0.00721 (0.00693)
2021-11-04 15:57:21,217 Epoch: [18][130/200]	Time 0.040s (0.041s)	Speed 796.7 samples/s	Data 0.000s (0.001s)	Loss 0.00823 (0.00694)
2021-11-04 15:57:21,623 Epoch: [18][140/200]	Time 0.040s (0.041s)	Speed 796.6 samples/s	Data 0.000s (0.001s)	Loss 0.00605 (0.00695)
2021-11-04 15:57:22,029 Epoch: [18][150/200]	Time 0.040s (0.041s)	Speed 798.5 samples/s	Data 0.000s (0.001s)	Loss 0.00653 (0.00695)
2021-11-04 15:57:22,435 Epoch: [18][160/200]	Time 0.040s (0.041s)	Speed 796.1 samples/s	Data 0.000s (0.001s)	Loss 0.00526 (0.00697)
2021-11-04 15:57:22,840 Epoch: [18][170/200]	Time 0.040s (0.041s)	Speed 798.1 samples/s	Data 0.000s (0.001s)	Loss 0.00745 (0.00696)
2021-11-04 15:57:23,246 Epoch: [18][180/200]	Time 0.040s (0.041s)	Speed 795.1 samples/s	Data 0.000s (0.001s)	Loss 0.00800 (0.00696)
2021-11-04 15:57:23,652 Epoch: [18][190/200]	Time 0.040s (0.041s)	Speed 796.5 samples/s	Data 0.000s (0.001s)	Loss 0.00654 (0.00695)
2021-11-04 15:57:24,082 Test: [0/200]	Time 0.037 (0.037)	Loss 0.0964 (0.0964)
2021-11-04 15:57:24,144 Test: [10/200]	Time 0.005 (0.009)	Loss 0.0063 (0.0525)
2021-11-04 15:57:24,207 Test: [20/200]	Time 0.006 (0.008)	Loss 0.0261 (0.0516)
2021-11-04 15:57:24,271 Test: [30/200]	Time 0.006 (0.007)	Loss 0.0540 (0.0554)
2021-11-04 15:57:24,334 Test: [40/200]	Time 0.005 (0.007)	Loss 0.0354 (0.0569)
2021-11-04 15:57:24,395 Test: [50/200]	Time 0.005 (0.007)	Loss 0.0735 (0.0556)
2021-11-04 15:57:24,459 Test: [60/200]	Time 0.006 (0.007)	Loss 0.0855 (0.0567)
2021-11-04 15:57:24,522 Test: [70/200]	Time 0.006 (0.007)	Loss 0.0485 (0.0575)
2021-11-04 15:57:24,584 Test: [80/200]	Time 0.005 (0.007)	Loss 0.0522 (0.0560)
2021-11-04 15:57:24,647 Test: [90/200]	Time 0.005 (0.007)	Loss 0.0619 (0.0579)
2021-11-04 15:57:24,710 Test: [100/200]	Time 0.006 (0.007)	Loss 0.0724 (0.0570)
2021-11-04 15:57:24,775 Test: [110/200]	Time 0.007 (0.007)	Loss 0.1832 (0.0586)
2021-11-04 15:57:24,839 Test: [120/200]	Time 0.005 (0.007)	Loss 0.0621 (0.0571)
2021-11-04 15:57:24,904 Test: [130/200]	Time 0.006 (0.007)	Loss 0.0444 (0.0577)
2021-11-04 15:57:24,968 Test: [140/200]	Time 0.006 (0.007)	Loss 0.0666 (0.0571)
2021-11-04 15:57:25,029 Test: [150/200]	Time 0.005 (0.007)	Loss 0.0473 (0.0561)
2021-11-04 15:57:25,092 Test: [160/200]	Time 0.005 (0.006)	Loss 0.0567 (0.0564)
2021-11-04 15:57:25,153 Test: [170/200]	Time 0.006 (0.006)	Loss 0.0829 (0.0560)
2021-11-04 15:57:25,215 Test: [180/200]	Time 0.005 (0.006)	Loss 0.0400 (0.0558)
2021-11-04 15:57:25,278 Test: [190/200]	Time 0.005 (0.006)	Loss 0.0206 (0.0555)
2021-11-04 15:57:26,169 Mean IoU score: 0.869
2021-11-04 15:57:26,171 => saving checkpoint to out
2021-11-04 15:57:26,343 Epoch: [19][0/200]	Time 0.136s (0.136s)	Speed 235.9 samples/s	Data 0.094s (0.094s)	Loss 0.00725 (0.00725)
2021-11-04 15:57:26,746 Epoch: [19][10/200]	Time 0.040s (0.049s)	Speed 798.1 samples/s	Data 0.000s (0.009s)	Loss 0.00732 (0.00659)
2021-11-04 15:57:27,152 Epoch: [19][20/200]	Time 0.040s (0.045s)	Speed 794.9 samples/s	Data 0.000s (0.005s)	Loss 0.00645 (0.00630)
2021-11-04 15:57:27,557 Epoch: [19][30/200]	Time 0.040s (0.044s)	Speed 793.6 samples/s	Data 0.000s (0.003s)	Loss 0.00716 (0.00634)
2021-11-04 15:57:27,963 Epoch: [19][40/200]	Time 0.040s (0.043s)	Speed 798.6 samples/s	Data 0.000s (0.003s)	Loss 0.00530 (0.00634)
2021-11-04 15:57:28,368 Epoch: [19][50/200]	Time 0.040s (0.042s)	Speed 797.7 samples/s	Data 0.000s (0.002s)	Loss 0.00712 (0.00638)
2021-11-04 15:57:28,774 Epoch: [19][60/200]	Time 0.040s (0.042s)	Speed 798.8 samples/s	Data 0.000s (0.002s)	Loss 0.00663 (0.00638)
2021-11-04 15:57:29,180 Epoch: [19][70/200]	Time 0.040s (0.042s)	Speed 793.2 samples/s	Data 0.000s (0.002s)	Loss 0.00609 (0.00637)
2021-11-04 15:57:29,587 Epoch: [19][80/200]	Time 0.040s (0.042s)	Speed 795.8 samples/s	Data 0.000s (0.001s)	Loss 0.00693 (0.00643)
2021-11-04 15:57:29,993 Epoch: [19][90/200]	Time 0.040s (0.042s)	Speed 797.1 samples/s	Data 0.000s (0.001s)	Loss 0.00686 (0.00647)
2021-11-04 15:57:30,398 Epoch: [19][100/200]	Time 0.040s (0.041s)	Speed 796.6 samples/s	Data 0.000s (0.001s)	Loss 0.00882 (0.00650)
2021-11-04 15:57:30,805 Epoch: [19][110/200]	Time 0.041s (0.041s)	Speed 783.0 samples/s	Data 0.000s (0.001s)	Loss 0.00636 (0.00649)
2021-11-04 15:57:31,210 Epoch: [19][120/200]	Time 0.040s (0.041s)	Speed 796.5 samples/s	Data 0.000s (0.001s)	Loss 0.00644 (0.00648)
2021-11-04 15:57:31,616 Epoch: [19][130/200]	Time 0.040s (0.041s)	Speed 797.4 samples/s	Data 0.000s (0.001s)	Loss 0.00658 (0.00649)
2021-11-04 15:57:32,021 Epoch: [19][140/200]	Time 0.040s (0.041s)	Speed 796.1 samples/s	Data 0.000s (0.001s)	Loss 0.00525 (0.00656)
2021-11-04 15:57:32,427 Epoch: [19][150/200]	Time 0.040s (0.041s)	Speed 794.9 samples/s	Data 0.000s (0.001s)	Loss 0.00653 (0.00657)
2021-11-04 15:57:32,832 Epoch: [19][160/200]	Time 0.040s (0.041s)	Speed 792.9 samples/s	Data 0.000s (0.001s)	Loss 0.00763 (0.00660)
2021-11-04 15:57:33,239 Epoch: [19][170/200]	Time 0.040s (0.041s)	Speed 794.4 samples/s	Data 0.000s (0.001s)	Loss 0.00563 (0.00659)
2021-11-04 15:57:33,645 Epoch: [19][180/200]	Time 0.040s (0.041s)	Speed 796.1 samples/s	Data 0.000s (0.001s)	Loss 0.00782 (0.00659)
2021-11-04 15:57:34,050 Epoch: [19][190/200]	Time 0.040s (0.041s)	Speed 794.1 samples/s	Data 0.000s (0.001s)	Loss 0.00687 (0.00662)
2021-11-04 15:57:34,486 Test: [0/200]	Time 0.037 (0.037)	Loss 0.1161 (0.1161)
2021-11-04 15:57:34,551 Test: [10/200]	Time 0.005 (0.009)	Loss 0.0069 (0.0550)
2021-11-04 15:57:34,612 Test: [20/200]	Time 0.005 (0.008)	Loss 0.0289 (0.0555)
2021-11-04 15:57:34,673 Test: [30/200]	Time 0.006 (0.007)	Loss 0.0644 (0.0601)
2021-11-04 15:57:34,736 Test: [40/200]	Time 0.006 (0.007)	Loss 0.0359 (0.0605)
2021-11-04 15:57:34,800 Test: [50/200]	Time 0.006 (0.007)	Loss 0.1021 (0.0594)
2021-11-04 15:57:34,864 Test: [60/200]	Time 0.005 (0.007)	Loss 0.0764 (0.0601)
2021-11-04 15:57:34,930 Test: [70/200]	Time 0.006 (0.007)	Loss 0.0535 (0.0610)
2021-11-04 15:57:34,991 Test: [80/200]	Time 0.006 (0.007)	Loss 0.0658 (0.0595)
2021-11-04 15:57:35,056 Test: [90/200]	Time 0.006 (0.007)	Loss 0.0599 (0.0612)
2021-11-04 15:57:35,120 Test: [100/200]	Time 0.005 (0.007)	Loss 0.0778 (0.0603)
2021-11-04 15:57:35,183 Test: [110/200]	Time 0.006 (0.007)	Loss 0.1805 (0.0617)
2021-11-04 15:57:35,246 Test: [120/200]	Time 0.006 (0.007)	Loss 0.0614 (0.0601)
2021-11-04 15:57:35,308 Test: [130/200]	Time 0.005 (0.007)	Loss 0.0373 (0.0601)
2021-11-04 15:57:35,371 Test: [140/200]	Time 0.006 (0.007)	Loss 0.0658 (0.0596)
2021-11-04 15:57:35,432 Test: [150/200]	Time 0.005 (0.007)	Loss 0.0481 (0.0585)
2021-11-04 15:57:35,495 Test: [160/200]	Time 0.006 (0.006)	Loss 0.0670 (0.0588)
2021-11-04 15:57:35,556 Test: [170/200]	Time 0.005 (0.006)	Loss 0.0794 (0.0583)
2021-11-04 15:57:35,619 Test: [180/200]	Time 0.005 (0.006)	Loss 0.0404 (0.0581)
2021-11-04 15:57:35,681 Test: [190/200]	Time 0.006 (0.006)	Loss 0.0212 (0.0577)
2021-11-04 15:57:36,542 Mean IoU score: 0.867
2021-11-04 15:57:36,544 => saving checkpoint to out
2021-11-04 15:57:36,581 saving final model state to out/final_state.pth.tar
