2021-10-29 17:32:49,523 Namespace(out_dir='out', frequent=10, eval_interval=1, gpus='0', num_workers=4)
2021-10-29 17:32:51,222 => load 200 samples
2021-10-29 17:32:51,223 => load 200 samples
2021-10-29 17:32:51,552 Epoch: [0][0/200]	Time 0.328s (0.328s)	Speed 97.6 samples/s	Data 0.116s (0.116s)	Loss 2.50300 (2.50300)
2021-10-29 17:32:52,077 Epoch: [0][10/200]	Time 0.048s (0.078s)	Speed 665.5 samples/s	Data 0.000s (0.011s)	Loss 2.19438 (2.31927)
2021-10-29 17:32:52,564 Epoch: [0][20/200]	Time 0.048s (0.064s)	Speed 665.2 samples/s	Data 0.000s (0.006s)	Loss 2.02605 (2.19845)
2021-10-29 17:32:53,048 Epoch: [0][30/200]	Time 0.048s (0.059s)	Speed 667.7 samples/s	Data 0.000s (0.004s)	Loss 1.81283 (2.09717)
2021-10-29 17:32:53,534 Epoch: [0][40/200]	Time 0.048s (0.056s)	Speed 662.9 samples/s	Data 0.000s (0.003s)	Loss 1.67731 (2.00988)
2021-10-29 17:32:54,019 Epoch: [0][50/200]	Time 0.048s (0.055s)	Speed 666.5 samples/s	Data 0.000s (0.003s)	Loss 1.53214 (1.93127)
2021-10-29 17:32:54,503 Epoch: [0][60/200]	Time 0.048s (0.054s)	Speed 666.1 samples/s	Data 0.000s (0.002s)	Loss 1.42051 (1.85547)
2021-10-29 17:32:54,988 Epoch: [0][70/200]	Time 0.048s (0.053s)	Speed 666.5 samples/s	Data 0.000s (0.002s)	Loss 1.24415 (1.78309)
2021-10-29 17:32:55,474 Epoch: [0][80/200]	Time 0.048s (0.052s)	Speed 667.2 samples/s	Data 0.000s (0.002s)	Loss 1.14482 (1.71059)
2021-10-29 17:32:55,959 Epoch: [0][90/200]	Time 0.048s (0.052s)	Speed 667.6 samples/s	Data 0.000s (0.002s)	Loss 1.05747 (1.64176)
2021-10-29 17:32:56,446 Epoch: [0][100/200]	Time 0.048s (0.052s)	Speed 661.6 samples/s	Data 0.000s (0.001s)	Loss 0.93139 (1.57604)
2021-10-29 17:32:56,936 Epoch: [0][110/200]	Time 0.048s (0.051s)	Speed 660.8 samples/s	Data 0.000s (0.001s)	Loss 0.82498 (1.51293)
2021-10-29 17:32:57,425 Epoch: [0][120/200]	Time 0.048s (0.051s)	Speed 662.0 samples/s	Data 0.000s (0.001s)	Loss 0.73445 (1.45334)
2021-10-29 17:32:57,915 Epoch: [0][130/200]	Time 0.048s (0.051s)	Speed 661.8 samples/s	Data 0.000s (0.001s)	Loss 0.70661 (1.39640)
2021-10-29 17:32:58,405 Epoch: [0][140/200]	Time 0.048s (0.051s)	Speed 661.2 samples/s	Data 0.000s (0.001s)	Loss 0.63708 (1.34428)
2021-10-29 17:32:58,895 Epoch: [0][150/200]	Time 0.048s (0.051s)	Speed 661.7 samples/s	Data 0.000s (0.001s)	Loss 0.59642 (1.29481)
2021-10-29 17:32:59,385 Epoch: [0][160/200]	Time 0.048s (0.051s)	Speed 662.5 samples/s	Data 0.000s (0.001s)	Loss 0.55517 (1.24919)
2021-10-29 17:32:59,876 Epoch: [0][170/200]	Time 0.048s (0.051s)	Speed 662.2 samples/s	Data 0.000s (0.001s)	Loss 0.53660 (1.20717)
2021-10-29 17:33:00,366 Epoch: [0][180/200]	Time 0.049s (0.051s)	Speed 659.0 samples/s	Data 0.000s (0.001s)	Loss 0.49202 (1.16838)
2021-10-29 17:33:00,856 Epoch: [0][190/200]	Time 0.049s (0.050s)	Speed 658.5 samples/s	Data 0.000s (0.001s)	Loss 0.46002 (1.13171)
2021-10-29 17:33:01,363 Test: [0/200]	Time 0.035 (0.035)	Loss 0.9109 (0.9109)
2021-10-29 17:33:01,456 Test: [10/200]	Time 0.006 (0.012)	Loss 0.3293 (0.7420)
2021-10-29 17:33:01,520 Test: [20/200]	Time 0.006 (0.009)	Loss 0.5780 (0.7659)
2021-10-29 17:33:01,586 Test: [30/200]	Time 0.005 (0.008)	Loss 1.1034 (0.7854)
2021-10-29 17:33:01,654 Test: [40/200]	Time 0.006 (0.008)	Loss 0.7987 (0.8136)
2021-10-29 17:33:01,720 Test: [50/200]	Time 0.006 (0.008)	Loss 0.9239 (0.8204)
2021-10-29 17:33:01,789 Test: [60/200]	Time 0.005 (0.008)	Loss 0.9807 (0.8191)
2021-10-29 17:33:01,853 Test: [70/200]	Time 0.005 (0.007)	Loss 0.8152 (0.8172)
2021-10-29 17:33:01,920 Test: [80/200]	Time 0.006 (0.007)	Loss 1.0406 (0.8077)
2021-10-29 17:33:01,987 Test: [90/200]	Time 0.005 (0.007)	Loss 1.0075 (0.8144)
2021-10-29 17:33:02,056 Test: [100/200]	Time 0.006 (0.007)	Loss 1.0410 (0.8127)
2021-10-29 17:33:02,121 Test: [110/200]	Time 0.006 (0.007)	Loss 0.9558 (0.8135)
2021-10-29 17:33:02,186 Test: [120/200]	Time 0.006 (0.007)	Loss 0.9729 (0.8086)
2021-10-29 17:33:02,253 Test: [130/200]	Time 0.006 (0.007)	Loss 0.7494 (0.8154)
2021-10-29 17:33:02,318 Test: [140/200]	Time 0.006 (0.007)	Loss 0.7211 (0.8126)
2021-10-29 17:33:02,383 Test: [150/200]	Time 0.005 (0.007)	Loss 0.8892 (0.8098)
2021-10-29 17:33:02,449 Test: [160/200]	Time 0.006 (0.007)	Loss 0.7932 (0.8088)
2021-10-29 17:33:02,515 Test: [170/200]	Time 0.006 (0.007)	Loss 0.6225 (0.8046)
2021-10-29 17:33:02,579 Test: [180/200]	Time 0.006 (0.007)	Loss 0.6211 (0.7998)
2021-10-29 17:33:02,645 Test: [190/200]	Time 0.006 (0.007)	Loss 0.7110 (0.8016)
2021-10-29 17:33:03,626 Mean IoU score: 0.077
2021-10-29 17:33:03,630 => saving checkpoint to out
2021-10-29 17:33:03,838 Epoch: [1][0/200]	Time 0.167s (0.167s)	Speed 191.9 samples/s	Data 0.115s (0.115s)	Loss 0.44220 (0.44220)
2021-10-29 17:33:04,338 Epoch: [1][10/200]	Time 0.051s (0.061s)	Speed 632.9 samples/s	Data 0.000s (0.011s)	Loss 0.45572 (0.46875)
2021-10-29 17:33:04,829 Epoch: [1][20/200]	Time 0.049s (0.055s)	Speed 654.5 samples/s	Data 0.000s (0.006s)	Loss 0.56275 (0.46342)
2021-10-29 17:33:05,319 Epoch: [1][30/200]	Time 0.049s (0.053s)	Speed 658.1 samples/s	Data 0.000s (0.004s)	Loss 0.36168 (0.46031)
2021-10-29 17:33:05,809 Epoch: [1][40/200]	Time 0.048s (0.052s)	Speed 663.3 samples/s	Data 0.000s (0.003s)	Loss 0.43811 (0.45282)
2021-10-29 17:33:06,299 Epoch: [1][50/200]	Time 0.048s (0.052s)	Speed 661.4 samples/s	Data 0.000s (0.003s)	Loss 0.38507 (0.44881)
2021-10-29 17:33:06,788 Epoch: [1][60/200]	Time 0.048s (0.051s)	Speed 663.6 samples/s	Data 0.000s (0.002s)	Loss 0.44484 (0.44537)
2021-10-29 17:33:07,279 Epoch: [1][70/200]	Time 0.048s (0.051s)	Speed 661.4 samples/s	Data 0.000s (0.002s)	Loss 0.42620 (0.44191)
2021-10-29 17:33:07,774 Epoch: [1][80/200]	Time 0.049s (0.051s)	Speed 659.1 samples/s	Data 0.000s (0.002s)	Loss 0.34017 (0.43613)
2021-10-29 17:33:08,298 Epoch: [1][90/200]	Time 0.050s (0.051s)	Speed 642.0 samples/s	Data 0.000s (0.002s)	Loss 0.37712 (0.43055)
2021-10-29 17:33:08,839 Epoch: [1][100/200]	Time 0.056s (0.051s)	Speed 570.5 samples/s	Data 0.000s (0.001s)	Loss 0.39888 (0.43058)
2021-10-29 17:33:09,396 Epoch: [1][110/200]	Time 0.051s (0.052s)	Speed 628.7 samples/s	Data 0.000s (0.002s)	Loss 0.38890 (0.42929)
2021-10-29 17:33:09,918 Epoch: [1][120/200]	Time 0.053s (0.052s)	Speed 603.0 samples/s	Data 0.000s (0.001s)	Loss 0.34809 (0.42598)
2021-10-29 17:33:10,473 Epoch: [1][130/200]	Time 0.064s (0.052s)	Speed 497.4 samples/s	Data 0.000s (0.001s)	Loss 0.38802 (0.42327)
2021-10-29 17:33:10,966 Epoch: [1][140/200]	Time 0.048s (0.052s)	Speed 661.6 samples/s	Data 0.000s (0.001s)	Loss 0.45381 (0.42132)
2021-10-29 17:33:11,456 Epoch: [1][150/200]	Time 0.048s (0.052s)	Speed 660.3 samples/s	Data 0.000s (0.001s)	Loss 0.35834 (0.41962)
2021-10-29 17:33:11,945 Epoch: [1][160/200]	Time 0.049s (0.051s)	Speed 659.2 samples/s	Data 0.000s (0.001s)	Loss 0.43943 (0.41946)
2021-10-29 17:33:12,436 Epoch: [1][170/200]	Time 0.048s (0.051s)	Speed 660.9 samples/s	Data 0.000s (0.001s)	Loss 0.36629 (0.41867)
2021-10-29 17:33:12,925 Epoch: [1][180/200]	Time 0.048s (0.051s)	Speed 662.4 samples/s	Data 0.000s (0.001s)	Loss 0.45477 (0.41874)
2021-10-29 17:33:13,427 Epoch: [1][190/200]	Time 0.057s (0.051s)	Speed 560.1 samples/s	Data 0.001s (0.001s)	Loss 0.40531 (0.41885)
2021-10-29 17:33:14,357 Test: [0/200]	Time 0.180 (0.180)	Loss 0.8418 (0.8418)
2021-10-29 17:33:14,699 Test: [10/200]	Time 0.026 (0.047)	Loss 0.2692 (0.6807)
2021-10-29 17:33:15,017 Test: [20/200]	Time 0.027 (0.040)	Loss 0.5301 (0.7079)
2021-10-29 17:33:15,367 Test: [30/200]	Time 0.032 (0.038)	Loss 1.0386 (0.7274)
2021-10-29 17:33:15,683 Test: [40/200]	Time 0.028 (0.037)	Loss 0.7490 (0.7556)
2021-10-29 17:33:16,000 Test: [50/200]	Time 0.026 (0.036)	Loss 0.8645 (0.7625)
2021-10-29 17:33:16,290 Test: [60/200]	Time 0.027 (0.035)	Loss 0.9212 (0.7611)
2021-10-29 17:33:16,554 Test: [70/200]	Time 0.015 (0.033)	Loss 0.7577 (0.7592)
2021-10-29 17:33:16,690 Test: [80/200]	Time 0.009 (0.031)	Loss 0.9957 (0.7495)
2021-10-29 17:33:16,794 Test: [90/200]	Time 0.007 (0.029)	Loss 0.9582 (0.7560)
2021-10-29 17:33:16,865 Test: [100/200]	Time 0.006 (0.027)	Loss 0.9959 (0.7540)
2021-10-29 17:33:16,948 Test: [110/200]	Time 0.007 (0.025)	Loss 0.8899 (0.7551)
2021-10-29 17:33:17,016 Test: [120/200]	Time 0.006 (0.023)	Loss 0.9136 (0.7504)
2021-10-29 17:33:17,085 Test: [130/200]	Time 0.005 (0.022)	Loss 0.6830 (0.7577)
2021-10-29 17:33:17,147 Test: [140/200]	Time 0.006 (0.021)	Loss 0.6600 (0.7549)
2021-10-29 17:33:17,213 Test: [150/200]	Time 0.005 (0.020)	Loss 0.8214 (0.7519)
2021-10-29 17:33:17,278 Test: [160/200]	Time 0.006 (0.019)	Loss 0.7139 (0.7508)
2021-10-29 17:33:17,343 Test: [170/200]	Time 0.006 (0.018)	Loss 0.5635 (0.7471)
2021-10-29 17:33:17,408 Test: [180/200]	Time 0.006 (0.018)	Loss 0.5689 (0.7424)
2021-10-29 17:33:17,475 Test: [190/200]	Time 0.006 (0.017)	Loss 0.6533 (0.7440)
2021-10-29 17:33:18,388 Mean IoU score: 0.077
2021-10-29 17:33:18,392 => saving checkpoint to out
2021-10-29 17:33:18,571 Epoch: [2][0/200]	Time 0.141s (0.141s)	Speed 227.1 samples/s	Data 0.090s (0.090s)	Loss 0.40744 (0.40744)
2021-10-29 17:33:19,061 Epoch: [2][10/200]	Time 0.048s (0.057s)	Speed 661.6 samples/s	Data 0.000s (0.009s)	Loss 0.46684 (0.43440)
2021-10-29 17:33:19,550 Epoch: [2][20/200]	Time 0.048s (0.053s)	Speed 661.8 samples/s	Data 0.000s (0.005s)	Loss 0.45261 (0.42002)
2021-10-29 17:33:20,039 Epoch: [2][30/200]	Time 0.048s (0.052s)	Speed 660.5 samples/s	Data 0.000s (0.003s)	Loss 0.39563 (0.41153)
2021-10-29 17:33:20,529 Epoch: [2][40/200]	Time 0.048s (0.051s)	Speed 663.4 samples/s	Data 0.000s (0.003s)	Loss 0.40397 (0.41472)
2021-10-29 17:33:21,018 Epoch: [2][50/200]	Time 0.048s (0.051s)	Speed 661.0 samples/s	Data 0.000s (0.002s)	Loss 0.41037 (0.41640)
2021-10-29 17:33:21,508 Epoch: [2][60/200]	Time 0.048s (0.050s)	Speed 662.3 samples/s	Data 0.000s (0.002s)	Loss 0.40411 (0.41613)
2021-10-29 17:33:21,998 Epoch: [2][70/200]	Time 0.048s (0.050s)	Speed 662.4 samples/s	Data 0.000s (0.002s)	Loss 0.42430 (0.41378)
2021-10-29 17:33:22,487 Epoch: [2][80/200]	Time 0.049s (0.050s)	Speed 659.8 samples/s	Data 0.000s (0.001s)	Loss 0.36325 (0.41306)
2021-10-29 17:33:22,977 Epoch: [2][90/200]	Time 0.048s (0.050s)	Speed 664.1 samples/s	Data 0.000s (0.001s)	Loss 0.38884 (0.41226)
2021-10-29 17:33:23,467 Epoch: [2][100/200]	Time 0.048s (0.050s)	Speed 660.1 samples/s	Data 0.000s (0.001s)	Loss 0.47122 (0.41112)
2021-10-29 17:33:23,956 Epoch: [2][110/200]	Time 0.048s (0.050s)	Speed 660.4 samples/s	Data 0.000s (0.001s)	Loss 0.39067 (0.41410)
2021-10-29 17:33:24,447 Epoch: [2][120/200]	Time 0.048s (0.050s)	Speed 663.7 samples/s	Data 0.000s (0.001s)	Loss 0.49203 (0.41459)
2021-10-29 17:33:24,936 Epoch: [2][130/200]	Time 0.048s (0.050s)	Speed 660.2 samples/s	Data 0.000s (0.001s)	Loss 0.44605 (0.41453)
2021-10-29 17:33:25,426 Epoch: [2][140/200]	Time 0.048s (0.050s)	Speed 661.1 samples/s	Data 0.000s (0.001s)	Loss 0.40727 (0.41334)
2021-10-29 17:33:25,916 Epoch: [2][150/200]	Time 0.048s (0.050s)	Speed 661.1 samples/s	Data 0.000s (0.001s)	Loss 0.36841 (0.41392)
2021-10-29 17:33:26,407 Epoch: [2][160/200]	Time 0.048s (0.050s)	Speed 662.8 samples/s	Data 0.000s (0.001s)	Loss 0.35994 (0.41291)
2021-10-29 17:33:26,897 Epoch: [2][170/200]	Time 0.048s (0.050s)	Speed 662.0 samples/s	Data 0.000s (0.001s)	Loss 0.43536 (0.41292)
2021-10-29 17:33:27,387 Epoch: [2][180/200]	Time 0.048s (0.049s)	Speed 660.9 samples/s	Data 0.000s (0.001s)	Loss 0.42859 (0.41135)
2021-10-29 17:33:27,876 Epoch: [2][190/200]	Time 0.048s (0.049s)	Speed 660.9 samples/s	Data 0.000s (0.001s)	Loss 0.34837 (0.40972)
2021-10-29 17:33:28,381 Test: [0/200]	Time 0.036 (0.036)	Loss 0.8426 (0.8426)
2021-10-29 17:33:28,450 Test: [10/200]	Time 0.007 (0.010)	Loss 0.2682 (0.6806)
2021-10-29 17:33:28,515 Test: [20/200]	Time 0.007 (0.008)	Loss 0.5304 (0.7081)
2021-10-29 17:33:28,581 Test: [30/200]	Time 0.006 (0.008)	Loss 1.0428 (0.7278)
2021-10-29 17:33:28,651 Test: [40/200]	Time 0.006 (0.007)	Loss 0.7502 (0.7562)
2021-10-29 17:33:28,734 Test: [50/200]	Time 0.006 (0.008)	Loss 0.8652 (0.7632)
2021-10-29 17:33:28,798 Test: [60/200]	Time 0.005 (0.007)	Loss 0.9217 (0.7618)
2021-10-29 17:33:28,866 Test: [70/200]	Time 0.006 (0.007)	Loss 0.7577 (0.7598)
2021-10-29 17:33:28,933 Test: [80/200]	Time 0.006 (0.007)	Loss 0.9967 (0.7502)
2021-10-29 17:33:29,000 Test: [90/200]	Time 0.005 (0.007)	Loss 0.9606 (0.7566)
2021-10-29 17:33:29,066 Test: [100/200]	Time 0.006 (0.007)	Loss 0.9957 (0.7547)
2021-10-29 17:33:29,129 Test: [110/200]	Time 0.006 (0.007)	Loss 0.8918 (0.7558)
2021-10-29 17:33:29,195 Test: [120/200]	Time 0.006 (0.007)	Loss 0.9153 (0.7512)
2021-10-29 17:33:29,260 Test: [130/200]	Time 0.006 (0.007)	Loss 0.6845 (0.7584)
2021-10-29 17:33:29,326 Test: [140/200]	Time 0.005 (0.007)	Loss 0.6595 (0.7556)
2021-10-29 17:33:29,392 Test: [150/200]	Time 0.006 (0.007)	Loss 0.8231 (0.7527)
2021-10-29 17:33:29,455 Test: [160/200]	Time 0.006 (0.007)	Loss 0.7158 (0.7516)
2021-10-29 17:33:29,521 Test: [170/200]	Time 0.006 (0.007)	Loss 0.5641 (0.7479)
2021-10-29 17:33:29,583 Test: [180/200]	Time 0.005 (0.007)	Loss 0.5694 (0.7432)
2021-10-29 17:33:29,649 Test: [190/200]	Time 0.006 (0.007)	Loss 0.6553 (0.7448)
2021-10-29 17:33:30,552 Mean IoU score: 0.077
2021-10-29 17:33:30,557 => saving checkpoint to out
2021-10-29 17:33:30,741 Epoch: [3][0/200]	Time 0.148s (0.148s)	Speed 216.3 samples/s	Data 0.098s (0.098s)	Loss 0.41495 (0.41495)
2021-10-29 17:33:31,231 Epoch: [3][10/200]	Time 0.048s (0.058s)	Speed 660.9 samples/s	Data 0.000s (0.009s)	Loss 0.40461 (0.41675)
2021-10-29 17:33:31,721 Epoch: [3][20/200]	Time 0.048s (0.054s)	Speed 661.8 samples/s	Data 0.000s (0.005s)	Loss 0.54151 (0.40881)
2021-10-29 17:33:32,210 Epoch: [3][30/200]	Time 0.049s (0.052s)	Speed 659.1 samples/s	Data 0.000s (0.003s)	Loss 0.30860 (0.40786)
2021-10-29 17:33:32,699 Epoch: [3][40/200]	Time 0.049s (0.051s)	Speed 659.7 samples/s	Data 0.000s (0.003s)	Loss 0.41532 (0.40470)
2021-10-29 17:33:33,189 Epoch: [3][50/200]	Time 0.048s (0.051s)	Speed 660.1 samples/s	Data 0.000s (0.002s)	Loss 0.33796 (0.40553)
2021-10-29 17:33:33,679 Epoch: [3][60/200]	Time 0.048s (0.051s)	Speed 662.2 samples/s	Data 0.000s (0.002s)	Loss 0.38351 (0.40424)
2021-10-29 17:33:34,167 Epoch: [3][70/200]	Time 0.048s (0.050s)	Speed 661.4 samples/s	Data 0.000s (0.002s)	Loss 0.40477 (0.40588)
2021-10-29 17:33:34,658 Epoch: [3][80/200]	Time 0.048s (0.050s)	Speed 662.4 samples/s	Data 0.000s (0.002s)	Loss 0.34320 (0.40550)
2021-10-29 17:33:35,149 Epoch: [3][90/200]	Time 0.048s (0.050s)	Speed 662.5 samples/s	Data 0.000s (0.001s)	Loss 0.39955 (0.40543)
2021-10-29 17:33:35,638 Epoch: [3][100/200]	Time 0.048s (0.050s)	Speed 660.3 samples/s	Data 0.000s (0.001s)	Loss 0.39371 (0.40615)
2021-10-29 17:33:36,129 Epoch: [3][110/200]	Time 0.048s (0.050s)	Speed 661.5 samples/s	Data 0.000s (0.001s)	Loss 0.37499 (0.40672)
2021-10-29 17:33:36,621 Epoch: [3][120/200]	Time 0.049s (0.050s)	Speed 657.3 samples/s	Data 0.000s (0.001s)	Loss 0.43186 (0.40686)
2021-10-29 17:33:37,114 Epoch: [3][130/200]	Time 0.049s (0.050s)	Speed 657.8 samples/s	Data 0.000s (0.001s)	Loss 0.45108 (0.40651)
2021-10-29 17:33:37,606 Epoch: [3][140/200]	Time 0.049s (0.050s)	Speed 658.5 samples/s	Data 0.000s (0.001s)	Loss 0.42708 (0.40574)
2021-10-29 17:33:38,100 Epoch: [3][150/200]	Time 0.049s (0.050s)	Speed 656.0 samples/s	Data 0.000s (0.001s)	Loss 0.35914 (0.40681)
2021-10-29 17:33:38,593 Epoch: [3][160/200]	Time 0.049s (0.050s)	Speed 658.1 samples/s	Data 0.000s (0.001s)	Loss 0.40227 (0.40759)
2021-10-29 17:33:39,086 Epoch: [3][170/200]	Time 0.049s (0.050s)	Speed 656.3 samples/s	Data 0.000s (0.001s)	Loss 0.42721 (0.40761)
2021-10-29 17:33:39,579 Epoch: [3][180/200]	Time 0.049s (0.050s)	Speed 656.6 samples/s	Data 0.000s (0.001s)	Loss 0.45674 (0.40756)
2021-10-29 17:33:40,072 Epoch: [3][190/200]	Time 0.049s (0.050s)	Speed 654.7 samples/s	Data 0.000s (0.001s)	Loss 0.31753 (0.40668)
2021-10-29 17:33:40,588 Test: [0/200]	Time 0.035 (0.035)	Loss 0.8291 (0.8291)
2021-10-29 17:33:40,663 Test: [10/200]	Time 0.005 (0.010)	Loss 0.2667 (0.6749)
2021-10-29 17:33:40,729 Test: [20/200]	Time 0.006 (0.008)	Loss 0.5297 (0.7035)
2021-10-29 17:33:40,795 Test: [30/200]	Time 0.006 (0.008)	Loss 1.0332 (0.7230)
2021-10-29 17:33:40,862 Test: [40/200]	Time 0.005 (0.008)	Loss 0.7473 (0.7509)
2021-10-29 17:33:40,928 Test: [50/200]	Time 0.006 (0.007)	Loss 0.8594 (0.7581)
2021-10-29 17:33:40,996 Test: [60/200]	Time 0.006 (0.007)	Loss 0.9172 (0.7567)
2021-10-29 17:33:41,062 Test: [70/200]	Time 0.006 (0.007)	Loss 0.7510 (0.7545)
2021-10-29 17:33:41,129 Test: [80/200]	Time 0.006 (0.007)	Loss 0.9949 (0.7448)
2021-10-29 17:33:41,195 Test: [90/200]	Time 0.006 (0.007)	Loss 0.9575 (0.7511)
2021-10-29 17:33:41,258 Test: [100/200]	Time 0.005 (0.007)	Loss 0.9899 (0.7492)
2021-10-29 17:33:41,327 Test: [110/200]	Time 0.006 (0.007)	Loss 0.8856 (0.7503)
2021-10-29 17:33:41,393 Test: [120/200]	Time 0.006 (0.007)	Loss 0.9107 (0.7458)
2021-10-29 17:33:41,460 Test: [130/200]	Time 0.006 (0.007)	Loss 0.6773 (0.7531)
2021-10-29 17:33:41,525 Test: [140/200]	Time 0.005 (0.007)	Loss 0.6548 (0.7503)
2021-10-29 17:33:41,592 Test: [150/200]	Time 0.005 (0.007)	Loss 0.8194 (0.7474)
2021-10-29 17:33:41,655 Test: [160/200]	Time 0.007 (0.007)	Loss 0.7089 (0.7463)
2021-10-29 17:33:41,730 Test: [170/200]	Time 0.005 (0.007)	Loss 0.5622 (0.7427)
2021-10-29 17:33:41,796 Test: [180/200]	Time 0.006 (0.007)	Loss 0.5666 (0.7381)
2021-10-29 17:33:41,859 Test: [190/200]	Time 0.006 (0.007)	Loss 0.6501 (0.7396)
2021-10-29 17:33:42,729 Mean IoU score: 0.077
2021-10-29 17:33:42,733 => saving checkpoint to out
2021-10-29 17:33:42,919 Epoch: [4][0/200]	Time 0.147s (0.147s)	Speed 217.0 samples/s	Data 0.098s (0.098s)	Loss 0.40624 (0.40624)
2021-10-29 17:33:43,413 Epoch: [4][10/200]	Time 0.049s (0.058s)	Speed 655.6 samples/s	Data 0.000s (0.009s)	Loss 0.40588 (0.42369)
2021-10-29 17:33:43,905 Epoch: [4][20/200]	Time 0.049s (0.054s)	Speed 655.8 samples/s	Data 0.000s (0.005s)	Loss 0.39533 (0.40859)
2021-10-29 17:33:44,398 Epoch: [4][30/200]	Time 0.049s (0.052s)	Speed 658.2 samples/s	Data 0.000s (0.004s)	Loss 0.41919 (0.41184)
2021-10-29 17:33:44,891 Epoch: [4][40/200]	Time 0.049s (0.052s)	Speed 657.8 samples/s	Data 0.000s (0.003s)	Loss 0.41128 (0.41358)
2021-10-29 17:33:45,383 Epoch: [4][50/200]	Time 0.049s (0.051s)	Speed 656.0 samples/s	Data 0.000s (0.002s)	Loss 0.39977 (0.41247)
2021-10-29 17:33:45,877 Epoch: [4][60/200]	Time 0.049s (0.051s)	Speed 659.3 samples/s	Data 0.000s (0.002s)	Loss 0.33914 (0.40694)
2021-10-29 17:33:46,371 Epoch: [4][70/200]	Time 0.049s (0.051s)	Speed 655.4 samples/s	Data 0.000s (0.002s)	Loss 0.44220 (0.40924)
2021-10-29 17:33:46,863 Epoch: [4][80/200]	Time 0.049s (0.051s)	Speed 658.0 samples/s	Data 0.000s (0.002s)	Loss 0.41031 (0.40933)
2021-10-29 17:33:47,357 Epoch: [4][90/200]	Time 0.049s (0.050s)	Speed 652.6 samples/s	Data 0.000s (0.001s)	Loss 0.41467 (0.40775)
2021-10-29 17:33:47,849 Epoch: [4][100/200]	Time 0.049s (0.050s)	Speed 658.3 samples/s	Data 0.000s (0.001s)	Loss 0.44357 (0.40716)
2021-10-29 17:33:48,342 Epoch: [4][110/200]	Time 0.049s (0.050s)	Speed 658.4 samples/s	Data 0.000s (0.001s)	Loss 0.43098 (0.40914)
2021-10-29 17:33:48,835 Epoch: [4][120/200]	Time 0.049s (0.050s)	Speed 655.6 samples/s	Data 0.000s (0.001s)	Loss 0.40652 (0.40929)
2021-10-29 17:33:49,327 Epoch: [4][130/200]	Time 0.049s (0.050s)	Speed 657.5 samples/s	Data 0.000s (0.001s)	Loss 0.40232 (0.40971)
2021-10-29 17:33:49,819 Epoch: [4][140/200]	Time 0.049s (0.050s)	Speed 655.9 samples/s	Data 0.000s (0.001s)	Loss 0.40451 (0.41143)
2021-10-29 17:33:50,314 Epoch: [4][150/200]	Time 0.049s (0.050s)	Speed 655.5 samples/s	Data 0.000s (0.001s)	Loss 0.38302 (0.41083)
2021-10-29 17:33:50,807 Epoch: [4][160/200]	Time 0.049s (0.050s)	Speed 656.9 samples/s	Data 0.000s (0.001s)	Loss 0.38684 (0.40826)
2021-10-29 17:33:51,300 Epoch: [4][170/200]	Time 0.049s (0.050s)	Speed 655.2 samples/s	Data 0.000s (0.001s)	Loss 0.38653 (0.40768)
2021-10-29 17:33:51,793 Epoch: [4][180/200]	Time 0.049s (0.050s)	Speed 657.2 samples/s	Data 0.000s (0.001s)	Loss 0.48012 (0.40726)
2021-10-29 17:33:52,287 Epoch: [4][190/200]	Time 0.049s (0.050s)	Speed 655.7 samples/s	Data 0.000s (0.001s)	Loss 0.41814 (0.40708)
2021-10-29 17:33:52,793 Test: [0/200]	Time 0.036 (0.036)	Loss 0.8334 (0.8334)
2021-10-29 17:33:52,863 Test: [10/200]	Time 0.005 (0.010)	Loss 0.2663 (0.6774)
2021-10-29 17:33:52,932 Test: [20/200]	Time 0.007 (0.008)	Loss 0.5303 (0.7058)
2021-10-29 17:33:52,998 Test: [30/200]	Time 0.005 (0.008)	Loss 1.0382 (0.7252)
2021-10-29 17:33:53,068 Test: [40/200]	Time 0.007 (0.008)	Loss 0.7486 (0.7534)
2021-10-29 17:33:53,137 Test: [50/200]	Time 0.005 (0.007)	Loss 0.8626 (0.7605)
2021-10-29 17:33:53,207 Test: [60/200]	Time 0.006 (0.007)	Loss 0.9202 (0.7591)
2021-10-29 17:33:53,276 Test: [70/200]	Time 0.006 (0.007)	Loss 0.7550 (0.7571)
2021-10-29 17:33:53,342 Test: [80/200]	Time 0.005 (0.007)	Loss 0.9980 (0.7474)
2021-10-29 17:33:53,404 Test: [90/200]	Time 0.006 (0.007)	Loss 0.9595 (0.7537)
2021-10-29 17:33:53,471 Test: [100/200]	Time 0.005 (0.007)	Loss 0.9933 (0.7518)
2021-10-29 17:33:53,539 Test: [110/200]	Time 0.006 (0.007)	Loss 0.8890 (0.7529)
2021-10-29 17:33:53,610 Test: [120/200]	Time 0.007 (0.007)	Loss 0.9138 (0.7484)
2021-10-29 17:33:53,685 Test: [130/200]	Time 0.005 (0.007)	Loss 0.6793 (0.7557)
2021-10-29 17:33:53,756 Test: [140/200]	Time 0.005 (0.007)	Loss 0.6584 (0.7529)
2021-10-29 17:33:53,824 Test: [150/200]	Time 0.006 (0.007)	Loss 0.8225 (0.7500)
2021-10-29 17:33:53,898 Test: [160/200]	Time 0.006 (0.007)	Loss 0.7105 (0.7489)
2021-10-29 17:33:53,964 Test: [170/200]	Time 0.005 (0.007)	Loss 0.5627 (0.7452)
2021-10-29 17:33:54,036 Test: [180/200]	Time 0.008 (0.007)	Loss 0.5671 (0.7405)
2021-10-29 17:33:54,102 Test: [190/200]	Time 0.006 (0.007)	Loss 0.6517 (0.7421)
2021-10-29 17:33:54,985 Mean IoU score: 0.077
2021-10-29 17:33:54,991 => saving checkpoint to out
2021-10-29 17:33:55,182 Epoch: [5][0/200]	Time 0.144s (0.144s)	Speed 222.6 samples/s	Data 0.093s (0.093s)	Loss 0.35086 (0.35086)
2021-10-29 17:33:55,675 Epoch: [5][10/200]	Time 0.049s (0.058s)	Speed 658.9 samples/s	Data 0.000s (0.009s)	Loss 0.35766 (0.40317)
2021-10-29 17:33:56,169 Epoch: [5][20/200]	Time 0.049s (0.054s)	Speed 655.5 samples/s	Data 0.000s (0.005s)	Loss 0.41194 (0.41522)
2021-10-29 17:33:56,660 Epoch: [5][30/200]	Time 0.049s (0.052s)	Speed 656.4 samples/s	Data 0.000s (0.003s)	Loss 0.49790 (0.41070)
2021-10-29 17:33:57,153 Epoch: [5][40/200]	Time 0.049s (0.052s)	Speed 657.6 samples/s	Data 0.000s (0.003s)	Loss 0.41440 (0.40876)
2021-10-29 17:33:57,647 Epoch: [5][50/200]	Time 0.049s (0.051s)	Speed 656.0 samples/s	Data 0.000s (0.002s)	Loss 0.40306 (0.40971)
2021-10-29 17:33:58,139 Epoch: [5][60/200]	Time 0.049s (0.051s)	Speed 658.8 samples/s	Data 0.000s (0.002s)	Loss 0.31611 (0.40554)
2021-10-29 17:33:58,631 Epoch: [5][70/200]	Time 0.049s (0.051s)	Speed 657.4 samples/s	Data 0.000s (0.002s)	Loss 0.38217 (0.40488)
2021-10-29 17:33:59,124 Epoch: [5][80/200]	Time 0.049s (0.050s)	Speed 655.3 samples/s	Data 0.000s (0.001s)	Loss 0.35352 (0.40196)
2021-10-29 17:33:59,616 Epoch: [5][90/200]	Time 0.049s (0.050s)	Speed 656.6 samples/s	Data 0.000s (0.001s)	Loss 0.35741 (0.40230)
2021-10-29 17:34:00,111 Epoch: [5][100/200]	Time 0.049s (0.050s)	Speed 657.7 samples/s	Data 0.000s (0.001s)	Loss 0.46564 (0.40206)
2021-10-29 17:34:00,605 Epoch: [5][110/200]	Time 0.049s (0.050s)	Speed 656.3 samples/s	Data 0.000s (0.001s)	Loss 0.42454 (0.40405)
2021-10-29 17:34:01,098 Epoch: [5][120/200]	Time 0.049s (0.050s)	Speed 655.4 samples/s	Data 0.000s (0.001s)	Loss 0.37479 (0.40307)
2021-10-29 17:34:01,591 Epoch: [5][130/200]	Time 0.049s (0.050s)	Speed 658.0 samples/s	Data 0.000s (0.001s)	Loss 0.46456 (0.40501)
2021-10-29 17:34:02,084 Epoch: [5][140/200]	Time 0.049s (0.050s)	Speed 654.6 samples/s	Data 0.000s (0.001s)	Loss 0.42312 (0.40546)
2021-10-29 17:34:02,578 Epoch: [5][150/200]	Time 0.049s (0.050s)	Speed 656.5 samples/s	Data 0.000s (0.001s)	Loss 0.43210 (0.40499)
2021-10-29 17:34:03,071 Epoch: [5][160/200]	Time 0.049s (0.050s)	Speed 658.8 samples/s	Data 0.000s (0.001s)	Loss 0.41916 (0.40420)
2021-10-29 17:34:03,566 Epoch: [5][170/200]	Time 0.049s (0.050s)	Speed 654.0 samples/s	Data 0.000s (0.001s)	Loss 0.41637 (0.40440)
2021-10-29 17:34:04,059 Epoch: [5][180/200]	Time 0.049s (0.050s)	Speed 658.7 samples/s	Data 0.000s (0.001s)	Loss 0.41820 (0.40562)
2021-10-29 17:34:04,551 Epoch: [5][190/200]	Time 0.049s (0.050s)	Speed 656.2 samples/s	Data 0.000s (0.001s)	Loss 0.36393 (0.40617)
2021-10-29 17:34:05,067 Test: [0/200]	Time 0.036 (0.036)	Loss 0.8290 (0.8290)
2021-10-29 17:34:05,132 Test: [10/200]	Time 0.006 (0.009)	Loss 0.2660 (0.6746)
2021-10-29 17:34:05,203 Test: [20/200]	Time 0.006 (0.008)	Loss 0.5293 (0.7033)
2021-10-29 17:34:05,270 Test: [30/200]	Time 0.007 (0.008)	Loss 1.0341 (0.7227)
2021-10-29 17:34:05,341 Test: [40/200]	Time 0.006 (0.008)	Loss 0.7468 (0.7504)
2021-10-29 17:34:05,404 Test: [50/200]	Time 0.007 (0.007)	Loss 0.8568 (0.7578)
2021-10-29 17:34:05,471 Test: [60/200]	Time 0.007 (0.007)	Loss 0.9170 (0.7564)
2021-10-29 17:34:05,541 Test: [70/200]	Time 0.006 (0.007)	Loss 0.7476 (0.7543)
2021-10-29 17:34:05,610 Test: [80/200]	Time 0.005 (0.007)	Loss 0.9951 (0.7445)
2021-10-29 17:34:05,673 Test: [90/200]	Time 0.005 (0.007)	Loss 0.9583 (0.7508)
2021-10-29 17:34:05,746 Test: [100/200]	Time 0.006 (0.007)	Loss 0.9870 (0.7488)
2021-10-29 17:34:05,819 Test: [110/200]	Time 0.006 (0.007)	Loss 0.8863 (0.7500)
2021-10-29 17:34:05,883 Test: [120/200]	Time 0.006 (0.007)	Loss 0.9112 (0.7455)
2021-10-29 17:34:05,954 Test: [130/200]	Time 0.006 (0.007)	Loss 0.6764 (0.7528)
2021-10-29 17:34:06,029 Test: [140/200]	Time 0.006 (0.007)	Loss 0.6539 (0.7499)
2021-10-29 17:34:06,103 Test: [150/200]	Time 0.005 (0.007)	Loss 0.8213 (0.7471)
2021-10-29 17:34:06,168 Test: [160/200]	Time 0.006 (0.007)	Loss 0.7087 (0.7459)
2021-10-29 17:34:06,235 Test: [170/200]	Time 0.006 (0.007)	Loss 0.5624 (0.7424)
2021-10-29 17:34:06,301 Test: [180/200]	Time 0.005 (0.007)	Loss 0.5667 (0.7377)
2021-10-29 17:34:06,368 Test: [190/200]	Time 0.006 (0.007)	Loss 0.6503 (0.7393)
2021-10-29 17:34:07,263 Mean IoU score: 0.077
2021-10-29 17:34:07,267 => saving checkpoint to out
2021-10-29 17:34:07,457 Epoch: [6][0/200]	Time 0.151s (0.151s)	Speed 212.1 samples/s	Data 0.100s (0.100s)	Loss 0.38330 (0.38330)
2021-10-29 17:34:07,949 Epoch: [6][10/200]	Time 0.049s (0.059s)	Speed 655.7 samples/s	Data 0.000s (0.009s)	Loss 0.46550 (0.38960)
2021-10-29 17:34:08,442 Epoch: [6][20/200]	Time 0.049s (0.054s)	Speed 655.4 samples/s	Data 0.000s (0.005s)	Loss 0.36256 (0.40087)
2021-10-29 17:34:08,935 Epoch: [6][30/200]	Time 0.049s (0.053s)	Speed 657.2 samples/s	Data 0.000s (0.004s)	Loss 0.39609 (0.40325)
2021-10-29 17:34:09,429 Epoch: [6][40/200]	Time 0.049s (0.052s)	Speed 655.8 samples/s	Data 0.000s (0.003s)	Loss 0.40539 (0.40267)
2021-10-29 17:34:09,921 Epoch: [6][50/200]	Time 0.049s (0.051s)	Speed 657.8 samples/s	Data 0.000s (0.002s)	Loss 0.39824 (0.40351)
2021-10-29 17:34:10,416 Epoch: [6][60/200]	Time 0.049s (0.051s)	Speed 656.2 samples/s	Data 0.000s (0.002s)	Loss 0.36643 (0.39968)
2021-10-29 17:34:10,909 Epoch: [6][70/200]	Time 0.049s (0.051s)	Speed 657.7 samples/s	Data 0.000s (0.002s)	Loss 0.37710 (0.39805)
2021-10-29 17:34:11,402 Epoch: [6][80/200]	Time 0.049s (0.051s)	Speed 654.3 samples/s	Data 0.000s (0.002s)	Loss 0.40154 (0.39889)
2021-10-29 17:34:11,895 Epoch: [6][90/200]	Time 0.049s (0.050s)	Speed 654.3 samples/s	Data 0.000s (0.001s)	Loss 0.40749 (0.39896)
2021-10-29 17:34:12,388 Epoch: [6][100/200]	Time 0.049s (0.050s)	Speed 656.4 samples/s	Data 0.000s (0.001s)	Loss 0.41250 (0.40039)
2021-10-29 17:34:12,881 Epoch: [6][110/200]	Time 0.049s (0.050s)	Speed 658.6 samples/s	Data 0.000s (0.001s)	Loss 0.34658 (0.39996)
2021-10-29 17:34:13,374 Epoch: [6][120/200]	Time 0.049s (0.050s)	Speed 659.5 samples/s	Data 0.000s (0.001s)	Loss 0.44330 (0.40081)
2021-10-29 17:34:13,866 Epoch: [6][130/200]	Time 0.049s (0.050s)	Speed 659.0 samples/s	Data 0.000s (0.001s)	Loss 0.33168 (0.40006)
2021-10-29 17:34:14,360 Epoch: [6][140/200]	Time 0.049s (0.050s)	Speed 654.9 samples/s	Data 0.000s (0.001s)	Loss 0.39893 (0.39946)
2021-10-29 17:34:14,852 Epoch: [6][150/200]	Time 0.049s (0.050s)	Speed 657.6 samples/s	Data 0.000s (0.001s)	Loss 0.40865 (0.40022)
2021-10-29 17:34:15,345 Epoch: [6][160/200]	Time 0.049s (0.050s)	Speed 653.3 samples/s	Data 0.000s (0.001s)	Loss 0.46469 (0.40232)
2021-10-29 17:34:15,838 Epoch: [6][170/200]	Time 0.048s (0.050s)	Speed 659.8 samples/s	Data 0.000s (0.001s)	Loss 0.40213 (0.40249)
2021-10-29 17:34:16,330 Epoch: [6][180/200]	Time 0.049s (0.050s)	Speed 657.4 samples/s	Data 0.000s (0.001s)	Loss 0.32957 (0.40401)
2021-10-29 17:34:16,823 Epoch: [6][190/200]	Time 0.049s (0.050s)	Speed 655.4 samples/s	Data 0.000s (0.001s)	Loss 0.44530 (0.40486)
2021-10-29 17:34:17,330 Test: [0/200]	Time 0.038 (0.038)	Loss 0.8282 (0.8282)
2021-10-29 17:34:17,398 Test: [10/200]	Time 0.006 (0.010)	Loss 0.2656 (0.6738)
2021-10-29 17:34:17,467 Test: [20/200]	Time 0.007 (0.008)	Loss 0.5291 (0.7025)
2021-10-29 17:34:17,535 Test: [30/200]	Time 0.006 (0.008)	Loss 1.0329 (0.7218)
2021-10-29 17:34:17,604 Test: [40/200]	Time 0.006 (0.008)	Loss 0.7463 (0.7497)
2021-10-29 17:34:17,673 Test: [50/200]	Time 0.006 (0.007)	Loss 0.8571 (0.7569)
2021-10-29 17:34:17,739 Test: [60/200]	Time 0.006 (0.007)	Loss 0.9152 (0.7555)
2021-10-29 17:34:17,805 Test: [70/200]	Time 0.006 (0.007)	Loss 0.7486 (0.7534)
2021-10-29 17:34:17,874 Test: [80/200]	Time 0.008 (0.007)	Loss 0.9938 (0.7437)
2021-10-29 17:34:17,944 Test: [90/200]	Time 0.006 (0.007)	Loss 0.9568 (0.7499)
2021-10-29 17:34:18,010 Test: [100/200]	Time 0.006 (0.007)	Loss 0.9874 (0.7480)
2021-10-29 17:34:18,077 Test: [110/200]	Time 0.006 (0.007)	Loss 0.8855 (0.7492)
2021-10-29 17:34:18,148 Test: [120/200]	Time 0.008 (0.007)	Loss 0.9102 (0.7447)
2021-10-29 17:34:18,215 Test: [130/200]	Time 0.006 (0.007)	Loss 0.6755 (0.7520)
2021-10-29 17:34:18,281 Test: [140/200]	Time 0.006 (0.007)	Loss 0.6541 (0.7491)
2021-10-29 17:34:18,354 Test: [150/200]	Time 0.006 (0.007)	Loss 0.8194 (0.7463)
2021-10-29 17:34:18,416 Test: [160/200]	Time 0.006 (0.007)	Loss 0.7067 (0.7452)
2021-10-29 17:34:18,483 Test: [170/200]	Time 0.006 (0.007)	Loss 0.5614 (0.7416)
2021-10-29 17:34:18,547 Test: [180/200]	Time 0.007 (0.007)	Loss 0.5660 (0.7370)
2021-10-29 17:34:18,613 Test: [190/200]	Time 0.006 (0.007)	Loss 0.6492 (0.7385)
2021-10-29 17:34:19,521 Mean IoU score: 0.077
2021-10-29 17:34:19,525 => saving checkpoint to out
2021-10-29 17:34:19,712 Epoch: [7][0/200]	Time 0.149s (0.149s)	Speed 215.0 samples/s	Data 0.099s (0.099s)	Loss 0.42788 (0.42788)
2021-10-29 17:34:20,204 Epoch: [7][10/200]	Time 0.049s (0.058s)	Speed 657.3 samples/s	Data 0.000s (0.009s)	Loss 0.38886 (0.40990)
2021-10-29 17:34:20,699 Epoch: [7][20/200]	Time 0.049s (0.054s)	Speed 658.6 samples/s	Data 0.000s (0.005s)	Loss 0.48378 (0.41963)
2021-10-29 17:34:21,192 Epoch: [7][30/200]	Time 0.049s (0.053s)	Speed 656.1 samples/s	Data 0.000s (0.004s)	Loss 0.45327 (0.41745)
2021-10-29 17:34:21,685 Epoch: [7][40/200]	Time 0.049s (0.052s)	Speed 656.4 samples/s	Data 0.000s (0.003s)	Loss 0.36258 (0.41585)
2021-10-29 17:34:22,178 Epoch: [7][50/200]	Time 0.049s (0.051s)	Speed 655.9 samples/s	Data 0.000s (0.002s)	Loss 0.41851 (0.41203)
2021-10-29 17:34:22,672 Epoch: [7][60/200]	Time 0.049s (0.051s)	Speed 651.9 samples/s	Data 0.000s (0.002s)	Loss 0.39937 (0.41150)
2021-10-29 17:34:23,165 Epoch: [7][70/200]	Time 0.049s (0.051s)	Speed 655.5 samples/s	Data 0.000s (0.002s)	Loss 0.38277 (0.40784)
2021-10-29 17:34:23,657 Epoch: [7][80/200]	Time 0.049s (0.051s)	Speed 656.9 samples/s	Data 0.000s (0.002s)	Loss 0.34648 (0.40705)
2021-10-29 17:34:24,149 Epoch: [7][90/200]	Time 0.049s (0.050s)	Speed 658.4 samples/s	Data 0.000s (0.001s)	Loss 0.43220 (0.40441)
2021-10-29 17:34:24,642 Epoch: [7][100/200]	Time 0.049s (0.050s)	Speed 657.6 samples/s	Data 0.000s (0.001s)	Loss 0.43258 (0.40628)
2021-10-29 17:34:25,136 Epoch: [7][110/200]	Time 0.049s (0.050s)	Speed 650.9 samples/s	Data 0.000s (0.001s)	Loss 0.31552 (0.40574)
2021-10-29 17:34:25,627 Epoch: [7][120/200]	Time 0.049s (0.050s)	Speed 658.7 samples/s	Data 0.000s (0.001s)	Loss 0.41615 (0.40796)
2021-10-29 17:34:26,120 Epoch: [7][130/200]	Time 0.049s (0.050s)	Speed 657.8 samples/s	Data 0.000s (0.001s)	Loss 0.40469 (0.40810)
2021-10-29 17:34:26,613 Epoch: [7][140/200]	Time 0.049s (0.050s)	Speed 653.8 samples/s	Data 0.000s (0.001s)	Loss 0.46232 (0.40597)
2021-10-29 17:34:27,105 Epoch: [7][150/200]	Time 0.049s (0.050s)	Speed 658.3 samples/s	Data 0.000s (0.001s)	Loss 0.36631 (0.40381)
2021-10-29 17:34:27,599 Epoch: [7][160/200]	Time 0.049s (0.050s)	Speed 650.7 samples/s	Data 0.000s (0.001s)	Loss 0.45479 (0.40375)
2021-10-29 17:34:28,093 Epoch: [7][170/200]	Time 0.049s (0.050s)	Speed 657.2 samples/s	Data 0.000s (0.001s)	Loss 0.44093 (0.40512)
2021-10-29 17:34:28,587 Epoch: [7][180/200]	Time 0.049s (0.050s)	Speed 657.4 samples/s	Data 0.000s (0.001s)	Loss 0.34733 (0.40486)
2021-10-29 17:34:29,080 Epoch: [7][190/200]	Time 0.049s (0.050s)	Speed 656.7 samples/s	Data 0.000s (0.001s)	Loss 0.37458 (0.40595)
2021-10-29 17:34:29,589 Test: [0/200]	Time 0.037 (0.037)	Loss 0.8287 (0.8287)
2021-10-29 17:34:29,658 Test: [10/200]	Time 0.006 (0.010)	Loss 0.2658 (0.6739)
2021-10-29 17:34:29,726 Test: [20/200]	Time 0.006 (0.008)	Loss 0.5291 (0.7025)
2021-10-29 17:34:29,793 Test: [30/200]	Time 0.006 (0.008)	Loss 1.0330 (0.7219)
2021-10-29 17:34:29,867 Test: [40/200]	Time 0.006 (0.008)	Loss 0.7462 (0.7497)
2021-10-29 17:34:29,935 Test: [50/200]	Time 0.006 (0.007)	Loss 0.8571 (0.7570)
2021-10-29 17:34:30,008 Test: [60/200]	Time 0.006 (0.007)	Loss 0.9155 (0.7555)
2021-10-29 17:34:30,073 Test: [70/200]	Time 0.006 (0.007)	Loss 0.7487 (0.7534)
2021-10-29 17:34:30,139 Test: [80/200]	Time 0.005 (0.007)	Loss 0.9940 (0.7437)
2021-10-29 17:34:30,206 Test: [90/200]	Time 0.005 (0.007)	Loss 0.9569 (0.7499)
2021-10-29 17:34:30,279 Test: [100/200]	Time 0.006 (0.007)	Loss 0.9877 (0.7480)
2021-10-29 17:34:30,347 Test: [110/200]	Time 0.006 (0.007)	Loss 0.8851 (0.7492)
2021-10-29 17:34:30,411 Test: [120/200]	Time 0.005 (0.007)	Loss 0.9098 (0.7447)
2021-10-29 17:34:30,475 Test: [130/200]	Time 0.006 (0.007)	Loss 0.6754 (0.7520)
2021-10-29 17:34:30,540 Test: [140/200]	Time 0.007 (0.007)	Loss 0.6533 (0.7491)
2021-10-29 17:34:30,603 Test: [150/200]	Time 0.006 (0.007)	Loss 0.8191 (0.7463)
2021-10-29 17:34:30,668 Test: [160/200]	Time 0.006 (0.007)	Loss 0.7069 (0.7451)
2021-10-29 17:34:30,740 Test: [170/200]	Time 0.006 (0.007)	Loss 0.5615 (0.7416)
2021-10-29 17:34:30,805 Test: [180/200]	Time 0.005 (0.007)	Loss 0.5661 (0.7369)
2021-10-29 17:34:30,868 Test: [190/200]	Time 0.006 (0.007)	Loss 0.6492 (0.7385)
2021-10-29 17:34:31,773 Mean IoU score: 0.077
2021-10-29 17:34:31,778 => saving checkpoint to out
2021-10-29 17:34:31,972 Epoch: [8][0/200]	Time 0.148s (0.148s)	Speed 216.9 samples/s	Data 0.097s (0.097s)	Loss 0.38399 (0.38399)
2021-10-29 17:34:32,466 Epoch: [8][10/200]	Time 0.048s (0.058s)	Speed 660.0 samples/s	Data 0.000s (0.009s)	Loss 0.40765 (0.39694)
2021-10-29 17:34:32,958 Epoch: [8][20/200]	Time 0.049s (0.054s)	Speed 657.8 samples/s	Data 0.000s (0.005s)	Loss 0.40491 (0.41123)
2021-10-29 17:34:33,451 Epoch: [8][30/200]	Time 0.049s (0.052s)	Speed 655.2 samples/s	Data 0.000s (0.003s)	Loss 0.40573 (0.40886)
2021-10-29 17:34:33,944 Epoch: [8][40/200]	Time 0.049s (0.052s)	Speed 658.3 samples/s	Data 0.000s (0.003s)	Loss 0.34299 (0.40727)
2021-10-29 17:34:34,436 Epoch: [8][50/200]	Time 0.049s (0.051s)	Speed 655.9 samples/s	Data 0.000s (0.002s)	Loss 0.44352 (0.41133)
2021-10-29 17:34:34,930 Epoch: [8][60/200]	Time 0.049s (0.051s)	Speed 655.8 samples/s	Data 0.000s (0.002s)	Loss 0.46542 (0.41062)
2021-10-29 17:34:35,423 Epoch: [8][70/200]	Time 0.049s (0.051s)	Speed 656.3 samples/s	Data 0.000s (0.002s)	Loss 0.41415 (0.40659)
2021-10-29 17:34:35,915 Epoch: [8][80/200]	Time 0.049s (0.050s)	Speed 658.5 samples/s	Data 0.000s (0.002s)	Loss 0.31765 (0.40561)
2021-10-29 17:34:36,409 Epoch: [8][90/200]	Time 0.048s (0.050s)	Speed 660.5 samples/s	Data 0.000s (0.001s)	Loss 0.34524 (0.40180)
2021-10-29 17:34:36,901 Epoch: [8][100/200]	Time 0.049s (0.050s)	Speed 659.1 samples/s	Data 0.000s (0.001s)	Loss 0.41845 (0.40259)
2021-10-29 17:34:37,394 Epoch: [8][110/200]	Time 0.049s (0.050s)	Speed 657.8 samples/s	Data 0.000s (0.001s)	Loss 0.45182 (0.40420)
2021-10-29 17:34:37,887 Epoch: [8][120/200]	Time 0.049s (0.050s)	Speed 655.1 samples/s	Data 0.000s (0.001s)	Loss 0.40888 (0.40658)
2021-10-29 17:34:38,381 Epoch: [8][130/200]	Time 0.049s (0.050s)	Speed 658.1 samples/s	Data 0.000s (0.001s)	Loss 0.31538 (0.40695)
2021-10-29 17:34:38,874 Epoch: [8][140/200]	Time 0.049s (0.050s)	Speed 657.8 samples/s	Data 0.000s (0.001s)	Loss 0.46224 (0.40810)
2021-10-29 17:34:39,370 Epoch: [8][150/200]	Time 0.049s (0.050s)	Speed 654.2 samples/s	Data 0.000s (0.001s)	Loss 0.34759 (0.40652)
2021-10-29 17:34:39,863 Epoch: [8][160/200]	Time 0.049s (0.050s)	Speed 658.7 samples/s	Data 0.000s (0.001s)	Loss 0.44521 (0.40671)
2021-10-29 17:34:40,356 Epoch: [8][170/200]	Time 0.049s (0.050s)	Speed 656.3 samples/s	Data 0.000s (0.001s)	Loss 0.39862 (0.40617)
2021-10-29 17:34:40,849 Epoch: [8][180/200]	Time 0.049s (0.050s)	Speed 657.6 samples/s	Data 0.000s (0.001s)	Loss 0.43212 (0.40655)
2021-10-29 17:34:41,342 Epoch: [8][190/200]	Time 0.049s (0.050s)	Speed 657.6 samples/s	Data 0.000s (0.001s)	Loss 0.42791 (0.40540)
2021-10-29 17:34:41,850 Test: [0/200]	Time 0.037 (0.037)	Loss 0.8308 (0.8308)
2021-10-29 17:34:41,922 Test: [10/200]	Time 0.005 (0.010)	Loss 0.2659 (0.6755)
2021-10-29 17:34:41,988 Test: [20/200]	Time 0.006 (0.008)	Loss 0.5294 (0.7042)
2021-10-29 17:34:42,057 Test: [30/200]	Time 0.006 (0.008)	Loss 1.0364 (0.7236)
2021-10-29 17:34:42,123 Test: [40/200]	Time 0.006 (0.008)	Loss 0.7482 (0.7518)
2021-10-29 17:34:42,191 Test: [50/200]	Time 0.006 (0.007)	Loss 0.8605 (0.7590)
2021-10-29 17:34:42,259 Test: [60/200]	Time 0.006 (0.007)	Loss 0.9187 (0.7576)
2021-10-29 17:34:42,331 Test: [70/200]	Time 0.006 (0.007)	Loss 0.7524 (0.7555)
2021-10-29 17:34:42,397 Test: [80/200]	Time 0.006 (0.007)	Loss 0.9965 (0.7458)
2021-10-29 17:34:42,467 Test: [90/200]	Time 0.006 (0.007)	Loss 0.9585 (0.7521)
2021-10-29 17:34:42,533 Test: [100/200]	Time 0.005 (0.007)	Loss 0.9903 (0.7501)
2021-10-29 17:34:42,596 Test: [110/200]	Time 0.005 (0.007)	Loss 0.8874 (0.7512)
2021-10-29 17:34:42,663 Test: [120/200]	Time 0.005 (0.007)	Loss 0.9124 (0.7468)
2021-10-29 17:34:42,730 Test: [130/200]	Time 0.006 (0.007)	Loss 0.6776 (0.7540)
2021-10-29 17:34:42,796 Test: [140/200]	Time 0.006 (0.007)	Loss 0.6561 (0.7512)
2021-10-29 17:34:42,859 Test: [150/200]	Time 0.006 (0.007)	Loss 0.8215 (0.7483)
2021-10-29 17:34:42,926 Test: [160/200]	Time 0.006 (0.007)	Loss 0.7096 (0.7472)
2021-10-29 17:34:42,993 Test: [170/200]	Time 0.006 (0.007)	Loss 0.5623 (0.7436)
2021-10-29 17:34:43,060 Test: [180/200]	Time 0.005 (0.007)	Loss 0.5664 (0.7389)
2021-10-29 17:34:43,125 Test: [190/200]	Time 0.006 (0.007)	Loss 0.6507 (0.7404)
2021-10-29 17:34:44,024 Mean IoU score: 0.077
2021-10-29 17:34:44,029 => saving checkpoint to out
2021-10-29 17:34:44,234 Epoch: [9][0/200]	Time 0.158s (0.158s)	Speed 202.1 samples/s	Data 0.108s (0.108s)	Loss 0.41709 (0.41709)
2021-10-29 17:34:44,727 Epoch: [9][10/200]	Time 0.049s (0.059s)	Speed 656.2 samples/s	Data 0.000s (0.010s)	Loss 0.41752 (0.40466)
2021-10-29 17:34:45,220 Epoch: [9][20/200]	Time 0.049s (0.054s)	Speed 653.8 samples/s	Data 0.000s (0.005s)	Loss 0.53687 (0.41394)
2021-10-29 17:34:45,713 Epoch: [9][30/200]	Time 0.049s (0.053s)	Speed 658.1 samples/s	Data 0.000s (0.004s)	Loss 0.39895 (0.41496)
2021-10-29 17:34:46,206 Epoch: [9][40/200]	Time 0.049s (0.052s)	Speed 656.0 samples/s	Data 0.000s (0.003s)	Loss 0.40858 (0.41798)
2021-10-29 17:34:46,698 Epoch: [9][50/200]	Time 0.049s (0.051s)	Speed 656.3 samples/s	Data 0.000s (0.002s)	Loss 0.30407 (0.41236)
2021-10-29 17:34:47,192 Epoch: [9][60/200]	Time 0.049s (0.051s)	Speed 656.2 samples/s	Data 0.000s (0.002s)	Loss 0.46163 (0.40897)
2021-10-29 17:34:47,684 Epoch: [9][70/200]	Time 0.049s (0.051s)	Speed 655.6 samples/s	Data 0.000s (0.002s)	Loss 0.36174 (0.40730)
2021-10-29 17:34:48,178 Epoch: [9][80/200]	Time 0.049s (0.051s)	Speed 657.0 samples/s	Data 0.000s (0.002s)	Loss 0.34149 (0.40852)
2021-10-29 17:34:48,672 Epoch: [9][90/200]	Time 0.049s (0.051s)	Speed 652.3 samples/s	Data 0.000s (0.002s)	Loss 0.43239 (0.40663)
2021-10-29 17:34:49,166 Epoch: [9][100/200]	Time 0.049s (0.050s)	Speed 655.3 samples/s	Data 0.000s (0.001s)	Loss 0.55561 (0.40789)
2021-10-29 17:34:49,659 Epoch: [9][110/200]	Time 0.049s (0.050s)	Speed 655.5 samples/s	Data 0.000s (0.001s)	Loss 0.45481 (0.40753)
2021-10-29 17:34:50,152 Epoch: [9][120/200]	Time 0.049s (0.050s)	Speed 657.1 samples/s	Data 0.000s (0.001s)	Loss 0.39924 (0.40541)
2021-10-29 17:34:50,645 Epoch: [9][130/200]	Time 0.049s (0.050s)	Speed 656.0 samples/s	Data 0.000s (0.001s)	Loss 0.31482 (0.40653)
2021-10-29 17:34:51,137 Epoch: [9][140/200]	Time 0.049s (0.050s)	Speed 653.8 samples/s	Data 0.000s (0.001s)	Loss 0.42653 (0.40650)
2021-10-29 17:34:51,631 Epoch: [9][150/200]	Time 0.049s (0.050s)	Speed 656.4 samples/s	Data 0.000s (0.001s)	Loss 0.36608 (0.40648)
2021-10-29 17:34:52,123 Epoch: [9][160/200]	Time 0.049s (0.050s)	Speed 655.5 samples/s	Data 0.000s (0.001s)	Loss 0.40554 (0.40688)
2021-10-29 17:34:52,617 Epoch: [9][170/200]	Time 0.049s (0.050s)	Speed 657.7 samples/s	Data 0.000s (0.001s)	Loss 0.40468 (0.40578)
2021-10-29 17:34:53,110 Epoch: [9][180/200]	Time 0.049s (0.050s)	Speed 656.0 samples/s	Data 0.000s (0.001s)	Loss 0.36080 (0.40556)
2021-10-29 17:34:53,603 Epoch: [9][190/200]	Time 0.049s (0.050s)	Speed 657.0 samples/s	Data 0.000s (0.001s)	Loss 0.33129 (0.40476)
2021-10-29 17:34:54,122 Test: [0/200]	Time 0.037 (0.037)	Loss 0.8305 (0.8305)
2021-10-29 17:34:54,190 Test: [10/200]	Time 0.006 (0.010)	Loss 0.2656 (0.6748)
2021-10-29 17:34:54,256 Test: [20/200]	Time 0.006 (0.008)	Loss 0.5292 (0.7034)
2021-10-29 17:34:54,323 Test: [30/200]	Time 0.006 (0.008)	Loss 1.0354 (0.7229)
2021-10-29 17:34:54,392 Test: [40/200]	Time 0.006 (0.007)	Loss 0.7470 (0.7508)
2021-10-29 17:34:54,459 Test: [50/200]	Time 0.005 (0.007)	Loss 0.8589 (0.7580)
2021-10-29 17:34:54,526 Test: [60/200]	Time 0.006 (0.007)	Loss 0.9169 (0.7566)
2021-10-29 17:34:54,591 Test: [70/200]	Time 0.006 (0.007)	Loss 0.7509 (0.7545)
2021-10-29 17:34:54,658 Test: [80/200]	Time 0.006 (0.007)	Loss 0.9946 (0.7448)
2021-10-29 17:34:54,722 Test: [90/200]	Time 0.005 (0.007)	Loss 0.9578 (0.7510)
2021-10-29 17:34:54,787 Test: [100/200]	Time 0.006 (0.007)	Loss 0.9899 (0.7491)
2021-10-29 17:34:54,852 Test: [110/200]	Time 0.007 (0.007)	Loss 0.8862 (0.7503)
2021-10-29 17:34:54,916 Test: [120/200]	Time 0.006 (0.007)	Loss 0.9110 (0.7458)
2021-10-29 17:34:54,980 Test: [130/200]	Time 0.006 (0.007)	Loss 0.6767 (0.7530)
2021-10-29 17:34:55,045 Test: [140/200]	Time 0.006 (0.007)	Loss 0.6545 (0.7502)
2021-10-29 17:34:55,113 Test: [150/200]	Time 0.007 (0.007)	Loss 0.8199 (0.7473)
2021-10-29 17:34:55,180 Test: [160/200]	Time 0.005 (0.007)	Loss 0.7081 (0.7462)
2021-10-29 17:34:55,243 Test: [170/200]	Time 0.006 (0.007)	Loss 0.5615 (0.7426)
2021-10-29 17:34:55,309 Test: [180/200]	Time 0.005 (0.007)	Loss 0.5661 (0.7379)
2021-10-29 17:34:55,382 Test: [190/200]	Time 0.006 (0.007)	Loss 0.6493 (0.7395)
2021-10-29 17:34:56,297 Mean IoU score: 0.077
2021-10-29 17:34:56,302 => saving checkpoint to out
2021-10-29 17:34:56,491 Epoch: [10][0/200]	Time 0.150s (0.150s)	Speed 212.7 samples/s	Data 0.101s (0.101s)	Loss 0.32838 (0.32838)
2021-10-29 17:34:56,984 Epoch: [10][10/200]	Time 0.049s (0.059s)	Speed 657.7 samples/s	Data 0.000s (0.010s)	Loss 0.34503 (0.38966)
2021-10-29 17:34:57,477 Epoch: [10][20/200]	Time 0.049s (0.054s)	Speed 656.9 samples/s	Data 0.000s (0.005s)	Loss 0.42545 (0.38452)
2021-10-29 17:34:57,970 Epoch: [10][30/200]	Time 0.049s (0.053s)	Speed 653.7 samples/s	Data 0.000s (0.004s)	Loss 0.38514 (0.39112)
2021-10-29 17:34:58,463 Epoch: [10][40/200]	Time 0.049s (0.052s)	Speed 655.7 samples/s	Data 0.000s (0.003s)	Loss 0.34625 (0.39873)
2021-10-29 17:34:58,956 Epoch: [10][50/200]	Time 0.049s (0.051s)	Speed 655.7 samples/s	Data 0.000s (0.002s)	Loss 0.48340 (0.39985)
2021-10-29 17:34:59,448 Epoch: [10][60/200]	Time 0.049s (0.051s)	Speed 656.2 samples/s	Data 0.000s (0.002s)	Loss 0.51081 (0.40216)
2021-10-29 17:34:59,941 Epoch: [10][70/200]	Time 0.049s (0.051s)	Speed 658.6 samples/s	Data 0.000s (0.002s)	Loss 0.38247 (0.40243)
2021-10-29 17:35:00,436 Epoch: [10][80/200]	Time 0.049s (0.051s)	Speed 658.7 samples/s	Data 0.000s (0.002s)	Loss 0.44106 (0.40246)
2021-10-29 17:35:00,931 Epoch: [10][90/200]	Time 0.049s (0.050s)	Speed 657.6 samples/s	Data 0.000s (0.001s)	Loss 0.34315 (0.40095)
2021-10-29 17:35:01,424 Epoch: [10][100/200]	Time 0.049s (0.050s)	Speed 657.4 samples/s	Data 0.000s (0.001s)	Loss 0.39315 (0.40185)
2021-10-29 17:35:01,917 Epoch: [10][110/200]	Time 0.049s (0.050s)	Speed 653.5 samples/s	Data 0.000s (0.001s)	Loss 0.33747 (0.40217)
2021-10-29 17:35:02,411 Epoch: [10][120/200]	Time 0.049s (0.050s)	Speed 658.9 samples/s	Data 0.000s (0.001s)	Loss 0.43357 (0.40552)
2021-10-29 17:35:02,904 Epoch: [10][130/200]	Time 0.049s (0.050s)	Speed 656.1 samples/s	Data 0.000s (0.001s)	Loss 0.44326 (0.40580)
2021-10-29 17:35:03,397 Epoch: [10][140/200]	Time 0.049s (0.050s)	Speed 657.9 samples/s	Data 0.000s (0.001s)	Loss 0.41547 (0.40633)
2021-10-29 17:35:03,890 Epoch: [10][150/200]	Time 0.049s (0.050s)	Speed 657.4 samples/s	Data 0.000s (0.001s)	Loss 0.40449 (0.40633)
2021-10-29 17:35:04,382 Epoch: [10][160/200]	Time 0.049s (0.050s)	Speed 655.7 samples/s	Data 0.000s (0.001s)	Loss 0.40462 (0.40678)
2021-10-29 17:35:04,876 Epoch: [10][170/200]	Time 0.049s (0.050s)	Speed 656.6 samples/s	Data 0.000s (0.001s)	Loss 0.45164 (0.40806)
2021-10-29 17:35:05,368 Epoch: [10][180/200]	Time 0.049s (0.050s)	Speed 657.4 samples/s	Data 0.000s (0.001s)	Loss 0.38365 (0.40670)
2021-10-29 17:35:05,861 Epoch: [10][190/200]	Time 0.049s (0.050s)	Speed 657.2 samples/s	Data 0.000s (0.001s)	Loss 0.41593 (0.40634)
2021-10-29 17:35:06,381 Test: [0/200]	Time 0.038 (0.038)	Loss 0.8344 (0.8344)
2021-10-29 17:35:06,449 Test: [10/200]	Time 0.006 (0.010)	Loss 0.2656 (0.6769)
2021-10-29 17:35:06,518 Test: [20/200]	Time 0.006 (0.008)	Loss 0.5293 (0.7053)
2021-10-29 17:35:06,585 Test: [30/200]	Time 0.006 (0.008)	Loss 1.0373 (0.7248)
2021-10-29 17:35:06,656 Test: [40/200]	Time 0.006 (0.008)	Loss 0.7501 (0.7530)
2021-10-29 17:35:06,726 Test: [50/200]	Time 0.006 (0.008)	Loss 0.8622 (0.7600)
2021-10-29 17:35:06,801 Test: [60/200]	Time 0.006 (0.008)	Loss 0.9189 (0.7586)
2021-10-29 17:35:06,867 Test: [70/200]	Time 0.006 (0.007)	Loss 0.7535 (0.7565)
2021-10-29 17:35:06,940 Test: [80/200]	Time 0.006 (0.007)	Loss 0.9967 (0.7468)
2021-10-29 17:35:07,006 Test: [90/200]	Time 0.005 (0.007)	Loss 0.9597 (0.7531)
2021-10-29 17:35:07,073 Test: [100/200]	Time 0.006 (0.007)	Loss 0.9946 (0.7512)
2021-10-29 17:35:07,143 Test: [110/200]	Time 0.008 (0.007)	Loss 0.8880 (0.7523)
2021-10-29 17:35:07,213 Test: [120/200]	Time 0.006 (0.007)	Loss 0.9125 (0.7478)
2021-10-29 17:35:07,278 Test: [130/200]	Time 0.005 (0.007)	Loss 0.6791 (0.7551)
2021-10-29 17:35:07,342 Test: [140/200]	Time 0.006 (0.007)	Loss 0.6578 (0.7523)
2021-10-29 17:35:07,406 Test: [150/200]	Time 0.006 (0.007)	Loss 0.8195 (0.7493)
2021-10-29 17:35:07,470 Test: [160/200]	Time 0.005 (0.007)	Loss 0.7089 (0.7482)
2021-10-29 17:35:07,539 Test: [170/200]	Time 0.006 (0.007)	Loss 0.5619 (0.7445)
2021-10-29 17:35:07,603 Test: [180/200]	Time 0.006 (0.007)	Loss 0.5669 (0.7399)
2021-10-29 17:35:07,667 Test: [190/200]	Time 0.006 (0.007)	Loss 0.6505 (0.7414)
2021-10-29 17:35:08,575 Mean IoU score: 0.077
2021-10-29 17:35:08,580 => saving checkpoint to out
2021-10-29 17:35:08,758 Epoch: [11][0/200]	Time 0.145s (0.145s)	Speed 221.3 samples/s	Data 0.094s (0.094s)	Loss 0.38613 (0.38613)
2021-10-29 17:35:09,253 Epoch: [11][10/200]	Time 0.049s (0.058s)	Speed 654.9 samples/s	Data 0.000s (0.009s)	Loss 0.44323 (0.39275)
2021-10-29 17:35:09,746 Epoch: [11][20/200]	Time 0.049s (0.054s)	Speed 658.0 samples/s	Data 0.000s (0.005s)	Loss 0.46405 (0.39237)
2021-10-29 17:35:10,239 Epoch: [11][30/200]	Time 0.049s (0.052s)	Speed 656.4 samples/s	Data 0.000s (0.003s)	Loss 0.40545 (0.39444)
2021-10-29 17:35:10,732 Epoch: [11][40/200]	Time 0.049s (0.052s)	Speed 657.4 samples/s	Data 0.000s (0.003s)	Loss 0.47943 (0.39899)
2021-10-29 17:35:11,225 Epoch: [11][50/200]	Time 0.049s (0.051s)	Speed 659.3 samples/s	Data 0.000s (0.002s)	Loss 0.39906 (0.40118)
2021-10-29 17:35:11,718 Epoch: [11][60/200]	Time 0.049s (0.051s)	Speed 657.8 samples/s	Data 0.000s (0.002s)	Loss 0.41430 (0.40190)
2021-10-29 17:35:12,211 Epoch: [11][70/200]	Time 0.049s (0.051s)	Speed 654.4 samples/s	Data 0.000s (0.002s)	Loss 0.40825 (0.40077)
2021-10-29 17:35:12,704 Epoch: [11][80/200]	Time 0.049s (0.050s)	Speed 657.4 samples/s	Data 0.000s (0.002s)	Loss 0.39677 (0.39947)
2021-10-29 17:35:13,196 Epoch: [11][90/200]	Time 0.049s (0.050s)	Speed 655.6 samples/s	Data 0.000s (0.001s)	Loss 0.44578 (0.40020)
2021-10-29 17:35:13,690 Epoch: [11][100/200]	Time 0.049s (0.050s)	Speed 657.7 samples/s	Data 0.000s (0.001s)	Loss 0.41063 (0.40166)
2021-10-29 17:35:14,183 Epoch: [11][110/200]	Time 0.049s (0.050s)	Speed 659.0 samples/s	Data 0.000s (0.001s)	Loss 0.47829 (0.40059)
2021-10-29 17:35:14,675 Epoch: [11][120/200]	Time 0.049s (0.050s)	Speed 657.1 samples/s	Data 0.000s (0.001s)	Loss 0.36588 (0.40124)
2021-10-29 17:35:15,168 Epoch: [11][130/200]	Time 0.049s (0.050s)	Speed 658.9 samples/s	Data 0.000s (0.001s)	Loss 0.40299 (0.40152)
2021-10-29 17:35:15,660 Epoch: [11][140/200]	Time 0.049s (0.050s)	Speed 658.4 samples/s	Data 0.000s (0.001s)	Loss 0.51105 (0.40480)
2021-10-29 17:35:16,154 Epoch: [11][150/200]	Time 0.049s (0.050s)	Speed 656.3 samples/s	Data 0.000s (0.001s)	Loss 0.47378 (0.40410)
2021-10-29 17:35:16,648 Epoch: [11][160/200]	Time 0.049s (0.050s)	Speed 657.1 samples/s	Data 0.000s (0.001s)	Loss 0.47082 (0.40499)
2021-10-29 17:35:17,141 Epoch: [11][170/200]	Time 0.049s (0.050s)	Speed 657.1 samples/s	Data 0.000s (0.001s)	Loss 0.45620 (0.40640)
2021-10-29 17:35:17,633 Epoch: [11][180/200]	Time 0.049s (0.050s)	Speed 656.1 samples/s	Data 0.000s (0.001s)	Loss 0.37553 (0.40639)
2021-10-29 17:35:18,126 Epoch: [11][190/200]	Time 0.049s (0.050s)	Speed 658.3 samples/s	Data 0.000s (0.001s)	Loss 0.39578 (0.40553)
2021-10-29 17:35:18,634 Test: [0/200]	Time 0.036 (0.036)	Loss 0.8305 (0.8305)
2021-10-29 17:35:18,704 Test: [10/200]	Time 0.006 (0.010)	Loss 0.2655 (0.6746)
2021-10-29 17:35:18,771 Test: [20/200]	Time 0.006 (0.008)	Loss 0.5291 (0.7032)
2021-10-29 17:35:18,839 Test: [30/200]	Time 0.006 (0.008)	Loss 1.0340 (0.7226)
2021-10-29 17:35:18,912 Test: [40/200]	Time 0.006 (0.008)	Loss 0.7473 (0.7505)
2021-10-29 17:35:18,976 Test: [50/200]	Time 0.006 (0.007)	Loss 0.8582 (0.7577)
2021-10-29 17:35:19,042 Test: [60/200]	Time 0.006 (0.007)	Loss 0.9164 (0.7562)
2021-10-29 17:35:19,117 Test: [70/200]	Time 0.006 (0.007)	Loss 0.7502 (0.7541)
2021-10-29 17:35:19,191 Test: [80/200]	Time 0.007 (0.007)	Loss 0.9948 (0.7444)
2021-10-29 17:35:19,260 Test: [90/200]	Time 0.006 (0.007)	Loss 0.9575 (0.7507)
2021-10-29 17:35:19,325 Test: [100/200]	Time 0.006 (0.007)	Loss 0.9903 (0.7487)
2021-10-29 17:35:19,396 Test: [110/200]	Time 0.006 (0.007)	Loss 0.8858 (0.7499)
2021-10-29 17:35:19,460 Test: [120/200]	Time 0.006 (0.007)	Loss 0.9103 (0.7454)
2021-10-29 17:35:19,528 Test: [130/200]	Time 0.006 (0.007)	Loss 0.6764 (0.7527)
2021-10-29 17:35:19,594 Test: [140/200]	Time 0.005 (0.007)	Loss 0.6539 (0.7498)
2021-10-29 17:35:19,659 Test: [150/200]	Time 0.006 (0.007)	Loss 0.8192 (0.7470)
2021-10-29 17:35:19,726 Test: [160/200]	Time 0.006 (0.007)	Loss 0.7071 (0.7458)
2021-10-29 17:35:19,791 Test: [170/200]	Time 0.005 (0.007)	Loss 0.5614 (0.7422)
2021-10-29 17:35:19,856 Test: [180/200]	Time 0.005 (0.007)	Loss 0.5660 (0.7376)
2021-10-29 17:35:19,920 Test: [190/200]	Time 0.006 (0.007)	Loss 0.6492 (0.7391)
2021-10-29 17:35:20,859 Mean IoU score: 0.077
2021-10-29 17:35:20,864 => saving checkpoint to out
2021-10-29 17:35:21,057 Epoch: [12][0/200]	Time 0.153s (0.153s)	Speed 208.5 samples/s	Data 0.103s (0.103s)	Loss 0.46232 (0.46232)
2021-10-29 17:35:21,550 Epoch: [12][10/200]	Time 0.049s (0.059s)	Speed 655.7 samples/s	Data 0.000s (0.010s)	Loss 0.46432 (0.44813)
2021-10-29 17:35:22,043 Epoch: [12][20/200]	Time 0.049s (0.054s)	Speed 657.2 samples/s	Data 0.000s (0.005s)	Loss 0.44504 (0.42491)
2021-10-29 17:35:22,535 Epoch: [12][30/200]	Time 0.049s (0.053s)	Speed 655.1 samples/s	Data 0.000s (0.004s)	Loss 0.44383 (0.42027)
2021-10-29 17:35:23,028 Epoch: [12][40/200]	Time 0.049s (0.052s)	Speed 657.6 samples/s	Data 0.000s (0.003s)	Loss 0.41976 (0.41945)
2021-10-29 17:35:23,522 Epoch: [12][50/200]	Time 0.049s (0.051s)	Speed 658.2 samples/s	Data 0.000s (0.002s)	Loss 0.41541 (0.41678)
2021-10-29 17:35:24,015 Epoch: [12][60/200]	Time 0.049s (0.051s)	Speed 656.4 samples/s	Data 0.000s (0.002s)	Loss 0.35537 (0.41466)
2021-10-29 17:35:24,507 Epoch: [12][70/200]	Time 0.049s (0.051s)	Speed 657.0 samples/s	Data 0.000s (0.002s)	Loss 0.42443 (0.41226)
2021-10-29 17:35:24,999 Epoch: [12][80/200]	Time 0.049s (0.051s)	Speed 657.0 samples/s	Data 0.000s (0.002s)	Loss 0.44406 (0.41244)
2021-10-29 17:35:25,492 Epoch: [12][90/200]	Time 0.049s (0.050s)	Speed 655.9 samples/s	Data 0.000s (0.001s)	Loss 0.36179 (0.41161)
2021-10-29 17:35:25,985 Epoch: [12][100/200]	Time 0.049s (0.050s)	Speed 654.9 samples/s	Data 0.000s (0.001s)	Loss 0.39681 (0.40910)
2021-10-29 17:35:26,478 Epoch: [12][110/200]	Time 0.049s (0.050s)	Speed 658.8 samples/s	Data 0.000s (0.001s)	Loss 0.35335 (0.40915)
2021-10-29 17:35:26,972 Epoch: [12][120/200]	Time 0.049s (0.050s)	Speed 655.6 samples/s	Data 0.000s (0.001s)	Loss 0.34506 (0.40771)
2021-10-29 17:35:27,464 Epoch: [12][130/200]	Time 0.049s (0.050s)	Speed 656.4 samples/s	Data 0.000s (0.001s)	Loss 0.41004 (0.40860)
2021-10-29 17:35:27,956 Epoch: [12][140/200]	Time 0.049s (0.050s)	Speed 655.8 samples/s	Data 0.000s (0.001s)	Loss 0.40512 (0.40780)
2021-10-29 17:35:28,449 Epoch: [12][150/200]	Time 0.049s (0.050s)	Speed 658.3 samples/s	Data 0.000s (0.001s)	Loss 0.40465 (0.40836)
2021-10-29 17:35:28,940 Epoch: [12][160/200]	Time 0.049s (0.050s)	Speed 659.0 samples/s	Data 0.000s (0.001s)	Loss 0.48991 (0.40800)
2021-10-29 17:35:29,433 Epoch: [12][170/200]	Time 0.048s (0.050s)	Speed 660.7 samples/s	Data 0.000s (0.001s)	Loss 0.38278 (0.40866)
2021-10-29 17:35:29,925 Epoch: [12][180/200]	Time 0.048s (0.050s)	Speed 660.1 samples/s	Data 0.000s (0.001s)	Loss 0.33067 (0.40776)
2021-10-29 17:35:30,417 Epoch: [12][190/200]	Time 0.049s (0.050s)	Speed 658.1 samples/s	Data 0.000s (0.001s)	Loss 0.35462 (0.40664)
2021-10-29 17:35:30,935 Test: [0/200]	Time 0.037 (0.037)	Loss 0.8301 (0.8301)
2021-10-29 17:35:31,005 Test: [10/200]	Time 0.007 (0.010)	Loss 0.2654 (0.6746)
2021-10-29 17:35:31,073 Test: [20/200]	Time 0.006 (0.008)	Loss 0.5291 (0.7032)
2021-10-29 17:35:31,142 Test: [30/200]	Time 0.007 (0.008)	Loss 1.0348 (0.7226)
2021-10-29 17:35:31,209 Test: [40/200]	Time 0.006 (0.008)	Loss 0.7471 (0.7506)
2021-10-29 17:35:31,275 Test: [50/200]	Time 0.006 (0.007)	Loss 0.8594 (0.7578)
2021-10-29 17:35:31,339 Test: [60/200]	Time 0.006 (0.007)	Loss 0.9166 (0.7563)
2021-10-29 17:35:31,401 Test: [70/200]	Time 0.005 (0.007)	Loss 0.7500 (0.7542)
2021-10-29 17:35:31,467 Test: [80/200]	Time 0.006 (0.007)	Loss 0.9944 (0.7445)
2021-10-29 17:35:31,530 Test: [90/200]	Time 0.005 (0.007)	Loss 0.9574 (0.7507)
2021-10-29 17:35:31,594 Test: [100/200]	Time 0.006 (0.007)	Loss 0.9897 (0.7488)
2021-10-29 17:35:31,662 Test: [110/200]	Time 0.005 (0.007)	Loss 0.8863 (0.7500)
2021-10-29 17:35:31,730 Test: [120/200]	Time 0.006 (0.007)	Loss 0.9109 (0.7455)
2021-10-29 17:35:31,800 Test: [130/200]	Time 0.006 (0.007)	Loss 0.6765 (0.7528)
2021-10-29 17:35:31,868 Test: [140/200]	Time 0.005 (0.007)	Loss 0.6544 (0.7499)
2021-10-29 17:35:31,933 Test: [150/200]	Time 0.005 (0.007)	Loss 0.8193 (0.7470)
2021-10-29 17:35:32,008 Test: [160/200]	Time 0.007 (0.007)	Loss 0.7075 (0.7459)
2021-10-29 17:35:32,072 Test: [170/200]	Time 0.005 (0.007)	Loss 0.5613 (0.7423)
2021-10-29 17:35:32,137 Test: [180/200]	Time 0.005 (0.007)	Loss 0.5663 (0.7377)
2021-10-29 17:35:32,206 Test: [190/200]	Time 0.006 (0.007)	Loss 0.6490 (0.7392)
2021-10-29 17:35:33,123 Mean IoU score: 0.077
2021-10-29 17:35:33,134 => saving checkpoint to out
2021-10-29 17:35:33,319 Epoch: [13][0/200]	Time 0.147s (0.147s)	Speed 217.1 samples/s	Data 0.098s (0.098s)	Loss 0.31496 (0.31496)
2021-10-29 17:35:33,813 Epoch: [13][10/200]	Time 0.049s (0.058s)	Speed 658.6 samples/s	Data 0.000s (0.009s)	Loss 0.36724 (0.41015)
2021-10-29 17:35:34,308 Epoch: [13][20/200]	Time 0.050s (0.054s)	Speed 645.0 samples/s	Data 0.000s (0.005s)	Loss 0.33718 (0.39410)
2021-10-29 17:35:34,801 Epoch: [13][30/200]	Time 0.049s (0.053s)	Speed 655.7 samples/s	Data 0.000s (0.004s)	Loss 0.39938 (0.40343)
2021-10-29 17:35:35,293 Epoch: [13][40/200]	Time 0.049s (0.052s)	Speed 656.9 samples/s	Data 0.000s (0.003s)	Loss 0.45858 (0.40879)
2021-10-29 17:35:35,786 Epoch: [13][50/200]	Time 0.049s (0.051s)	Speed 653.1 samples/s	Data 0.000s (0.002s)	Loss 0.43611 (0.40538)
2021-10-29 17:35:36,278 Epoch: [13][60/200]	Time 0.049s (0.051s)	Speed 658.2 samples/s	Data 0.000s (0.002s)	Loss 0.43233 (0.40528)
2021-10-29 17:35:36,770 Epoch: [13][70/200]	Time 0.049s (0.051s)	Speed 657.2 samples/s	Data 0.000s (0.002s)	Loss 0.43663 (0.40211)
2021-10-29 17:35:37,262 Epoch: [13][80/200]	Time 0.049s (0.050s)	Speed 656.9 samples/s	Data 0.000s (0.002s)	Loss 0.41902 (0.40352)
2021-10-29 17:35:37,755 Epoch: [13][90/200]	Time 0.049s (0.050s)	Speed 656.9 samples/s	Data 0.000s (0.001s)	Loss 0.45813 (0.40538)
2021-10-29 17:35:38,247 Epoch: [13][100/200]	Time 0.049s (0.050s)	Speed 656.4 samples/s	Data 0.000s (0.001s)	Loss 0.31412 (0.40559)
2021-10-29 17:35:38,738 Epoch: [13][110/200]	Time 0.049s (0.050s)	Speed 657.6 samples/s	Data 0.000s (0.001s)	Loss 0.46944 (0.40700)
2021-10-29 17:35:39,230 Epoch: [13][120/200]	Time 0.049s (0.050s)	Speed 656.8 samples/s	Data 0.000s (0.001s)	Loss 0.40450 (0.40712)
2021-10-29 17:35:39,722 Epoch: [13][130/200]	Time 0.049s (0.050s)	Speed 658.5 samples/s	Data 0.000s (0.001s)	Loss 0.49026 (0.40726)
2021-10-29 17:35:40,215 Epoch: [13][140/200]	Time 0.049s (0.050s)	Speed 658.5 samples/s	Data 0.000s (0.001s)	Loss 0.45317 (0.40810)
2021-10-29 17:35:40,706 Epoch: [13][150/200]	Time 0.049s (0.050s)	Speed 657.9 samples/s	Data 0.000s (0.001s)	Loss 0.34778 (0.40706)
2021-10-29 17:35:41,199 Epoch: [13][160/200]	Time 0.049s (0.050s)	Speed 657.5 samples/s	Data 0.000s (0.001s)	Loss 0.40159 (0.40673)
2021-10-29 17:35:41,693 Epoch: [13][170/200]	Time 0.049s (0.050s)	Speed 658.0 samples/s	Data 0.000s (0.001s)	Loss 0.43292 (0.40764)
2021-10-29 17:35:42,184 Epoch: [13][180/200]	Time 0.049s (0.050s)	Speed 659.2 samples/s	Data 0.000s (0.001s)	Loss 0.40546 (0.40690)
2021-10-29 17:35:42,677 Epoch: [13][190/200]	Time 0.049s (0.050s)	Speed 657.4 samples/s	Data 0.000s (0.001s)	Loss 0.40425 (0.40592)
2021-10-29 17:35:43,199 Test: [0/200]	Time 0.041 (0.041)	Loss 0.8346 (0.8346)
2021-10-29 17:35:43,273 Test: [10/200]	Time 0.006 (0.010)	Loss 0.2654 (0.6765)
2021-10-29 17:35:43,340 Test: [20/200]	Time 0.006 (0.009)	Loss 0.5295 (0.7050)
2021-10-29 17:35:43,409 Test: [30/200]	Time 0.006 (0.008)	Loss 1.0379 (0.7245)
2021-10-29 17:35:43,476 Test: [40/200]	Time 0.005 (0.008)	Loss 0.7499 (0.7527)
2021-10-29 17:35:43,551 Test: [50/200]	Time 0.006 (0.008)	Loss 0.8620 (0.7597)
2021-10-29 17:35:43,623 Test: [60/200]	Time 0.007 (0.008)	Loss 0.9185 (0.7583)
2021-10-29 17:35:43,689 Test: [70/200]	Time 0.006 (0.007)	Loss 0.7538 (0.7562)
2021-10-29 17:35:43,753 Test: [80/200]	Time 0.006 (0.007)	Loss 0.9971 (0.7464)
2021-10-29 17:35:43,826 Test: [90/200]	Time 0.006 (0.007)	Loss 0.9593 (0.7527)
2021-10-29 17:35:43,892 Test: [100/200]	Time 0.005 (0.007)	Loss 0.9932 (0.7508)
2021-10-29 17:35:43,958 Test: [110/200]	Time 0.006 (0.007)	Loss 0.8882 (0.7519)
2021-10-29 17:35:44,021 Test: [120/200]	Time 0.006 (0.007)	Loss 0.9115 (0.7474)
2021-10-29 17:35:44,086 Test: [130/200]	Time 0.005 (0.007)	Loss 0.6782 (0.7547)
2021-10-29 17:35:44,150 Test: [140/200]	Time 0.006 (0.007)	Loss 0.6567 (0.7519)
2021-10-29 17:35:44,220 Test: [150/200]	Time 0.007 (0.007)	Loss 0.8199 (0.7489)
2021-10-29 17:35:44,287 Test: [160/200]	Time 0.006 (0.007)	Loss 0.7082 (0.7478)
2021-10-29 17:35:44,352 Test: [170/200]	Time 0.006 (0.007)	Loss 0.5620 (0.7441)
2021-10-29 17:35:44,425 Test: [180/200]	Time 0.006 (0.007)	Loss 0.5672 (0.7395)
2021-10-29 17:35:44,490 Test: [190/200]	Time 0.006 (0.007)	Loss 0.6501 (0.7410)
2021-10-29 17:35:45,404 Mean IoU score: 0.077
2021-10-29 17:35:45,409 => saving checkpoint to out
2021-10-29 17:35:45,604 Epoch: [14][0/200]	Time 0.155s (0.155s)	Speed 207.1 samples/s	Data 0.104s (0.104s)	Loss 0.34492 (0.34492)
2021-10-29 17:35:46,097 Epoch: [14][10/200]	Time 0.049s (0.059s)	Speed 659.7 samples/s	Data 0.000s (0.010s)	Loss 0.40750 (0.39806)
2021-10-29 17:35:46,589 Epoch: [14][20/200]	Time 0.049s (0.054s)	Speed 659.7 samples/s	Data 0.000s (0.005s)	Loss 0.39574 (0.40279)
2021-10-29 17:35:47,084 Epoch: [14][30/200]	Time 0.049s (0.053s)	Speed 654.2 samples/s	Data 0.000s (0.004s)	Loss 0.41389 (0.39571)
2021-10-29 17:35:47,579 Epoch: [14][40/200]	Time 0.049s (0.052s)	Speed 657.3 samples/s	Data 0.000s (0.003s)	Loss 0.36391 (0.40259)
2021-10-29 17:35:48,104 Epoch: [14][50/200]	Time 0.049s (0.052s)	Speed 654.4 samples/s	Data 0.000s (0.002s)	Loss 0.47832 (0.40452)
2021-10-29 17:35:48,627 Epoch: [14][60/200]	Time 0.056s (0.052s)	Speed 572.0 samples/s	Data 0.000s (0.002s)	Loss 0.34581 (0.40192)
2021-10-29 17:35:49,156 Epoch: [14][70/200]	Time 0.056s (0.052s)	Speed 568.5 samples/s	Data 0.000s (0.002s)	Loss 0.34694 (0.40388)
2021-10-29 17:35:49,685 Epoch: [14][80/200]	Time 0.049s (0.052s)	Speed 657.4 samples/s	Data 0.000s (0.002s)	Loss 0.44086 (0.40250)
2021-10-29 17:35:50,177 Epoch: [14][90/200]	Time 0.049s (0.052s)	Speed 659.5 samples/s	Data 0.000s (0.001s)	Loss 0.43042 (0.40604)
2021-10-29 17:35:50,670 Epoch: [14][100/200]	Time 0.049s (0.052s)	Speed 654.8 samples/s	Data 0.000s (0.001s)	Loss 0.43566 (0.40660)
2021-10-29 17:35:51,161 Epoch: [14][110/200]	Time 0.049s (0.051s)	Speed 657.0 samples/s	Data 0.000s (0.001s)	Loss 0.33200 (0.40870)
2021-10-29 17:35:51,653 Epoch: [14][120/200]	Time 0.049s (0.051s)	Speed 657.6 samples/s	Data 0.000s (0.001s)	Loss 0.42578 (0.40919)
2021-10-29 17:35:52,143 Epoch: [14][130/200]	Time 0.049s (0.051s)	Speed 658.5 samples/s	Data 0.000s (0.001s)	Loss 0.34803 (0.40774)
2021-10-29 17:35:52,633 Epoch: [14][140/200]	Time 0.049s (0.051s)	Speed 659.0 samples/s	Data 0.000s (0.001s)	Loss 0.32119 (0.40804)
2021-10-29 17:35:53,124 Epoch: [14][150/200]	Time 0.049s (0.051s)	Speed 658.4 samples/s	Data 0.000s (0.001s)	Loss 0.38177 (0.40692)
2021-10-29 17:35:53,641 Epoch: [14][160/200]	Time 0.050s (0.051s)	Speed 646.0 samples/s	Data 0.000s (0.001s)	Loss 0.37741 (0.40681)
2021-10-29 17:35:54,185 Epoch: [14][170/200]	Time 0.051s (0.051s)	Speed 621.7 samples/s	Data 0.000s (0.001s)	Loss 0.43276 (0.40751)
2021-10-29 17:35:54,679 Epoch: [14][180/200]	Time 0.049s (0.051s)	Speed 659.7 samples/s	Data 0.000s (0.001s)	Loss 0.42666 (0.40575)
2021-10-29 17:35:55,169 Epoch: [14][190/200]	Time 0.049s (0.051s)	Speed 658.1 samples/s	Data 0.000s (0.001s)	Loss 0.38896 (0.40576)
2021-10-29 17:35:55,682 Test: [0/200]	Time 0.035 (0.035)	Loss 0.8307 (0.8307)
2021-10-29 17:35:55,747 Test: [10/200]	Time 0.005 (0.009)	Loss 0.2654 (0.6747)
2021-10-29 17:35:55,812 Test: [20/200]	Time 0.006 (0.008)	Loss 0.5291 (0.7032)
2021-10-29 17:35:55,879 Test: [30/200]	Time 0.006 (0.007)	Loss 1.0350 (0.7227)
2021-10-29 17:35:55,949 Test: [40/200]	Time 0.007 (0.007)	Loss 0.7481 (0.7507)
2021-10-29 17:35:56,021 Test: [50/200]	Time 0.006 (0.007)	Loss 0.8587 (0.7579)
2021-10-29 17:35:56,090 Test: [60/200]	Time 0.006 (0.007)	Loss 0.9166 (0.7564)
2021-10-29 17:35:56,161 Test: [70/200]	Time 0.008 (0.007)	Loss 0.7502 (0.7543)
2021-10-29 17:35:56,227 Test: [80/200]	Time 0.005 (0.007)	Loss 0.9951 (0.7446)
2021-10-29 17:35:56,292 Test: [90/200]	Time 0.007 (0.007)	Loss 0.9576 (0.7508)
2021-10-29 17:35:56,360 Test: [100/200]	Time 0.005 (0.007)	Loss 0.9892 (0.7489)
2021-10-29 17:35:56,426 Test: [110/200]	Time 0.006 (0.007)	Loss 0.8865 (0.7501)
2021-10-29 17:35:56,492 Test: [120/200]	Time 0.006 (0.007)	Loss 0.9102 (0.7456)
2021-10-29 17:35:56,555 Test: [130/200]	Time 0.005 (0.007)	Loss 0.6765 (0.7528)
2021-10-29 17:35:56,629 Test: [140/200]	Time 0.006 (0.007)	Loss 0.6543 (0.7500)
2021-10-29 17:35:56,697 Test: [150/200]	Time 0.006 (0.007)	Loss 0.8192 (0.7471)
2021-10-29 17:35:56,764 Test: [160/200]	Time 0.006 (0.007)	Loss 0.7070 (0.7460)
2021-10-29 17:35:56,828 Test: [170/200]	Time 0.005 (0.007)	Loss 0.5616 (0.7424)
2021-10-29 17:35:56,896 Test: [180/200]	Time 0.006 (0.007)	Loss 0.5661 (0.7377)
2021-10-29 17:35:56,972 Test: [190/200]	Time 0.005 (0.007)	Loss 0.6494 (0.7393)
2021-10-29 17:35:58,051 Mean IoU score: 0.077
2021-10-29 17:35:58,058 => saving checkpoint to out
2021-10-29 17:35:58,291 Epoch: [15][0/200]	Time 0.185s (0.185s)	Speed 173.1 samples/s	Data 0.131s (0.131s)	Loss 0.33500 (0.33500)
2021-10-29 17:35:58,822 Epoch: [15][10/200]	Time 0.054s (0.065s)	Speed 589.4 samples/s	Data 0.000s (0.012s)	Loss 0.42432 (0.39270)
2021-10-29 17:35:59,375 Epoch: [15][20/200]	Time 0.055s (0.060s)	Speed 578.4 samples/s	Data 0.000s (0.007s)	Loss 0.38602 (0.39372)
2021-10-29 17:35:59,922 Epoch: [15][30/200]	Time 0.054s (0.059s)	Speed 587.3 samples/s	Data 0.000s (0.005s)	Loss 0.38228 (0.39783)
2021-10-29 17:36:00,435 Epoch: [15][40/200]	Time 0.050s (0.057s)	Speed 638.5 samples/s	Data 0.000s (0.004s)	Loss 0.45850 (0.39736)
2021-10-29 17:36:00,928 Epoch: [15][50/200]	Time 0.049s (0.055s)	Speed 656.3 samples/s	Data 0.000s (0.003s)	Loss 0.45648 (0.39938)
2021-10-29 17:36:01,424 Epoch: [15][60/200]	Time 0.049s (0.054s)	Speed 657.2 samples/s	Data 0.000s (0.003s)	Loss 0.41737 (0.40322)
2021-10-29 17:36:01,918 Epoch: [15][70/200]	Time 0.049s (0.054s)	Speed 655.3 samples/s	Data 0.000s (0.002s)	Loss 0.32000 (0.40210)
2021-10-29 17:36:02,419 Epoch: [15][80/200]	Time 0.050s (0.053s)	Speed 646.3 samples/s	Data 0.000s (0.002s)	Loss 0.44048 (0.40157)
2021-10-29 17:36:02,911 Epoch: [15][90/200]	Time 0.049s (0.053s)	Speed 658.7 samples/s	Data 0.000s (0.002s)	Loss 0.41529 (0.40355)
2021-10-29 17:36:03,403 Epoch: [15][100/200]	Time 0.049s (0.052s)	Speed 658.1 samples/s	Data 0.000s (0.002s)	Loss 0.50015 (0.40584)
2021-10-29 17:36:03,895 Epoch: [15][110/200]	Time 0.049s (0.052s)	Speed 659.3 samples/s	Data 0.000s (0.002s)	Loss 0.33098 (0.40719)
2021-10-29 17:36:04,387 Epoch: [15][120/200]	Time 0.049s (0.052s)	Speed 656.8 samples/s	Data 0.000s (0.001s)	Loss 0.43639 (0.40857)
2021-10-29 17:36:04,880 Epoch: [15][130/200]	Time 0.049s (0.052s)	Speed 656.4 samples/s	Data 0.000s (0.001s)	Loss 0.36725 (0.40746)
2021-10-29 17:36:05,373 Epoch: [15][140/200]	Time 0.049s (0.052s)	Speed 658.9 samples/s	Data 0.000s (0.001s)	Loss 0.55337 (0.40795)
2021-10-29 17:36:05,866 Epoch: [15][150/200]	Time 0.049s (0.051s)	Speed 657.9 samples/s	Data 0.000s (0.001s)	Loss 0.48110 (0.40936)
2021-10-29 17:36:06,359 Epoch: [15][160/200]	Time 0.048s (0.051s)	Speed 661.3 samples/s	Data 0.000s (0.001s)	Loss 0.40600 (0.41056)
2021-10-29 17:36:06,851 Epoch: [15][170/200]	Time 0.049s (0.051s)	Speed 659.3 samples/s	Data 0.000s (0.001s)	Loss 0.28673 (0.40929)
2021-10-29 17:36:07,349 Epoch: [15][180/200]	Time 0.048s (0.051s)	Speed 660.2 samples/s	Data 0.000s (0.001s)	Loss 0.33210 (0.40744)
2021-10-29 17:36:07,842 Epoch: [15][190/200]	Time 0.049s (0.051s)	Speed 654.5 samples/s	Data 0.000s (0.001s)	Loss 0.35010 (0.40613)
2021-10-29 17:36:08,356 Test: [0/200]	Time 0.034 (0.034)	Loss 0.8362 (0.8362)
2021-10-29 17:36:08,430 Test: [10/200]	Time 0.006 (0.010)	Loss 0.2659 (0.6774)
2021-10-29 17:36:08,498 Test: [20/200]	Time 0.006 (0.008)	Loss 0.5298 (0.7055)
2021-10-29 17:36:08,570 Test: [30/200]	Time 0.007 (0.008)	Loss 1.0377 (0.7250)
2021-10-29 17:36:08,637 Test: [40/200]	Time 0.005 (0.008)	Loss 0.7506 (0.7532)
2021-10-29 17:36:08,711 Test: [50/200]	Time 0.007 (0.008)	Loss 0.8622 (0.7602)
2021-10-29 17:36:08,791 Test: [60/200]	Time 0.006 (0.008)	Loss 0.9194 (0.7588)
2021-10-29 17:36:08,865 Test: [70/200]	Time 0.007 (0.008)	Loss 0.7531 (0.7567)
2021-10-29 17:36:08,936 Test: [80/200]	Time 0.007 (0.008)	Loss 0.9966 (0.7469)
2021-10-29 17:36:09,005 Test: [90/200]	Time 0.006 (0.007)	Loss 0.9598 (0.7533)
2021-10-29 17:36:09,071 Test: [100/200]	Time 0.006 (0.007)	Loss 0.9934 (0.7513)
2021-10-29 17:36:09,140 Test: [110/200]	Time 0.007 (0.007)	Loss 0.8888 (0.7525)
2021-10-29 17:36:09,211 Test: [120/200]	Time 0.006 (0.007)	Loss 0.9120 (0.7479)
2021-10-29 17:36:09,277 Test: [130/200]	Time 0.006 (0.007)	Loss 0.6799 (0.7552)
2021-10-29 17:36:09,342 Test: [140/200]	Time 0.005 (0.007)	Loss 0.6579 (0.7524)
2021-10-29 17:36:09,403 Test: [150/200]	Time 0.006 (0.007)	Loss 0.8203 (0.7495)
2021-10-29 17:36:09,470 Test: [160/200]	Time 0.006 (0.007)	Loss 0.7088 (0.7483)
2021-10-29 17:36:09,533 Test: [170/200]	Time 0.006 (0.007)	Loss 0.5631 (0.7447)
2021-10-29 17:36:09,598 Test: [180/200]	Time 0.005 (0.007)	Loss 0.5671 (0.7400)
2021-10-29 17:36:09,661 Test: [190/200]	Time 0.006 (0.007)	Loss 0.6504 (0.7416)
2021-10-29 17:36:10,630 Mean IoU score: 0.077
2021-10-29 17:36:10,634 => saving checkpoint to out
2021-10-29 17:36:10,821 Epoch: [16][0/200]	Time 0.146s (0.146s)	Speed 218.6 samples/s	Data 0.096s (0.096s)	Loss 0.35470 (0.35470)
2021-10-29 17:36:11,315 Epoch: [16][10/200]	Time 0.048s (0.058s)	Speed 660.5 samples/s	Data 0.000s (0.009s)	Loss 0.35229 (0.39533)
2021-10-29 17:36:11,808 Epoch: [16][20/200]	Time 0.049s (0.054s)	Speed 655.4 samples/s	Data 0.000s (0.005s)	Loss 0.41887 (0.41649)
2021-10-29 17:36:12,301 Epoch: [16][30/200]	Time 0.049s (0.052s)	Speed 658.1 samples/s	Data 0.000s (0.003s)	Loss 0.40716 (0.41579)
2021-10-29 17:36:12,792 Epoch: [16][40/200]	Time 0.049s (0.052s)	Speed 656.7 samples/s	Data 0.000s (0.003s)	Loss 0.39571 (0.40964)
2021-10-29 17:36:13,284 Epoch: [16][50/200]	Time 0.049s (0.051s)	Speed 656.1 samples/s	Data 0.000s (0.002s)	Loss 0.43206 (0.40765)
2021-10-29 17:36:13,777 Epoch: [16][60/200]	Time 0.049s (0.051s)	Speed 659.7 samples/s	Data 0.000s (0.002s)	Loss 0.46570 (0.40744)
2021-10-29 17:36:14,268 Epoch: [16][70/200]	Time 0.049s (0.051s)	Speed 656.4 samples/s	Data 0.000s (0.002s)	Loss 0.40118 (0.40742)
2021-10-29 17:36:14,761 Epoch: [16][80/200]	Time 0.048s (0.050s)	Speed 660.9 samples/s	Data 0.000s (0.002s)	Loss 0.30277 (0.40344)
2021-10-29 17:36:15,256 Epoch: [16][90/200]	Time 0.050s (0.050s)	Speed 640.9 samples/s	Data 0.000s (0.001s)	Loss 0.42432 (0.40762)
2021-10-29 17:36:15,752 Epoch: [16][100/200]	Time 0.050s (0.050s)	Speed 644.5 samples/s	Data 0.000s (0.001s)	Loss 0.45647 (0.40857)
2021-10-29 17:36:16,250 Epoch: [16][110/200]	Time 0.049s (0.050s)	Speed 656.4 samples/s	Data 0.000s (0.001s)	Loss 0.36173 (0.40835)
2021-10-29 17:36:16,758 Epoch: [16][120/200]	Time 0.049s (0.050s)	Speed 651.5 samples/s	Data 0.000s (0.001s)	Loss 0.46430 (0.40901)
2021-10-29 17:36:17,253 Epoch: [16][130/200]	Time 0.049s (0.050s)	Speed 654.3 samples/s	Data 0.000s (0.001s)	Loss 0.33491 (0.40703)
2021-10-29 17:36:17,778 Epoch: [16][140/200]	Time 0.054s (0.050s)	Speed 597.3 samples/s	Data 0.000s (0.001s)	Loss 0.41757 (0.40584)
2021-10-29 17:36:18,292 Epoch: [16][150/200]	Time 0.048s (0.050s)	Speed 660.8 samples/s	Data 0.000s (0.001s)	Loss 0.43035 (0.40575)
2021-10-29 17:36:18,786 Epoch: [16][160/200]	Time 0.049s (0.050s)	Speed 657.4 samples/s	Data 0.000s (0.001s)	Loss 0.41634 (0.40550)
2021-10-29 17:36:19,279 Epoch: [16][170/200]	Time 0.049s (0.050s)	Speed 655.5 samples/s	Data 0.000s (0.001s)	Loss 0.46207 (0.40574)
2021-10-29 17:36:19,772 Epoch: [16][180/200]	Time 0.049s (0.050s)	Speed 657.9 samples/s	Data 0.000s (0.001s)	Loss 0.39848 (0.40454)
2021-10-29 17:36:20,265 Epoch: [16][190/200]	Time 0.049s (0.050s)	Speed 659.0 samples/s	Data 0.000s (0.001s)	Loss 0.40523 (0.40515)
2021-10-29 17:36:20,782 Test: [0/200]	Time 0.036 (0.036)	Loss 0.8294 (0.8294)
2021-10-29 17:36:20,868 Test: [10/200]	Time 0.008 (0.011)	Loss 0.2654 (0.6739)
2021-10-29 17:36:20,942 Test: [20/200]	Time 0.006 (0.009)	Loss 0.5288 (0.7025)
2021-10-29 17:36:21,008 Test: [30/200]	Time 0.007 (0.008)	Loss 1.0335 (0.7219)
2021-10-29 17:36:21,076 Test: [40/200]	Time 0.006 (0.008)	Loss 0.7464 (0.7498)
2021-10-29 17:36:21,148 Test: [50/200]	Time 0.008 (0.008)	Loss 0.8573 (0.7570)
2021-10-29 17:36:21,217 Test: [60/200]	Time 0.006 (0.008)	Loss 0.9156 (0.7555)
2021-10-29 17:36:21,293 Test: [70/200]	Time 0.005 (0.008)	Loss 0.7485 (0.7534)
2021-10-29 17:36:21,361 Test: [80/200]	Time 0.006 (0.008)	Loss 0.9937 (0.7437)
2021-10-29 17:36:21,429 Test: [90/200]	Time 0.007 (0.007)	Loss 0.9570 (0.7499)
2021-10-29 17:36:21,496 Test: [100/200]	Time 0.007 (0.007)	Loss 0.9876 (0.7480)
2021-10-29 17:36:21,570 Test: [110/200]	Time 0.008 (0.007)	Loss 0.8852 (0.7492)
2021-10-29 17:36:21,644 Test: [120/200]	Time 0.007 (0.007)	Loss 0.9095 (0.7447)
2021-10-29 17:36:21,723 Test: [130/200]	Time 0.008 (0.007)	Loss 0.6755 (0.7520)
2021-10-29 17:36:21,795 Test: [140/200]	Time 0.008 (0.007)	Loss 0.6537 (0.7491)
2021-10-29 17:36:21,875 Test: [150/200]	Time 0.008 (0.007)	Loss 0.8191 (0.7462)
2021-10-29 17:36:21,947 Test: [160/200]	Time 0.006 (0.007)	Loss 0.7068 (0.7451)
2021-10-29 17:36:22,023 Test: [170/200]	Time 0.005 (0.007)	Loss 0.5613 (0.7415)
2021-10-29 17:36:22,085 Test: [180/200]	Time 0.005 (0.007)	Loss 0.5660 (0.7369)
2021-10-29 17:36:22,152 Test: [190/200]	Time 0.006 (0.007)	Loss 0.6489 (0.7384)
2021-10-29 17:36:23,131 Mean IoU score: 0.077
2021-10-29 17:36:23,136 => saving checkpoint to out
2021-10-29 17:36:23,327 Epoch: [17][0/200]	Time 0.155s (0.155s)	Speed 206.4 samples/s	Data 0.104s (0.104s)	Loss 0.42289 (0.42289)
2021-10-29 17:36:23,884 Epoch: [17][10/200]	Time 0.054s (0.065s)	Speed 588.2 samples/s	Data 0.000s (0.010s)	Loss 0.39907 (0.39310)
2021-10-29 17:36:24,419 Epoch: [17][20/200]	Time 0.053s (0.059s)	Speed 607.9 samples/s	Data 0.000s (0.005s)	Loss 0.41061 (0.40528)
2021-10-29 17:36:24,943 Epoch: [17][30/200]	Time 0.050s (0.057s)	Speed 638.6 samples/s	Data 0.000s (0.004s)	Loss 0.40120 (0.40587)
2021-10-29 17:36:25,472 Epoch: [17][40/200]	Time 0.054s (0.056s)	Speed 587.4 samples/s	Data 0.000s (0.003s)	Loss 0.41537 (0.40838)
2021-10-29 17:36:25,998 Epoch: [17][50/200]	Time 0.055s (0.055s)	Speed 579.1 samples/s	Data 0.000s (0.002s)	Loss 0.46544 (0.41044)
2021-10-29 17:36:26,495 Epoch: [17][60/200]	Time 0.049s (0.054s)	Speed 658.3 samples/s	Data 0.000s (0.002s)	Loss 0.44494 (0.40933)
2021-10-29 17:36:27,031 Epoch: [17][70/200]	Time 0.057s (0.054s)	Speed 561.7 samples/s	Data 0.000s (0.002s)	Loss 0.39220 (0.41048)
2021-10-29 17:36:27,531 Epoch: [17][80/200]	Time 0.048s (0.054s)	Speed 660.8 samples/s	Data 0.000s (0.002s)	Loss 0.49988 (0.41143)
2021-10-29 17:36:28,023 Epoch: [17][90/200]	Time 0.049s (0.053s)	Speed 654.1 samples/s	Data 0.000s (0.002s)	Loss 0.41869 (0.41156)
2021-10-29 17:36:28,569 Epoch: [17][100/200]	Time 0.050s (0.053s)	Speed 641.3 samples/s	Data 0.000s (0.001s)	Loss 0.37733 (0.40850)
2021-10-29 17:36:29,064 Epoch: [17][110/200]	Time 0.049s (0.053s)	Speed 651.1 samples/s	Data 0.000s (0.001s)	Loss 0.31680 (0.40896)
2021-10-29 17:36:29,561 Epoch: [17][120/200]	Time 0.049s (0.053s)	Speed 659.0 samples/s	Data 0.000s (0.001s)	Loss 0.39947 (0.40846)
2021-10-29 17:36:30,093 Epoch: [17][130/200]	Time 0.054s (0.053s)	Speed 589.9 samples/s	Data 0.000s (0.001s)	Loss 0.44077 (0.40834)
2021-10-29 17:36:30,644 Epoch: [17][140/200]	Time 0.053s (0.053s)	Speed 599.7 samples/s	Data 0.000s (0.001s)	Loss 0.38216 (0.40706)
2021-10-29 17:36:31,198 Epoch: [17][150/200]	Time 0.052s (0.053s)	Speed 612.4 samples/s	Data 0.000s (0.001s)	Loss 0.35694 (0.40681)
2021-10-29 17:36:31,705 Epoch: [17][160/200]	Time 0.049s (0.053s)	Speed 653.5 samples/s	Data 0.000s (0.001s)	Loss 0.38624 (0.40573)
2021-10-29 17:36:32,227 Epoch: [17][170/200]	Time 0.052s (0.053s)	Speed 610.1 samples/s	Data 0.000s (0.001s)	Loss 0.41400 (0.40681)
2021-10-29 17:36:32,767 Epoch: [17][180/200]	Time 0.054s (0.053s)	Speed 595.1 samples/s	Data 0.000s (0.001s)	Loss 0.40457 (0.40630)
2021-10-29 17:36:33,296 Epoch: [17][190/200]	Time 0.052s (0.053s)	Speed 617.4 samples/s	Data 0.000s (0.001s)	Loss 0.44045 (0.40619)
2021-10-29 17:36:33,820 Test: [0/200]	Time 0.037 (0.037)	Loss 0.8285 (0.8285)
2021-10-29 17:36:33,888 Test: [10/200]	Time 0.006 (0.010)	Loss 0.2656 (0.6738)
2021-10-29 17:36:33,958 Test: [20/200]	Time 0.008 (0.008)	Loss 0.5290 (0.7024)
2021-10-29 17:36:34,025 Test: [30/200]	Time 0.006 (0.008)	Loss 1.0327 (0.7217)
2021-10-29 17:36:34,094 Test: [40/200]	Time 0.006 (0.008)	Loss 0.7461 (0.7495)
2021-10-29 17:36:34,163 Test: [50/200]	Time 0.006 (0.007)	Loss 0.8567 (0.7568)
2021-10-29 17:36:34,249 Test: [60/200]	Time 0.010 (0.008)	Loss 0.9154 (0.7553)
2021-10-29 17:36:34,313 Test: [70/200]	Time 0.005 (0.007)	Loss 0.7478 (0.7532)
2021-10-29 17:36:34,383 Test: [80/200]	Time 0.006 (0.007)	Loss 0.9936 (0.7435)
2021-10-29 17:36:34,448 Test: [90/200]	Time 0.006 (0.007)	Loss 0.9569 (0.7497)
2021-10-29 17:36:34,510 Test: [100/200]	Time 0.005 (0.007)	Loss 0.9870 (0.7478)
2021-10-29 17:36:34,575 Test: [110/200]	Time 0.006 (0.007)	Loss 0.8852 (0.7490)
2021-10-29 17:36:34,644 Test: [120/200]	Time 0.006 (0.007)	Loss 0.9098 (0.7445)
2021-10-29 17:36:34,711 Test: [130/200]	Time 0.006 (0.007)	Loss 0.6753 (0.7518)
2021-10-29 17:36:34,782 Test: [140/200]	Time 0.006 (0.007)	Loss 0.6530 (0.7489)
2021-10-29 17:36:34,854 Test: [150/200]	Time 0.007 (0.007)	Loss 0.8193 (0.7461)
2021-10-29 17:36:34,924 Test: [160/200]	Time 0.006 (0.007)	Loss 0.7067 (0.7449)
2021-10-29 17:36:34,990 Test: [170/200]	Time 0.006 (0.007)	Loss 0.5614 (0.7413)
2021-10-29 17:36:35,056 Test: [180/200]	Time 0.007 (0.007)	Loss 0.5660 (0.7367)
2021-10-29 17:36:35,136 Test: [190/200]	Time 0.007 (0.007)	Loss 0.6490 (0.7383)
2021-10-29 17:36:36,146 Mean IoU score: 0.077
2021-10-29 17:36:36,151 => saving checkpoint to out
2021-10-29 17:36:36,344 Epoch: [18][0/200]	Time 0.152s (0.152s)	Speed 210.3 samples/s	Data 0.103s (0.103s)	Loss 0.45672 (0.45672)
2021-10-29 17:36:36,840 Epoch: [18][10/200]	Time 0.049s (0.059s)	Speed 650.3 samples/s	Data 0.000s (0.010s)	Loss 0.33041 (0.42535)
2021-10-29 17:36:37,344 Epoch: [18][20/200]	Time 0.052s (0.055s)	Speed 614.0 samples/s	Data 0.000s (0.005s)	Loss 0.47929 (0.42810)
2021-10-29 17:36:37,864 Epoch: [18][30/200]	Time 0.052s (0.054s)	Speed 620.5 samples/s	Data 0.000s (0.004s)	Loss 0.38299 (0.41654)
2021-10-29 17:36:38,382 Epoch: [18][40/200]	Time 0.050s (0.053s)	Speed 637.3 samples/s	Data 0.000s (0.003s)	Loss 0.49003 (0.41266)
2021-10-29 17:36:38,875 Epoch: [18][50/200]	Time 0.049s (0.053s)	Speed 658.0 samples/s	Data 0.000s (0.002s)	Loss 0.39993 (0.41087)
2021-10-29 17:36:39,368 Epoch: [18][60/200]	Time 0.049s (0.052s)	Speed 654.9 samples/s	Data 0.000s (0.002s)	Loss 0.30262 (0.40969)
2021-10-29 17:36:39,872 Epoch: [18][70/200]	Time 0.052s (0.052s)	Speed 618.4 samples/s	Data 0.000s (0.002s)	Loss 0.42759 (0.40848)
2021-10-29 17:36:40,393 Epoch: [18][80/200]	Time 0.052s (0.052s)	Speed 616.6 samples/s	Data 0.001s (0.002s)	Loss 0.42077 (0.40489)
2021-10-29 17:36:40,915 Epoch: [18][90/200]	Time 0.052s (0.052s)	Speed 618.2 samples/s	Data 0.000s (0.001s)	Loss 0.40457 (0.40807)
2021-10-29 17:36:41,414 Epoch: [18][100/200]	Time 0.050s (0.052s)	Speed 643.0 samples/s	Data 0.000s (0.001s)	Loss 0.45843 (0.40708)
2021-10-29 17:36:41,909 Epoch: [18][110/200]	Time 0.049s (0.051s)	Speed 650.3 samples/s	Data 0.000s (0.001s)	Loss 0.47839 (0.40795)
2021-10-29 17:36:42,414 Epoch: [18][120/200]	Time 0.052s (0.051s)	Speed 620.7 samples/s	Data 0.000s (0.001s)	Loss 0.38873 (0.40691)
2021-10-29 17:36:42,934 Epoch: [18][130/200]	Time 0.052s (0.051s)	Speed 618.6 samples/s	Data 0.000s (0.001s)	Loss 0.45455 (0.40681)
2021-10-29 17:36:43,459 Epoch: [18][140/200]	Time 0.052s (0.052s)	Speed 613.0 samples/s	Data 0.000s (0.001s)	Loss 0.38277 (0.40718)
2021-10-29 17:36:43,965 Epoch: [18][150/200]	Time 0.049s (0.051s)	Speed 655.5 samples/s	Data 0.000s (0.001s)	Loss 0.40690 (0.40668)
2021-10-29 17:36:44,457 Epoch: [18][160/200]	Time 0.049s (0.051s)	Speed 659.3 samples/s	Data 0.000s (0.001s)	Loss 0.31972 (0.40670)
2021-10-29 17:36:44,949 Epoch: [18][170/200]	Time 0.049s (0.051s)	Speed 658.1 samples/s	Data 0.000s (0.001s)	Loss 0.43602 (0.40546)
2021-10-29 17:36:45,439 Epoch: [18][180/200]	Time 0.049s (0.051s)	Speed 652.4 samples/s	Data 0.000s (0.001s)	Loss 0.45614 (0.40493)
2021-10-29 17:36:45,930 Epoch: [18][190/200]	Time 0.049s (0.051s)	Speed 657.9 samples/s	Data 0.000s (0.001s)	Loss 0.40506 (0.40433)
2021-10-29 17:36:46,446 Test: [0/200]	Time 0.037 (0.037)	Loss 0.8307 (0.8307)
2021-10-29 17:36:46,512 Test: [10/200]	Time 0.005 (0.009)	Loss 0.2654 (0.6745)
2021-10-29 17:36:46,576 Test: [20/200]	Time 0.005 (0.008)	Loss 0.5289 (0.7031)
2021-10-29 17:36:46,639 Test: [30/200]	Time 0.006 (0.007)	Loss 1.0349 (0.7225)
2021-10-29 17:36:46,702 Test: [40/200]	Time 0.005 (0.007)	Loss 0.7477 (0.7505)
2021-10-29 17:36:46,767 Test: [50/200]	Time 0.005 (0.007)	Loss 0.8585 (0.7577)
2021-10-29 17:36:46,830 Test: [60/200]	Time 0.006 (0.007)	Loss 0.9167 (0.7563)
2021-10-29 17:36:46,893 Test: [70/200]	Time 0.005 (0.007)	Loss 0.7495 (0.7542)
2021-10-29 17:36:46,961 Test: [80/200]	Time 0.006 (0.007)	Loss 0.9952 (0.7444)
2021-10-29 17:36:47,023 Test: [90/200]	Time 0.006 (0.007)	Loss 0.9580 (0.7507)
2021-10-29 17:36:47,091 Test: [100/200]	Time 0.006 (0.007)	Loss 0.9893 (0.7487)
2021-10-29 17:36:47,160 Test: [110/200]	Time 0.005 (0.007)	Loss 0.8864 (0.7499)
2021-10-29 17:36:47,228 Test: [120/200]	Time 0.006 (0.007)	Loss 0.9099 (0.7454)
2021-10-29 17:36:47,297 Test: [130/200]	Time 0.006 (0.007)	Loss 0.6766 (0.7527)
2021-10-29 17:36:47,361 Test: [140/200]	Time 0.006 (0.007)	Loss 0.6541 (0.7498)
2021-10-29 17:36:47,431 Test: [150/200]	Time 0.006 (0.007)	Loss 0.8194 (0.7470)
2021-10-29 17:36:47,503 Test: [160/200]	Time 0.007 (0.007)	Loss 0.7070 (0.7458)
2021-10-29 17:36:47,567 Test: [170/200]	Time 0.005 (0.007)	Loss 0.5618 (0.7422)
2021-10-29 17:36:47,633 Test: [180/200]	Time 0.005 (0.007)	Loss 0.5662 (0.7376)
2021-10-29 17:36:47,700 Test: [190/200]	Time 0.006 (0.007)	Loss 0.6492 (0.7391)
2021-10-29 17:36:48,620 Mean IoU score: 0.077
2021-10-29 17:36:48,624 => saving checkpoint to out
2021-10-29 17:36:48,813 Epoch: [19][0/200]	Time 0.147s (0.147s)	Speed 217.9 samples/s	Data 0.098s (0.098s)	Loss 0.47823 (0.47823)
2021-10-29 17:36:49,304 Epoch: [19][10/200]	Time 0.049s (0.058s)	Speed 657.1 samples/s	Data 0.000s (0.009s)	Loss 0.41880 (0.40583)
2021-10-29 17:36:49,793 Epoch: [19][20/200]	Time 0.048s (0.054s)	Speed 660.1 samples/s	Data 0.000s (0.005s)	Loss 0.38158 (0.39871)
2021-10-29 17:36:50,291 Epoch: [19][30/200]	Time 0.052s (0.052s)	Speed 615.2 samples/s	Data 0.000s (0.004s)	Loss 0.47032 (0.40487)
2021-10-29 17:36:50,812 Epoch: [19][40/200]	Time 0.051s (0.052s)	Speed 625.2 samples/s	Data 0.000s (0.003s)	Loss 0.33035 (0.40203)
2021-10-29 17:36:51,329 Epoch: [19][50/200]	Time 0.051s (0.052s)	Speed 627.4 samples/s	Data 0.000s (0.002s)	Loss 0.42752 (0.40512)
2021-10-29 17:36:51,824 Epoch: [19][60/200]	Time 0.049s (0.052s)	Speed 657.4 samples/s	Data 0.000s (0.002s)	Loss 0.41957 (0.40296)
2021-10-29 17:36:52,321 Epoch: [19][70/200]	Time 0.052s (0.051s)	Speed 616.8 samples/s	Data 0.000s (0.002s)	Loss 0.40545 (0.40245)
2021-10-29 17:36:52,841 Epoch: [19][80/200]	Time 0.051s (0.052s)	Speed 622.2 samples/s	Data 0.000s (0.002s)	Loss 0.41063 (0.40169)
2021-10-29 17:36:53,362 Epoch: [19][90/200]	Time 0.051s (0.052s)	Speed 624.4 samples/s	Data 0.000s (0.001s)	Loss 0.41418 (0.40414)
2021-10-29 17:36:53,869 Epoch: [19][100/200]	Time 0.049s (0.052s)	Speed 650.6 samples/s	Data 0.000s (0.001s)	Loss 0.43563 (0.40508)
2021-10-29 17:36:54,360 Epoch: [19][110/200]	Time 0.049s (0.051s)	Speed 657.0 samples/s	Data 0.000s (0.001s)	Loss 0.37243 (0.40326)
2021-10-29 17:36:54,855 Epoch: [19][120/200]	Time 0.049s (0.051s)	Speed 657.3 samples/s	Data 0.000s (0.001s)	Loss 0.35208 (0.40216)
2021-10-29 17:36:55,349 Epoch: [19][130/200]	Time 0.049s (0.051s)	Speed 658.5 samples/s	Data 0.000s (0.001s)	Loss 0.41442 (0.40245)
2021-10-29 17:36:55,839 Epoch: [19][140/200]	Time 0.049s (0.051s)	Speed 656.6 samples/s	Data 0.000s (0.001s)	Loss 0.34513 (0.40487)
2021-10-29 17:36:56,330 Epoch: [19][150/200]	Time 0.049s (0.051s)	Speed 658.7 samples/s	Data 0.000s (0.001s)	Loss 0.44596 (0.40553)
2021-10-29 17:36:56,820 Epoch: [19][160/200]	Time 0.049s (0.051s)	Speed 659.7 samples/s	Data 0.000s (0.001s)	Loss 0.47996 (0.40639)
2021-10-29 17:36:57,316 Epoch: [19][170/200]	Time 0.051s (0.051s)	Speed 629.8 samples/s	Data 0.000s (0.001s)	Loss 0.38218 (0.40556)
2021-10-29 17:36:57,834 Epoch: [19][180/200]	Time 0.051s (0.051s)	Speed 629.0 samples/s	Data 0.000s (0.001s)	Loss 0.42020 (0.40498)
2021-10-29 17:36:58,352 Epoch: [19][190/200]	Time 0.051s (0.051s)	Speed 625.5 samples/s	Data 0.000s (0.001s)	Loss 0.43030 (0.40548)
2021-10-29 17:36:58,898 Test: [0/200]	Time 0.041 (0.041)	Loss 0.8302 (0.8302)
2021-10-29 17:36:58,966 Test: [10/200]	Time 0.006 (0.010)	Loss 0.2654 (0.6744)
2021-10-29 17:36:59,033 Test: [20/200]	Time 0.007 (0.008)	Loss 0.5287 (0.7029)
2021-10-29 17:36:59,097 Test: [30/200]	Time 0.005 (0.008)	Loss 1.0344 (0.7223)
2021-10-29 17:36:59,162 Test: [40/200]	Time 0.005 (0.007)	Loss 0.7477 (0.7503)
2021-10-29 17:36:59,226 Test: [50/200]	Time 0.006 (0.007)	Loss 0.8584 (0.7575)
2021-10-29 17:36:59,299 Test: [60/200]	Time 0.007 (0.007)	Loss 0.9163 (0.7560)
2021-10-29 17:36:59,369 Test: [70/200]	Time 0.006 (0.007)	Loss 0.7498 (0.7539)
2021-10-29 17:36:59,432 Test: [80/200]	Time 0.006 (0.007)	Loss 0.9945 (0.7442)
2021-10-29 17:36:59,497 Test: [90/200]	Time 0.005 (0.007)	Loss 0.9571 (0.7504)
2021-10-29 17:36:59,562 Test: [100/200]	Time 0.006 (0.007)	Loss 0.9888 (0.7485)
2021-10-29 17:36:59,627 Test: [110/200]	Time 0.005 (0.007)	Loss 0.8857 (0.7497)
2021-10-29 17:36:59,690 Test: [120/200]	Time 0.005 (0.007)	Loss 0.9098 (0.7452)
2021-10-29 17:36:59,752 Test: [130/200]	Time 0.006 (0.007)	Loss 0.6759 (0.7524)
2021-10-29 17:36:59,816 Test: [140/200]	Time 0.006 (0.007)	Loss 0.6543 (0.7496)
2021-10-29 17:36:59,877 Test: [150/200]	Time 0.005 (0.007)	Loss 0.8194 (0.7467)
2021-10-29 17:36:59,949 Test: [160/200]	Time 0.007 (0.007)	Loss 0.7071 (0.7456)
2021-10-29 17:37:00,020 Test: [170/200]	Time 0.006 (0.007)	Loss 0.5616 (0.7420)
2021-10-29 17:37:00,093 Test: [180/200]	Time 0.006 (0.007)	Loss 0.5660 (0.7374)
2021-10-29 17:37:00,165 Test: [190/200]	Time 0.007 (0.007)	Loss 0.6489 (0.7389)
2021-10-29 17:37:01,232 Mean IoU score: 0.077
2021-10-29 17:37:01,237 => saving checkpoint to out
2021-10-29 17:37:01,276 saving final model state to out/final_state.pth.tar
