2021-11-04 15:49:00,660 Namespace(out_dir='out', frequent=10, eval_interval=1, gpus='', num_workers=4)
2021-11-04 15:49:00,695 => load 200 samples
2021-11-04 15:49:00,697 => load 200 samples
2021-11-04 15:49:03,058 Epoch: [0][0/200]	Time 2.360s (2.360s)	Speed 13.6 samples/s	Data 1.715s (1.715s)	Loss 2.53597 (2.53597)
2021-11-04 15:49:08,301 Epoch: [0][10/200]	Time 0.528s (0.691s)	Speed 60.6 samples/s	Data 0.000s (0.156s)	Loss 2.05253 (2.26270)
2021-11-04 15:49:13,944 Epoch: [0][20/200]	Time 0.577s (0.631s)	Speed 55.4 samples/s	Data 0.000s (0.082s)	Loss 1.76608 (2.08507)
2021-11-04 15:49:20,074 Epoch: [0][30/200]	Time 0.606s (0.625s)	Speed 52.8 samples/s	Data 0.000s (0.056s)	Loss 1.51170 (1.93446)
2021-11-04 15:49:26,252 Epoch: [0][40/200]	Time 0.605s (0.623s)	Speed 52.9 samples/s	Data 0.000s (0.042s)	Loss 1.28857 (1.80103)
2021-11-04 15:49:31,823 Epoch: [0][50/200]	Time 0.548s (0.610s)	Speed 58.4 samples/s	Data 0.000s (0.034s)	Loss 1.09603 (1.68003)
2021-11-04 15:49:42,867 Namespace(out_dir='out', frequent=10, eval_interval=1, gpus='0', num_workers=4)
2021-11-04 15:49:44,472 => load 200 samples
2021-11-04 15:49:44,473 => load 200 samples
2021-11-04 15:49:44,960 Epoch: [0][0/200]	Time 0.486s (0.486s)	Speed 65.9 samples/s	Data 0.132s (0.132s)	Loss 2.53597 (2.53597)
2021-11-04 15:49:45,401 Epoch: [0][10/200]	Time 0.040s (0.084s)	Speed 792.6 samples/s	Data 0.000s (0.012s)	Loss 2.05214 (2.26262)
2021-11-04 15:49:45,806 Epoch: [0][20/200]	Time 0.040s (0.063s)	Speed 803.5 samples/s	Data 0.000s (0.007s)	Loss 1.76659 (2.08516)
2021-11-04 15:49:46,212 Epoch: [0][30/200]	Time 0.040s (0.056s)	Speed 806.5 samples/s	Data 0.000s (0.005s)	Loss 1.51248 (1.93469)
2021-11-04 15:49:46,619 Epoch: [0][40/200]	Time 0.040s (0.052s)	Speed 803.5 samples/s	Data 0.000s (0.003s)	Loss 1.28972 (1.80140)
2021-11-04 15:49:47,024 Epoch: [0][50/200]	Time 0.040s (0.050s)	Speed 805.3 samples/s	Data 0.000s (0.003s)	Loss 1.09681 (1.68065)
2021-11-04 15:49:47,429 Epoch: [0][60/200]	Time 0.040s (0.048s)	Speed 805.8 samples/s	Data 0.000s (0.002s)	Loss 0.92935 (1.56913)
2021-11-04 15:49:47,835 Epoch: [0][70/200]	Time 0.040s (0.047s)	Speed 803.2 samples/s	Data 0.000s (0.002s)	Loss 0.77205 (1.46741)
2021-11-04 15:49:48,253 Epoch: [0][80/200]	Time 0.040s (0.047s)	Speed 806.7 samples/s	Data 0.000s (0.002s)	Loss 0.65909 (1.37398)
2021-11-04 15:49:48,662 Epoch: [0][90/200]	Time 0.040s (0.046s)	Speed 797.7 samples/s	Data 0.000s (0.002s)	Loss 0.57885 (1.28970)
2021-11-04 15:49:49,071 Epoch: [0][100/200]	Time 0.040s (0.046s)	Speed 804.8 samples/s	Data 0.000s (0.002s)	Loss 0.48565 (1.21373)
2021-11-04 15:49:49,476 Epoch: [0][110/200]	Time 0.040s (0.045s)	Speed 807.4 samples/s	Data 0.000s (0.001s)	Loss 0.41472 (1.14505)
2021-11-04 15:49:49,881 Epoch: [0][120/200]	Time 0.040s (0.045s)	Speed 803.9 samples/s	Data 0.000s (0.001s)	Loss 0.36407 (1.08314)
2021-11-04 15:49:50,285 Epoch: [0][130/200]	Time 0.040s (0.044s)	Speed 808.0 samples/s	Data 0.000s (0.001s)	Loss 0.34495 (1.02701)
2021-11-04 15:49:50,693 Epoch: [0][140/200]	Time 0.040s (0.044s)	Speed 807.4 samples/s	Data 0.000s (0.001s)	Loss 0.30808 (0.97702)
2021-11-04 15:49:51,138 Epoch: [0][150/200]	Time 0.048s (0.044s)	Speed 670.7 samples/s	Data 0.000s (0.001s)	Loss 0.28618 (0.93140)
2021-11-04 15:49:51,575 Epoch: [0][160/200]	Time 0.040s (0.044s)	Speed 802.7 samples/s	Data 0.000s (0.001s)	Loss 0.26773 (0.89031)
2021-11-04 15:49:51,983 Epoch: [0][170/200]	Time 0.040s (0.044s)	Speed 800.6 samples/s	Data 0.000s (0.001s)	Loss 0.25692 (0.85298)
2021-11-04 15:49:52,418 Epoch: [0][180/200]	Time 0.044s (0.044s)	Speed 731.7 samples/s	Data 0.000s (0.001s)	Loss 0.23136 (0.81904)
2021-11-04 15:49:52,864 Epoch: [0][190/200]	Time 0.045s (0.044s)	Speed 714.9 samples/s	Data 0.000s (0.001s)	Loss 0.20642 (0.78749)
2021-11-04 15:49:53,313 Test: [0/200]	Time 0.042 (0.042)	Loss 0.4280 (0.4280)
2021-11-04 15:49:53,403 Test: [10/200]	Time 0.006 (0.012)	Loss 0.1448 (0.3479)
2021-11-04 15:49:53,468 Test: [20/200]	Time 0.006 (0.009)	Loss 0.2599 (0.3593)
2021-11-04 15:49:53,534 Test: [30/200]	Time 0.006 (0.008)	Loss 0.5210 (0.3668)
2021-11-04 15:49:53,606 Test: [40/200]	Time 0.006 (0.008)	Loss 0.3898 (0.3811)
2021-11-04 15:49:53,674 Test: [50/200]	Time 0.006 (0.008)	Loss 0.4603 (0.3844)
2021-11-04 15:49:53,744 Test: [60/200]	Time 0.006 (0.008)	Loss 0.4427 (0.3854)
2021-11-04 15:49:53,812 Test: [70/200]	Time 0.006 (0.008)	Loss 0.3706 (0.3844)
2021-11-04 15:49:53,879 Test: [80/200]	Time 0.006 (0.007)	Loss 0.4612 (0.3797)
2021-11-04 15:49:53,947 Test: [90/200]	Time 0.006 (0.007)	Loss 0.4710 (0.3830)
2021-11-04 15:49:54,014 Test: [100/200]	Time 0.006 (0.007)	Loss 0.4710 (0.3818)
2021-11-04 15:49:54,081 Test: [110/200]	Time 0.006 (0.007)	Loss 0.4585 (0.3835)
2021-11-04 15:49:54,149 Test: [120/200]	Time 0.006 (0.007)	Loss 0.4402 (0.3815)
2021-11-04 15:49:54,219 Test: [130/200]	Time 0.006 (0.007)	Loss 0.3673 (0.3856)
2021-11-04 15:49:54,285 Test: [140/200]	Time 0.006 (0.007)	Loss 0.3417 (0.3846)
2021-11-04 15:49:54,353 Test: [150/200]	Time 0.006 (0.007)	Loss 0.4175 (0.3834)
2021-11-04 15:49:54,420 Test: [160/200]	Time 0.006 (0.007)	Loss 0.3975 (0.3832)
2021-11-04 15:49:54,485 Test: [170/200]	Time 0.006 (0.007)	Loss 0.2781 (0.3808)
2021-11-04 15:49:54,556 Test: [180/200]	Time 0.006 (0.007)	Loss 0.3239 (0.3788)
2021-11-04 15:49:54,622 Test: [190/200]	Time 0.005 (0.007)	Loss 0.3209 (0.3800)
2021-11-04 15:49:55,841 Mean IoU score: 0.191
2021-11-04 15:49:55,845 => saving checkpoint to out
2021-11-04 15:49:56,030 Epoch: [1][0/200]	Time 0.136s (0.136s)	Speed 236.0 samples/s	Data 0.092s (0.092s)	Loss 0.19891 (0.19891)
2021-11-04 15:49:56,438 Epoch: [1][10/200]	Time 0.040s (0.049s)	Speed 805.3 samples/s	Data 0.000s (0.009s)	Loss 0.19950 (0.20680)
2021-11-04 15:49:56,850 Epoch: [1][20/200]	Time 0.045s (0.046s)	Speed 714.6 samples/s	Data 0.000s (0.005s)	Loss 0.25000 (0.20332)
2021-11-04 15:49:57,280 Epoch: [1][30/200]	Time 0.043s (0.045s)	Speed 745.4 samples/s	Data 0.000s (0.003s)	Loss 0.16555 (0.20009)
2021-11-04 15:49:57,691 Epoch: [1][40/200]	Time 0.042s (0.044s)	Speed 755.4 samples/s	Data 0.000s (0.003s)	Loss 0.17771 (0.19496)
2021-11-04 15:49:58,143 Epoch: [1][50/200]	Time 0.046s (0.044s)	Speed 702.4 samples/s	Data 0.000s (0.002s)	Loss 0.15409 (0.19113)
2021-11-04 15:49:58,594 Epoch: [1][60/200]	Time 0.045s (0.044s)	Speed 714.0 samples/s	Data 0.000s (0.002s)	Loss 0.16398 (0.18733)
2021-11-04 15:49:59,043 Epoch: [1][70/200]	Time 0.046s (0.044s)	Speed 700.0 samples/s	Data 0.000s (0.002s)	Loss 0.15694 (0.18332)
2021-11-04 15:49:59,498 Epoch: [1][80/200]	Time 0.044s (0.044s)	Speed 726.4 samples/s	Data 0.000s (0.001s)	Loss 0.12060 (0.17860)
2021-11-04 15:49:59,946 Epoch: [1][90/200]	Time 0.045s (0.045s)	Speed 707.6 samples/s	Data 0.000s (0.001s)	Loss 0.13796 (0.17402)
2021-11-04 15:50:00,402 Epoch: [1][100/200]	Time 0.045s (0.045s)	Speed 717.7 samples/s	Data 0.000s (0.001s)	Loss 0.13020 (0.17114)
2021-11-04 15:50:00,829 Epoch: [1][110/200]	Time 0.042s (0.044s)	Speed 768.7 samples/s	Data 0.000s (0.001s)	Loss 0.12195 (0.16788)
2021-11-04 15:50:01,251 Epoch: [1][120/200]	Time 0.040s (0.044s)	Speed 807.0 samples/s	Data 0.000s (0.001s)	Loss 0.10593 (0.16385)
2021-11-04 15:50:01,692 Epoch: [1][130/200]	Time 0.046s (0.044s)	Speed 694.0 samples/s	Data 0.000s (0.001s)	Loss 0.10543 (0.16007)
2021-11-04 15:50:02,149 Epoch: [1][140/200]	Time 0.045s (0.044s)	Speed 707.8 samples/s	Data 0.000s (0.001s)	Loss 0.12436 (0.15673)
2021-11-04 15:50:02,601 Epoch: [1][150/200]	Time 0.044s (0.044s)	Speed 725.1 samples/s	Data 0.000s (0.001s)	Loss 0.09385 (0.15333)
2021-11-04 15:50:03,035 Epoch: [1][160/200]	Time 0.040s (0.044s)	Speed 807.4 samples/s	Data 0.000s (0.001s)	Loss 0.10803 (0.15030)
2021-11-04 15:50:03,475 Epoch: [1][170/200]	Time 0.043s (0.044s)	Speed 746.5 samples/s	Data 0.000s (0.001s)	Loss 0.08926 (0.14735)
2021-11-04 15:50:03,929 Epoch: [1][180/200]	Time 0.048s (0.044s)	Speed 672.7 samples/s	Data 0.000s (0.001s)	Loss 0.09869 (0.14454)
2021-11-04 15:50:04,383 Epoch: [1][190/200]	Time 0.040s (0.044s)	Speed 801.7 samples/s	Data 0.000s (0.001s)	Loss 0.09850 (0.14189)
2021-11-04 15:50:04,852 Test: [0/200]	Time 0.038 (0.038)	Loss 0.2396 (0.2396)
2021-11-04 15:50:04,921 Test: [10/200]	Time 0.006 (0.010)	Loss 0.0631 (0.1774)
2021-11-04 15:50:04,988 Test: [20/200]	Time 0.006 (0.008)	Loss 0.1361 (0.1816)
2021-11-04 15:50:05,057 Test: [30/200]	Time 0.006 (0.008)	Loss 0.2519 (0.1895)
2021-11-04 15:50:05,129 Test: [40/200]	Time 0.007 (0.008)	Loss 0.1832 (0.1970)
2021-11-04 15:50:05,196 Test: [50/200]	Time 0.007 (0.007)	Loss 0.2573 (0.1977)
2021-11-04 15:50:05,263 Test: [60/200]	Time 0.006 (0.007)	Loss 0.2317 (0.1994)
2021-11-04 15:50:05,330 Test: [70/200]	Time 0.006 (0.007)	Loss 0.1779 (0.1990)
2021-11-04 15:50:05,398 Test: [80/200]	Time 0.008 (0.007)	Loss 0.2426 (0.1960)
2021-11-04 15:50:05,467 Test: [90/200]	Time 0.005 (0.007)	Loss 0.2642 (0.1982)
2021-11-04 15:50:05,540 Test: [100/200]	Time 0.006 (0.007)	Loss 0.2647 (0.1971)
2021-11-04 15:50:05,611 Test: [110/200]	Time 0.007 (0.007)	Loss 0.2594 (0.1981)
2021-11-04 15:50:05,677 Test: [120/200]	Time 0.006 (0.007)	Loss 0.2319 (0.1969)
2021-11-04 15:50:05,745 Test: [130/200]	Time 0.006 (0.007)	Loss 0.1706 (0.1991)
2021-11-04 15:50:05,811 Test: [140/200]	Time 0.006 (0.007)	Loss 0.1804 (0.1986)
2021-11-04 15:50:05,880 Test: [150/200]	Time 0.007 (0.007)	Loss 0.1992 (0.1975)
2021-11-04 15:50:05,948 Test: [160/200]	Time 0.005 (0.007)	Loss 0.2176 (0.1973)
2021-11-04 15:50:06,017 Test: [170/200]	Time 0.007 (0.007)	Loss 0.1490 (0.1956)
2021-11-04 15:50:06,086 Test: [180/200]	Time 0.006 (0.007)	Loss 0.1564 (0.1943)
2021-11-04 15:50:06,157 Test: [190/200]	Time 0.007 (0.007)	Loss 0.1303 (0.1949)
2021-11-04 15:50:07,080 Mean IoU score: 0.577
2021-11-04 15:50:07,084 => saving checkpoint to out
2021-11-04 15:50:07,259 Epoch: [2][0/200]	Time 0.135s (0.135s)	Speed 237.4 samples/s	Data 0.092s (0.092s)	Loss 0.07394 (0.07394)
2021-11-04 15:50:07,668 Epoch: [2][10/200]	Time 0.040s (0.050s)	Speed 796.7 samples/s	Data 0.000s (0.009s)	Loss 0.08355 (0.08453)
2021-11-04 15:50:08,105 Epoch: [2][20/200]	Time 0.040s (0.047s)	Speed 794.0 samples/s	Data 0.000s (0.005s)	Loss 0.08292 (0.08136)
2021-11-04 15:50:08,551 Epoch: [2][30/200]	Time 0.043s (0.046s)	Speed 751.2 samples/s	Data 0.000s (0.003s)	Loss 0.06716 (0.07809)
2021-11-04 15:50:08,973 Epoch: [2][40/200]	Time 0.040s (0.045s)	Speed 792.3 samples/s	Data 0.000s (0.003s)	Loss 0.06637 (0.07733)
2021-11-04 15:50:09,389 Epoch: [2][50/200]	Time 0.042s (0.044s)	Speed 761.3 samples/s	Data 0.000s (0.002s)	Loss 0.06257 (0.07549)
2021-11-04 15:50:09,806 Epoch: [2][60/200]	Time 0.040s (0.044s)	Speed 800.3 samples/s	Data 0.000s (0.002s)	Loss 0.06122 (0.07402)
2021-11-04 15:50:10,236 Epoch: [2][70/200]	Time 0.043s (0.044s)	Speed 746.5 samples/s	Data 0.000s (0.002s)	Loss 0.07307 (0.07243)
2021-11-04 15:50:10,702 Epoch: [2][80/200]	Time 0.047s (0.044s)	Speed 674.6 samples/s	Data 0.000s (0.002s)	Loss 0.06496 (0.07128)
2021-11-04 15:50:11,148 Epoch: [2][90/200]	Time 0.041s (0.044s)	Speed 787.7 samples/s	Data 0.000s (0.001s)	Loss 0.05083 (0.06987)
2021-11-04 15:50:11,562 Epoch: [2][100/200]	Time 0.040s (0.044s)	Speed 802.6 samples/s	Data 0.000s (0.001s)	Loss 0.05965 (0.06849)
2021-11-04 15:50:11,977 Epoch: [2][110/200]	Time 0.040s (0.044s)	Speed 797.8 samples/s	Data 0.000s (0.001s)	Loss 0.05525 (0.06794)
2021-11-04 15:50:12,404 Epoch: [2][120/200]	Time 0.045s (0.044s)	Speed 710.7 samples/s	Data 0.000s (0.001s)	Loss 0.05963 (0.06675)
2021-11-04 15:50:12,833 Epoch: [2][130/200]	Time 0.040s (0.044s)	Speed 801.9 samples/s	Data 0.000s (0.001s)	Loss 0.05935 (0.06576)
2021-11-04 15:50:13,243 Epoch: [2][140/200]	Time 0.040s (0.043s)	Speed 801.0 samples/s	Data 0.000s (0.001s)	Loss 0.05536 (0.06489)
2021-11-04 15:50:13,651 Epoch: [2][150/200]	Time 0.040s (0.043s)	Speed 802.5 samples/s	Data 0.000s (0.001s)	Loss 0.04434 (0.06413)
2021-11-04 15:50:14,059 Epoch: [2][160/200]	Time 0.040s (0.043s)	Speed 802.4 samples/s	Data 0.000s (0.001s)	Loss 0.03839 (0.06302)
2021-11-04 15:50:14,469 Epoch: [2][170/200]	Time 0.040s (0.043s)	Speed 804.8 samples/s	Data 0.000s (0.001s)	Loss 0.04433 (0.06202)
2021-11-04 15:50:14,878 Epoch: [2][180/200]	Time 0.040s (0.043s)	Speed 800.0 samples/s	Data 0.000s (0.001s)	Loss 0.04432 (0.06101)
2021-11-04 15:50:15,285 Epoch: [2][190/200]	Time 0.040s (0.043s)	Speed 799.6 samples/s	Data 0.000s (0.001s)	Loss 0.05681 (0.06014)
2021-11-04 15:50:15,716 Test: [0/200]	Time 0.036 (0.036)	Loss 0.1134 (0.1134)
2021-11-04 15:50:15,784 Test: [10/200]	Time 0.005 (0.009)	Loss 0.0309 (0.1064)
2021-11-04 15:50:15,850 Test: [20/200]	Time 0.006 (0.008)	Loss 0.0789 (0.1083)
2021-11-04 15:50:15,918 Test: [30/200]	Time 0.006 (0.008)	Loss 0.1526 (0.1129)
2021-11-04 15:50:15,988 Test: [40/200]	Time 0.006 (0.008)	Loss 0.1118 (0.1187)
2021-11-04 15:50:16,055 Test: [50/200]	Time 0.006 (0.007)	Loss 0.1574 (0.1202)
2021-11-04 15:50:16,123 Test: [60/200]	Time 0.007 (0.007)	Loss 0.1463 (0.1231)
2021-11-04 15:50:16,190 Test: [70/200]	Time 0.006 (0.007)	Loss 0.1091 (0.1225)
2021-11-04 15:50:16,258 Test: [80/200]	Time 0.006 (0.007)	Loss 0.1264 (0.1208)
2021-11-04 15:50:16,325 Test: [90/200]	Time 0.006 (0.007)	Loss 0.1594 (0.1226)
2021-11-04 15:50:16,393 Test: [100/200]	Time 0.006 (0.007)	Loss 0.1723 (0.1223)
2021-11-04 15:50:16,465 Test: [110/200]	Time 0.005 (0.007)	Loss 0.1904 (0.1234)
2021-11-04 15:50:16,530 Test: [120/200]	Time 0.006 (0.007)	Loss 0.1602 (0.1222)
2021-11-04 15:50:16,600 Test: [130/200]	Time 0.005 (0.007)	Loss 0.1278 (0.1234)
2021-11-04 15:50:16,665 Test: [140/200]	Time 0.005 (0.007)	Loss 0.0944 (0.1230)
2021-11-04 15:50:16,732 Test: [150/200]	Time 0.007 (0.007)	Loss 0.1256 (0.1219)
2021-11-04 15:50:16,798 Test: [160/200]	Time 0.006 (0.007)	Loss 0.1292 (0.1219)
2021-11-04 15:50:16,867 Test: [170/200]	Time 0.006 (0.007)	Loss 0.1296 (0.1210)
2021-11-04 15:50:16,936 Test: [180/200]	Time 0.006 (0.007)	Loss 0.1022 (0.1201)
2021-11-04 15:50:17,005 Test: [190/200]	Time 0.006 (0.007)	Loss 0.0801 (0.1204)
2021-11-04 15:50:17,875 Mean IoU score: 0.742
2021-11-04 15:50:17,879 => saving checkpoint to out
2021-11-04 15:50:18,069 Epoch: [3][0/200]	Time 0.139s (0.139s)	Speed 229.6 samples/s	Data 0.098s (0.098s)	Loss 0.03870 (0.03870)
2021-11-04 15:50:18,491 Epoch: [3][10/200]	Time 0.046s (0.051s)	Speed 698.9 samples/s	Data 0.000s (0.009s)	Loss 0.04079 (0.04155)
2021-11-04 15:50:18,910 Epoch: [3][20/200]	Time 0.040s (0.047s)	Speed 795.3 samples/s	Data 0.000s (0.005s)	Loss 0.06124 (0.04080)
2021-11-04 15:50:19,322 Epoch: [3][30/200]	Time 0.040s (0.045s)	Speed 793.7 samples/s	Data 0.000s (0.003s)	Loss 0.02721 (0.04003)
2021-11-04 15:50:19,737 Epoch: [3][40/200]	Time 0.041s (0.044s)	Speed 785.6 samples/s	Data 0.000s (0.003s)	Loss 0.03533 (0.03934)
2021-11-04 15:50:20,162 Epoch: [3][50/200]	Time 0.046s (0.044s)	Speed 697.4 samples/s	Data 0.001s (0.002s)	Loss 0.02988 (0.03853)
2021-11-04 15:50:20,587 Epoch: [3][60/200]	Time 0.040s (0.044s)	Speed 794.2 samples/s	Data 0.000s (0.002s)	Loss 0.03078 (0.03761)
2021-11-04 15:50:21,009 Epoch: [3][70/200]	Time 0.041s (0.043s)	Speed 775.2 samples/s	Data 0.000s (0.002s)	Loss 0.03726 (0.03721)
2021-11-04 15:50:21,435 Epoch: [3][80/200]	Time 0.040s (0.043s)	Speed 801.0 samples/s	Data 0.000s (0.002s)	Loss 0.02570 (0.03702)
2021-11-04 15:50:21,848 Epoch: [3][90/200]	Time 0.041s (0.043s)	Speed 787.7 samples/s	Data 0.000s (0.001s)	Loss 0.03064 (0.03671)
2021-11-04 15:50:22,273 Epoch: [3][100/200]	Time 0.047s (0.043s)	Speed 675.4 samples/s	Data 0.000s (0.001s)	Loss 0.02932 (0.03652)
2021-11-04 15:50:22,691 Epoch: [3][110/200]	Time 0.040s (0.043s)	Speed 797.0 samples/s	Data 0.000s (0.001s)	Loss 0.02982 (0.03627)
2021-11-04 15:50:23,099 Epoch: [3][120/200]	Time 0.040s (0.043s)	Speed 801.9 samples/s	Data 0.000s (0.001s)	Loss 0.03885 (0.03620)
2021-11-04 15:50:23,508 Epoch: [3][130/200]	Time 0.040s (0.043s)	Speed 802.4 samples/s	Data 0.000s (0.001s)	Loss 0.03250 (0.03608)
2021-11-04 15:50:23,914 Epoch: [3][140/200]	Time 0.040s (0.042s)	Speed 801.2 samples/s	Data 0.000s (0.001s)	Loss 0.03380 (0.03581)
2021-11-04 15:50:24,322 Epoch: [3][150/200]	Time 0.040s (0.042s)	Speed 800.0 samples/s	Data 0.000s (0.001s)	Loss 0.02693 (0.03569)
2021-11-04 15:50:24,730 Epoch: [3][160/200]	Time 0.040s (0.042s)	Speed 802.6 samples/s	Data 0.000s (0.001s)	Loss 0.03209 (0.03578)
2021-11-04 15:50:25,138 Epoch: [3][170/200]	Time 0.040s (0.042s)	Speed 799.9 samples/s	Data 0.000s (0.001s)	Loss 0.04526 (0.03578)
2021-11-04 15:50:25,547 Epoch: [3][180/200]	Time 0.040s (0.042s)	Speed 798.3 samples/s	Data 0.000s (0.001s)	Loss 0.03524 (0.03561)
2021-11-04 15:50:25,955 Epoch: [3][190/200]	Time 0.040s (0.042s)	Speed 802.3 samples/s	Data 0.000s (0.001s)	Loss 0.02440 (0.03536)
2021-11-04 15:50:26,399 Test: [0/200]	Time 0.037 (0.037)	Loss 0.1193 (0.1193)
2021-11-04 15:50:26,470 Test: [10/200]	Time 0.006 (0.010)	Loss 0.0274 (0.0798)
2021-11-04 15:50:26,541 Test: [20/200]	Time 0.007 (0.009)	Loss 0.0543 (0.0823)
2021-11-04 15:50:26,610 Test: [30/200]	Time 0.006 (0.008)	Loss 0.1230 (0.0889)
2021-11-04 15:50:26,677 Test: [40/200]	Time 0.007 (0.008)	Loss 0.0928 (0.0934)
2021-11-04 15:50:26,745 Test: [50/200]	Time 0.005 (0.008)	Loss 0.1415 (0.0936)
2021-11-04 15:50:26,815 Test: [60/200]	Time 0.007 (0.007)	Loss 0.1098 (0.0955)
2021-11-04 15:50:26,885 Test: [70/200]	Time 0.006 (0.007)	Loss 0.0935 (0.0962)
2021-11-04 15:50:26,951 Test: [80/200]	Time 0.006 (0.007)	Loss 0.1135 (0.0943)
2021-11-04 15:50:27,019 Test: [90/200]	Time 0.006 (0.007)	Loss 0.1229 (0.0959)
2021-11-04 15:50:27,090 Test: [100/200]	Time 0.007 (0.007)	Loss 0.1412 (0.0956)
2021-11-04 15:50:27,167 Test: [110/200]	Time 0.006 (0.007)	Loss 0.1794 (0.0969)
2021-11-04 15:50:27,238 Test: [120/200]	Time 0.006 (0.007)	Loss 0.0976 (0.0955)
2021-11-04 15:50:27,313 Test: [130/200]	Time 0.008 (0.007)	Loss 0.0918 (0.0956)
2021-11-04 15:50:27,383 Test: [140/200]	Time 0.007 (0.007)	Loss 0.0990 (0.0954)
2021-11-04 15:50:27,454 Test: [150/200]	Time 0.006 (0.007)	Loss 0.0966 (0.0945)
2021-11-04 15:50:27,525 Test: [160/200]	Time 0.005 (0.007)	Loss 0.0867 (0.0943)
2021-11-04 15:50:27,598 Test: [170/200]	Time 0.007 (0.007)	Loss 0.0796 (0.0933)
2021-11-04 15:50:27,670 Test: [180/200]	Time 0.006 (0.007)	Loss 0.0671 (0.0928)
2021-11-04 15:50:27,737 Test: [190/200]	Time 0.006 (0.007)	Loss 0.0529 (0.0929)
2021-11-04 15:50:28,712 Mean IoU score: 0.789
2021-11-04 15:50:28,717 => saving checkpoint to out
2021-11-04 15:50:28,922 Epoch: [4][0/200]	Time 0.147s (0.147s)	Speed 217.6 samples/s	Data 0.101s (0.101s)	Loss 0.03461 (0.03461)
2021-11-04 15:50:29,350 Epoch: [4][10/200]	Time 0.040s (0.052s)	Speed 801.1 samples/s	Data 0.000s (0.010s)	Loss 0.02591 (0.02936)
2021-11-04 15:50:29,785 Epoch: [4][20/200]	Time 0.045s (0.048s)	Speed 706.1 samples/s	Data 0.000s (0.005s)	Loss 0.02506 (0.02776)
2021-11-04 15:50:30,213 Epoch: [4][30/200]	Time 0.043s (0.046s)	Speed 751.0 samples/s	Data 0.000s (0.004s)	Loss 0.02482 (0.02754)
2021-11-04 15:50:30,622 Epoch: [4][40/200]	Time 0.040s (0.045s)	Speed 795.8 samples/s	Data 0.000s (0.003s)	Loss 0.02524 (0.02778)
2021-11-04 15:50:31,068 Epoch: [4][50/200]	Time 0.044s (0.045s)	Speed 720.3 samples/s	Data 0.000s (0.002s)	Loss 0.02307 (0.02736)
2021-11-04 15:50:31,514 Epoch: [4][60/200]	Time 0.043s (0.045s)	Speed 747.1 samples/s	Data 0.000s (0.002s)	Loss 0.01921 (0.02670)
2021-11-04 15:50:31,924 Epoch: [4][70/200]	Time 0.040s (0.044s)	Speed 799.6 samples/s	Data 0.000s (0.002s)	Loss 0.02573 (0.02667)
2021-11-04 15:50:32,336 Epoch: [4][80/200]	Time 0.040s (0.044s)	Speed 797.3 samples/s	Data 0.000s (0.002s)	Loss 0.02505 (0.02641)
2021-11-04 15:50:32,751 Epoch: [4][90/200]	Time 0.041s (0.044s)	Speed 789.0 samples/s	Data 0.000s (0.001s)	Loss 0.02765 (0.02618)
2021-11-04 15:50:33,199 Epoch: [4][100/200]	Time 0.045s (0.044s)	Speed 712.6 samples/s	Data 0.000s (0.001s)	Loss 0.02423 (0.02609)
2021-11-04 15:50:33,626 Epoch: [4][110/200]	Time 0.045s (0.044s)	Speed 719.0 samples/s	Data 0.000s (0.001s)	Loss 0.02723 (0.02607)
2021-11-04 15:50:34,039 Epoch: [4][120/200]	Time 0.041s (0.043s)	Speed 777.7 samples/s	Data 0.000s (0.001s)	Loss 0.02769 (0.02596)
2021-11-04 15:50:34,450 Epoch: [4][130/200]	Time 0.041s (0.043s)	Speed 785.6 samples/s	Data 0.000s (0.001s)	Loss 0.02330 (0.02601)
2021-11-04 15:50:34,898 Epoch: [4][140/200]	Time 0.045s (0.043s)	Speed 708.3 samples/s	Data 0.000s (0.001s)	Loss 0.02645 (0.02614)
2021-11-04 15:50:35,343 Epoch: [4][150/200]	Time 0.040s (0.043s)	Speed 795.9 samples/s	Data 0.000s (0.001s)	Loss 0.02096 (0.02608)
2021-11-04 15:50:35,764 Epoch: [4][160/200]	Time 0.041s (0.043s)	Speed 779.0 samples/s	Data 0.000s (0.001s)	Loss 0.02210 (0.02589)
2021-11-04 15:50:36,180 Epoch: [4][170/200]	Time 0.040s (0.043s)	Speed 790.4 samples/s	Data 0.000s (0.001s)	Loss 0.02078 (0.02581)
2021-11-04 15:50:36,602 Epoch: [4][180/200]	Time 0.041s (0.043s)	Speed 781.5 samples/s	Data 0.000s (0.001s)	Loss 0.03032 (0.02576)
2021-11-04 15:50:37,011 Epoch: [4][190/200]	Time 0.040s (0.043s)	Speed 798.2 samples/s	Data 0.000s (0.001s)	Loss 0.02567 (0.02567)
2021-11-04 15:50:37,477 Test: [0/200]	Time 0.048 (0.048)	Loss 0.0912 (0.0912)
2021-11-04 15:50:37,554 Test: [10/200]	Time 0.006 (0.011)	Loss 0.0223 (0.0708)
2021-11-04 15:50:37,622 Test: [20/200]	Time 0.006 (0.009)	Loss 0.0563 (0.0700)
2021-11-04 15:50:37,691 Test: [30/200]	Time 0.005 (0.008)	Loss 0.1008 (0.0768)
2021-11-04 15:50:37,759 Test: [40/200]	Time 0.006 (0.008)	Loss 0.0705 (0.0798)
2021-11-04 15:50:37,829 Test: [50/200]	Time 0.006 (0.008)	Loss 0.1121 (0.0795)
2021-11-04 15:50:37,896 Test: [60/200]	Time 0.006 (0.008)	Loss 0.1216 (0.0825)
2021-11-04 15:50:37,966 Test: [70/200]	Time 0.007 (0.008)	Loss 0.0704 (0.0817)
2021-11-04 15:50:38,032 Test: [80/200]	Time 0.006 (0.007)	Loss 0.0974 (0.0798)
2021-11-04 15:50:38,098 Test: [90/200]	Time 0.006 (0.007)	Loss 0.0992 (0.0808)
2021-11-04 15:50:38,186 Test: [100/200]	Time 0.006 (0.007)	Loss 0.1296 (0.0807)
2021-11-04 15:50:38,251 Test: [110/200]	Time 0.005 (0.007)	Loss 0.1509 (0.0815)
2021-11-04 15:50:38,319 Test: [120/200]	Time 0.007 (0.007)	Loss 0.1003 (0.0805)
2021-11-04 15:50:38,384 Test: [130/200]	Time 0.006 (0.007)	Loss 0.0738 (0.0808)
2021-11-04 15:50:38,452 Test: [140/200]	Time 0.006 (0.007)	Loss 0.0754 (0.0806)
2021-11-04 15:50:38,519 Test: [150/200]	Time 0.006 (0.007)	Loss 0.0721 (0.0798)
2021-11-04 15:50:38,586 Test: [160/200]	Time 0.006 (0.007)	Loss 0.0792 (0.0795)
2021-11-04 15:50:38,651 Test: [170/200]	Time 0.006 (0.007)	Loss 0.0572 (0.0788)
2021-11-04 15:50:38,718 Test: [180/200]	Time 0.005 (0.007)	Loss 0.0501 (0.0781)
2021-11-04 15:50:38,806 Test: [190/200]	Time 0.006 (0.007)	Loss 0.0380 (0.0782)
2021-11-04 15:50:39,690 Mean IoU score: 0.821
2021-11-04 15:50:39,696 => saving checkpoint to out
2021-11-04 15:50:39,906 Epoch: [5][0/200]	Time 0.154s (0.154s)	Speed 208.1 samples/s	Data 0.113s (0.113s)	Loss 0.01752 (0.01752)
2021-11-04 15:50:40,329 Epoch: [5][10/200]	Time 0.045s (0.052s)	Speed 703.6 samples/s	Data 0.000s (0.011s)	Loss 0.01711 (0.02085)
2021-11-04 15:50:40,790 Epoch: [5][20/200]	Time 0.046s (0.049s)	Speed 691.3 samples/s	Data 0.000s (0.006s)	Loss 0.02407 (0.02137)
2021-11-04 15:50:41,243 Epoch: [5][30/200]	Time 0.046s (0.048s)	Speed 703.0 samples/s	Data 0.000s (0.004s)	Loss 0.02785 (0.02119)
2021-11-04 15:50:41,696 Epoch: [5][40/200]	Time 0.045s (0.047s)	Speed 714.6 samples/s	Data 0.000s (0.003s)	Loss 0.01996 (0.02106)
2021-11-04 15:50:42,145 Epoch: [5][50/200]	Time 0.046s (0.047s)	Speed 700.2 samples/s	Data 0.000s (0.003s)	Loss 0.02306 (0.02084)
2021-11-04 15:50:42,598 Epoch: [5][60/200]	Time 0.045s (0.047s)	Speed 713.3 samples/s	Data 0.000s (0.002s)	Loss 0.01583 (0.02040)
2021-11-04 15:50:43,055 Epoch: [5][70/200]	Time 0.044s (0.047s)	Speed 722.1 samples/s	Data 0.000s (0.002s)	Loss 0.01721 (0.02017)
2021-11-04 15:50:43,521 Epoch: [5][80/200]	Time 0.046s (0.047s)	Speed 700.6 samples/s	Data 0.000s (0.002s)	Loss 0.01871 (0.02004)
2021-11-04 15:50:43,981 Epoch: [5][90/200]	Time 0.045s (0.046s)	Speed 709.0 samples/s	Data 0.000s (0.002s)	Loss 0.01524 (0.02000)
2021-11-04 15:50:44,433 Epoch: [5][100/200]	Time 0.045s (0.046s)	Speed 716.5 samples/s	Data 0.000s (0.002s)	Loss 0.02050 (0.01988)
2021-11-04 15:50:44,882 Epoch: [5][110/200]	Time 0.045s (0.046s)	Speed 719.1 samples/s	Data 0.000s (0.001s)	Loss 0.02140 (0.01988)
2021-11-04 15:50:45,339 Epoch: [5][120/200]	Time 0.046s (0.046s)	Speed 702.4 samples/s	Data 0.000s (0.001s)	Loss 0.01655 (0.01966)
2021-11-04 15:50:45,791 Epoch: [5][130/200]	Time 0.045s (0.046s)	Speed 710.1 samples/s	Data 0.000s (0.001s)	Loss 0.02299 (0.01972)
2021-11-04 15:50:46,242 Epoch: [5][140/200]	Time 0.045s (0.046s)	Speed 711.5 samples/s	Data 0.000s (0.001s)	Loss 0.02129 (0.01970)
2021-11-04 15:50:46,698 Epoch: [5][150/200]	Time 0.046s (0.046s)	Speed 688.5 samples/s	Data 0.000s (0.001s)	Loss 0.02284 (0.01963)
2021-11-04 15:50:47,146 Epoch: [5][160/200]	Time 0.044s (0.046s)	Speed 732.2 samples/s	Data 0.000s (0.001s)	Loss 0.01914 (0.01948)
2021-11-04 15:50:47,597 Epoch: [5][170/200]	Time 0.045s (0.046s)	Speed 714.1 samples/s	Data 0.000s (0.001s)	Loss 0.01841 (0.01941)
2021-11-04 15:50:48,038 Epoch: [5][180/200]	Time 0.040s (0.046s)	Speed 796.0 samples/s	Data 0.000s (0.001s)	Loss 0.01786 (0.01949)
2021-11-04 15:50:48,440 Epoch: [5][190/200]	Time 0.040s (0.045s)	Speed 804.7 samples/s	Data 0.000s (0.001s)	Loss 0.01780 (0.01954)
2021-11-04 15:50:48,874 Test: [0/200]	Time 0.038 (0.038)	Loss 0.0918 (0.0918)
2021-11-04 15:50:48,941 Test: [10/200]	Time 0.007 (0.010)	Loss 0.0289 (0.0799)
2021-11-04 15:50:49,017 Test: [20/200]	Time 0.006 (0.009)	Loss 0.0663 (0.0794)
2021-11-04 15:50:49,090 Test: [30/200]	Time 0.007 (0.008)	Loss 0.1221 (0.0895)
2021-11-04 15:50:49,160 Test: [40/200]	Time 0.006 (0.008)	Loss 0.0823 (0.0925)
2021-11-04 15:50:49,230 Test: [50/200]	Time 0.005 (0.008)	Loss 0.1260 (0.0921)
2021-11-04 15:50:49,299 Test: [60/200]	Time 0.007 (0.008)	Loss 0.1151 (0.0945)
2021-11-04 15:50:49,375 Test: [70/200]	Time 0.008 (0.008)	Loss 0.0848 (0.0945)
2021-11-04 15:50:49,450 Test: [80/200]	Time 0.006 (0.008)	Loss 0.1417 (0.0928)
2021-11-04 15:50:49,525 Test: [90/200]	Time 0.006 (0.008)	Loss 0.1344 (0.0946)
2021-11-04 15:50:49,592 Test: [100/200]	Time 0.006 (0.007)	Loss 0.1608 (0.0936)
2021-11-04 15:50:49,659 Test: [110/200]	Time 0.006 (0.007)	Loss 0.1758 (0.0945)
2021-11-04 15:50:49,724 Test: [120/200]	Time 0.006 (0.007)	Loss 0.1365 (0.0927)
2021-11-04 15:50:49,792 Test: [130/200]	Time 0.006 (0.007)	Loss 0.0846 (0.0934)
2021-11-04 15:50:49,857 Test: [140/200]	Time 0.006 (0.007)	Loss 0.0985 (0.0927)
2021-11-04 15:50:49,923 Test: [150/200]	Time 0.007 (0.007)	Loss 0.0861 (0.0913)
2021-11-04 15:50:49,989 Test: [160/200]	Time 0.006 (0.007)	Loss 0.0922 (0.0910)
2021-11-04 15:50:50,053 Test: [170/200]	Time 0.005 (0.007)	Loss 0.1252 (0.0899)
2021-11-04 15:50:50,116 Test: [180/200]	Time 0.006 (0.007)	Loss 0.0851 (0.0892)
2021-11-04 15:50:50,180 Test: [190/200]	Time 0.005 (0.007)	Loss 0.0462 (0.0892)
2021-11-04 15:50:51,099 Mean IoU score: 0.795
2021-11-04 15:50:51,105 => saving checkpoint to out
2021-11-04 15:50:51,276 Epoch: [6][0/200]	Time 0.142s (0.142s)	Speed 225.6 samples/s	Data 0.100s (0.100s)	Loss 0.01653 (0.01653)
2021-11-04 15:50:51,681 Epoch: [6][10/200]	Time 0.040s (0.050s)	Speed 800.8 samples/s	Data 0.000s (0.009s)	Loss 0.02549 (0.01811)
2021-11-04 15:50:52,082 Epoch: [6][20/200]	Time 0.040s (0.045s)	Speed 804.2 samples/s	Data 0.000s (0.005s)	Loss 0.01851 (0.01884)
2021-11-04 15:50:52,485 Epoch: [6][30/200]	Time 0.040s (0.044s)	Speed 801.8 samples/s	Data 0.000s (0.004s)	Loss 0.01687 (0.01860)
2021-11-04 15:50:52,888 Epoch: [6][40/200]	Time 0.040s (0.043s)	Speed 802.3 samples/s	Data 0.000s (0.003s)	Loss 0.01665 (0.01830)
2021-11-04 15:50:53,289 Epoch: [6][50/200]	Time 0.040s (0.042s)	Speed 798.2 samples/s	Data 0.000s (0.002s)	Loss 0.01677 (0.01820)
2021-11-04 15:50:53,691 Epoch: [6][60/200]	Time 0.040s (0.042s)	Speed 802.0 samples/s	Data 0.000s (0.002s)	Loss 0.01450 (0.01787)
2021-11-04 15:50:54,097 Epoch: [6][70/200]	Time 0.043s (0.042s)	Speed 752.2 samples/s	Data 0.000s (0.002s)	Loss 0.01506 (0.01756)
2021-11-04 15:50:54,543 Epoch: [6][80/200]	Time 0.044s (0.042s)	Speed 721.1 samples/s	Data 0.000s (0.002s)	Loss 0.01482 (0.01744)
2021-11-04 15:50:54,988 Epoch: [6][90/200]	Time 0.044s (0.042s)	Speed 725.5 samples/s	Data 0.000s (0.001s)	Loss 0.01774 (0.01733)
2021-11-04 15:50:55,439 Epoch: [6][100/200]	Time 0.044s (0.043s)	Speed 719.3 samples/s	Data 0.000s (0.001s)	Loss 0.01583 (0.01729)
2021-11-04 15:50:55,886 Epoch: [6][110/200]	Time 0.044s (0.043s)	Speed 724.0 samples/s	Data 0.000s (0.001s)	Loss 0.01338 (0.01721)
2021-11-04 15:50:56,329 Epoch: [6][120/200]	Time 0.040s (0.043s)	Speed 795.0 samples/s	Data 0.000s (0.001s)	Loss 0.01792 (0.01713)
2021-11-04 15:50:56,738 Epoch: [6][130/200]	Time 0.040s (0.043s)	Speed 799.0 samples/s	Data 0.000s (0.001s)	Loss 0.01174 (0.01698)
2021-11-04 15:50:57,144 Epoch: [6][140/200]	Time 0.040s (0.043s)	Speed 800.3 samples/s	Data 0.000s (0.001s)	Loss 0.01461 (0.01690)
2021-11-04 15:50:57,581 Epoch: [6][150/200]	Time 0.045s (0.043s)	Speed 711.2 samples/s	Data 0.000s (0.001s)	Loss 0.01535 (0.01682)
2021-11-04 15:50:58,025 Epoch: [6][160/200]	Time 0.041s (0.043s)	Speed 781.2 samples/s	Data 0.000s (0.001s)	Loss 0.01906 (0.01681)
2021-11-04 15:50:58,443 Epoch: [6][170/200]	Time 0.040s (0.043s)	Speed 800.8 samples/s	Data 0.000s (0.001s)	Loss 0.01700 (0.01670)
2021-11-04 15:50:58,863 Epoch: [6][180/200]	Time 0.040s (0.043s)	Speed 799.5 samples/s	Data 0.000s (0.001s)	Loss 0.01123 (0.01666)
2021-11-04 15:50:59,281 Epoch: [6][190/200]	Time 0.043s (0.043s)	Speed 740.0 samples/s	Data 0.000s (0.001s)	Loss 0.01503 (0.01660)
2021-11-04 15:50:59,729 Test: [0/200]	Time 0.044 (0.044)	Loss 0.0822 (0.0822)
2021-11-04 15:50:59,801 Test: [10/200]	Time 0.006 (0.011)	Loss 0.0171 (0.0539)
2021-11-04 15:50:59,863 Test: [20/200]	Time 0.006 (0.008)	Loss 0.0359 (0.0545)
2021-11-04 15:50:59,926 Test: [30/200]	Time 0.007 (0.008)	Loss 0.0722 (0.0595)
2021-11-04 15:50:59,987 Test: [40/200]	Time 0.006 (0.007)	Loss 0.0538 (0.0625)
2021-11-04 15:51:00,053 Test: [50/200]	Time 0.007 (0.007)	Loss 0.0916 (0.0627)
2021-11-04 15:51:00,121 Test: [60/200]	Time 0.006 (0.007)	Loss 0.0926 (0.0639)
2021-11-04 15:51:00,183 Test: [70/200]	Time 0.005 (0.007)	Loss 0.0449 (0.0633)
2021-11-04 15:51:00,252 Test: [80/200]	Time 0.006 (0.007)	Loss 0.0793 (0.0620)
2021-11-04 15:51:00,320 Test: [90/200]	Time 0.006 (0.007)	Loss 0.0832 (0.0633)
2021-11-04 15:51:00,381 Test: [100/200]	Time 0.006 (0.007)	Loss 0.0850 (0.0628)
2021-11-04 15:51:00,453 Test: [110/200]	Time 0.007 (0.007)	Loss 0.1703 (0.0642)
2021-11-04 15:51:00,521 Test: [120/200]	Time 0.006 (0.007)	Loss 0.0687 (0.0631)
2021-11-04 15:51:00,588 Test: [130/200]	Time 0.006 (0.007)	Loss 0.0571 (0.0633)
2021-11-04 15:51:00,652 Test: [140/200]	Time 0.006 (0.007)	Loss 0.0653 (0.0629)
2021-11-04 15:51:00,712 Test: [150/200]	Time 0.005 (0.007)	Loss 0.0587 (0.0620)
2021-11-04 15:51:00,774 Test: [160/200]	Time 0.006 (0.007)	Loss 0.0687 (0.0623)
2021-11-04 15:51:00,836 Test: [170/200]	Time 0.006 (0.007)	Loss 0.0608 (0.0619)
2021-11-04 15:51:00,895 Test: [180/200]	Time 0.005 (0.007)	Loss 0.0405 (0.0615)
2021-11-04 15:51:00,955 Test: [190/200]	Time 0.006 (0.007)	Loss 0.0299 (0.0616)
2021-11-04 15:51:01,874 Mean IoU score: 0.853
2021-11-04 15:51:01,879 => saving checkpoint to out
2021-11-04 15:51:02,071 Epoch: [7][0/200]	Time 0.148s (0.148s)	Speed 216.6 samples/s	Data 0.105s (0.105s)	Loss 0.01391 (0.01391)
2021-11-04 15:51:02,479 Epoch: [7][10/200]	Time 0.040s (0.051s)	Speed 799.8 samples/s	Data 0.000s (0.010s)	Loss 0.01281 (0.01455)
2021-11-04 15:51:02,881 Epoch: [7][20/200]	Time 0.040s (0.046s)	Speed 799.4 samples/s	Data 0.000s (0.005s)	Loss 0.01626 (0.01458)
2021-11-04 15:51:03,316 Epoch: [7][30/200]	Time 0.044s (0.045s)	Speed 727.4 samples/s	Data 0.000s (0.004s)	Loss 0.01547 (0.01419)
2021-11-04 15:51:03,718 Epoch: [7][40/200]	Time 0.040s (0.044s)	Speed 803.5 samples/s	Data 0.000s (0.003s)	Loss 0.01052 (0.01417)
2021-11-04 15:51:04,119 Epoch: [7][50/200]	Time 0.040s (0.043s)	Speed 798.8 samples/s	Data 0.000s (0.002s)	Loss 0.01280 (0.01399)
2021-11-04 15:51:04,528 Epoch: [7][60/200]	Time 0.040s (0.043s)	Speed 800.1 samples/s	Data 0.000s (0.002s)	Loss 0.01285 (0.01392)
2021-11-04 15:51:04,931 Epoch: [7][70/200]	Time 0.040s (0.042s)	Speed 794.8 samples/s	Data 0.000s (0.002s)	Loss 0.01138 (0.01373)
2021-11-04 15:51:05,332 Epoch: [7][80/200]	Time 0.040s (0.042s)	Speed 799.9 samples/s	Data 0.000s (0.002s)	Loss 0.01210 (0.01373)
2021-11-04 15:51:05,733 Epoch: [7][90/200]	Time 0.040s (0.042s)	Speed 800.5 samples/s	Data 0.000s (0.001s)	Loss 0.01543 (0.01360)
2021-11-04 15:51:06,133 Epoch: [7][100/200]	Time 0.040s (0.042s)	Speed 804.3 samples/s	Data 0.000s (0.001s)	Loss 0.01628 (0.01368)
2021-11-04 15:51:06,535 Epoch: [7][110/200]	Time 0.040s (0.042s)	Speed 793.5 samples/s	Data 0.000s (0.001s)	Loss 0.01049 (0.01366)
2021-11-04 15:51:06,936 Epoch: [7][120/200]	Time 0.040s (0.041s)	Speed 800.9 samples/s	Data 0.000s (0.001s)	Loss 0.01255 (0.01374)
2021-11-04 15:51:07,357 Epoch: [7][130/200]	Time 0.045s (0.041s)	Speed 711.0 samples/s	Data 0.000s (0.001s)	Loss 0.01180 (0.01373)
2021-11-04 15:51:07,791 Epoch: [7][140/200]	Time 0.040s (0.042s)	Speed 796.4 samples/s	Data 0.000s (0.001s)	Loss 0.01661 (0.01366)
2021-11-04 15:51:08,218 Epoch: [7][150/200]	Time 0.040s (0.042s)	Speed 798.6 samples/s	Data 0.000s (0.001s)	Loss 0.01130 (0.01359)
2021-11-04 15:51:08,624 Epoch: [7][160/200]	Time 0.040s (0.042s)	Speed 802.3 samples/s	Data 0.000s (0.001s)	Loss 0.01558 (0.01354)
2021-11-04 15:51:09,026 Epoch: [7][170/200]	Time 0.040s (0.042s)	Speed 801.8 samples/s	Data 0.000s (0.001s)	Loss 0.01467 (0.01353)
2021-11-04 15:51:09,455 Epoch: [7][180/200]	Time 0.044s (0.042s)	Speed 728.2 samples/s	Data 0.000s (0.001s)	Loss 0.01244 (0.01352)
2021-11-04 15:51:09,886 Epoch: [7][190/200]	Time 0.045s (0.042s)	Speed 713.3 samples/s	Data 0.000s (0.001s)	Loss 0.01188 (0.01354)
2021-11-04 15:51:10,378 Test: [0/200]	Time 0.045 (0.045)	Loss 0.0764 (0.0764)
2021-11-04 15:51:10,446 Test: [10/200]	Time 0.006 (0.010)	Loss 0.0168 (0.0548)
2021-11-04 15:51:10,510 Test: [20/200]	Time 0.006 (0.008)	Loss 0.0327 (0.0549)
2021-11-04 15:51:10,570 Test: [30/200]	Time 0.006 (0.008)	Loss 0.0909 (0.0606)
2021-11-04 15:51:10,631 Test: [40/200]	Time 0.005 (0.007)	Loss 0.0574 (0.0633)
2021-11-04 15:51:10,693 Test: [50/200]	Time 0.006 (0.007)	Loss 0.0963 (0.0628)
2021-11-04 15:51:10,753 Test: [60/200]	Time 0.006 (0.007)	Loss 0.0955 (0.0643)
2021-11-04 15:51:10,818 Test: [70/200]	Time 0.007 (0.007)	Loss 0.0465 (0.0640)
2021-11-04 15:51:10,882 Test: [80/200]	Time 0.006 (0.007)	Loss 0.0693 (0.0621)
2021-11-04 15:51:10,954 Test: [90/200]	Time 0.008 (0.007)	Loss 0.0844 (0.0632)
2021-11-04 15:51:11,028 Test: [100/200]	Time 0.008 (0.007)	Loss 0.0939 (0.0627)
2021-11-04 15:51:11,102 Test: [110/200]	Time 0.006 (0.007)	Loss 0.1683 (0.0639)
2021-11-04 15:51:11,178 Test: [120/200]	Time 0.007 (0.007)	Loss 0.0770 (0.0628)
2021-11-04 15:51:11,249 Test: [130/200]	Time 0.007 (0.007)	Loss 0.0548 (0.0629)
2021-11-04 15:51:11,313 Test: [140/200]	Time 0.005 (0.007)	Loss 0.0720 (0.0626)
2021-11-04 15:51:11,379 Test: [150/200]	Time 0.007 (0.007)	Loss 0.0625 (0.0617)
2021-11-04 15:51:11,451 Test: [160/200]	Time 0.007 (0.007)	Loss 0.0647 (0.0618)
2021-11-04 15:51:11,518 Test: [170/200]	Time 0.005 (0.007)	Loss 0.0639 (0.0611)
2021-11-04 15:51:11,581 Test: [180/200]	Time 0.006 (0.007)	Loss 0.0383 (0.0607)
2021-11-04 15:51:11,641 Test: [190/200]	Time 0.006 (0.007)	Loss 0.0279 (0.0606)
2021-11-04 15:51:12,543 Mean IoU score: 0.856
2021-11-04 15:51:12,547 => saving checkpoint to out
2021-11-04 15:51:12,722 Epoch: [8][0/200]	Time 0.142s (0.142s)	Speed 225.7 samples/s	Data 0.100s (0.100s)	Loss 0.01207 (0.01207)
2021-11-04 15:51:13,128 Epoch: [8][10/200]	Time 0.040s (0.050s)	Speed 798.7 samples/s	Data 0.000s (0.009s)	Loss 0.01063 (0.01193)
2021-11-04 15:51:13,531 Epoch: [8][20/200]	Time 0.041s (0.045s)	Speed 781.6 samples/s	Data 0.000s (0.005s)	Loss 0.01151 (0.01228)
2021-11-04 15:51:13,944 Epoch: [8][30/200]	Time 0.040s (0.044s)	Speed 790.9 samples/s	Data 0.000s (0.004s)	Loss 0.01197 (0.01227)
2021-11-04 15:51:14,345 Epoch: [8][40/200]	Time 0.040s (0.043s)	Speed 799.4 samples/s	Data 0.000s (0.003s)	Loss 0.00942 (0.01210)
2021-11-04 15:51:14,746 Epoch: [8][50/200]	Time 0.040s (0.042s)	Speed 803.4 samples/s	Data 0.000s (0.002s)	Loss 0.01216 (0.01222)
2021-11-04 15:51:15,155 Epoch: [8][60/200]	Time 0.041s (0.042s)	Speed 785.9 samples/s	Data 0.000s (0.002s)	Loss 0.01313 (0.01216)
2021-11-04 15:51:15,560 Epoch: [8][70/200]	Time 0.040s (0.042s)	Speed 795.7 samples/s	Data 0.000s (0.002s)	Loss 0.01177 (0.01205)
2021-11-04 15:51:15,993 Epoch: [8][80/200]	Time 0.040s (0.042s)	Speed 801.3 samples/s	Data 0.000s (0.002s)	Loss 0.00855 (0.01198)
2021-11-04 15:51:16,421 Epoch: [8][90/200]	Time 0.040s (0.042s)	Speed 792.1 samples/s	Data 0.001s (0.001s)	Loss 0.00965 (0.01187)
2021-11-04 15:51:16,824 Epoch: [8][100/200]	Time 0.040s (0.042s)	Speed 793.3 samples/s	Data 0.000s (0.001s)	Loss 0.01145 (0.01192)
2021-11-04 15:51:17,262 Epoch: [8][110/200]	Time 0.040s (0.042s)	Speed 799.9 samples/s	Data 0.000s (0.001s)	Loss 0.01356 (0.01193)
2021-11-04 15:51:17,688 Epoch: [8][120/200]	Time 0.040s (0.042s)	Speed 805.6 samples/s	Data 0.000s (0.001s)	Loss 0.01211 (0.01200)
2021-11-04 15:51:18,090 Epoch: [8][130/200]	Time 0.040s (0.042s)	Speed 803.4 samples/s	Data 0.000s (0.001s)	Loss 0.00845 (0.01200)
2021-11-04 15:51:18,490 Epoch: [8][140/200]	Time 0.040s (0.042s)	Speed 801.7 samples/s	Data 0.000s (0.001s)	Loss 0.01423 (0.01203)
2021-11-04 15:51:18,900 Epoch: [8][150/200]	Time 0.044s (0.042s)	Speed 720.1 samples/s	Data 0.000s (0.001s)	Loss 0.01102 (0.01197)
2021-11-04 15:51:19,360 Epoch: [8][160/200]	Time 0.047s (0.042s)	Speed 686.4 samples/s	Data 0.000s (0.001s)	Loss 0.01270 (0.01200)
2021-11-04 15:51:19,808 Epoch: [8][170/200]	Time 0.045s (0.042s)	Speed 711.7 samples/s	Data 0.000s (0.001s)	Loss 0.01154 (0.01201)
2021-11-04 15:51:20,229 Epoch: [8][180/200]	Time 0.041s (0.042s)	Speed 779.7 samples/s	Data 0.000s (0.001s)	Loss 0.01328 (0.01199)
2021-11-04 15:51:20,639 Epoch: [8][190/200]	Time 0.041s (0.042s)	Speed 779.3 samples/s	Data 0.000s (0.001s)	Loss 0.01250 (0.01195)
2021-11-04 15:51:21,083 Test: [0/200]	Time 0.041 (0.041)	Loss 0.0765 (0.0765)
2021-11-04 15:51:21,156 Test: [10/200]	Time 0.007 (0.010)	Loss 0.0180 (0.0541)
2021-11-04 15:51:21,217 Test: [20/200]	Time 0.005 (0.008)	Loss 0.0311 (0.0549)
2021-11-04 15:51:21,278 Test: [30/200]	Time 0.006 (0.008)	Loss 0.0723 (0.0586)
2021-11-04 15:51:21,338 Test: [40/200]	Time 0.006 (0.007)	Loss 0.0714 (0.0621)
2021-11-04 15:51:21,400 Test: [50/200]	Time 0.005 (0.007)	Loss 0.0951 (0.0617)
2021-11-04 15:51:21,465 Test: [60/200]	Time 0.006 (0.007)	Loss 0.0816 (0.0623)
2021-11-04 15:51:21,528 Test: [70/200]	Time 0.006 (0.007)	Loss 0.0538 (0.0624)
2021-11-04 15:51:21,591 Test: [80/200]	Time 0.006 (0.007)	Loss 0.0643 (0.0602)
2021-11-04 15:51:21,655 Test: [90/200]	Time 0.006 (0.007)	Loss 0.0798 (0.0616)
2021-11-04 15:51:21,722 Test: [100/200]	Time 0.008 (0.007)	Loss 0.0967 (0.0609)
2021-11-04 15:51:21,794 Test: [110/200]	Time 0.006 (0.007)	Loss 0.1775 (0.0622)
2021-11-04 15:51:21,857 Test: [120/200]	Time 0.006 (0.007)	Loss 0.0582 (0.0613)
2021-11-04 15:51:21,918 Test: [130/200]	Time 0.006 (0.007)	Loss 0.0652 (0.0616)
2021-11-04 15:51:21,980 Test: [140/200]	Time 0.006 (0.007)	Loss 0.0698 (0.0615)
2021-11-04 15:51:22,041 Test: [150/200]	Time 0.005 (0.007)	Loss 0.0805 (0.0606)
2021-11-04 15:51:22,109 Test: [160/200]	Time 0.006 (0.007)	Loss 0.0607 (0.0610)
2021-11-04 15:51:22,173 Test: [170/200]	Time 0.006 (0.007)	Loss 0.0440 (0.0605)
2021-11-04 15:51:22,235 Test: [180/200]	Time 0.006 (0.007)	Loss 0.0339 (0.0601)
2021-11-04 15:51:22,302 Test: [190/200]	Time 0.007 (0.007)	Loss 0.0271 (0.0603)
2021-11-04 15:51:23,263 Mean IoU score: 0.852
2021-11-04 15:51:23,269 => saving checkpoint to out
2021-11-04 15:51:23,457 Epoch: [9][0/200]	Time 0.153s (0.153s)	Speed 209.0 samples/s	Data 0.110s (0.110s)	Loss 0.01106 (0.01106)
2021-11-04 15:51:23,894 Epoch: [9][10/200]	Time 0.041s (0.054s)	Speed 790.1 samples/s	Data 0.000s (0.010s)	Loss 0.01072 (0.01078)
2021-11-04 15:51:24,322 Epoch: [9][20/200]	Time 0.040s (0.048s)	Speed 799.2 samples/s	Data 0.000s (0.006s)	Loss 0.01525 (0.01114)
2021-11-04 15:51:24,728 Epoch: [9][30/200]	Time 0.040s (0.046s)	Speed 797.4 samples/s	Data 0.000s (0.004s)	Loss 0.01053 (0.01126)
2021-11-04 15:51:25,140 Epoch: [9][40/200]	Time 0.045s (0.045s)	Speed 704.2 samples/s	Data 0.000s (0.003s)	Loss 0.01117 (0.01136)
2021-11-04 15:51:25,546 Epoch: [9][50/200]	Time 0.040s (0.044s)	Speed 802.3 samples/s	Data 0.000s (0.003s)	Loss 0.00794 (0.01124)
2021-11-04 15:51:25,963 Epoch: [9][60/200]	Time 0.040s (0.044s)	Speed 796.1 samples/s	Data 0.000s (0.002s)	Loss 0.01158 (0.01111)
2021-11-04 15:51:26,363 Epoch: [9][70/200]	Time 0.040s (0.043s)	Speed 801.5 samples/s	Data 0.000s (0.002s)	Loss 0.01067 (0.01116)
2021-11-04 15:51:26,768 Epoch: [9][80/200]	Time 0.040s (0.043s)	Speed 794.1 samples/s	Data 0.000s (0.002s)	Loss 0.00816 (0.01118)
2021-11-04 15:51:27,169 Epoch: [9][90/200]	Time 0.040s (0.042s)	Speed 792.1 samples/s	Data 0.000s (0.002s)	Loss 0.01195 (0.01112)
2021-11-04 15:51:27,571 Epoch: [9][100/200]	Time 0.041s (0.042s)	Speed 788.6 samples/s	Data 0.000s (0.001s)	Loss 0.01579 (0.01118)
2021-11-04 15:51:27,972 Epoch: [9][110/200]	Time 0.040s (0.042s)	Speed 799.3 samples/s	Data 0.000s (0.001s)	Loss 0.01200 (0.01118)
2021-11-04 15:51:28,382 Epoch: [9][120/200]	Time 0.040s (0.042s)	Speed 793.9 samples/s	Data 0.000s (0.001s)	Loss 0.01025 (0.01111)
2021-11-04 15:51:28,786 Epoch: [9][130/200]	Time 0.040s (0.042s)	Speed 804.4 samples/s	Data 0.000s (0.001s)	Loss 0.00855 (0.01115)
2021-11-04 15:51:29,187 Epoch: [9][140/200]	Time 0.040s (0.042s)	Speed 801.8 samples/s	Data 0.000s (0.001s)	Loss 0.01182 (0.01113)
2021-11-04 15:51:29,590 Epoch: [9][150/200]	Time 0.040s (0.042s)	Speed 801.1 samples/s	Data 0.000s (0.001s)	Loss 0.00870 (0.01110)
2021-11-04 15:51:29,991 Epoch: [9][160/200]	Time 0.040s (0.042s)	Speed 800.5 samples/s	Data 0.000s (0.001s)	Loss 0.01185 (0.01107)
2021-11-04 15:51:30,394 Epoch: [9][170/200]	Time 0.040s (0.041s)	Speed 802.8 samples/s	Data 0.000s (0.001s)	Loss 0.01134 (0.01102)
2021-11-04 15:51:30,822 Epoch: [9][180/200]	Time 0.047s (0.042s)	Speed 687.4 samples/s	Data 0.000s (0.001s)	Loss 0.00996 (0.01101)
2021-11-04 15:51:31,281 Epoch: [9][190/200]	Time 0.045s (0.042s)	Speed 715.7 samples/s	Data 0.000s (0.001s)	Loss 0.00866 (0.01097)
2021-11-04 15:51:31,750 Test: [0/200]	Time 0.036 (0.036)	Loss 0.0715 (0.0715)
2021-11-04 15:51:31,813 Test: [10/200]	Time 0.006 (0.009)	Loss 0.0211 (0.0498)
2021-11-04 15:51:31,873 Test: [20/200]	Time 0.006 (0.008)	Loss 0.0293 (0.0522)
2021-11-04 15:51:31,937 Test: [30/200]	Time 0.006 (0.007)	Loss 0.0837 (0.0569)
2021-11-04 15:51:32,006 Test: [40/200]	Time 0.008 (0.007)	Loss 0.0460 (0.0595)
2021-11-04 15:51:32,082 Test: [50/200]	Time 0.005 (0.007)	Loss 0.0999 (0.0593)
2021-11-04 15:51:32,149 Test: [60/200]	Time 0.006 (0.007)	Loss 0.0813 (0.0599)
2021-11-04 15:51:32,214 Test: [70/200]	Time 0.006 (0.007)	Loss 0.0436 (0.0600)
2021-11-04 15:51:32,276 Test: [80/200]	Time 0.005 (0.007)	Loss 0.0722 (0.0587)
2021-11-04 15:51:32,338 Test: [90/200]	Time 0.006 (0.007)	Loss 0.0786 (0.0604)
2021-11-04 15:51:32,401 Test: [100/200]	Time 0.006 (0.007)	Loss 0.0810 (0.0599)
2021-11-04 15:51:32,462 Test: [110/200]	Time 0.005 (0.007)	Loss 0.1700 (0.0614)
2021-11-04 15:51:32,524 Test: [120/200]	Time 0.007 (0.007)	Loss 0.0781 (0.0601)
2021-11-04 15:51:32,596 Test: [130/200]	Time 0.007 (0.007)	Loss 0.0590 (0.0606)
2021-11-04 15:51:32,661 Test: [140/200]	Time 0.005 (0.007)	Loss 0.0771 (0.0602)
2021-11-04 15:51:32,723 Test: [150/200]	Time 0.007 (0.007)	Loss 0.0528 (0.0595)
2021-11-04 15:51:32,791 Test: [160/200]	Time 0.007 (0.007)	Loss 0.0666 (0.0599)
2021-11-04 15:51:32,857 Test: [170/200]	Time 0.005 (0.007)	Loss 0.0749 (0.0595)
2021-11-04 15:51:32,919 Test: [180/200]	Time 0.006 (0.007)	Loss 0.0380 (0.0589)
2021-11-04 15:51:32,983 Test: [190/200]	Time 0.007 (0.007)	Loss 0.0281 (0.0587)
2021-11-04 15:51:33,961 Mean IoU score: 0.858
2021-11-04 15:51:33,967 => saving checkpoint to out
2021-11-04 15:51:34,166 Epoch: [10][0/200]	Time 0.150s (0.150s)	Speed 213.7 samples/s	Data 0.108s (0.108s)	Loss 0.00824 (0.00824)
2021-11-04 15:51:34,577 Epoch: [10][10/200]	Time 0.040s (0.051s)	Speed 801.0 samples/s	Data 0.000s (0.010s)	Loss 0.00861 (0.00980)
2021-11-04 15:51:34,979 Epoch: [10][20/200]	Time 0.040s (0.046s)	Speed 800.4 samples/s	Data 0.000s (0.005s)	Loss 0.00974 (0.00946)
2021-11-04 15:51:35,379 Epoch: [10][30/200]	Time 0.040s (0.044s)	Speed 803.6 samples/s	Data 0.000s (0.004s)	Loss 0.01133 (0.00976)
2021-11-04 15:51:35,786 Epoch: [10][40/200]	Time 0.040s (0.043s)	Speed 802.6 samples/s	Data 0.000s (0.003s)	Loss 0.00861 (0.01000)
2021-11-04 15:51:36,186 Epoch: [10][50/200]	Time 0.040s (0.043s)	Speed 803.4 samples/s	Data 0.000s (0.002s)	Loss 0.01316 (0.01006)
2021-11-04 15:51:36,588 Epoch: [10][60/200]	Time 0.040s (0.042s)	Speed 802.3 samples/s	Data 0.000s (0.002s)	Loss 0.01347 (0.01014)
2021-11-04 15:51:36,987 Epoch: [10][70/200]	Time 0.040s (0.042s)	Speed 803.9 samples/s	Data 0.000s (0.002s)	Loss 0.00877 (0.01014)
2021-11-04 15:51:37,391 Epoch: [10][80/200]	Time 0.040s (0.042s)	Speed 801.9 samples/s	Data 0.000s (0.002s)	Loss 0.01112 (0.01010)
2021-11-04 15:51:37,793 Epoch: [10][90/200]	Time 0.040s (0.042s)	Speed 802.3 samples/s	Data 0.000s (0.001s)	Loss 0.00803 (0.01007)
2021-11-04 15:51:38,199 Epoch: [10][100/200]	Time 0.040s (0.041s)	Speed 803.2 samples/s	Data 0.000s (0.001s)	Loss 0.00935 (0.01012)
2021-11-04 15:51:38,599 Epoch: [10][110/200]	Time 0.040s (0.041s)	Speed 798.9 samples/s	Data 0.000s (0.001s)	Loss 0.00848 (0.01008)
2021-11-04 15:51:39,003 Epoch: [10][120/200]	Time 0.040s (0.041s)	Speed 800.2 samples/s	Data 0.000s (0.001s)	Loss 0.01058 (0.01014)
2021-11-04 15:51:39,406 Epoch: [10][130/200]	Time 0.042s (0.041s)	Speed 756.2 samples/s	Data 0.000s (0.001s)	Loss 0.01005 (0.01015)
2021-11-04 15:51:39,808 Epoch: [10][140/200]	Time 0.040s (0.041s)	Speed 803.1 samples/s	Data 0.000s (0.001s)	Loss 0.00946 (0.01016)
2021-11-04 15:51:40,209 Epoch: [10][150/200]	Time 0.040s (0.041s)	Speed 802.7 samples/s	Data 0.000s (0.001s)	Loss 0.01002 (0.01013)
2021-11-04 15:51:40,609 Epoch: [10][160/200]	Time 0.040s (0.041s)	Speed 802.1 samples/s	Data 0.000s (0.001s)	Loss 0.00866 (0.01010)
2021-11-04 15:51:41,009 Epoch: [10][170/200]	Time 0.040s (0.041s)	Speed 799.9 samples/s	Data 0.000s (0.001s)	Loss 0.01125 (0.01012)
2021-11-04 15:51:41,411 Epoch: [10][180/200]	Time 0.040s (0.041s)	Speed 802.4 samples/s	Data 0.000s (0.001s)	Loss 0.00932 (0.01007)
2021-11-04 15:51:41,814 Epoch: [10][190/200]	Time 0.040s (0.041s)	Speed 802.3 samples/s	Data 0.000s (0.001s)	Loss 0.01000 (0.01004)
2021-11-04 15:51:42,242 Test: [0/200]	Time 0.037 (0.037)	Loss 0.0773 (0.0773)
2021-11-04 15:51:42,302 Test: [10/200]	Time 0.006 (0.009)	Loss 0.0114 (0.0520)
2021-11-04 15:51:42,363 Test: [20/200]	Time 0.005 (0.008)	Loss 0.0278 (0.0553)
2021-11-04 15:51:42,426 Test: [30/200]	Time 0.006 (0.007)	Loss 0.0724 (0.0579)
2021-11-04 15:51:42,488 Test: [40/200]	Time 0.005 (0.007)	Loss 0.0639 (0.0604)
2021-11-04 15:51:42,555 Test: [50/200]	Time 0.007 (0.007)	Loss 0.0880 (0.0603)
2021-11-04 15:51:42,617 Test: [60/200]	Time 0.006 (0.007)	Loss 0.0979 (0.0609)
2021-11-04 15:51:42,681 Test: [70/200]	Time 0.006 (0.007)	Loss 0.0549 (0.0608)
2021-11-04 15:51:42,748 Test: [80/200]	Time 0.006 (0.007)	Loss 0.0765 (0.0587)
2021-11-04 15:51:42,810 Test: [90/200]	Time 0.006 (0.007)	Loss 0.0753 (0.0600)
2021-11-04 15:51:42,876 Test: [100/200]	Time 0.005 (0.007)	Loss 0.0998 (0.0598)
2021-11-04 15:51:42,935 Test: [110/200]	Time 0.005 (0.007)	Loss 0.1687 (0.0611)
2021-11-04 15:51:42,997 Test: [120/200]	Time 0.006 (0.007)	Loss 0.0585 (0.0600)
2021-11-04 15:51:43,059 Test: [130/200]	Time 0.006 (0.007)	Loss 0.0599 (0.0602)
2021-11-04 15:51:43,123 Test: [140/200]	Time 0.006 (0.007)	Loss 0.0642 (0.0601)
2021-11-04 15:51:43,184 Test: [150/200]	Time 0.006 (0.006)	Loss 0.0791 (0.0591)
2021-11-04 15:51:43,243 Test: [160/200]	Time 0.005 (0.006)	Loss 0.0650 (0.0594)
2021-11-04 15:51:43,306 Test: [170/200]	Time 0.006 (0.006)	Loss 0.0440 (0.0587)
2021-11-04 15:51:43,370 Test: [180/200]	Time 0.006 (0.006)	Loss 0.0333 (0.0583)
2021-11-04 15:51:43,433 Test: [190/200]	Time 0.006 (0.006)	Loss 0.0232 (0.0584)
2021-11-04 15:51:44,245 Mean IoU score: 0.861
2021-11-04 15:51:44,250 => saving checkpoint to out
2021-11-04 15:51:44,431 Epoch: [11][0/200]	Time 0.134s (0.134s)	Speed 239.2 samples/s	Data 0.091s (0.091s)	Loss 0.00803 (0.00803)
2021-11-04 15:51:44,833 Epoch: [11][10/200]	Time 0.041s (0.049s)	Speed 788.8 samples/s	Data 0.000s (0.009s)	Loss 0.00938 (0.00858)
2021-11-04 15:51:45,239 Epoch: [11][20/200]	Time 0.040s (0.045s)	Speed 800.3 samples/s	Data 0.000s (0.005s)	Loss 0.01180 (0.00894)
2021-11-04 15:51:45,648 Epoch: [11][30/200]	Time 0.041s (0.044s)	Speed 775.4 samples/s	Data 0.000s (0.003s)	Loss 0.00862 (0.00909)
2021-11-04 15:51:46,057 Epoch: [11][40/200]	Time 0.040s (0.043s)	Speed 794.4 samples/s	Data 0.000s (0.003s)	Loss 0.01215 (0.00929)
2021-11-04 15:51:46,456 Epoch: [11][50/200]	Time 0.040s (0.042s)	Speed 803.8 samples/s	Data 0.000s (0.002s)	Loss 0.00888 (0.00934)
2021-11-04 15:51:46,856 Epoch: [11][60/200]	Time 0.040s (0.042s)	Speed 804.4 samples/s	Data 0.000s (0.002s)	Loss 0.00996 (0.00940)
2021-11-04 15:51:47,257 Epoch: [11][70/200]	Time 0.040s (0.042s)	Speed 802.8 samples/s	Data 0.000s (0.002s)	Loss 0.00985 (0.00934)
2021-11-04 15:51:47,656 Epoch: [11][80/200]	Time 0.040s (0.041s)	Speed 802.7 samples/s	Data 0.000s (0.001s)	Loss 0.00850 (0.00930)
2021-11-04 15:51:48,056 Epoch: [11][90/200]	Time 0.040s (0.041s)	Speed 801.8 samples/s	Data 0.000s (0.001s)	Loss 0.00901 (0.00926)
2021-11-04 15:51:48,476 Epoch: [11][100/200]	Time 0.040s (0.041s)	Speed 800.0 samples/s	Data 0.000s (0.001s)	Loss 0.00921 (0.00926)
2021-11-04 15:51:48,890 Epoch: [11][110/200]	Time 0.042s (0.041s)	Speed 762.4 samples/s	Data 0.000s (0.001s)	Loss 0.01016 (0.00918)
2021-11-04 15:51:49,316 Epoch: [11][120/200]	Time 0.042s (0.041s)	Speed 768.7 samples/s	Data 0.000s (0.001s)	Loss 0.00760 (0.00917)
2021-11-04 15:51:49,721 Epoch: [11][130/200]	Time 0.040s (0.041s)	Speed 803.6 samples/s	Data 0.000s (0.001s)	Loss 0.00831 (0.00916)
2021-11-04 15:51:50,129 Epoch: [11][140/200]	Time 0.040s (0.041s)	Speed 800.2 samples/s	Data 0.000s (0.001s)	Loss 0.01226 (0.00923)
2021-11-04 15:51:50,541 Epoch: [11][150/200]	Time 0.040s (0.041s)	Speed 795.7 samples/s	Data 0.000s (0.001s)	Loss 0.01077 (0.00922)
2021-11-04 15:51:50,948 Epoch: [11][160/200]	Time 0.041s (0.041s)	Speed 775.5 samples/s	Data 0.000s (0.001s)	Loss 0.01019 (0.00923)
2021-11-04 15:51:51,362 Epoch: [11][170/200]	Time 0.042s (0.041s)	Speed 765.4 samples/s	Data 0.000s (0.001s)	Loss 0.01032 (0.00926)
2021-11-04 15:51:51,782 Epoch: [11][180/200]	Time 0.044s (0.041s)	Speed 723.0 samples/s	Data 0.000s (0.001s)	Loss 0.00789 (0.00925)
2021-11-04 15:51:52,217 Epoch: [11][190/200]	Time 0.043s (0.041s)	Speed 740.1 samples/s	Data 0.000s (0.001s)	Loss 0.00855 (0.00923)
2021-11-04 15:51:52,663 Test: [0/200]	Time 0.041 (0.041)	Loss 0.0646 (0.0646)
2021-11-04 15:51:52,734 Test: [10/200]	Time 0.006 (0.010)	Loss 0.0193 (0.0496)
2021-11-04 15:51:52,799 Test: [20/200]	Time 0.005 (0.008)	Loss 0.0245 (0.0510)
2021-11-04 15:51:52,867 Test: [30/200]	Time 0.006 (0.008)	Loss 0.0891 (0.0554)
2021-11-04 15:51:52,938 Test: [40/200]	Time 0.007 (0.008)	Loss 0.0504 (0.0575)
2021-11-04 15:51:53,004 Test: [50/200]	Time 0.006 (0.007)	Loss 0.0850 (0.0574)
2021-11-04 15:51:53,071 Test: [60/200]	Time 0.006 (0.007)	Loss 0.0848 (0.0586)
2021-11-04 15:51:53,148 Test: [70/200]	Time 0.006 (0.007)	Loss 0.0374 (0.0585)
2021-11-04 15:51:53,222 Test: [80/200]	Time 0.007 (0.007)	Loss 0.0675 (0.0567)
2021-11-04 15:51:53,300 Test: [90/200]	Time 0.007 (0.007)	Loss 0.0785 (0.0581)
2021-11-04 15:51:53,374 Test: [100/200]	Time 0.007 (0.007)	Loss 0.0873 (0.0577)
2021-11-04 15:51:53,446 Test: [110/200]	Time 0.008 (0.007)	Loss 0.1608 (0.0595)
2021-11-04 15:51:53,520 Test: [120/200]	Time 0.006 (0.007)	Loss 0.0667 (0.0585)
2021-11-04 15:51:53,597 Test: [130/200]	Time 0.007 (0.007)	Loss 0.0590 (0.0587)
2021-11-04 15:51:53,669 Test: [140/200]	Time 0.007 (0.007)	Loss 0.0625 (0.0583)
2021-11-04 15:51:53,738 Test: [150/200]	Time 0.007 (0.007)	Loss 0.0810 (0.0575)
2021-11-04 15:51:53,810 Test: [160/200]	Time 0.006 (0.007)	Loss 0.0555 (0.0576)
2021-11-04 15:51:53,879 Test: [170/200]	Time 0.007 (0.007)	Loss 0.0543 (0.0572)
2021-11-04 15:51:53,959 Test: [180/200]	Time 0.008 (0.007)	Loss 0.0355 (0.0567)
2021-11-04 15:51:54,028 Test: [190/200]	Time 0.006 (0.007)	Loss 0.0218 (0.0567)
2021-11-04 15:51:55,078 Mean IoU score: 0.865
2021-11-04 15:51:55,081 => saving checkpoint to out
2021-11-04 15:51:55,271 Epoch: [12][0/200]	Time 0.148s (0.148s)	Speed 216.8 samples/s	Data 0.105s (0.105s)	Loss 0.01029 (0.01029)
2021-11-04 15:51:55,699 Epoch: [12][10/200]	Time 0.040s (0.052s)	Speed 790.5 samples/s	Data 0.000s (0.010s)	Loss 0.01007 (0.00953)
2021-11-04 15:51:56,129 Epoch: [12][20/200]	Time 0.042s (0.048s)	Speed 768.7 samples/s	Data 0.000s (0.005s)	Loss 0.01078 (0.00888)
2021-11-04 15:51:56,556 Epoch: [12][30/200]	Time 0.040s (0.046s)	Speed 791.4 samples/s	Data 0.000s (0.004s)	Loss 0.00933 (0.00885)
2021-11-04 15:51:56,969 Epoch: [12][40/200]	Time 0.042s (0.045s)	Speed 766.3 samples/s	Data 0.000s (0.003s)	Loss 0.00841 (0.00876)
2021-11-04 15:51:57,389 Epoch: [12][50/200]	Time 0.046s (0.044s)	Speed 690.6 samples/s	Data 0.000s (0.002s)	Loss 0.00830 (0.00866)
2021-11-04 15:51:57,811 Epoch: [12][60/200]	Time 0.040s (0.044s)	Speed 798.5 samples/s	Data 0.000s (0.002s)	Loss 0.00626 (0.00861)
2021-11-04 15:51:58,243 Epoch: [12][70/200]	Time 0.040s (0.044s)	Speed 798.3 samples/s	Data 0.000s (0.002s)	Loss 0.00920 (0.00855)
2021-11-04 15:51:58,680 Epoch: [12][80/200]	Time 0.040s (0.044s)	Speed 795.0 samples/s	Data 0.000s (0.002s)	Loss 0.00966 (0.00867)
2021-11-04 15:51:59,100 Epoch: [12][90/200]	Time 0.040s (0.044s)	Speed 800.4 samples/s	Data 0.000s (0.002s)	Loss 0.00719 (0.00871)
2021-11-04 15:51:59,501 Epoch: [12][100/200]	Time 0.040s (0.043s)	Speed 798.7 samples/s	Data 0.000s (0.001s)	Loss 0.00853 (0.00870)
2021-11-04 15:51:59,915 Epoch: [12][110/200]	Time 0.040s (0.043s)	Speed 798.2 samples/s	Data 0.000s (0.001s)	Loss 0.00726 (0.00877)
2021-11-04 15:52:00,328 Epoch: [12][120/200]	Time 0.047s (0.043s)	Speed 687.7 samples/s	Data 0.000s (0.001s)	Loss 0.00762 (0.00876)
2021-11-04 15:52:00,769 Epoch: [12][130/200]	Time 0.047s (0.043s)	Speed 675.9 samples/s	Data 0.000s (0.001s)	Loss 0.00907 (0.00878)
2021-11-04 15:52:01,202 Epoch: [12][140/200]	Time 0.046s (0.043s)	Speed 694.7 samples/s	Data 0.000s (0.001s)	Loss 0.00875 (0.00879)
2021-11-04 15:52:01,620 Epoch: [12][150/200]	Time 0.040s (0.043s)	Speed 806.8 samples/s	Data 0.000s (0.001s)	Loss 0.00859 (0.00878)
2021-11-04 15:52:02,022 Epoch: [12][160/200]	Time 0.041s (0.043s)	Speed 780.1 samples/s	Data 0.000s (0.001s)	Loss 0.01022 (0.00875)
2021-11-04 15:52:02,445 Epoch: [12][170/200]	Time 0.045s (0.043s)	Speed 717.6 samples/s	Data 0.000s (0.001s)	Loss 0.00701 (0.00875)
2021-11-04 15:52:02,865 Epoch: [12][180/200]	Time 0.041s (0.043s)	Speed 775.5 samples/s	Data 0.000s (0.001s)	Loss 0.00716 (0.00873)
2021-11-04 15:52:03,308 Epoch: [12][190/200]	Time 0.046s (0.043s)	Speed 689.1 samples/s	Data 0.000s (0.001s)	Loss 0.00738 (0.00869)
2021-11-04 15:52:03,785 Test: [0/200]	Time 0.047 (0.047)	Loss 0.0599 (0.0599)
2021-11-04 15:52:03,859 Test: [10/200]	Time 0.006 (0.011)	Loss 0.0085 (0.0482)
2021-11-04 15:52:03,926 Test: [20/200]	Time 0.006 (0.009)	Loss 0.0251 (0.0532)
2021-11-04 15:52:03,987 Test: [30/200]	Time 0.006 (0.008)	Loss 0.0825 (0.0572)
2021-11-04 15:52:04,055 Test: [40/200]	Time 0.006 (0.008)	Loss 0.0631 (0.0602)
2021-11-04 15:52:04,131 Test: [50/200]	Time 0.007 (0.008)	Loss 0.0948 (0.0604)
2021-11-04 15:52:04,203 Test: [60/200]	Time 0.006 (0.008)	Loss 0.0950 (0.0614)
2021-11-04 15:52:04,270 Test: [70/200]	Time 0.007 (0.007)	Loss 0.0446 (0.0614)
2021-11-04 15:52:04,339 Test: [80/200]	Time 0.006 (0.007)	Loss 0.0605 (0.0595)
2021-11-04 15:52:04,404 Test: [90/200]	Time 0.005 (0.007)	Loss 0.0868 (0.0611)
2021-11-04 15:52:04,466 Test: [100/200]	Time 0.007 (0.007)	Loss 0.0895 (0.0604)
2021-11-04 15:52:04,531 Test: [110/200]	Time 0.006 (0.007)	Loss 0.1889 (0.0618)
2021-11-04 15:52:04,592 Test: [120/200]	Time 0.005 (0.007)	Loss 0.0621 (0.0608)
2021-11-04 15:52:04,652 Test: [130/200]	Time 0.005 (0.007)	Loss 0.0635 (0.0610)
2021-11-04 15:52:04,716 Test: [140/200]	Time 0.006 (0.007)	Loss 0.0783 (0.0607)
2021-11-04 15:52:04,780 Test: [150/200]	Time 0.005 (0.007)	Loss 0.0671 (0.0598)
2021-11-04 15:52:04,841 Test: [160/200]	Time 0.005 (0.007)	Loss 0.0671 (0.0600)
2021-11-04 15:52:04,902 Test: [170/200]	Time 0.007 (0.007)	Loss 0.0542 (0.0594)
2021-11-04 15:52:04,974 Test: [180/200]	Time 0.006 (0.007)	Loss 0.0354 (0.0590)
2021-11-04 15:52:05,047 Test: [190/200]	Time 0.006 (0.007)	Loss 0.0240 (0.0590)
2021-11-04 15:52:05,980 Mean IoU score: 0.858
2021-11-04 15:52:05,983 => saving checkpoint to out
2021-11-04 15:52:06,184 Epoch: [13][0/200]	Time 0.156s (0.156s)	Speed 204.9 samples/s	Data 0.105s (0.105s)	Loss 0.00564 (0.00564)
2021-11-04 15:52:06,648 Epoch: [13][10/200]	Time 0.047s (0.056s)	Speed 686.6 samples/s	Data 0.000s (0.010s)	Loss 0.00819 (0.00880)
2021-11-04 15:52:07,092 Epoch: [13][20/200]	Time 0.040s (0.051s)	Speed 804.2 samples/s	Data 0.000s (0.005s)	Loss 0.00676 (0.00845)
2021-11-04 15:52:07,507 Epoch: [13][30/200]	Time 0.043s (0.048s)	Speed 738.2 samples/s	Data 0.000s (0.004s)	Loss 0.00749 (0.00856)
2021-11-04 15:52:07,942 Epoch: [13][40/200]	Time 0.046s (0.047s)	Speed 696.6 samples/s	Data 0.000s (0.003s)	Loss 0.00938 (0.00848)
2021-11-04 15:52:08,374 Epoch: [13][50/200]	Time 0.040s (0.046s)	Speed 800.6 samples/s	Data 0.000s (0.002s)	Loss 0.00876 (0.00835)
2021-11-04 15:52:08,777 Epoch: [13][60/200]	Time 0.041s (0.045s)	Speed 783.3 samples/s	Data 0.000s (0.002s)	Loss 0.01006 (0.00835)
2021-11-04 15:52:09,191 Epoch: [13][70/200]	Time 0.047s (0.045s)	Speed 685.5 samples/s	Data 0.000s (0.002s)	Loss 0.01005 (0.00831)
2021-11-04 15:52:09,612 Epoch: [13][80/200]	Time 0.040s (0.044s)	Speed 802.1 samples/s	Data 0.000s (0.002s)	Loss 0.00896 (0.00838)
2021-11-04 15:52:10,029 Epoch: [13][90/200]	Time 0.042s (0.044s)	Speed 764.0 samples/s	Data 0.000s (0.001s)	Loss 0.01007 (0.00843)
2021-11-04 15:52:10,482 Epoch: [13][100/200]	Time 0.046s (0.044s)	Speed 700.3 samples/s	Data 0.000s (0.001s)	Loss 0.00668 (0.00841)
2021-11-04 15:52:10,925 Epoch: [13][110/200]	Time 0.040s (0.044s)	Speed 801.4 samples/s	Data 0.000s (0.001s)	Loss 0.00968 (0.00848)
2021-11-04 15:52:11,338 Epoch: [13][120/200]	Time 0.040s (0.044s)	Speed 802.3 samples/s	Data 0.000s (0.001s)	Loss 0.00904 (0.00849)
2021-11-04 15:52:11,747 Epoch: [13][130/200]	Time 0.042s (0.044s)	Speed 761.4 samples/s	Data 0.000s (0.001s)	Loss 0.01030 (0.00852)
2021-11-04 15:52:12,178 Epoch: [13][140/200]	Time 0.043s (0.044s)	Speed 751.0 samples/s	Data 0.000s (0.001s)	Loss 0.00972 (0.00854)
2021-11-04 15:52:12,596 Epoch: [13][150/200]	Time 0.040s (0.043s)	Speed 799.7 samples/s	Data 0.000s (0.001s)	Loss 0.00785 (0.00853)
2021-11-04 15:52:13,019 Epoch: [13][160/200]	Time 0.040s (0.043s)	Speed 801.1 samples/s	Data 0.000s (0.001s)	Loss 0.00871 (0.00855)
2021-11-04 15:52:13,425 Epoch: [13][170/200]	Time 0.040s (0.043s)	Speed 792.0 samples/s	Data 0.000s (0.001s)	Loss 0.01133 (0.00860)
2021-11-04 15:52:13,825 Epoch: [13][180/200]	Time 0.040s (0.043s)	Speed 798.9 samples/s	Data 0.000s (0.001s)	Loss 0.00988 (0.00864)
2021-11-04 15:52:14,230 Epoch: [13][190/200]	Time 0.041s (0.043s)	Speed 782.5 samples/s	Data 0.000s (0.001s)	Loss 0.00924 (0.00866)
2021-11-04 15:52:14,670 Test: [0/200]	Time 0.041 (0.041)	Loss 0.0868 (0.0868)
2021-11-04 15:52:14,739 Test: [10/200]	Time 0.006 (0.010)	Loss 0.0151 (0.0561)
2021-11-04 15:52:14,806 Test: [20/200]	Time 0.006 (0.008)	Loss 0.0395 (0.0592)
2021-11-04 15:52:14,878 Test: [30/200]	Time 0.006 (0.008)	Loss 0.1257 (0.0663)
2021-11-04 15:52:14,953 Test: [40/200]	Time 0.009 (0.008)	Loss 0.0517 (0.0697)
2021-11-04 15:52:15,020 Test: [50/200]	Time 0.007 (0.008)	Loss 0.0977 (0.0703)
2021-11-04 15:52:15,090 Test: [60/200]	Time 0.006 (0.008)	Loss 0.0884 (0.0723)
2021-11-04 15:52:15,155 Test: [70/200]	Time 0.006 (0.007)	Loss 0.0693 (0.0711)
2021-11-04 15:52:15,221 Test: [80/200]	Time 0.006 (0.007)	Loss 0.0968 (0.0699)
2021-11-04 15:52:15,300 Test: [90/200]	Time 0.008 (0.007)	Loss 0.1091 (0.0721)
2021-11-04 15:52:15,386 Test: [100/200]	Time 0.006 (0.007)	Loss 0.0980 (0.0723)
2021-11-04 15:52:15,449 Test: [110/200]	Time 0.005 (0.007)	Loss 0.1996 (0.0730)
2021-11-04 15:52:15,514 Test: [120/200]	Time 0.006 (0.007)	Loss 0.0766 (0.0720)
2021-11-04 15:52:15,573 Test: [130/200]	Time 0.005 (0.007)	Loss 0.0785 (0.0721)
2021-11-04 15:52:15,636 Test: [140/200]	Time 0.005 (0.007)	Loss 0.0691 (0.0712)
2021-11-04 15:52:15,699 Test: [150/200]	Time 0.006 (0.007)	Loss 0.0675 (0.0702)
2021-11-04 15:52:15,766 Test: [160/200]	Time 0.007 (0.007)	Loss 0.0806 (0.0704)
2021-11-04 15:52:15,833 Test: [170/200]	Time 0.006 (0.007)	Loss 0.0616 (0.0694)
2021-11-04 15:52:15,895 Test: [180/200]	Time 0.006 (0.007)	Loss 0.0379 (0.0688)
2021-11-04 15:52:15,959 Test: [190/200]	Time 0.005 (0.007)	Loss 0.0237 (0.0684)
2021-11-04 15:52:16,855 Mean IoU score: 0.836
2021-11-04 15:52:16,858 => saving checkpoint to out
2021-11-04 15:52:17,041 Epoch: [14][0/200]	Time 0.151s (0.151s)	Speed 211.7 samples/s	Data 0.109s (0.109s)	Loss 0.00682 (0.00682)
2021-11-04 15:52:17,451 Epoch: [14][10/200]	Time 0.041s (0.051s)	Speed 771.3 samples/s	Data 0.000s (0.010s)	Loss 0.00731 (0.00864)
2021-11-04 15:52:17,857 Epoch: [14][20/200]	Time 0.040s (0.046s)	Speed 801.2 samples/s	Data 0.000s (0.005s)	Loss 0.01349 (0.01101)
2021-11-04 15:52:18,257 Epoch: [14][30/200]	Time 0.040s (0.044s)	Speed 796.1 samples/s	Data 0.000s (0.004s)	Loss 0.02620 (0.01350)
2021-11-04 15:52:18,676 Epoch: [14][40/200]	Time 0.044s (0.044s)	Speed 720.9 samples/s	Data 0.000s (0.003s)	Loss 0.02431 (0.01562)
2021-11-04 15:52:19,127 Epoch: [14][50/200]	Time 0.046s (0.044s)	Speed 700.4 samples/s	Data 0.000s (0.002s)	Loss 0.02751 (0.01745)
2021-11-04 15:52:19,586 Epoch: [14][60/200]	Time 0.046s (0.044s)	Speed 692.9 samples/s	Data 0.000s (0.002s)	Loss 0.03685 (0.01831)
2021-11-04 15:52:20,046 Epoch: [14][70/200]	Time 0.046s (0.044s)	Speed 700.6 samples/s	Data 0.000s (0.002s)	Loss 0.02080 (0.01962)
2021-11-04 15:52:20,476 Epoch: [14][80/200]	Time 0.046s (0.044s)	Speed 702.9 samples/s	Data 0.000s (0.002s)	Loss 0.02147 (0.01966)
2021-11-04 15:52:20,895 Epoch: [14][90/200]	Time 0.042s (0.044s)	Speed 760.5 samples/s	Data 0.000s (0.002s)	Loss 0.02542 (0.01991)
2021-11-04 15:52:21,308 Epoch: [14][100/200]	Time 0.042s (0.044s)	Speed 768.8 samples/s	Data 0.000s (0.001s)	Loss 0.02074 (0.01977)
2021-11-04 15:52:21,714 Epoch: [14][110/200]	Time 0.041s (0.043s)	Speed 783.5 samples/s	Data 0.000s (0.001s)	Loss 0.01599 (0.01982)
2021-11-04 15:52:22,117 Epoch: [14][120/200]	Time 0.041s (0.043s)	Speed 789.1 samples/s	Data 0.000s (0.001s)	Loss 0.01673 (0.01954)
2021-11-04 15:52:22,533 Epoch: [14][130/200]	Time 0.041s (0.043s)	Speed 775.2 samples/s	Data 0.000s (0.001s)	Loss 0.01118 (0.01929)
2021-11-04 15:52:22,943 Epoch: [14][140/200]	Time 0.043s (0.043s)	Speed 745.3 samples/s	Data 0.000s (0.001s)	Loss 0.01303 (0.01905)
2021-11-04 15:52:23,361 Epoch: [14][150/200]	Time 0.042s (0.043s)	Speed 767.3 samples/s	Data 0.000s (0.001s)	Loss 0.01194 (0.01871)
2021-11-04 15:52:23,780 Epoch: [14][160/200]	Time 0.040s (0.043s)	Speed 794.3 samples/s	Data 0.000s (0.001s)	Loss 0.01686 (0.01852)
2021-11-04 15:52:24,186 Epoch: [14][170/200]	Time 0.042s (0.043s)	Speed 766.7 samples/s	Data 0.000s (0.001s)	Loss 0.01547 (0.01830)
2021-11-04 15:52:24,590 Epoch: [14][180/200]	Time 0.040s (0.043s)	Speed 801.3 samples/s	Data 0.000s (0.001s)	Loss 0.01564 (0.01804)
2021-11-04 15:52:25,006 Epoch: [14][190/200]	Time 0.040s (0.042s)	Speed 798.3 samples/s	Data 0.000s (0.001s)	Loss 0.01286 (0.01782)
2021-11-04 15:52:25,453 Test: [0/200]	Time 0.039 (0.039)	Loss 0.0705 (0.0705)
2021-11-04 15:52:25,518 Test: [10/200]	Time 0.006 (0.010)	Loss 0.0177 (0.0533)
2021-11-04 15:52:25,588 Test: [20/200]	Time 0.008 (0.008)	Loss 0.0521 (0.0568)
2021-11-04 15:52:25,651 Test: [30/200]	Time 0.006 (0.008)	Loss 0.1093 (0.0669)
2021-11-04 15:52:25,720 Test: [40/200]	Time 0.005 (0.007)	Loss 0.0488 (0.0700)
2021-11-04 15:52:25,786 Test: [50/200]	Time 0.006 (0.007)	Loss 0.1148 (0.0712)
2021-11-04 15:52:25,856 Test: [60/200]	Time 0.006 (0.007)	Loss 0.0867 (0.0725)
2021-11-04 15:52:25,923 Test: [70/200]	Time 0.006 (0.007)	Loss 0.0701 (0.0721)
2021-11-04 15:52:25,986 Test: [80/200]	Time 0.006 (0.007)	Loss 0.0739 (0.0702)
2021-11-04 15:52:26,053 Test: [90/200]	Time 0.006 (0.007)	Loss 0.0679 (0.0715)
2021-11-04 15:52:26,116 Test: [100/200]	Time 0.006 (0.007)	Loss 0.1049 (0.0714)
2021-11-04 15:52:26,177 Test: [110/200]	Time 0.006 (0.007)	Loss 0.1734 (0.0721)
2021-11-04 15:52:26,240 Test: [120/200]	Time 0.006 (0.007)	Loss 0.0575 (0.0707)
2021-11-04 15:52:26,302 Test: [130/200]	Time 0.006 (0.007)	Loss 0.0801 (0.0711)
2021-11-04 15:52:26,364 Test: [140/200]	Time 0.006 (0.007)	Loss 0.0774 (0.0705)
2021-11-04 15:52:26,424 Test: [150/200]	Time 0.005 (0.007)	Loss 0.0535 (0.0692)
2021-11-04 15:52:26,490 Test: [160/200]	Time 0.008 (0.007)	Loss 0.0656 (0.0688)
2021-11-04 15:52:26,555 Test: [170/200]	Time 0.006 (0.007)	Loss 0.0604 (0.0680)
2021-11-04 15:52:26,616 Test: [180/200]	Time 0.006 (0.007)	Loss 0.0469 (0.0674)
2021-11-04 15:52:26,679 Test: [190/200]	Time 0.006 (0.007)	Loss 0.0278 (0.0674)
2021-11-04 15:52:27,585 Mean IoU score: 0.833
2021-11-04 15:52:27,588 => saving checkpoint to out
2021-11-04 15:52:27,765 Epoch: [15][0/200]	Time 0.140s (0.140s)	Speed 228.4 samples/s	Data 0.098s (0.098s)	Loss 0.00894 (0.00894)
2021-11-04 15:52:28,169 Epoch: [15][10/200]	Time 0.040s (0.049s)	Speed 796.5 samples/s	Data 0.000s (0.009s)	Loss 0.01324 (0.01238)
2021-11-04 15:52:28,598 Epoch: [15][20/200]	Time 0.045s (0.046s)	Speed 704.7 samples/s	Data 0.000s (0.005s)	Loss 0.01074 (0.01198)
2021-11-04 15:52:29,006 Epoch: [15][30/200]	Time 0.040s (0.045s)	Speed 803.2 samples/s	Data 0.000s (0.003s)	Loss 0.01110 (0.01186)
2021-11-04 15:52:29,407 Epoch: [15][40/200]	Time 0.040s (0.043s)	Speed 802.4 samples/s	Data 0.000s (0.003s)	Loss 0.01123 (0.01142)
2021-11-04 15:52:29,809 Epoch: [15][50/200]	Time 0.040s (0.043s)	Speed 797.8 samples/s	Data 0.000s (0.002s)	Loss 0.01461 (0.01120)
2021-11-04 15:52:30,209 Epoch: [15][60/200]	Time 0.040s (0.042s)	Speed 800.0 samples/s	Data 0.000s (0.002s)	Loss 0.00871 (0.01111)
2021-11-04 15:52:30,609 Epoch: [15][70/200]	Time 0.040s (0.042s)	Speed 804.6 samples/s	Data 0.000s (0.002s)	Loss 0.00790 (0.01100)
2021-11-04 15:52:31,009 Epoch: [15][80/200]	Time 0.040s (0.042s)	Speed 803.4 samples/s	Data 0.000s (0.001s)	Loss 0.01114 (0.01091)
2021-11-04 15:52:31,410 Epoch: [15][90/200]	Time 0.040s (0.042s)	Speed 797.0 samples/s	Data 0.000s (0.001s)	Loss 0.00827 (0.01090)
2021-11-04 15:52:31,810 Epoch: [15][100/200]	Time 0.040s (0.041s)	Speed 797.6 samples/s	Data 0.000s (0.001s)	Loss 0.01155 (0.01088)
2021-11-04 15:52:32,212 Epoch: [15][110/200]	Time 0.040s (0.041s)	Speed 795.0 samples/s	Data 0.000s (0.001s)	Loss 0.00710 (0.01085)
2021-11-04 15:52:32,614 Epoch: [15][120/200]	Time 0.040s (0.041s)	Speed 791.5 samples/s	Data 0.000s (0.001s)	Loss 0.01340 (0.01079)
2021-11-04 15:52:33,019 Epoch: [15][130/200]	Time 0.040s (0.041s)	Speed 804.0 samples/s	Data 0.000s (0.001s)	Loss 0.00887 (0.01074)
2021-11-04 15:52:33,423 Epoch: [15][140/200]	Time 0.041s (0.041s)	Speed 779.1 samples/s	Data 0.000s (0.001s)	Loss 0.01755 (0.01075)
2021-11-04 15:52:33,863 Epoch: [15][150/200]	Time 0.041s (0.041s)	Speed 774.2 samples/s	Data 0.000s (0.001s)	Loss 0.02976 (0.01097)
2021-11-04 15:52:34,279 Epoch: [15][160/200]	Time 0.045s (0.041s)	Speed 709.6 samples/s	Data 0.000s (0.001s)	Loss 0.01151 (0.01098)
2021-11-04 15:52:34,702 Epoch: [15][170/200]	Time 0.040s (0.041s)	Speed 793.1 samples/s	Data 0.000s (0.001s)	Loss 0.00642 (0.01091)
2021-11-04 15:52:35,133 Epoch: [15][180/200]	Time 0.041s (0.041s)	Speed 782.3 samples/s	Data 0.000s (0.001s)	Loss 0.00952 (0.01084)
2021-11-04 15:52:35,555 Epoch: [15][190/200]	Time 0.045s (0.042s)	Speed 704.1 samples/s	Data 0.000s (0.001s)	Loss 0.00777 (0.01075)
2021-11-04 15:52:36,008 Test: [0/200]	Time 0.038 (0.038)	Loss 0.0492 (0.0492)
2021-11-04 15:52:36,072 Test: [10/200]	Time 0.005 (0.009)	Loss 0.0097 (0.0473)
2021-11-04 15:52:36,137 Test: [20/200]	Time 0.007 (0.008)	Loss 0.0343 (0.0503)
2021-11-04 15:52:36,219 Test: [30/200]	Time 0.008 (0.008)	Loss 0.0975 (0.0578)
2021-11-04 15:52:36,306 Test: [40/200]	Time 0.008 (0.008)	Loss 0.0408 (0.0615)
2021-11-04 15:52:36,388 Test: [50/200]	Time 0.008 (0.008)	Loss 0.0783 (0.0614)
2021-11-04 15:52:36,463 Test: [60/200]	Time 0.006 (0.008)	Loss 0.1265 (0.0638)
2021-11-04 15:52:36,524 Test: [70/200]	Time 0.007 (0.008)	Loss 0.0571 (0.0633)
2021-11-04 15:52:36,586 Test: [80/200]	Time 0.006 (0.008)	Loss 0.0770 (0.0622)
2021-11-04 15:52:36,649 Test: [90/200]	Time 0.006 (0.007)	Loss 0.0766 (0.0637)
2021-11-04 15:52:36,711 Test: [100/200]	Time 0.006 (0.007)	Loss 0.1343 (0.0638)
2021-11-04 15:52:36,774 Test: [110/200]	Time 0.005 (0.007)	Loss 0.1410 (0.0645)
2021-11-04 15:52:36,837 Test: [120/200]	Time 0.007 (0.007)	Loss 0.0853 (0.0633)
2021-11-04 15:52:36,905 Test: [130/200]	Time 0.006 (0.007)	Loss 0.0583 (0.0633)
2021-11-04 15:52:36,977 Test: [140/200]	Time 0.006 (0.007)	Loss 0.0684 (0.0630)
2021-11-04 15:52:37,040 Test: [150/200]	Time 0.006 (0.007)	Loss 0.0652 (0.0619)
2021-11-04 15:52:37,102 Test: [160/200]	Time 0.006 (0.007)	Loss 0.0688 (0.0616)
2021-11-04 15:52:37,168 Test: [170/200]	Time 0.006 (0.007)	Loss 0.0774 (0.0610)
2021-11-04 15:52:37,232 Test: [180/200]	Time 0.006 (0.007)	Loss 0.0280 (0.0604)
2021-11-04 15:52:37,301 Test: [190/200]	Time 0.008 (0.007)	Loss 0.0213 (0.0605)
2021-11-04 15:52:38,215 Mean IoU score: 0.851
2021-11-04 15:52:38,218 => saving checkpoint to out
2021-11-04 15:52:38,402 Epoch: [16][0/200]	Time 0.152s (0.152s)	Speed 209.9 samples/s	Data 0.109s (0.109s)	Loss 0.00801 (0.00801)
2021-11-04 15:52:38,811 Epoch: [16][10/200]	Time 0.041s (0.051s)	Speed 775.7 samples/s	Data 0.000s (0.010s)	Loss 0.00954 (0.00897)
2021-11-04 15:52:39,230 Epoch: [16][20/200]	Time 0.040s (0.047s)	Speed 795.8 samples/s	Data 0.000s (0.005s)	Loss 0.01133 (0.00946)
2021-11-04 15:52:39,652 Epoch: [16][30/200]	Time 0.040s (0.045s)	Speed 801.9 samples/s	Data 0.000s (0.004s)	Loss 0.00842 (0.00925)
2021-11-04 15:52:40,058 Epoch: [16][40/200]	Time 0.040s (0.044s)	Speed 797.7 samples/s	Data 0.000s (0.003s)	Loss 0.00868 (0.00906)
2021-11-04 15:52:40,474 Epoch: [16][50/200]	Time 0.040s (0.044s)	Speed 794.6 samples/s	Data 0.000s (0.002s)	Loss 0.01012 (0.00885)
2021-11-04 15:52:40,889 Epoch: [16][60/200]	Time 0.041s (0.043s)	Speed 783.9 samples/s	Data 0.000s (0.002s)	Loss 0.01007 (0.00878)
2021-11-04 15:52:41,296 Epoch: [16][70/200]	Time 0.042s (0.043s)	Speed 770.0 samples/s	Data 0.000s (0.002s)	Loss 0.00810 (0.00870)
2021-11-04 15:52:41,726 Epoch: [16][80/200]	Time 0.044s (0.043s)	Speed 722.5 samples/s	Data 0.000s (0.002s)	Loss 0.00538 (0.00854)
2021-11-04 15:52:42,189 Epoch: [16][90/200]	Time 0.046s (0.043s)	Speed 689.2 samples/s	Data 0.000s (0.002s)	Loss 0.00894 (0.00860)
2021-11-04 15:52:42,631 Epoch: [16][100/200]	Time 0.041s (0.043s)	Speed 788.0 samples/s	Data 0.000s (0.001s)	Loss 0.00983 (0.00858)
2021-11-04 15:52:43,036 Epoch: [16][110/200]	Time 0.040s (0.043s)	Speed 796.3 samples/s	Data 0.000s (0.001s)	Loss 0.00841 (0.00854)
2021-11-04 15:52:43,476 Epoch: [16][120/200]	Time 0.047s (0.043s)	Speed 683.1 samples/s	Data 0.000s (0.001s)	Loss 0.01073 (0.00858)
2021-11-04 15:52:43,942 Epoch: [16][130/200]	Time 0.047s (0.043s)	Speed 686.5 samples/s	Data 0.000s (0.001s)	Loss 0.00799 (0.00853)
2021-11-04 15:52:44,365 Epoch: [16][140/200]	Time 0.040s (0.043s)	Speed 796.6 samples/s	Data 0.000s (0.001s)	Loss 0.00889 (0.00850)
2021-11-04 15:52:44,773 Epoch: [16][150/200]	Time 0.040s (0.043s)	Speed 796.6 samples/s	Data 0.000s (0.001s)	Loss 0.00842 (0.00846)
2021-11-04 15:52:45,222 Epoch: [16][160/200]	Time 0.045s (0.043s)	Speed 705.3 samples/s	Data 0.000s (0.001s)	Loss 0.00677 (0.00842)
2021-11-04 15:52:45,678 Epoch: [16][170/200]	Time 0.046s (0.043s)	Speed 702.7 samples/s	Data 0.000s (0.001s)	Loss 0.01007 (0.00843)
2021-11-04 15:52:46,092 Epoch: [16][180/200]	Time 0.042s (0.043s)	Speed 769.8 samples/s	Data 0.000s (0.001s)	Loss 0.00724 (0.00837)
2021-11-04 15:52:46,499 Epoch: [16][190/200]	Time 0.040s (0.043s)	Speed 796.5 samples/s	Data 0.000s (0.001s)	Loss 0.00792 (0.00836)
2021-11-04 15:52:46,943 Test: [0/200]	Time 0.041 (0.041)	Loss 0.0471 (0.0471)
2021-11-04 15:52:47,005 Test: [10/200]	Time 0.006 (0.009)	Loss 0.0079 (0.0418)
2021-11-04 15:52:47,068 Test: [20/200]	Time 0.006 (0.008)	Loss 0.0228 (0.0416)
2021-11-04 15:52:47,133 Test: [30/200]	Time 0.006 (0.007)	Loss 0.0706 (0.0464)
2021-11-04 15:52:47,200 Test: [40/200]	Time 0.006 (0.007)	Loss 0.0438 (0.0497)
2021-11-04 15:52:47,264 Test: [50/200]	Time 0.006 (0.007)	Loss 0.0763 (0.0496)
2021-11-04 15:52:47,330 Test: [60/200]	Time 0.006 (0.007)	Loss 0.0821 (0.0514)
2021-11-04 15:52:47,400 Test: [70/200]	Time 0.006 (0.007)	Loss 0.0404 (0.0513)
2021-11-04 15:52:47,468 Test: [80/200]	Time 0.005 (0.007)	Loss 0.0615 (0.0501)
2021-11-04 15:52:47,532 Test: [90/200]	Time 0.006 (0.007)	Loss 0.0607 (0.0521)
2021-11-04 15:52:47,599 Test: [100/200]	Time 0.006 (0.007)	Loss 0.0787 (0.0519)
2021-11-04 15:52:47,661 Test: [110/200]	Time 0.005 (0.007)	Loss 0.1492 (0.0527)
2021-11-04 15:52:47,726 Test: [120/200]	Time 0.006 (0.007)	Loss 0.0655 (0.0518)
2021-11-04 15:52:47,790 Test: [130/200]	Time 0.006 (0.007)	Loss 0.0591 (0.0522)
2021-11-04 15:52:47,857 Test: [140/200]	Time 0.006 (0.007)	Loss 0.0540 (0.0521)
2021-11-04 15:52:47,924 Test: [150/200]	Time 0.006 (0.007)	Loss 0.0534 (0.0513)
2021-11-04 15:52:47,986 Test: [160/200]	Time 0.006 (0.007)	Loss 0.0578 (0.0513)
2021-11-04 15:52:48,049 Test: [170/200]	Time 0.005 (0.007)	Loss 0.0611 (0.0509)
2021-11-04 15:52:48,114 Test: [180/200]	Time 0.006 (0.007)	Loss 0.0231 (0.0504)
2021-11-04 15:52:48,178 Test: [190/200]	Time 0.006 (0.007)	Loss 0.0203 (0.0504)
2021-11-04 15:52:49,103 Mean IoU score: 0.876
2021-11-04 15:52:49,106 => saving checkpoint to out
2021-11-04 15:52:49,303 Epoch: [17][0/200]	Time 0.156s (0.156s)	Speed 205.4 samples/s	Data 0.110s (0.110s)	Loss 0.00815 (0.00815)
2021-11-04 15:52:49,744 Epoch: [17][10/200]	Time 0.040s (0.054s)	Speed 796.1 samples/s	Data 0.000s (0.010s)	Loss 0.00762 (0.00708)
2021-11-04 15:52:50,152 Epoch: [17][20/200]	Time 0.042s (0.048s)	Speed 769.6 samples/s	Data 0.000s (0.006s)	Loss 0.00772 (0.00732)
